{"timestamp":"2025-05-06T03:53:58.477300","level":"info","event":"DAG bundles loaded: dags-folder","logger":"airflow.dag_processing.bundles.manager.DagBundlesManager"}
{"timestamp":"2025-05-06T03:53:58.477743","level":"info","event":"Filling up the DagBag from /home/jjlee/workspace/GSBE/project-root/airflow-dags/dags/game_logs_pipeline_dag.py","logger":"airflow.models.dagbag.DagBag"}
{"timestamp":"2025-05-06T03:53:58.489485","level":"info","event":"Tmp dir root location: /tmp","logger":"airflow.task.hooks.airflow.providers.standard.hooks.subprocess.SubprocessHook"}
{"timestamp":"2025-05-06T03:53:58.490017","level":"info","event":"Running command: ['/usr/bin/bash', '-c', 'cd ~/workspace/GSBE/project-root/spark-streaming && $SPARK_HOME/bin/spark-submit --jars ~/workspace/GSBE/mysql-connector-java-8.4.0.jar --packages org.apache.spark:spark-sql-kafka-0-10_2.13:3.3.2,org.apache.spark:spark-token-provider-kafka-0-10_2.13:3.3.2 transformation_processor.py']","logger":"airflow.task.hooks.airflow.providers.standard.hooks.subprocess.SubprocessHook"}
{"timestamp":"2025-05-06T03:53:58.498972","level":"info","event":"Output:","logger":"airflow.task.hooks.airflow.providers.standard.hooks.subprocess.SubprocessHook"}
{"timestamp":"2025-05-06T03:54:03.172362","level":"info","event":"25/05/06 12:54:03 WARN Utils: Your hostname, DESKTOP-T4DM29K resolves to a loopback address: 127.0.1.1; using 172.23.182.114 instead (on interface eth0)","logger":"airflow.task.hooks.airflow.providers.standard.hooks.subprocess.SubprocessHook"}
{"timestamp":"2025-05-06T03:54:03.175112","level":"info","event":"25/05/06 12:54:03 WARN Utils: Set SPARK_LOCAL_IP if you need to bind to another address","logger":"airflow.task.hooks.airflow.providers.standard.hooks.subprocess.SubprocessHook"}
{"timestamp":"2025-05-06T03:54:05.273735","level":"info","event":":: loading settings :: url = jar:file:/home/jjlee/workspace/GSBE/spark-new/jars/ivy-2.5.1.jar!/org/apache/ivy/core/settings/ivysettings.xml","logger":"airflow.task.hooks.airflow.providers.standard.hooks.subprocess.SubprocessHook"}
{"timestamp":"2025-05-06T03:54:05.319475","level":"info","event":"Ivy Default Cache set to: /home/jjlee/.ivy2/cache","logger":"airflow.task.hooks.airflow.providers.standard.hooks.subprocess.SubprocessHook"}
{"timestamp":"2025-05-06T03:54:05.319617","level":"info","event":"The jars for the packages stored in: /home/jjlee/.ivy2/jars","logger":"airflow.task.hooks.airflow.providers.standard.hooks.subprocess.SubprocessHook"}
{"timestamp":"2025-05-06T03:54:05.322688","level":"info","event":"org.apache.spark#spark-sql-kafka-0-10_2.13 added as a dependency","logger":"airflow.task.hooks.airflow.providers.standard.hooks.subprocess.SubprocessHook"}
{"timestamp":"2025-05-06T03:54:05.322808","level":"info","event":"org.apache.spark#spark-token-provider-kafka-0-10_2.13 added as a dependency","logger":"airflow.task.hooks.airflow.providers.standard.hooks.subprocess.SubprocessHook"}
{"timestamp":"2025-05-06T03:54:05.323640","level":"info","event":":: resolving dependencies :: org.apache.spark#spark-submit-parent-d4efb33b-0920-4c2b-aef9-3950e63a88cc;1.0","logger":"airflow.task.hooks.airflow.providers.standard.hooks.subprocess.SubprocessHook"}
{"timestamp":"2025-05-06T03:54:05.323775","level":"info","event":"\tconfs: [default]","logger":"airflow.task.hooks.airflow.providers.standard.hooks.subprocess.SubprocessHook"}
{"timestamp":"2025-05-06T03:54:05.458187","level":"info","event":"\tfound org.apache.spark#spark-sql-kafka-0-10_2.13;3.3.2 in central","logger":"airflow.task.hooks.airflow.providers.standard.hooks.subprocess.SubprocessHook"}
{"timestamp":"2025-05-06T03:54:05.500173","level":"info","event":"\tfound org.apache.spark#spark-token-provider-kafka-0-10_2.13;3.3.2 in central","logger":"airflow.task.hooks.airflow.providers.standard.hooks.subprocess.SubprocessHook"}
{"timestamp":"2025-05-06T03:54:05.521026","level":"info","event":"\tfound org.apache.kafka#kafka-clients;2.8.1 in central","logger":"airflow.task.hooks.airflow.providers.standard.hooks.subprocess.SubprocessHook"}
{"timestamp":"2025-05-06T03:54:05.538982","level":"info","event":"\tfound org.lz4#lz4-java;1.8.0 in central","logger":"airflow.task.hooks.airflow.providers.standard.hooks.subprocess.SubprocessHook"}
{"timestamp":"2025-05-06T03:54:05.553904","level":"info","event":"\tfound org.xerial.snappy#snappy-java;1.1.8.4 in central","logger":"airflow.task.hooks.airflow.providers.standard.hooks.subprocess.SubprocessHook"}
{"timestamp":"2025-05-06T03:54:05.566942","level":"info","event":"\tfound org.slf4j#slf4j-api;1.7.32 in central","logger":"airflow.task.hooks.airflow.providers.standard.hooks.subprocess.SubprocessHook"}
{"timestamp":"2025-05-06T03:54:05.584075","level":"info","event":"\tfound org.apache.hadoop#hadoop-client-runtime;3.3.2 in central","logger":"airflow.task.hooks.airflow.providers.standard.hooks.subprocess.SubprocessHook"}
{"timestamp":"2025-05-06T03:54:05.595670","level":"info","event":"\tfound org.spark-project.spark#unused;1.0.0 in central","logger":"airflow.task.hooks.airflow.providers.standard.hooks.subprocess.SubprocessHook"}
{"timestamp":"2025-05-06T03:54:05.617778","level":"info","event":"\tfound org.apache.hadoop#hadoop-client-api;3.3.2 in central","logger":"airflow.task.hooks.airflow.providers.standard.hooks.subprocess.SubprocessHook"}
{"timestamp":"2025-05-06T03:54:05.651804","level":"info","event":"\tfound commons-logging#commons-logging;1.1.3 in central","logger":"airflow.task.hooks.airflow.providers.standard.hooks.subprocess.SubprocessHook"}
{"timestamp":"2025-05-06T03:54:05.666908","level":"info","event":"\tfound com.google.code.findbugs#jsr305;3.0.0 in central","logger":"airflow.task.hooks.airflow.providers.standard.hooks.subprocess.SubprocessHook"}
{"timestamp":"2025-05-06T03:54:05.677099","level":"info","event":"\tfound org.scala-lang.modules#scala-parallel-collections_2.13;1.0.3 in central","logger":"airflow.task.hooks.airflow.providers.standard.hooks.subprocess.SubprocessHook"}
{"timestamp":"2025-05-06T03:54:05.687192","level":"info","event":"\tfound org.apache.commons#commons-pool2;2.11.1 in central","logger":"airflow.task.hooks.airflow.providers.standard.hooks.subprocess.SubprocessHook"}
{"timestamp":"2025-05-06T03:54:05.708725","level":"info","event":":: resolution report :: resolve 374ms :: artifacts dl 11ms","logger":"airflow.task.hooks.airflow.providers.standard.hooks.subprocess.SubprocessHook"}
{"timestamp":"2025-05-06T03:54:05.708884","level":"info","event":"\t:: modules in use:","logger":"airflow.task.hooks.airflow.providers.standard.hooks.subprocess.SubprocessHook"}
{"timestamp":"2025-05-06T03:54:05.708937","level":"info","event":"\tcom.google.code.findbugs#jsr305;3.0.0 from central in [default]","logger":"airflow.task.hooks.airflow.providers.standard.hooks.subprocess.SubprocessHook"}
{"timestamp":"2025-05-06T03:54:05.708984","level":"info","event":"\tcommons-logging#commons-logging;1.1.3 from central in [default]","logger":"airflow.task.hooks.airflow.providers.standard.hooks.subprocess.SubprocessHook"}
{"timestamp":"2025-05-06T03:54:05.709025","level":"info","event":"\torg.apache.commons#commons-pool2;2.11.1 from central in [default]","logger":"airflow.task.hooks.airflow.providers.standard.hooks.subprocess.SubprocessHook"}
{"timestamp":"2025-05-06T03:54:05.709065","level":"info","event":"\torg.apache.hadoop#hadoop-client-api;3.3.2 from central in [default]","logger":"airflow.task.hooks.airflow.providers.standard.hooks.subprocess.SubprocessHook"}
{"timestamp":"2025-05-06T03:54:05.709103","level":"info","event":"\torg.apache.hadoop#hadoop-client-runtime;3.3.2 from central in [default]","logger":"airflow.task.hooks.airflow.providers.standard.hooks.subprocess.SubprocessHook"}
{"timestamp":"2025-05-06T03:54:05.709144","level":"info","event":"\torg.apache.kafka#kafka-clients;2.8.1 from central in [default]","logger":"airflow.task.hooks.airflow.providers.standard.hooks.subprocess.SubprocessHook"}
{"timestamp":"2025-05-06T03:54:05.709182","level":"info","event":"\torg.apache.spark#spark-sql-kafka-0-10_2.13;3.3.2 from central in [default]","logger":"airflow.task.hooks.airflow.providers.standard.hooks.subprocess.SubprocessHook"}
{"timestamp":"2025-05-06T03:54:05.709249","level":"info","event":"\torg.apache.spark#spark-token-provider-kafka-0-10_2.13;3.3.2 from central in [default]","logger":"airflow.task.hooks.airflow.providers.standard.hooks.subprocess.SubprocessHook"}
{"timestamp":"2025-05-06T03:54:05.709289","level":"info","event":"\torg.lz4#lz4-java;1.8.0 from central in [default]","logger":"airflow.task.hooks.airflow.providers.standard.hooks.subprocess.SubprocessHook"}
{"timestamp":"2025-05-06T03:54:05.709326","level":"info","event":"\torg.scala-lang.modules#scala-parallel-collections_2.13;1.0.3 from central in [default]","logger":"airflow.task.hooks.airflow.providers.standard.hooks.subprocess.SubprocessHook"}
{"timestamp":"2025-05-06T03:54:05.709366","level":"info","event":"\torg.slf4j#slf4j-api;1.7.32 from central in [default]","logger":"airflow.task.hooks.airflow.providers.standard.hooks.subprocess.SubprocessHook"}
{"timestamp":"2025-05-06T03:54:05.709408","level":"info","event":"\torg.spark-project.spark#unused;1.0.0 from central in [default]","logger":"airflow.task.hooks.airflow.providers.standard.hooks.subprocess.SubprocessHook"}
{"timestamp":"2025-05-06T03:54:05.709445","level":"info","event":"\torg.xerial.snappy#snappy-java;1.1.8.4 from central in [default]","logger":"airflow.task.hooks.airflow.providers.standard.hooks.subprocess.SubprocessHook"}
{"timestamp":"2025-05-06T03:54:05.709482","level":"info","event":"\t---------------------------------------------------------------------","logger":"airflow.task.hooks.airflow.providers.standard.hooks.subprocess.SubprocessHook"}
{"timestamp":"2025-05-06T03:54:05.709519","level":"info","event":"\t|                  |            modules            ||   artifacts   |","logger":"airflow.task.hooks.airflow.providers.standard.hooks.subprocess.SubprocessHook"}
{"timestamp":"2025-05-06T03:54:05.709586","level":"info","event":"\t|       conf       | number| search|dwnlded|evicted|| number|dwnlded|","logger":"airflow.task.hooks.airflow.providers.standard.hooks.subprocess.SubprocessHook"}
{"timestamp":"2025-05-06T03:54:05.709637","level":"info","event":"\t---------------------------------------------------------------------","logger":"airflow.task.hooks.airflow.providers.standard.hooks.subprocess.SubprocessHook"}
{"timestamp":"2025-05-06T03:54:05.709682","level":"info","event":"\t|      default     |   13  |   0   |   0   |   0   ||   13  |   0   |","logger":"airflow.task.hooks.airflow.providers.standard.hooks.subprocess.SubprocessHook"}
{"timestamp":"2025-05-06T03:54:05.709721","level":"info","event":"\t---------------------------------------------------------------------","logger":"airflow.task.hooks.airflow.providers.standard.hooks.subprocess.SubprocessHook"}
{"timestamp":"2025-05-06T03:54:05.714401","level":"info","event":":: retrieving :: org.apache.spark#spark-submit-parent-d4efb33b-0920-4c2b-aef9-3950e63a88cc","logger":"airflow.task.hooks.airflow.providers.standard.hooks.subprocess.SubprocessHook"}
{"timestamp":"2025-05-06T03:54:05.714543","level":"info","event":"\tconfs: [default]","logger":"airflow.task.hooks.airflow.providers.standard.hooks.subprocess.SubprocessHook"}
{"timestamp":"2025-05-06T03:54:05.719836","level":"info","event":"\t0 artifacts copied, 13 already retrieved (0kB/5ms)","logger":"airflow.task.hooks.airflow.providers.standard.hooks.subprocess.SubprocessHook"}
{"timestamp":"2025-05-06T03:54:05.955584","level":"info","event":"25/05/06 12:54:05 WARN NativeCodeLoader: Unable to load native-hadoop library for your platform... using builtin-java classes where applicable","logger":"airflow.task.hooks.airflow.providers.standard.hooks.subprocess.SubprocessHook"}
{"timestamp":"2025-05-06T03:54:06.780629","level":"info","event":"25/05/06 12:54:06 INFO SparkContext: Running Spark version 3.3.2","logger":"airflow.task.hooks.airflow.providers.standard.hooks.subprocess.SubprocessHook"}
{"timestamp":"2025-05-06T03:54:06.797286","level":"info","event":"25/05/06 12:54:06 INFO ResourceUtils: ==============================================================","logger":"airflow.task.hooks.airflow.providers.standard.hooks.subprocess.SubprocessHook"}
{"timestamp":"2025-05-06T03:54:06.797538","level":"info","event":"25/05/06 12:54:06 INFO ResourceUtils: No custom resources configured for spark.driver.","logger":"airflow.task.hooks.airflow.providers.standard.hooks.subprocess.SubprocessHook"}
{"timestamp":"2025-05-06T03:54:06.797787","level":"info","event":"25/05/06 12:54:06 INFO ResourceUtils: ==============================================================","logger":"airflow.task.hooks.airflow.providers.standard.hooks.subprocess.SubprocessHook"}
{"timestamp":"2025-05-06T03:54:06.798088","level":"info","event":"25/05/06 12:54:06 INFO SparkContext: Submitted application: KafkaMySQLTransformation","logger":"airflow.task.hooks.airflow.providers.standard.hooks.subprocess.SubprocessHook"}
{"timestamp":"2025-05-06T03:54:06.822184","level":"info","event":"25/05/06 12:54:06 INFO ResourceProfile: Default ResourceProfile created, executor resources: Map(cores -> name: cores, amount: 1, script: , vendor: , memory -> name: memory, amount: 1024, script: , vendor: , offHeap -> name: offHeap, amount: 0, script: , vendor: ), task resources: Map(cpus -> name: cpus, amount: 1.0)","logger":"airflow.task.hooks.airflow.providers.standard.hooks.subprocess.SubprocessHook"}
{"timestamp":"2025-05-06T03:54:06.826977","level":"info","event":"25/05/06 12:54:06 INFO ResourceProfile: Limiting resource is cpu","logger":"airflow.task.hooks.airflow.providers.standard.hooks.subprocess.SubprocessHook"}
{"timestamp":"2025-05-06T03:54:06.828693","level":"info","event":"25/05/06 12:54:06 INFO ResourceProfileManager: Added ResourceProfile id: 0","logger":"airflow.task.hooks.airflow.providers.standard.hooks.subprocess.SubprocessHook"}
{"timestamp":"2025-05-06T03:54:06.879331","level":"info","event":"25/05/06 12:54:06 INFO SecurityManager: Changing view acls to: jjlee","logger":"airflow.task.hooks.airflow.providers.standard.hooks.subprocess.SubprocessHook"}
{"timestamp":"2025-05-06T03:54:06.879907","level":"info","event":"25/05/06 12:54:06 INFO SecurityManager: Changing modify acls to: jjlee","logger":"airflow.task.hooks.airflow.providers.standard.hooks.subprocess.SubprocessHook"}
{"timestamp":"2025-05-06T03:54:06.880903","level":"info","event":"25/05/06 12:54:06 INFO SecurityManager: Changing view acls groups to:","logger":"airflow.task.hooks.airflow.providers.standard.hooks.subprocess.SubprocessHook"}
{"timestamp":"2025-05-06T03:54:06.888727","level":"info","event":"25/05/06 12:54:06 INFO SecurityManager: Changing modify acls groups to:","logger":"airflow.task.hooks.airflow.providers.standard.hooks.subprocess.SubprocessHook"}
{"timestamp":"2025-05-06T03:54:06.889676","level":"info","event":"25/05/06 12:54:06 INFO SecurityManager: SecurityManager: authentication disabled; ui acls disabled; users  with view permissions: Set(jjlee); groups with view permissions: Set(); users  with modify permissions: Set(jjlee); groups with modify permissions: Set()","logger":"airflow.task.hooks.airflow.providers.standard.hooks.subprocess.SubprocessHook"}
{"timestamp":"2025-05-06T03:54:07.149668","level":"info","event":"25/05/06 12:54:07 INFO Utils: Successfully started service 'sparkDriver' on port 46043.","logger":"airflow.task.hooks.airflow.providers.standard.hooks.subprocess.SubprocessHook"}
{"timestamp":"2025-05-06T03:54:07.172231","level":"info","event":"25/05/06 12:54:07 INFO SparkEnv: Registering MapOutputTracker","logger":"airflow.task.hooks.airflow.providers.standard.hooks.subprocess.SubprocessHook"}
{"timestamp":"2025-05-06T03:54:07.203145","level":"info","event":"25/05/06 12:54:07 INFO SparkEnv: Registering BlockManagerMaster","logger":"airflow.task.hooks.airflow.providers.standard.hooks.subprocess.SubprocessHook"}
{"timestamp":"2025-05-06T03:54:07.225114","level":"info","event":"25/05/06 12:54:07 INFO BlockManagerMasterEndpoint: Using org.apache.spark.storage.DefaultTopologyMapper for getting topology information","logger":"airflow.task.hooks.airflow.providers.standard.hooks.subprocess.SubprocessHook"}
{"timestamp":"2025-05-06T03:54:07.225728","level":"info","event":"25/05/06 12:54:07 INFO BlockManagerMasterEndpoint: BlockManagerMasterEndpoint up","logger":"airflow.task.hooks.airflow.providers.standard.hooks.subprocess.SubprocessHook"}
{"timestamp":"2025-05-06T03:54:07.229198","level":"info","event":"25/05/06 12:54:07 INFO SparkEnv: Registering BlockManagerMasterHeartbeat","logger":"airflow.task.hooks.airflow.providers.standard.hooks.subprocess.SubprocessHook"}
{"timestamp":"2025-05-06T03:54:07.246239","level":"info","event":"25/05/06 12:54:07 INFO DiskBlockManager: Created local directory at /tmp/blockmgr-fda43237-73c8-4c81-b122-2068ed334d94","logger":"airflow.task.hooks.airflow.providers.standard.hooks.subprocess.SubprocessHook"}
{"timestamp":"2025-05-06T03:54:07.261207","level":"info","event":"25/05/06 12:54:07 INFO MemoryStore: MemoryStore started with capacity 434.4 MiB","logger":"airflow.task.hooks.airflow.providers.standard.hooks.subprocess.SubprocessHook"}
{"timestamp":"2025-05-06T03:54:07.274590","level":"info","event":"25/05/06 12:54:07 INFO SparkEnv: Registering OutputCommitCoordinator","logger":"airflow.task.hooks.airflow.providers.standard.hooks.subprocess.SubprocessHook"}
{"timestamp":"2025-05-06T03:54:07.421581","level":"info","event":"25/05/06 12:54:07 WARN Utils: Service 'SparkUI' could not bind on port 4040. Attempting port 4041.","logger":"airflow.task.hooks.airflow.providers.standard.hooks.subprocess.SubprocessHook"}
{"timestamp":"2025-05-06T03:54:07.429541","level":"info","event":"25/05/06 12:54:07 INFO Utils: Successfully started service 'SparkUI' on port 4041.","logger":"airflow.task.hooks.airflow.providers.standard.hooks.subprocess.SubprocessHook"}
{"timestamp":"2025-05-06T03:54:07.459472","level":"info","event":"25/05/06 12:54:07 INFO SparkContext: Added JAR file:///home/jjlee/workspace/GSBE/mysql-connector-java-8.4.0.jar at spark://172.23.182.114:46043/jars/mysql-connector-java-8.4.0.jar with timestamp 1746503646775","logger":"airflow.task.hooks.airflow.providers.standard.hooks.subprocess.SubprocessHook"}
{"timestamp":"2025-05-06T03:54:07.459617","level":"info","event":"25/05/06 12:54:07 INFO SparkContext: Added JAR file:///home/jjlee/.ivy2/jars/org.apache.spark_spark-sql-kafka-0-10_2.13-3.3.2.jar at spark://172.23.182.114:46043/jars/org.apache.spark_spark-sql-kafka-0-10_2.13-3.3.2.jar with timestamp 1746503646775","logger":"airflow.task.hooks.airflow.providers.standard.hooks.subprocess.SubprocessHook"}
{"timestamp":"2025-05-06T03:54:07.459739","level":"info","event":"25/05/06 12:54:07 INFO SparkContext: Added JAR file:///home/jjlee/.ivy2/jars/org.apache.spark_spark-token-provider-kafka-0-10_2.13-3.3.2.jar at spark://172.23.182.114:46043/jars/org.apache.spark_spark-token-provider-kafka-0-10_2.13-3.3.2.jar with timestamp 1746503646775","logger":"airflow.task.hooks.airflow.providers.standard.hooks.subprocess.SubprocessHook"}
{"timestamp":"2025-05-06T03:54:07.459872","level":"info","event":"25/05/06 12:54:07 INFO SparkContext: Added JAR file:///home/jjlee/.ivy2/jars/org.scala-lang.modules_scala-parallel-collections_2.13-1.0.3.jar at spark://172.23.182.114:46043/jars/org.scala-lang.modules_scala-parallel-collections_2.13-1.0.3.jar with timestamp 1746503646775","logger":"airflow.task.hooks.airflow.providers.standard.hooks.subprocess.SubprocessHook"}
{"timestamp":"2025-05-06T03:54:07.460002","level":"info","event":"25/05/06 12:54:07 INFO SparkContext: Added JAR file:///home/jjlee/.ivy2/jars/org.apache.kafka_kafka-clients-2.8.1.jar at spark://172.23.182.114:46043/jars/org.apache.kafka_kafka-clients-2.8.1.jar with timestamp 1746503646775","logger":"airflow.task.hooks.airflow.providers.standard.hooks.subprocess.SubprocessHook"}
{"timestamp":"2025-05-06T03:54:07.460153","level":"info","event":"25/05/06 12:54:07 INFO SparkContext: Added JAR file:///home/jjlee/.ivy2/jars/com.google.code.findbugs_jsr305-3.0.0.jar at spark://172.23.182.114:46043/jars/com.google.code.findbugs_jsr305-3.0.0.jar with timestamp 1746503646775","logger":"airflow.task.hooks.airflow.providers.standard.hooks.subprocess.SubprocessHook"}
{"timestamp":"2025-05-06T03:54:07.460350","level":"info","event":"25/05/06 12:54:07 INFO SparkContext: Added JAR file:///home/jjlee/.ivy2/jars/org.apache.commons_commons-pool2-2.11.1.jar at spark://172.23.182.114:46043/jars/org.apache.commons_commons-pool2-2.11.1.jar with timestamp 1746503646775","logger":"airflow.task.hooks.airflow.providers.standard.hooks.subprocess.SubprocessHook"}
{"timestamp":"2025-05-06T03:54:07.460450","level":"info","event":"25/05/06 12:54:07 INFO SparkContext: Added JAR file:///home/jjlee/.ivy2/jars/org.spark-project.spark_unused-1.0.0.jar at spark://172.23.182.114:46043/jars/org.spark-project.spark_unused-1.0.0.jar with timestamp 1746503646775","logger":"airflow.task.hooks.airflow.providers.standard.hooks.subprocess.SubprocessHook"}
{"timestamp":"2025-05-06T03:54:07.460576","level":"info","event":"25/05/06 12:54:07 INFO SparkContext: Added JAR file:///home/jjlee/.ivy2/jars/org.apache.hadoop_hadoop-client-runtime-3.3.2.jar at spark://172.23.182.114:46043/jars/org.apache.hadoop_hadoop-client-runtime-3.3.2.jar with timestamp 1746503646775","logger":"airflow.task.hooks.airflow.providers.standard.hooks.subprocess.SubprocessHook"}
{"timestamp":"2025-05-06T03:54:07.460707","level":"info","event":"25/05/06 12:54:07 INFO SparkContext: Added JAR file:///home/jjlee/.ivy2/jars/org.lz4_lz4-java-1.8.0.jar at spark://172.23.182.114:46043/jars/org.lz4_lz4-java-1.8.0.jar with timestamp 1746503646775","logger":"airflow.task.hooks.airflow.providers.standard.hooks.subprocess.SubprocessHook"}
{"timestamp":"2025-05-06T03:54:07.460832","level":"info","event":"25/05/06 12:54:07 INFO SparkContext: Added JAR file:///home/jjlee/.ivy2/jars/org.xerial.snappy_snappy-java-1.1.8.4.jar at spark://172.23.182.114:46043/jars/org.xerial.snappy_snappy-java-1.1.8.4.jar with timestamp 1746503646775","logger":"airflow.task.hooks.airflow.providers.standard.hooks.subprocess.SubprocessHook"}
{"timestamp":"2025-05-06T03:54:07.460987","level":"info","event":"25/05/06 12:54:07 INFO SparkContext: Added JAR file:///home/jjlee/.ivy2/jars/org.slf4j_slf4j-api-1.7.32.jar at spark://172.23.182.114:46043/jars/org.slf4j_slf4j-api-1.7.32.jar with timestamp 1746503646775","logger":"airflow.task.hooks.airflow.providers.standard.hooks.subprocess.SubprocessHook"}
{"timestamp":"2025-05-06T03:54:07.461115","level":"info","event":"25/05/06 12:54:07 INFO SparkContext: Added JAR file:///home/jjlee/.ivy2/jars/org.apache.hadoop_hadoop-client-api-3.3.2.jar at spark://172.23.182.114:46043/jars/org.apache.hadoop_hadoop-client-api-3.3.2.jar with timestamp 1746503646775","logger":"airflow.task.hooks.airflow.providers.standard.hooks.subprocess.SubprocessHook"}
{"timestamp":"2025-05-06T03:54:07.461250","level":"info","event":"25/05/06 12:54:07 INFO SparkContext: Added JAR file:///home/jjlee/.ivy2/jars/commons-logging_commons-logging-1.1.3.jar at spark://172.23.182.114:46043/jars/commons-logging_commons-logging-1.1.3.jar with timestamp 1746503646775","logger":"airflow.task.hooks.airflow.providers.standard.hooks.subprocess.SubprocessHook"}
{"timestamp":"2025-05-06T03:54:07.463171","level":"info","event":"25/05/06 12:54:07 INFO SparkContext: Added file file:///home/jjlee/.ivy2/jars/org.apache.spark_spark-sql-kafka-0-10_2.13-3.3.2.jar at file:///home/jjlee/.ivy2/jars/org.apache.spark_spark-sql-kafka-0-10_2.13-3.3.2.jar with timestamp 1746503646775","logger":"airflow.task.hooks.airflow.providers.standard.hooks.subprocess.SubprocessHook"}
{"timestamp":"2025-05-06T03:54:07.464111","level":"info","event":"25/05/06 12:54:07 INFO Utils: Copying /home/jjlee/.ivy2/jars/org.apache.spark_spark-sql-kafka-0-10_2.13-3.3.2.jar to /tmp/spark-1f9a2c9a-0ba1-4408-a5f1-ba757ea13f87/userFiles-53efaea3-e8ee-4dec-b579-340ce9142de0/org.apache.spark_spark-sql-kafka-0-10_2.13-3.3.2.jar","logger":"airflow.task.hooks.airflow.providers.standard.hooks.subprocess.SubprocessHook"}
{"timestamp":"2025-05-06T03:54:07.478507","level":"info","event":"25/05/06 12:54:07 INFO SparkContext: Added file file:///home/jjlee/.ivy2/jars/org.apache.spark_spark-token-provider-kafka-0-10_2.13-3.3.2.jar at file:///home/jjlee/.ivy2/jars/org.apache.spark_spark-token-provider-kafka-0-10_2.13-3.3.2.jar with timestamp 1746503646775","logger":"airflow.task.hooks.airflow.providers.standard.hooks.subprocess.SubprocessHook"}
{"timestamp":"2025-05-06T03:54:07.478693","level":"info","event":"25/05/06 12:54:07 INFO Utils: Copying /home/jjlee/.ivy2/jars/org.apache.spark_spark-token-provider-kafka-0-10_2.13-3.3.2.jar to /tmp/spark-1f9a2c9a-0ba1-4408-a5f1-ba757ea13f87/userFiles-53efaea3-e8ee-4dec-b579-340ce9142de0/org.apache.spark_spark-token-provider-kafka-0-10_2.13-3.3.2.jar","logger":"airflow.task.hooks.airflow.providers.standard.hooks.subprocess.SubprocessHook"}
{"timestamp":"2025-05-06T03:54:07.481407","level":"info","event":"25/05/06 12:54:07 INFO SparkContext: Added file file:///home/jjlee/.ivy2/jars/org.scala-lang.modules_scala-parallel-collections_2.13-1.0.3.jar at file:///home/jjlee/.ivy2/jars/org.scala-lang.modules_scala-parallel-collections_2.13-1.0.3.jar with timestamp 1746503646775","logger":"airflow.task.hooks.airflow.providers.standard.hooks.subprocess.SubprocessHook"}
{"timestamp":"2025-05-06T03:54:07.481550","level":"info","event":"25/05/06 12:54:07 INFO Utils: Copying /home/jjlee/.ivy2/jars/org.scala-lang.modules_scala-parallel-collections_2.13-1.0.3.jar to /tmp/spark-1f9a2c9a-0ba1-4408-a5f1-ba757ea13f87/userFiles-53efaea3-e8ee-4dec-b579-340ce9142de0/org.scala-lang.modules_scala-parallel-collections_2.13-1.0.3.jar","logger":"airflow.task.hooks.airflow.providers.standard.hooks.subprocess.SubprocessHook"}
{"timestamp":"2025-05-06T03:54:07.485255","level":"info","event":"25/05/06 12:54:07 INFO SparkContext: Added file file:///home/jjlee/.ivy2/jars/org.apache.kafka_kafka-clients-2.8.1.jar at file:///home/jjlee/.ivy2/jars/org.apache.kafka_kafka-clients-2.8.1.jar with timestamp 1746503646775","logger":"airflow.task.hooks.airflow.providers.standard.hooks.subprocess.SubprocessHook"}
{"timestamp":"2025-05-06T03:54:07.485443","level":"info","event":"25/05/06 12:54:07 INFO Utils: Copying /home/jjlee/.ivy2/jars/org.apache.kafka_kafka-clients-2.8.1.jar to /tmp/spark-1f9a2c9a-0ba1-4408-a5f1-ba757ea13f87/userFiles-53efaea3-e8ee-4dec-b579-340ce9142de0/org.apache.kafka_kafka-clients-2.8.1.jar","logger":"airflow.task.hooks.airflow.providers.standard.hooks.subprocess.SubprocessHook"}
{"timestamp":"2025-05-06T03:54:07.492189","level":"info","event":"25/05/06 12:54:07 INFO SparkContext: Added file file:///home/jjlee/.ivy2/jars/com.google.code.findbugs_jsr305-3.0.0.jar at file:///home/jjlee/.ivy2/jars/com.google.code.findbugs_jsr305-3.0.0.jar with timestamp 1746503646775","logger":"airflow.task.hooks.airflow.providers.standard.hooks.subprocess.SubprocessHook"}
{"timestamp":"2025-05-06T03:54:07.492337","level":"info","event":"25/05/06 12:54:07 INFO Utils: Copying /home/jjlee/.ivy2/jars/com.google.code.findbugs_jsr305-3.0.0.jar to /tmp/spark-1f9a2c9a-0ba1-4408-a5f1-ba757ea13f87/userFiles-53efaea3-e8ee-4dec-b579-340ce9142de0/com.google.code.findbugs_jsr305-3.0.0.jar","logger":"airflow.task.hooks.airflow.providers.standard.hooks.subprocess.SubprocessHook"}
{"timestamp":"2025-05-06T03:54:07.495458","level":"info","event":"25/05/06 12:54:07 INFO SparkContext: Added file file:///home/jjlee/.ivy2/jars/org.apache.commons_commons-pool2-2.11.1.jar at file:///home/jjlee/.ivy2/jars/org.apache.commons_commons-pool2-2.11.1.jar with timestamp 1746503646775","logger":"airflow.task.hooks.airflow.providers.standard.hooks.subprocess.SubprocessHook"}
{"timestamp":"2025-05-06T03:54:07.495580","level":"info","event":"25/05/06 12:54:07 INFO Utils: Copying /home/jjlee/.ivy2/jars/org.apache.commons_commons-pool2-2.11.1.jar to /tmp/spark-1f9a2c9a-0ba1-4408-a5f1-ba757ea13f87/userFiles-53efaea3-e8ee-4dec-b579-340ce9142de0/org.apache.commons_commons-pool2-2.11.1.jar","logger":"airflow.task.hooks.airflow.providers.standard.hooks.subprocess.SubprocessHook"}
{"timestamp":"2025-05-06T03:54:07.498272","level":"info","event":"25/05/06 12:54:07 INFO SparkContext: Added file file:///home/jjlee/.ivy2/jars/org.spark-project.spark_unused-1.0.0.jar at file:///home/jjlee/.ivy2/jars/org.spark-project.spark_unused-1.0.0.jar with timestamp 1746503646775","logger":"airflow.task.hooks.airflow.providers.standard.hooks.subprocess.SubprocessHook"}
{"timestamp":"2025-05-06T03:54:07.498409","level":"info","event":"25/05/06 12:54:07 INFO Utils: Copying /home/jjlee/.ivy2/jars/org.spark-project.spark_unused-1.0.0.jar to /tmp/spark-1f9a2c9a-0ba1-4408-a5f1-ba757ea13f87/userFiles-53efaea3-e8ee-4dec-b579-340ce9142de0/org.spark-project.spark_unused-1.0.0.jar","logger":"airflow.task.hooks.airflow.providers.standard.hooks.subprocess.SubprocessHook"}
{"timestamp":"2025-05-06T03:54:07.500973","level":"info","event":"25/05/06 12:54:07 INFO SparkContext: Added file file:///home/jjlee/.ivy2/jars/org.apache.hadoop_hadoop-client-runtime-3.3.2.jar at file:///home/jjlee/.ivy2/jars/org.apache.hadoop_hadoop-client-runtime-3.3.2.jar with timestamp 1746503646775","logger":"airflow.task.hooks.airflow.providers.standard.hooks.subprocess.SubprocessHook"}
{"timestamp":"2025-05-06T03:54:07.501122","level":"info","event":"25/05/06 12:54:07 INFO Utils: Copying /home/jjlee/.ivy2/jars/org.apache.hadoop_hadoop-client-runtime-3.3.2.jar to /tmp/spark-1f9a2c9a-0ba1-4408-a5f1-ba757ea13f87/userFiles-53efaea3-e8ee-4dec-b579-340ce9142de0/org.apache.hadoop_hadoop-client-runtime-3.3.2.jar","logger":"airflow.task.hooks.airflow.providers.standard.hooks.subprocess.SubprocessHook"}
{"timestamp":"2025-05-06T03:54:07.521053","level":"info","event":"25/05/06 12:54:07 INFO SparkContext: Added file file:///home/jjlee/.ivy2/jars/org.lz4_lz4-java-1.8.0.jar at file:///home/jjlee/.ivy2/jars/org.lz4_lz4-java-1.8.0.jar with timestamp 1746503646775","logger":"airflow.task.hooks.airflow.providers.standard.hooks.subprocess.SubprocessHook"}
{"timestamp":"2025-05-06T03:54:07.521185","level":"info","event":"25/05/06 12:54:07 INFO Utils: Copying /home/jjlee/.ivy2/jars/org.lz4_lz4-java-1.8.0.jar to /tmp/spark-1f9a2c9a-0ba1-4408-a5f1-ba757ea13f87/userFiles-53efaea3-e8ee-4dec-b579-340ce9142de0/org.lz4_lz4-java-1.8.0.jar","logger":"airflow.task.hooks.airflow.providers.standard.hooks.subprocess.SubprocessHook"}
{"timestamp":"2025-05-06T03:54:07.525177","level":"info","event":"25/05/06 12:54:07 INFO SparkContext: Added file file:///home/jjlee/.ivy2/jars/org.xerial.snappy_snappy-java-1.1.8.4.jar at file:///home/jjlee/.ivy2/jars/org.xerial.snappy_snappy-java-1.1.8.4.jar with timestamp 1746503646775","logger":"airflow.task.hooks.airflow.providers.standard.hooks.subprocess.SubprocessHook"}
{"timestamp":"2025-05-06T03:54:07.525335","level":"info","event":"25/05/06 12:54:07 INFO Utils: Copying /home/jjlee/.ivy2/jars/org.xerial.snappy_snappy-java-1.1.8.4.jar to /tmp/spark-1f9a2c9a-0ba1-4408-a5f1-ba757ea13f87/userFiles-53efaea3-e8ee-4dec-b579-340ce9142de0/org.xerial.snappy_snappy-java-1.1.8.4.jar","logger":"airflow.task.hooks.airflow.providers.standard.hooks.subprocess.SubprocessHook"}
{"timestamp":"2025-05-06T03:54:07.529448","level":"info","event":"25/05/06 12:54:07 INFO SparkContext: Added file file:///home/jjlee/.ivy2/jars/org.slf4j_slf4j-api-1.7.32.jar at file:///home/jjlee/.ivy2/jars/org.slf4j_slf4j-api-1.7.32.jar with timestamp 1746503646775","logger":"airflow.task.hooks.airflow.providers.standard.hooks.subprocess.SubprocessHook"}
{"timestamp":"2025-05-06T03:54:07.529597","level":"info","event":"25/05/06 12:54:07 INFO Utils: Copying /home/jjlee/.ivy2/jars/org.slf4j_slf4j-api-1.7.32.jar to /tmp/spark-1f9a2c9a-0ba1-4408-a5f1-ba757ea13f87/userFiles-53efaea3-e8ee-4dec-b579-340ce9142de0/org.slf4j_slf4j-api-1.7.32.jar","logger":"airflow.task.hooks.airflow.providers.standard.hooks.subprocess.SubprocessHook"}
{"timestamp":"2025-05-06T03:54:07.538280","level":"info","event":"25/05/06 12:54:07 INFO SparkContext: Added file file:///home/jjlee/.ivy2/jars/org.apache.hadoop_hadoop-client-api-3.3.2.jar at file:///home/jjlee/.ivy2/jars/org.apache.hadoop_hadoop-client-api-3.3.2.jar with timestamp 1746503646775","logger":"airflow.task.hooks.airflow.providers.standard.hooks.subprocess.SubprocessHook"}
{"timestamp":"2025-05-06T03:54:07.538432","level":"info","event":"25/05/06 12:54:07 INFO Utils: Copying /home/jjlee/.ivy2/jars/org.apache.hadoop_hadoop-client-api-3.3.2.jar to /tmp/spark-1f9a2c9a-0ba1-4408-a5f1-ba757ea13f87/userFiles-53efaea3-e8ee-4dec-b579-340ce9142de0/org.apache.hadoop_hadoop-client-api-3.3.2.jar","logger":"airflow.task.hooks.airflow.providers.standard.hooks.subprocess.SubprocessHook"}
{"timestamp":"2025-05-06T03:54:07.552938","level":"info","event":"25/05/06 12:54:07 INFO SparkContext: Added file file:///home/jjlee/.ivy2/jars/commons-logging_commons-logging-1.1.3.jar at file:///home/jjlee/.ivy2/jars/commons-logging_commons-logging-1.1.3.jar with timestamp 1746503646775","logger":"airflow.task.hooks.airflow.providers.standard.hooks.subprocess.SubprocessHook"}
{"timestamp":"2025-05-06T03:54:07.553063","level":"info","event":"25/05/06 12:54:07 INFO Utils: Copying /home/jjlee/.ivy2/jars/commons-logging_commons-logging-1.1.3.jar to /tmp/spark-1f9a2c9a-0ba1-4408-a5f1-ba757ea13f87/userFiles-53efaea3-e8ee-4dec-b579-340ce9142de0/commons-logging_commons-logging-1.1.3.jar","logger":"airflow.task.hooks.airflow.providers.standard.hooks.subprocess.SubprocessHook"}
{"timestamp":"2025-05-06T03:54:07.605228","level":"info","event":"25/05/06 12:54:07 INFO Executor: Starting executor ID driver on host 172.23.182.114","logger":"airflow.task.hooks.airflow.providers.standard.hooks.subprocess.SubprocessHook"}
{"timestamp":"2025-05-06T03:54:07.610683","level":"info","event":"25/05/06 12:54:07 INFO Executor: Starting executor with user classpath (userClassPathFirst = false): ''","logger":"airflow.task.hooks.airflow.providers.standard.hooks.subprocess.SubprocessHook"}
{"timestamp":"2025-05-06T03:54:07.620042","level":"info","event":"25/05/06 12:54:07 INFO Executor: Fetching file:///home/jjlee/.ivy2/jars/org.apache.hadoop_hadoop-client-runtime-3.3.2.jar with timestamp 1746503646775","logger":"airflow.task.hooks.airflow.providers.standard.hooks.subprocess.SubprocessHook"}
{"timestamp":"2025-05-06T03:54:07.668409","level":"info","event":"25/05/06 12:54:07 INFO Utils: /home/jjlee/.ivy2/jars/org.apache.hadoop_hadoop-client-runtime-3.3.2.jar has been previously copied to /tmp/spark-1f9a2c9a-0ba1-4408-a5f1-ba757ea13f87/userFiles-53efaea3-e8ee-4dec-b579-340ce9142de0/org.apache.hadoop_hadoop-client-runtime-3.3.2.jar","logger":"airflow.task.hooks.airflow.providers.standard.hooks.subprocess.SubprocessHook"}
{"timestamp":"2025-05-06T03:54:07.670691","level":"info","event":"25/05/06 12:54:07 INFO Executor: Fetching file:///home/jjlee/.ivy2/jars/org.apache.hadoop_hadoop-client-api-3.3.2.jar with timestamp 1746503646775","logger":"airflow.task.hooks.airflow.providers.standard.hooks.subprocess.SubprocessHook"}
{"timestamp":"2025-05-06T03:54:07.679901","level":"info","event":"25/05/06 12:54:07 INFO Utils: /home/jjlee/.ivy2/jars/org.apache.hadoop_hadoop-client-api-3.3.2.jar has been previously copied to /tmp/spark-1f9a2c9a-0ba1-4408-a5f1-ba757ea13f87/userFiles-53efaea3-e8ee-4dec-b579-340ce9142de0/org.apache.hadoop_hadoop-client-api-3.3.2.jar","logger":"airflow.task.hooks.airflow.providers.standard.hooks.subprocess.SubprocessHook"}
{"timestamp":"2025-05-06T03:54:07.681926","level":"info","event":"25/05/06 12:54:07 INFO Executor: Fetching file:///home/jjlee/.ivy2/jars/org.scala-lang.modules_scala-parallel-collections_2.13-1.0.3.jar with timestamp 1746503646775","logger":"airflow.task.hooks.airflow.providers.standard.hooks.subprocess.SubprocessHook"}
{"timestamp":"2025-05-06T03:54:07.682856","level":"info","event":"25/05/06 12:54:07 INFO Utils: /home/jjlee/.ivy2/jars/org.scala-lang.modules_scala-parallel-collections_2.13-1.0.3.jar has been previously copied to /tmp/spark-1f9a2c9a-0ba1-4408-a5f1-ba757ea13f87/userFiles-53efaea3-e8ee-4dec-b579-340ce9142de0/org.scala-lang.modules_scala-parallel-collections_2.13-1.0.3.jar","logger":"airflow.task.hooks.airflow.providers.standard.hooks.subprocess.SubprocessHook"}
{"timestamp":"2025-05-06T03:54:07.685125","level":"info","event":"25/05/06 12:54:07 INFO Executor: Fetching file:///home/jjlee/.ivy2/jars/commons-logging_commons-logging-1.1.3.jar with timestamp 1746503646775","logger":"airflow.task.hooks.airflow.providers.standard.hooks.subprocess.SubprocessHook"}
{"timestamp":"2025-05-06T03:54:07.685423","level":"info","event":"25/05/06 12:54:07 INFO Utils: /home/jjlee/.ivy2/jars/commons-logging_commons-logging-1.1.3.jar has been previously copied to /tmp/spark-1f9a2c9a-0ba1-4408-a5f1-ba757ea13f87/userFiles-53efaea3-e8ee-4dec-b579-340ce9142de0/commons-logging_commons-logging-1.1.3.jar","logger":"airflow.task.hooks.airflow.providers.standard.hooks.subprocess.SubprocessHook"}
{"timestamp":"2025-05-06T03:54:07.687724","level":"info","event":"25/05/06 12:54:07 INFO Executor: Fetching file:///home/jjlee/.ivy2/jars/org.xerial.snappy_snappy-java-1.1.8.4.jar with timestamp 1746503646775","logger":"airflow.task.hooks.airflow.providers.standard.hooks.subprocess.SubprocessHook"}
{"timestamp":"2025-05-06T03:54:07.688859","level":"info","event":"25/05/06 12:54:07 INFO Utils: /home/jjlee/.ivy2/jars/org.xerial.snappy_snappy-java-1.1.8.4.jar has been previously copied to /tmp/spark-1f9a2c9a-0ba1-4408-a5f1-ba757ea13f87/userFiles-53efaea3-e8ee-4dec-b579-340ce9142de0/org.xerial.snappy_snappy-java-1.1.8.4.jar","logger":"airflow.task.hooks.airflow.providers.standard.hooks.subprocess.SubprocessHook"}
{"timestamp":"2025-05-06T03:54:07.691589","level":"info","event":"25/05/06 12:54:07 INFO Executor: Fetching file:///home/jjlee/.ivy2/jars/com.google.code.findbugs_jsr305-3.0.0.jar with timestamp 1746503646775","logger":"airflow.task.hooks.airflow.providers.standard.hooks.subprocess.SubprocessHook"}
{"timestamp":"2025-05-06T03:54:07.691907","level":"info","event":"25/05/06 12:54:07 INFO Utils: /home/jjlee/.ivy2/jars/com.google.code.findbugs_jsr305-3.0.0.jar has been previously copied to /tmp/spark-1f9a2c9a-0ba1-4408-a5f1-ba757ea13f87/userFiles-53efaea3-e8ee-4dec-b579-340ce9142de0/com.google.code.findbugs_jsr305-3.0.0.jar","logger":"airflow.task.hooks.airflow.providers.standard.hooks.subprocess.SubprocessHook"}
{"timestamp":"2025-05-06T03:54:07.696680","level":"info","event":"25/05/06 12:54:07 INFO Executor: Fetching file:///home/jjlee/.ivy2/jars/org.apache.commons_commons-pool2-2.11.1.jar with timestamp 1746503646775","logger":"airflow.task.hooks.airflow.providers.standard.hooks.subprocess.SubprocessHook"}
{"timestamp":"2025-05-06T03:54:07.697232","level":"info","event":"25/05/06 12:54:07 INFO Utils: /home/jjlee/.ivy2/jars/org.apache.commons_commons-pool2-2.11.1.jar has been previously copied to /tmp/spark-1f9a2c9a-0ba1-4408-a5f1-ba757ea13f87/userFiles-53efaea3-e8ee-4dec-b579-340ce9142de0/org.apache.commons_commons-pool2-2.11.1.jar","logger":"airflow.task.hooks.airflow.providers.standard.hooks.subprocess.SubprocessHook"}
{"timestamp":"2025-05-06T03:54:07.703640","level":"info","event":"25/05/06 12:54:07 INFO Executor: Fetching file:///home/jjlee/.ivy2/jars/org.slf4j_slf4j-api-1.7.32.jar with timestamp 1746503646775","logger":"airflow.task.hooks.airflow.providers.standard.hooks.subprocess.SubprocessHook"}
{"timestamp":"2025-05-06T03:54:07.704226","level":"info","event":"25/05/06 12:54:07 INFO Utils: /home/jjlee/.ivy2/jars/org.slf4j_slf4j-api-1.7.32.jar has been previously copied to /tmp/spark-1f9a2c9a-0ba1-4408-a5f1-ba757ea13f87/userFiles-53efaea3-e8ee-4dec-b579-340ce9142de0/org.slf4j_slf4j-api-1.7.32.jar","logger":"airflow.task.hooks.airflow.providers.standard.hooks.subprocess.SubprocessHook"}
{"timestamp":"2025-05-06T03:54:07.711945","level":"info","event":"25/05/06 12:54:07 INFO Executor: Fetching file:///home/jjlee/.ivy2/jars/org.apache.spark_spark-token-provider-kafka-0-10_2.13-3.3.2.jar with timestamp 1746503646775","logger":"airflow.task.hooks.airflow.providers.standard.hooks.subprocess.SubprocessHook"}
{"timestamp":"2025-05-06T03:54:07.712584","level":"info","event":"25/05/06 12:54:07 INFO Utils: /home/jjlee/.ivy2/jars/org.apache.spark_spark-token-provider-kafka-0-10_2.13-3.3.2.jar has been previously copied to /tmp/spark-1f9a2c9a-0ba1-4408-a5f1-ba757ea13f87/userFiles-53efaea3-e8ee-4dec-b579-340ce9142de0/org.apache.spark_spark-token-provider-kafka-0-10_2.13-3.3.2.jar","logger":"airflow.task.hooks.airflow.providers.standard.hooks.subprocess.SubprocessHook"}
{"timestamp":"2025-05-06T03:54:07.721145","level":"info","event":"25/05/06 12:54:07 INFO Executor: Fetching file:///home/jjlee/.ivy2/jars/org.spark-project.spark_unused-1.0.0.jar with timestamp 1746503646775","logger":"airflow.task.hooks.airflow.providers.standard.hooks.subprocess.SubprocessHook"}
{"timestamp":"2025-05-06T03:54:07.721321","level":"info","event":"25/05/06 12:54:07 INFO Utils: /home/jjlee/.ivy2/jars/org.spark-project.spark_unused-1.0.0.jar has been previously copied to /tmp/spark-1f9a2c9a-0ba1-4408-a5f1-ba757ea13f87/userFiles-53efaea3-e8ee-4dec-b579-340ce9142de0/org.spark-project.spark_unused-1.0.0.jar","logger":"airflow.task.hooks.airflow.providers.standard.hooks.subprocess.SubprocessHook"}
{"timestamp":"2025-05-06T03:54:07.728532","level":"info","event":"25/05/06 12:54:07 INFO Executor: Fetching file:///home/jjlee/.ivy2/jars/org.apache.kafka_kafka-clients-2.8.1.jar with timestamp 1746503646775","logger":"airflow.task.hooks.airflow.providers.standard.hooks.subprocess.SubprocessHook"}
{"timestamp":"2025-05-06T03:54:07.732587","level":"info","event":"25/05/06 12:54:07 INFO Utils: /home/jjlee/.ivy2/jars/org.apache.kafka_kafka-clients-2.8.1.jar has been previously copied to /tmp/spark-1f9a2c9a-0ba1-4408-a5f1-ba757ea13f87/userFiles-53efaea3-e8ee-4dec-b579-340ce9142de0/org.apache.kafka_kafka-clients-2.8.1.jar","logger":"airflow.task.hooks.airflow.providers.standard.hooks.subprocess.SubprocessHook"}
{"timestamp":"2025-05-06T03:54:07.735945","level":"info","event":"25/05/06 12:54:07 INFO Executor: Fetching file:///home/jjlee/.ivy2/jars/org.apache.spark_spark-sql-kafka-0-10_2.13-3.3.2.jar with timestamp 1746503646775","logger":"airflow.task.hooks.airflow.providers.standard.hooks.subprocess.SubprocessHook"}
{"timestamp":"2025-05-06T03:54:07.736827","level":"info","event":"25/05/06 12:54:07 INFO Utils: /home/jjlee/.ivy2/jars/org.apache.spark_spark-sql-kafka-0-10_2.13-3.3.2.jar has been previously copied to /tmp/spark-1f9a2c9a-0ba1-4408-a5f1-ba757ea13f87/userFiles-53efaea3-e8ee-4dec-b579-340ce9142de0/org.apache.spark_spark-sql-kafka-0-10_2.13-3.3.2.jar","logger":"airflow.task.hooks.airflow.providers.standard.hooks.subprocess.SubprocessHook"}
{"timestamp":"2025-05-06T03:54:07.740596","level":"info","event":"25/05/06 12:54:07 INFO Executor: Fetching file:///home/jjlee/.ivy2/jars/org.lz4_lz4-java-1.8.0.jar with timestamp 1746503646775","logger":"airflow.task.hooks.airflow.providers.standard.hooks.subprocess.SubprocessHook"}
{"timestamp":"2025-05-06T03:54:07.741808","level":"info","event":"25/05/06 12:54:07 INFO Utils: /home/jjlee/.ivy2/jars/org.lz4_lz4-java-1.8.0.jar has been previously copied to /tmp/spark-1f9a2c9a-0ba1-4408-a5f1-ba757ea13f87/userFiles-53efaea3-e8ee-4dec-b579-340ce9142de0/org.lz4_lz4-java-1.8.0.jar","logger":"airflow.task.hooks.airflow.providers.standard.hooks.subprocess.SubprocessHook"}
{"timestamp":"2025-05-06T03:54:07.749937","level":"info","event":"25/05/06 12:54:07 INFO Executor: Fetching spark://172.23.182.114:46043/jars/com.google.code.findbugs_jsr305-3.0.0.jar with timestamp 1746503646775","logger":"airflow.task.hooks.airflow.providers.standard.hooks.subprocess.SubprocessHook"}
{"timestamp":"2025-05-06T03:54:07.804954","level":"info","event":"25/05/06 12:54:07 INFO TransportClientFactory: Successfully created connection to /172.23.182.114:46043 after 38 ms (0 ms spent in bootstraps)","logger":"airflow.task.hooks.airflow.providers.standard.hooks.subprocess.SubprocessHook"}
{"timestamp":"2025-05-06T03:54:07.813817","level":"info","event":"25/05/06 12:54:07 INFO Utils: Fetching spark://172.23.182.114:46043/jars/com.google.code.findbugs_jsr305-3.0.0.jar to /tmp/spark-1f9a2c9a-0ba1-4408-a5f1-ba757ea13f87/userFiles-53efaea3-e8ee-4dec-b579-340ce9142de0/fetchFileTemp4348903204835393046.tmp","logger":"airflow.task.hooks.airflow.providers.standard.hooks.subprocess.SubprocessHook"}
{"timestamp":"2025-05-06T03:54:07.848683","level":"info","event":"25/05/06 12:54:07 INFO Utils: /tmp/spark-1f9a2c9a-0ba1-4408-a5f1-ba757ea13f87/userFiles-53efaea3-e8ee-4dec-b579-340ce9142de0/fetchFileTemp4348903204835393046.tmp has been previously copied to /tmp/spark-1f9a2c9a-0ba1-4408-a5f1-ba757ea13f87/userFiles-53efaea3-e8ee-4dec-b579-340ce9142de0/com.google.code.findbugs_jsr305-3.0.0.jar","logger":"airflow.task.hooks.airflow.providers.standard.hooks.subprocess.SubprocessHook"}
{"timestamp":"2025-05-06T03:54:07.851276","level":"info","event":"25/05/06 12:54:07 INFO Executor: Adding file:/tmp/spark-1f9a2c9a-0ba1-4408-a5f1-ba757ea13f87/userFiles-53efaea3-e8ee-4dec-b579-340ce9142de0/com.google.code.findbugs_jsr305-3.0.0.jar to class loader","logger":"airflow.task.hooks.airflow.providers.standard.hooks.subprocess.SubprocessHook"}
{"timestamp":"2025-05-06T03:54:07.851431","level":"info","event":"25/05/06 12:54:07 INFO Executor: Fetching spark://172.23.182.114:46043/jars/commons-logging_commons-logging-1.1.3.jar with timestamp 1746503646775","logger":"airflow.task.hooks.airflow.providers.standard.hooks.subprocess.SubprocessHook"}
{"timestamp":"2025-05-06T03:54:07.852117","level":"info","event":"25/05/06 12:54:07 INFO Utils: Fetching spark://172.23.182.114:46043/jars/commons-logging_commons-logging-1.1.3.jar to /tmp/spark-1f9a2c9a-0ba1-4408-a5f1-ba757ea13f87/userFiles-53efaea3-e8ee-4dec-b579-340ce9142de0/fetchFileTemp6730352414901956984.tmp","logger":"airflow.task.hooks.airflow.providers.standard.hooks.subprocess.SubprocessHook"}
{"timestamp":"2025-05-06T03:54:07.853627","level":"info","event":"25/05/06 12:54:07 INFO Utils: /tmp/spark-1f9a2c9a-0ba1-4408-a5f1-ba757ea13f87/userFiles-53efaea3-e8ee-4dec-b579-340ce9142de0/fetchFileTemp6730352414901956984.tmp has been previously copied to /tmp/spark-1f9a2c9a-0ba1-4408-a5f1-ba757ea13f87/userFiles-53efaea3-e8ee-4dec-b579-340ce9142de0/commons-logging_commons-logging-1.1.3.jar","logger":"airflow.task.hooks.airflow.providers.standard.hooks.subprocess.SubprocessHook"}
{"timestamp":"2025-05-06T03:54:07.859287","level":"info","event":"25/05/06 12:54:07 INFO Executor: Adding file:/tmp/spark-1f9a2c9a-0ba1-4408-a5f1-ba757ea13f87/userFiles-53efaea3-e8ee-4dec-b579-340ce9142de0/commons-logging_commons-logging-1.1.3.jar to class loader","logger":"airflow.task.hooks.airflow.providers.standard.hooks.subprocess.SubprocessHook"}
{"timestamp":"2025-05-06T03:54:07.859457","level":"info","event":"25/05/06 12:54:07 INFO Executor: Fetching spark://172.23.182.114:46043/jars/org.scala-lang.modules_scala-parallel-collections_2.13-1.0.3.jar with timestamp 1746503646775","logger":"airflow.task.hooks.airflow.providers.standard.hooks.subprocess.SubprocessHook"}
{"timestamp":"2025-05-06T03:54:07.859925","level":"info","event":"25/05/06 12:54:07 INFO Utils: Fetching spark://172.23.182.114:46043/jars/org.scala-lang.modules_scala-parallel-collections_2.13-1.0.3.jar to /tmp/spark-1f9a2c9a-0ba1-4408-a5f1-ba757ea13f87/userFiles-53efaea3-e8ee-4dec-b579-340ce9142de0/fetchFileTemp15232711880597250480.tmp","logger":"airflow.task.hooks.airflow.providers.standard.hooks.subprocess.SubprocessHook"}
{"timestamp":"2025-05-06T03:54:07.867010","level":"info","event":"25/05/06 12:54:07 INFO Utils: /tmp/spark-1f9a2c9a-0ba1-4408-a5f1-ba757ea13f87/userFiles-53efaea3-e8ee-4dec-b579-340ce9142de0/fetchFileTemp15232711880597250480.tmp has been previously copied to /tmp/spark-1f9a2c9a-0ba1-4408-a5f1-ba757ea13f87/userFiles-53efaea3-e8ee-4dec-b579-340ce9142de0/org.scala-lang.modules_scala-parallel-collections_2.13-1.0.3.jar","logger":"airflow.task.hooks.airflow.providers.standard.hooks.subprocess.SubprocessHook"}
{"timestamp":"2025-05-06T03:54:07.873597","level":"info","event":"25/05/06 12:54:07 INFO Executor: Adding file:/tmp/spark-1f9a2c9a-0ba1-4408-a5f1-ba757ea13f87/userFiles-53efaea3-e8ee-4dec-b579-340ce9142de0/org.scala-lang.modules_scala-parallel-collections_2.13-1.0.3.jar to class loader","logger":"airflow.task.hooks.airflow.providers.standard.hooks.subprocess.SubprocessHook"}
{"timestamp":"2025-05-06T03:54:07.873775","level":"info","event":"25/05/06 12:54:07 INFO Executor: Fetching spark://172.23.182.114:46043/jars/org.apache.hadoop_hadoop-client-runtime-3.3.2.jar with timestamp 1746503646775","logger":"airflow.task.hooks.airflow.providers.standard.hooks.subprocess.SubprocessHook"}
{"timestamp":"2025-05-06T03:54:07.874556","level":"info","event":"25/05/06 12:54:07 INFO Utils: Fetching spark://172.23.182.114:46043/jars/org.apache.hadoop_hadoop-client-runtime-3.3.2.jar to /tmp/spark-1f9a2c9a-0ba1-4408-a5f1-ba757ea13f87/userFiles-53efaea3-e8ee-4dec-b579-340ce9142de0/fetchFileTemp3378244278788182316.tmp","logger":"airflow.task.hooks.airflow.providers.standard.hooks.subprocess.SubprocessHook"}
{"timestamp":"2025-05-06T03:54:07.974700","level":"info","event":"25/05/06 12:54:07 INFO Utils: /tmp/spark-1f9a2c9a-0ba1-4408-a5f1-ba757ea13f87/userFiles-53efaea3-e8ee-4dec-b579-340ce9142de0/fetchFileTemp3378244278788182316.tmp has been previously copied to /tmp/spark-1f9a2c9a-0ba1-4408-a5f1-ba757ea13f87/userFiles-53efaea3-e8ee-4dec-b579-340ce9142de0/org.apache.hadoop_hadoop-client-runtime-3.3.2.jar","logger":"airflow.task.hooks.airflow.providers.standard.hooks.subprocess.SubprocessHook"}
{"timestamp":"2025-05-06T03:54:08.146600","level":"info","event":"25/05/06 12:54:08 INFO Executor: Adding file:/tmp/spark-1f9a2c9a-0ba1-4408-a5f1-ba757ea13f87/userFiles-53efaea3-e8ee-4dec-b579-340ce9142de0/org.apache.hadoop_hadoop-client-runtime-3.3.2.jar to class loader","logger":"airflow.task.hooks.airflow.providers.standard.hooks.subprocess.SubprocessHook"}
{"timestamp":"2025-05-06T03:54:08.147000","level":"info","event":"25/05/06 12:54:08 INFO Executor: Fetching spark://172.23.182.114:46043/jars/org.xerial.snappy_snappy-java-1.1.8.4.jar with timestamp 1746503646775","logger":"airflow.task.hooks.airflow.providers.standard.hooks.subprocess.SubprocessHook"}
{"timestamp":"2025-05-06T03:54:08.148678","level":"info","event":"25/05/06 12:54:08 INFO Utils: Fetching spark://172.23.182.114:46043/jars/org.xerial.snappy_snappy-java-1.1.8.4.jar to /tmp/spark-1f9a2c9a-0ba1-4408-a5f1-ba757ea13f87/userFiles-53efaea3-e8ee-4dec-b579-340ce9142de0/fetchFileTemp6013815632876484889.tmp","logger":"airflow.task.hooks.airflow.providers.standard.hooks.subprocess.SubprocessHook"}
{"timestamp":"2025-05-06T03:54:08.155282","level":"info","event":"25/05/06 12:54:08 INFO Utils: /tmp/spark-1f9a2c9a-0ba1-4408-a5f1-ba757ea13f87/userFiles-53efaea3-e8ee-4dec-b579-340ce9142de0/fetchFileTemp6013815632876484889.tmp has been previously copied to /tmp/spark-1f9a2c9a-0ba1-4408-a5f1-ba757ea13f87/userFiles-53efaea3-e8ee-4dec-b579-340ce9142de0/org.xerial.snappy_snappy-java-1.1.8.4.jar","logger":"airflow.task.hooks.airflow.providers.standard.hooks.subprocess.SubprocessHook"}
{"timestamp":"2025-05-06T03:54:08.173276","level":"info","event":"25/05/06 12:54:08 INFO Executor: Adding file:/tmp/spark-1f9a2c9a-0ba1-4408-a5f1-ba757ea13f87/userFiles-53efaea3-e8ee-4dec-b579-340ce9142de0/org.xerial.snappy_snappy-java-1.1.8.4.jar to class loader","logger":"airflow.task.hooks.airflow.providers.standard.hooks.subprocess.SubprocessHook"}
{"timestamp":"2025-05-06T03:54:08.173406","level":"info","event":"25/05/06 12:54:08 INFO Executor: Fetching spark://172.23.182.114:46043/jars/org.apache.kafka_kafka-clients-2.8.1.jar with timestamp 1746503646775","logger":"airflow.task.hooks.airflow.providers.standard.hooks.subprocess.SubprocessHook"}
{"timestamp":"2025-05-06T03:54:08.173692","level":"info","event":"25/05/06 12:54:08 INFO Utils: Fetching spark://172.23.182.114:46043/jars/org.apache.kafka_kafka-clients-2.8.1.jar to /tmp/spark-1f9a2c9a-0ba1-4408-a5f1-ba757ea13f87/userFiles-53efaea3-e8ee-4dec-b579-340ce9142de0/fetchFileTemp16546710747784642975.tmp","logger":"airflow.task.hooks.airflow.providers.standard.hooks.subprocess.SubprocessHook"}
{"timestamp":"2025-05-06T03:54:08.189338","level":"info","event":"25/05/06 12:54:08 INFO Utils: /tmp/spark-1f9a2c9a-0ba1-4408-a5f1-ba757ea13f87/userFiles-53efaea3-e8ee-4dec-b579-340ce9142de0/fetchFileTemp16546710747784642975.tmp has been previously copied to /tmp/spark-1f9a2c9a-0ba1-4408-a5f1-ba757ea13f87/userFiles-53efaea3-e8ee-4dec-b579-340ce9142de0/org.apache.kafka_kafka-clients-2.8.1.jar","logger":"airflow.task.hooks.airflow.providers.standard.hooks.subprocess.SubprocessHook"}
{"timestamp":"2025-05-06T03:54:08.200005","level":"info","event":"25/05/06 12:54:08 INFO Executor: Adding file:/tmp/spark-1f9a2c9a-0ba1-4408-a5f1-ba757ea13f87/userFiles-53efaea3-e8ee-4dec-b579-340ce9142de0/org.apache.kafka_kafka-clients-2.8.1.jar to class loader","logger":"airflow.task.hooks.airflow.providers.standard.hooks.subprocess.SubprocessHook"}
{"timestamp":"2025-05-06T03:54:08.200125","level":"info","event":"25/05/06 12:54:08 INFO Executor: Fetching spark://172.23.182.114:46043/jars/mysql-connector-java-8.4.0.jar with timestamp 1746503646775","logger":"airflow.task.hooks.airflow.providers.standard.hooks.subprocess.SubprocessHook"}
{"timestamp":"2025-05-06T03:54:08.200428","level":"info","event":"25/05/06 12:54:08 INFO Utils: Fetching spark://172.23.182.114:46043/jars/mysql-connector-java-8.4.0.jar to /tmp/spark-1f9a2c9a-0ba1-4408-a5f1-ba757ea13f87/userFiles-53efaea3-e8ee-4dec-b579-340ce9142de0/fetchFileTemp12037052312598462174.tmp","logger":"airflow.task.hooks.airflow.providers.standard.hooks.subprocess.SubprocessHook"}
{"timestamp":"2025-05-06T03:54:08.209749","level":"info","event":"25/05/06 12:54:08 INFO Executor: Adding file:/tmp/spark-1f9a2c9a-0ba1-4408-a5f1-ba757ea13f87/userFiles-53efaea3-e8ee-4dec-b579-340ce9142de0/mysql-connector-java-8.4.0.jar to class loader","logger":"airflow.task.hooks.airflow.providers.standard.hooks.subprocess.SubprocessHook"}
{"timestamp":"2025-05-06T03:54:08.209872","level":"info","event":"25/05/06 12:54:08 INFO Executor: Fetching spark://172.23.182.114:46043/jars/org.slf4j_slf4j-api-1.7.32.jar with timestamp 1746503646775","logger":"airflow.task.hooks.airflow.providers.standard.hooks.subprocess.SubprocessHook"}
{"timestamp":"2025-05-06T03:54:08.210148","level":"info","event":"25/05/06 12:54:08 INFO Utils: Fetching spark://172.23.182.114:46043/jars/org.slf4j_slf4j-api-1.7.32.jar to /tmp/spark-1f9a2c9a-0ba1-4408-a5f1-ba757ea13f87/userFiles-53efaea3-e8ee-4dec-b579-340ce9142de0/fetchFileTemp11819261980084890509.tmp","logger":"airflow.task.hooks.airflow.providers.standard.hooks.subprocess.SubprocessHook"}
{"timestamp":"2025-05-06T03:54:08.211502","level":"info","event":"25/05/06 12:54:08 INFO Utils: /tmp/spark-1f9a2c9a-0ba1-4408-a5f1-ba757ea13f87/userFiles-53efaea3-e8ee-4dec-b579-340ce9142de0/fetchFileTemp11819261980084890509.tmp has been previously copied to /tmp/spark-1f9a2c9a-0ba1-4408-a5f1-ba757ea13f87/userFiles-53efaea3-e8ee-4dec-b579-340ce9142de0/org.slf4j_slf4j-api-1.7.32.jar","logger":"airflow.task.hooks.airflow.providers.standard.hooks.subprocess.SubprocessHook"}
{"timestamp":"2025-05-06T03:54:08.213834","level":"info","event":"25/05/06 12:54:08 INFO Executor: Adding file:/tmp/spark-1f9a2c9a-0ba1-4408-a5f1-ba757ea13f87/userFiles-53efaea3-e8ee-4dec-b579-340ce9142de0/org.slf4j_slf4j-api-1.7.32.jar to class loader","logger":"airflow.task.hooks.airflow.providers.standard.hooks.subprocess.SubprocessHook"}
{"timestamp":"2025-05-06T03:54:08.214151","level":"info","event":"25/05/06 12:54:08 INFO Executor: Fetching spark://172.23.182.114:46043/jars/org.apache.commons_commons-pool2-2.11.1.jar with timestamp 1746503646775","logger":"airflow.task.hooks.airflow.providers.standard.hooks.subprocess.SubprocessHook"}
{"timestamp":"2025-05-06T03:54:08.214940","level":"info","event":"25/05/06 12:54:08 INFO Utils: Fetching spark://172.23.182.114:46043/jars/org.apache.commons_commons-pool2-2.11.1.jar to /tmp/spark-1f9a2c9a-0ba1-4408-a5f1-ba757ea13f87/userFiles-53efaea3-e8ee-4dec-b579-340ce9142de0/fetchFileTemp13591060111566371957.tmp","logger":"airflow.task.hooks.airflow.providers.standard.hooks.subprocess.SubprocessHook"}
{"timestamp":"2025-05-06T03:54:08.216039","level":"info","event":"25/05/06 12:54:08 INFO Utils: /tmp/spark-1f9a2c9a-0ba1-4408-a5f1-ba757ea13f87/userFiles-53efaea3-e8ee-4dec-b579-340ce9142de0/fetchFileTemp13591060111566371957.tmp has been previously copied to /tmp/spark-1f9a2c9a-0ba1-4408-a5f1-ba757ea13f87/userFiles-53efaea3-e8ee-4dec-b579-340ce9142de0/org.apache.commons_commons-pool2-2.11.1.jar","logger":"airflow.task.hooks.airflow.providers.standard.hooks.subprocess.SubprocessHook"}
{"timestamp":"2025-05-06T03:54:08.223004","level":"info","event":"25/05/06 12:54:08 INFO Executor: Adding file:/tmp/spark-1f9a2c9a-0ba1-4408-a5f1-ba757ea13f87/userFiles-53efaea3-e8ee-4dec-b579-340ce9142de0/org.apache.commons_commons-pool2-2.11.1.jar to class loader","logger":"airflow.task.hooks.airflow.providers.standard.hooks.subprocess.SubprocessHook"}
{"timestamp":"2025-05-06T03:54:08.223136","level":"info","event":"25/05/06 12:54:08 INFO Executor: Fetching spark://172.23.182.114:46043/jars/org.apache.spark_spark-sql-kafka-0-10_2.13-3.3.2.jar with timestamp 1746503646775","logger":"airflow.task.hooks.airflow.providers.standard.hooks.subprocess.SubprocessHook"}
{"timestamp":"2025-05-06T03:54:08.223421","level":"info","event":"25/05/06 12:54:08 INFO Utils: Fetching spark://172.23.182.114:46043/jars/org.apache.spark_spark-sql-kafka-0-10_2.13-3.3.2.jar to /tmp/spark-1f9a2c9a-0ba1-4408-a5f1-ba757ea13f87/userFiles-53efaea3-e8ee-4dec-b579-340ce9142de0/fetchFileTemp4927544604831589948.tmp","logger":"airflow.task.hooks.airflow.providers.standard.hooks.subprocess.SubprocessHook"}
{"timestamp":"2025-05-06T03:54:08.225796","level":"info","event":"25/05/06 12:54:08 INFO Utils: /tmp/spark-1f9a2c9a-0ba1-4408-a5f1-ba757ea13f87/userFiles-53efaea3-e8ee-4dec-b579-340ce9142de0/fetchFileTemp4927544604831589948.tmp has been previously copied to /tmp/spark-1f9a2c9a-0ba1-4408-a5f1-ba757ea13f87/userFiles-53efaea3-e8ee-4dec-b579-340ce9142de0/org.apache.spark_spark-sql-kafka-0-10_2.13-3.3.2.jar","logger":"airflow.task.hooks.airflow.providers.standard.hooks.subprocess.SubprocessHook"}
{"timestamp":"2025-05-06T03:54:08.229241","level":"info","event":"25/05/06 12:54:08 INFO Executor: Adding file:/tmp/spark-1f9a2c9a-0ba1-4408-a5f1-ba757ea13f87/userFiles-53efaea3-e8ee-4dec-b579-340ce9142de0/org.apache.spark_spark-sql-kafka-0-10_2.13-3.3.2.jar to class loader","logger":"airflow.task.hooks.airflow.providers.standard.hooks.subprocess.SubprocessHook"}
{"timestamp":"2025-05-06T03:54:08.229349","level":"info","event":"25/05/06 12:54:08 INFO Executor: Fetching spark://172.23.182.114:46043/jars/org.apache.hadoop_hadoop-client-api-3.3.2.jar with timestamp 1746503646775","logger":"airflow.task.hooks.airflow.providers.standard.hooks.subprocess.SubprocessHook"}
{"timestamp":"2025-05-06T03:54:08.229618","level":"info","event":"25/05/06 12:54:08 INFO Utils: Fetching spark://172.23.182.114:46043/jars/org.apache.hadoop_hadoop-client-api-3.3.2.jar to /tmp/spark-1f9a2c9a-0ba1-4408-a5f1-ba757ea13f87/userFiles-53efaea3-e8ee-4dec-b579-340ce9142de0/fetchFileTemp5228921520794050255.tmp","logger":"airflow.task.hooks.airflow.providers.standard.hooks.subprocess.SubprocessHook"}
{"timestamp":"2025-05-06T03:54:08.277841","level":"info","event":"25/05/06 12:54:08 INFO Utils: /tmp/spark-1f9a2c9a-0ba1-4408-a5f1-ba757ea13f87/userFiles-53efaea3-e8ee-4dec-b579-340ce9142de0/fetchFileTemp5228921520794050255.tmp has been previously copied to /tmp/spark-1f9a2c9a-0ba1-4408-a5f1-ba757ea13f87/userFiles-53efaea3-e8ee-4dec-b579-340ce9142de0/org.apache.hadoop_hadoop-client-api-3.3.2.jar","logger":"airflow.task.hooks.airflow.providers.standard.hooks.subprocess.SubprocessHook"}
{"timestamp":"2025-05-06T03:54:08.315689","level":"info","event":"25/05/06 12:54:08 INFO Executor: Adding file:/tmp/spark-1f9a2c9a-0ba1-4408-a5f1-ba757ea13f87/userFiles-53efaea3-e8ee-4dec-b579-340ce9142de0/org.apache.hadoop_hadoop-client-api-3.3.2.jar to class loader","logger":"airflow.task.hooks.airflow.providers.standard.hooks.subprocess.SubprocessHook"}
{"timestamp":"2025-05-06T03:54:08.315809","level":"info","event":"25/05/06 12:54:08 INFO Executor: Fetching spark://172.23.182.114:46043/jars/org.lz4_lz4-java-1.8.0.jar with timestamp 1746503646775","logger":"airflow.task.hooks.airflow.providers.standard.hooks.subprocess.SubprocessHook"}
{"timestamp":"2025-05-06T03:54:08.316115","level":"info","event":"25/05/06 12:54:08 INFO Utils: Fetching spark://172.23.182.114:46043/jars/org.lz4_lz4-java-1.8.0.jar to /tmp/spark-1f9a2c9a-0ba1-4408-a5f1-ba757ea13f87/userFiles-53efaea3-e8ee-4dec-b579-340ce9142de0/fetchFileTemp6524568236408191018.tmp","logger":"airflow.task.hooks.airflow.providers.standard.hooks.subprocess.SubprocessHook"}
{"timestamp":"2025-05-06T03:54:08.318696","level":"info","event":"25/05/06 12:54:08 INFO Utils: /tmp/spark-1f9a2c9a-0ba1-4408-a5f1-ba757ea13f87/userFiles-53efaea3-e8ee-4dec-b579-340ce9142de0/fetchFileTemp6524568236408191018.tmp has been previously copied to /tmp/spark-1f9a2c9a-0ba1-4408-a5f1-ba757ea13f87/userFiles-53efaea3-e8ee-4dec-b579-340ce9142de0/org.lz4_lz4-java-1.8.0.jar","logger":"airflow.task.hooks.airflow.providers.standard.hooks.subprocess.SubprocessHook"}
{"timestamp":"2025-05-06T03:54:08.322890","level":"info","event":"25/05/06 12:54:08 INFO Executor: Adding file:/tmp/spark-1f9a2c9a-0ba1-4408-a5f1-ba757ea13f87/userFiles-53efaea3-e8ee-4dec-b579-340ce9142de0/org.lz4_lz4-java-1.8.0.jar to class loader","logger":"airflow.task.hooks.airflow.providers.standard.hooks.subprocess.SubprocessHook"}
{"timestamp":"2025-05-06T03:54:08.323029","level":"info","event":"25/05/06 12:54:08 INFO Executor: Fetching spark://172.23.182.114:46043/jars/org.apache.spark_spark-token-provider-kafka-0-10_2.13-3.3.2.jar with timestamp 1746503646775","logger":"airflow.task.hooks.airflow.providers.standard.hooks.subprocess.SubprocessHook"}
{"timestamp":"2025-05-06T03:54:08.323519","level":"info","event":"25/05/06 12:54:08 INFO Utils: Fetching spark://172.23.182.114:46043/jars/org.apache.spark_spark-token-provider-kafka-0-10_2.13-3.3.2.jar to /tmp/spark-1f9a2c9a-0ba1-4408-a5f1-ba757ea13f87/userFiles-53efaea3-e8ee-4dec-b579-340ce9142de0/fetchFileTemp199691603344725116.tmp","logger":"airflow.task.hooks.airflow.providers.standard.hooks.subprocess.SubprocessHook"}
{"timestamp":"2025-05-06T03:54:08.324684","level":"info","event":"25/05/06 12:54:08 INFO Utils: /tmp/spark-1f9a2c9a-0ba1-4408-a5f1-ba757ea13f87/userFiles-53efaea3-e8ee-4dec-b579-340ce9142de0/fetchFileTemp199691603344725116.tmp has been previously copied to /tmp/spark-1f9a2c9a-0ba1-4408-a5f1-ba757ea13f87/userFiles-53efaea3-e8ee-4dec-b579-340ce9142de0/org.apache.spark_spark-token-provider-kafka-0-10_2.13-3.3.2.jar","logger":"airflow.task.hooks.airflow.providers.standard.hooks.subprocess.SubprocessHook"}
{"timestamp":"2025-05-06T03:54:08.327681","level":"info","event":"25/05/06 12:54:08 INFO Executor: Adding file:/tmp/spark-1f9a2c9a-0ba1-4408-a5f1-ba757ea13f87/userFiles-53efaea3-e8ee-4dec-b579-340ce9142de0/org.apache.spark_spark-token-provider-kafka-0-10_2.13-3.3.2.jar to class loader","logger":"airflow.task.hooks.airflow.providers.standard.hooks.subprocess.SubprocessHook"}
{"timestamp":"2025-05-06T03:54:08.327803","level":"info","event":"25/05/06 12:54:08 INFO Executor: Fetching spark://172.23.182.114:46043/jars/org.spark-project.spark_unused-1.0.0.jar with timestamp 1746503646775","logger":"airflow.task.hooks.airflow.providers.standard.hooks.subprocess.SubprocessHook"}
{"timestamp":"2025-05-06T03:54:08.328055","level":"info","event":"25/05/06 12:54:08 INFO Utils: Fetching spark://172.23.182.114:46043/jars/org.spark-project.spark_unused-1.0.0.jar to /tmp/spark-1f9a2c9a-0ba1-4408-a5f1-ba757ea13f87/userFiles-53efaea3-e8ee-4dec-b579-340ce9142de0/fetchFileTemp2843309828244316362.tmp","logger":"airflow.task.hooks.airflow.providers.standard.hooks.subprocess.SubprocessHook"}
{"timestamp":"2025-05-06T03:54:08.329047","level":"info","event":"25/05/06 12:54:08 INFO Utils: /tmp/spark-1f9a2c9a-0ba1-4408-a5f1-ba757ea13f87/userFiles-53efaea3-e8ee-4dec-b579-340ce9142de0/fetchFileTemp2843309828244316362.tmp has been previously copied to /tmp/spark-1f9a2c9a-0ba1-4408-a5f1-ba757ea13f87/userFiles-53efaea3-e8ee-4dec-b579-340ce9142de0/org.spark-project.spark_unused-1.0.0.jar","logger":"airflow.task.hooks.airflow.providers.standard.hooks.subprocess.SubprocessHook"}
{"timestamp":"2025-05-06T03:54:08.330795","level":"info","event":"25/05/06 12:54:08 INFO Executor: Adding file:/tmp/spark-1f9a2c9a-0ba1-4408-a5f1-ba757ea13f87/userFiles-53efaea3-e8ee-4dec-b579-340ce9142de0/org.spark-project.spark_unused-1.0.0.jar to class loader","logger":"airflow.task.hooks.airflow.providers.standard.hooks.subprocess.SubprocessHook"}
{"timestamp":"2025-05-06T03:54:08.336951","level":"info","event":"25/05/06 12:54:08 INFO Utils: Successfully started service 'org.apache.spark.network.netty.NettyBlockTransferService' on port 38597.","logger":"airflow.task.hooks.airflow.providers.standard.hooks.subprocess.SubprocessHook"}
{"timestamp":"2025-05-06T03:54:08.337143","level":"info","event":"25/05/06 12:54:08 INFO NettyBlockTransferService: Server created on 172.23.182.114:38597","logger":"airflow.task.hooks.airflow.providers.standard.hooks.subprocess.SubprocessHook"}
{"timestamp":"2025-05-06T03:54:08.339002","level":"info","event":"25/05/06 12:54:08 INFO BlockManager: Using org.apache.spark.storage.RandomBlockReplicationPolicy for block replication policy","logger":"airflow.task.hooks.airflow.providers.standard.hooks.subprocess.SubprocessHook"}
{"timestamp":"2025-05-06T03:54:08.344062","level":"info","event":"25/05/06 12:54:08 INFO BlockManagerMaster: Registering BlockManager BlockManagerId(driver, 172.23.182.114, 38597, None)","logger":"airflow.task.hooks.airflow.providers.standard.hooks.subprocess.SubprocessHook"}
{"timestamp":"2025-05-06T03:54:08.346868","level":"info","event":"25/05/06 12:54:08 INFO BlockManagerMasterEndpoint: Registering block manager 172.23.182.114:38597 with 434.4 MiB RAM, BlockManagerId(driver, 172.23.182.114, 38597, None)","logger":"airflow.task.hooks.airflow.providers.standard.hooks.subprocess.SubprocessHook"}
{"timestamp":"2025-05-06T03:54:08.349275","level":"info","event":"25/05/06 12:54:08 INFO BlockManagerMaster: Registered BlockManager BlockManagerId(driver, 172.23.182.114, 38597, None)","logger":"airflow.task.hooks.airflow.providers.standard.hooks.subprocess.SubprocessHook"}
{"timestamp":"2025-05-06T03:54:08.350302","level":"info","event":"25/05/06 12:54:08 INFO BlockManager: Initialized BlockManager: BlockManagerId(driver, 172.23.182.114, 38597, None)","logger":"airflow.task.hooks.airflow.providers.standard.hooks.subprocess.SubprocessHook"}
{"timestamp":"2025-05-06T03:54:11.703436","level":"info","event":"Traceback (most recent call last):","logger":"airflow.task.hooks.airflow.providers.standard.hooks.subprocess.SubprocessHook"}
{"timestamp":"2025-05-06T03:54:11.703566","level":"info","event":"  File \"/home/jjlee/workspace/GSBE/project-root/spark-streaming/transformation_processor.py\", line 50, in <module>","logger":"airflow.task.hooks.airflow.providers.standard.hooks.subprocess.SubprocessHook"}
{"timestamp":"2025-05-06T03:54:11.703632","level":"info","event":"    .save()","logger":"airflow.task.hooks.airflow.providers.standard.hooks.subprocess.SubprocessHook"}
{"timestamp":"2025-05-06T03:54:11.703678","level":"info","event":"     ^^^^^^","logger":"airflow.task.hooks.airflow.providers.standard.hooks.subprocess.SubprocessHook"}
{"timestamp":"2025-05-06T03:54:11.703721","level":"info","event":"  File \"/home/jjlee/workspace/GSBE/spark-new/python/lib/pyspark.zip/pyspark/sql/readwriter.py\", line 966, in save","logger":"airflow.task.hooks.airflow.providers.standard.hooks.subprocess.SubprocessHook"}
{"timestamp":"2025-05-06T03:54:11.703766","level":"info","event":"  File \"/home/jjlee/workspace/GSBE/spark-new/python/lib/py4j-0.10.9.5-src.zip/py4j/java_gateway.py\", line 1321, in __call__","logger":"airflow.task.hooks.airflow.providers.standard.hooks.subprocess.SubprocessHook"}
{"timestamp":"2025-05-06T03:54:11.703831","level":"info","event":"  File \"/home/jjlee/workspace/GSBE/spark-new/python/lib/pyspark.zip/pyspark/sql/utils.py\", line 190, in deco","logger":"airflow.task.hooks.airflow.providers.standard.hooks.subprocess.SubprocessHook"}
{"timestamp":"2025-05-06T03:54:11.703874","level":"info","event":"  File \"/home/jjlee/workspace/GSBE/spark-new/python/lib/py4j-0.10.9.5-src.zip/py4j/protocol.py\", line 326, in get_return_value","logger":"airflow.task.hooks.airflow.providers.standard.hooks.subprocess.SubprocessHook"}
{"timestamp":"2025-05-06T03:54:11.704504","level":"info","event":"py4j.protocol.Py4JJavaError: An error occurred while calling o87.save.","logger":"airflow.task.hooks.airflow.providers.standard.hooks.subprocess.SubprocessHook"}
{"timestamp":"2025-05-06T03:54:11.704609","level":"info","event":": java.sql.SQLSyntaxErrorException: Unknown table 'gamelogs.player_summary'","logger":"airflow.task.hooks.airflow.providers.standard.hooks.subprocess.SubprocessHook"}
{"timestamp":"2025-05-06T03:54:11.704665","level":"info","event":"\tat com.mysql.cj.jdbc.exceptions.SQLError.createSQLException(SQLError.java:112)","logger":"airflow.task.hooks.airflow.providers.standard.hooks.subprocess.SubprocessHook"}
{"timestamp":"2025-05-06T03:54:11.704715","level":"info","event":"\tat com.mysql.cj.jdbc.exceptions.SQLExceptionsMapping.translateException(SQLExceptionsMapping.java:113)","logger":"airflow.task.hooks.airflow.providers.standard.hooks.subprocess.SubprocessHook"}
{"timestamp":"2025-05-06T03:54:11.704758","level":"info","event":"\tat com.mysql.cj.jdbc.StatementImpl.executeUpdateInternal(StatementImpl.java:1454)","logger":"airflow.task.hooks.airflow.providers.standard.hooks.subprocess.SubprocessHook"}
{"timestamp":"2025-05-06T03:54:11.704797","level":"info","event":"\tat com.mysql.cj.jdbc.StatementImpl.executeLargeUpdate(StatementImpl.java:2185)","logger":"airflow.task.hooks.airflow.providers.standard.hooks.subprocess.SubprocessHook"}
{"timestamp":"2025-05-06T03:54:11.704834","level":"info","event":"\tat com.mysql.cj.jdbc.StatementImpl.executeUpdate(StatementImpl.java:1331)","logger":"airflow.task.hooks.airflow.providers.standard.hooks.subprocess.SubprocessHook"}
{"timestamp":"2025-05-06T03:54:11.704925","level":"info","event":"\tat org.apache.spark.sql.execution.datasources.jdbc.JdbcUtils$.executeStatement(JdbcUtils.scala:1060)","logger":"airflow.task.hooks.airflow.providers.standard.hooks.subprocess.SubprocessHook"}
{"timestamp":"2025-05-06T03:54:11.704971","level":"info","event":"\tat org.apache.spark.sql.execution.datasources.jdbc.JdbcUtils$.dropTable(JdbcUtils.scala:81)","logger":"airflow.task.hooks.airflow.providers.standard.hooks.subprocess.SubprocessHook"}
{"timestamp":"2025-05-06T03:54:11.705009","level":"info","event":"\tat org.apache.spark.sql.execution.datasources.jdbc.JdbcRelationProvider.createRelation(JdbcRelationProvider.scala:63)","logger":"airflow.task.hooks.airflow.providers.standard.hooks.subprocess.SubprocessHook"}
{"timestamp":"2025-05-06T03:54:11.705047","level":"info","event":"\tat org.apache.spark.sql.execution.datasources.SaveIntoDataSourceCommand.run(SaveIntoDataSourceCommand.scala:47)","logger":"airflow.task.hooks.airflow.providers.standard.hooks.subprocess.SubprocessHook"}
{"timestamp":"2025-05-06T03:54:11.705107","level":"info","event":"\tat org.apache.spark.sql.execution.command.ExecutedCommandExec.sideEffectResult$lzycompute(commands.scala:75)","logger":"airflow.task.hooks.airflow.providers.standard.hooks.subprocess.SubprocessHook"}
{"timestamp":"2025-05-06T03:54:11.705145","level":"info","event":"\tat org.apache.spark.sql.execution.command.ExecutedCommandExec.sideEffectResult(commands.scala:73)","logger":"airflow.task.hooks.airflow.providers.standard.hooks.subprocess.SubprocessHook"}
{"timestamp":"2025-05-06T03:54:11.705184","level":"info","event":"\tat org.apache.spark.sql.execution.command.ExecutedCommandExec.executeCollect(commands.scala:84)","logger":"airflow.task.hooks.airflow.providers.standard.hooks.subprocess.SubprocessHook"}
{"timestamp":"2025-05-06T03:54:11.705221","level":"info","event":"\tat org.apache.spark.sql.execution.QueryExecution$$anonfun$eagerlyExecuteCommands$1.$anonfun$applyOrElse$1(QueryExecution.scala:98)","logger":"airflow.task.hooks.airflow.providers.standard.hooks.subprocess.SubprocessHook"}
{"timestamp":"2025-05-06T03:54:11.705258","level":"info","event":"\tat org.apache.spark.sql.execution.SQLExecution$.$anonfun$withNewExecutionId$6(SQLExecution.scala:109)","logger":"airflow.task.hooks.airflow.providers.standard.hooks.subprocess.SubprocessHook"}
{"timestamp":"2025-05-06T03:54:11.705295","level":"info","event":"\tat org.apache.spark.sql.execution.SQLExecution$.withSQLConfPropagated(SQLExecution.scala:169)","logger":"airflow.task.hooks.airflow.providers.standard.hooks.subprocess.SubprocessHook"}
{"timestamp":"2025-05-06T03:54:11.705332","level":"info","event":"\tat org.apache.spark.sql.execution.SQLExecution$.$anonfun$withNewExecutionId$1(SQLExecution.scala:95)","logger":"airflow.task.hooks.airflow.providers.standard.hooks.subprocess.SubprocessHook"}
{"timestamp":"2025-05-06T03:54:11.705368","level":"info","event":"\tat org.apache.spark.sql.SparkSession.withActive(SparkSession.scala:779)","logger":"airflow.task.hooks.airflow.providers.standard.hooks.subprocess.SubprocessHook"}
{"timestamp":"2025-05-06T03:54:11.705404","level":"info","event":"\tat org.apache.spark.sql.execution.SQLExecution$.withNewExecutionId(SQLExecution.scala:64)","logger":"airflow.task.hooks.airflow.providers.standard.hooks.subprocess.SubprocessHook"}
{"timestamp":"2025-05-06T03:54:11.705441","level":"info","event":"\tat org.apache.spark.sql.execution.QueryExecution$$anonfun$eagerlyExecuteCommands$1.applyOrElse(QueryExecution.scala:98)","logger":"airflow.task.hooks.airflow.providers.standard.hooks.subprocess.SubprocessHook"}
{"timestamp":"2025-05-06T03:54:11.705481","level":"info","event":"\tat org.apache.spark.sql.execution.QueryExecution$$anonfun$eagerlyExecuteCommands$1.applyOrElse(QueryExecution.scala:94)","logger":"airflow.task.hooks.airflow.providers.standard.hooks.subprocess.SubprocessHook"}
{"timestamp":"2025-05-06T03:54:11.705519","level":"info","event":"\tat org.apache.spark.sql.catalyst.trees.TreeNode.$anonfun$transformDownWithPruning$1(TreeNode.scala:584)","logger":"airflow.task.hooks.airflow.providers.standard.hooks.subprocess.SubprocessHook"}
{"timestamp":"2025-05-06T03:54:11.705555","level":"info","event":"\tat org.apache.spark.sql.catalyst.trees.CurrentOrigin$.withOrigin(TreeNode.scala:176)","logger":"airflow.task.hooks.airflow.providers.standard.hooks.subprocess.SubprocessHook"}
{"timestamp":"2025-05-06T03:54:11.705616","level":"info","event":"\tat org.apache.spark.sql.catalyst.trees.TreeNode.transformDownWithPruning(TreeNode.scala:584)","logger":"airflow.task.hooks.airflow.providers.standard.hooks.subprocess.SubprocessHook"}
{"timestamp":"2025-05-06T03:54:11.705656","level":"info","event":"\tat org.apache.spark.sql.catalyst.plans.logical.LogicalPlan.org$apache$spark$sql$catalyst$plans$logical$AnalysisHelper$$super$transformDownWithPruning(LogicalPlan.scala:30)","logger":"airflow.task.hooks.airflow.providers.standard.hooks.subprocess.SubprocessHook"}
{"timestamp":"2025-05-06T03:54:11.705694","level":"info","event":"\tat org.apache.spark.sql.catalyst.plans.logical.AnalysisHelper.transformDownWithPruning(AnalysisHelper.scala:267)","logger":"airflow.task.hooks.airflow.providers.standard.hooks.subprocess.SubprocessHook"}
{"timestamp":"2025-05-06T03:54:11.705730","level":"info","event":"\tat org.apache.spark.sql.catalyst.plans.logical.AnalysisHelper.transformDownWithPruning$(AnalysisHelper.scala:263)","logger":"airflow.task.hooks.airflow.providers.standard.hooks.subprocess.SubprocessHook"}
{"timestamp":"2025-05-06T03:54:11.705766","level":"info","event":"\tat org.apache.spark.sql.catalyst.plans.logical.LogicalPlan.transformDownWithPruning(LogicalPlan.scala:30)","logger":"airflow.task.hooks.airflow.providers.standard.hooks.subprocess.SubprocessHook"}
{"timestamp":"2025-05-06T03:54:11.705803","level":"info","event":"\tat org.apache.spark.sql.catalyst.plans.logical.LogicalPlan.transformDownWithPruning(LogicalPlan.scala:30)","logger":"airflow.task.hooks.airflow.providers.standard.hooks.subprocess.SubprocessHook"}
{"timestamp":"2025-05-06T03:54:11.705839","level":"info","event":"\tat org.apache.spark.sql.catalyst.trees.TreeNode.transformDown(TreeNode.scala:560)","logger":"airflow.task.hooks.airflow.providers.standard.hooks.subprocess.SubprocessHook"}
{"timestamp":"2025-05-06T03:54:11.705877","level":"info","event":"\tat org.apache.spark.sql.execution.QueryExecution.eagerlyExecuteCommands(QueryExecution.scala:94)","logger":"airflow.task.hooks.airflow.providers.standard.hooks.subprocess.SubprocessHook"}
{"timestamp":"2025-05-06T03:54:11.705914","level":"info","event":"\tat org.apache.spark.sql.execution.QueryExecution.commandExecuted$lzycompute(QueryExecution.scala:81)","logger":"airflow.task.hooks.airflow.providers.standard.hooks.subprocess.SubprocessHook"}
{"timestamp":"2025-05-06T03:54:11.705951","level":"info","event":"\tat org.apache.spark.sql.execution.QueryExecution.commandExecuted(QueryExecution.scala:79)","logger":"airflow.task.hooks.airflow.providers.standard.hooks.subprocess.SubprocessHook"}
{"timestamp":"2025-05-06T03:54:11.705987","level":"info","event":"\tat org.apache.spark.sql.execution.QueryExecution.assertCommandExecuted(QueryExecution.scala:116)","logger":"airflow.task.hooks.airflow.providers.standard.hooks.subprocess.SubprocessHook"}
{"timestamp":"2025-05-06T03:54:11.706023","level":"info","event":"\tat org.apache.spark.sql.DataFrameWriter.runCommand(DataFrameWriter.scala:860)","logger":"airflow.task.hooks.airflow.providers.standard.hooks.subprocess.SubprocessHook"}
{"timestamp":"2025-05-06T03:54:11.706059","level":"info","event":"\tat org.apache.spark.sql.DataFrameWriter.saveToV1Source(DataFrameWriter.scala:390)","logger":"airflow.task.hooks.airflow.providers.standard.hooks.subprocess.SubprocessHook"}
{"timestamp":"2025-05-06T03:54:11.706096","level":"info","event":"\tat org.apache.spark.sql.DataFrameWriter.saveInternal(DataFrameWriter.scala:363)","logger":"airflow.task.hooks.airflow.providers.standard.hooks.subprocess.SubprocessHook"}
{"timestamp":"2025-05-06T03:54:11.706132","level":"info","event":"\tat org.apache.spark.sql.DataFrameWriter.save(DataFrameWriter.scala:247)","logger":"airflow.task.hooks.airflow.providers.standard.hooks.subprocess.SubprocessHook"}
{"timestamp":"2025-05-06T03:54:11.706167","level":"info","event":"\tat java.base/jdk.internal.reflect.NativeMethodAccessorImpl.invoke0(Native Method)","logger":"airflow.task.hooks.airflow.providers.standard.hooks.subprocess.SubprocessHook"}
{"timestamp":"2025-05-06T03:54:11.706203","level":"info","event":"\tat java.base/jdk.internal.reflect.NativeMethodAccessorImpl.invoke(NativeMethodAccessorImpl.java:62)","logger":"airflow.task.hooks.airflow.providers.standard.hooks.subprocess.SubprocessHook"}
{"timestamp":"2025-05-06T03:54:11.706239","level":"info","event":"\tat java.base/jdk.internal.reflect.DelegatingMethodAccessorImpl.invoke(DelegatingMethodAccessorImpl.java:43)","logger":"airflow.task.hooks.airflow.providers.standard.hooks.subprocess.SubprocessHook"}
{"timestamp":"2025-05-06T03:54:11.706275","level":"info","event":"\tat java.base/java.lang.reflect.Method.invoke(Method.java:566)","logger":"airflow.task.hooks.airflow.providers.standard.hooks.subprocess.SubprocessHook"}
{"timestamp":"2025-05-06T03:54:11.706311","level":"info","event":"\tat py4j.reflection.MethodInvoker.invoke(MethodInvoker.java:244)","logger":"airflow.task.hooks.airflow.providers.standard.hooks.subprocess.SubprocessHook"}
{"timestamp":"2025-05-06T03:54:11.706347","level":"info","event":"\tat py4j.reflection.ReflectionEngine.invoke(ReflectionEngine.java:357)","logger":"airflow.task.hooks.airflow.providers.standard.hooks.subprocess.SubprocessHook"}
{"timestamp":"2025-05-06T03:54:11.706383","level":"info","event":"\tat py4j.Gateway.invoke(Gateway.java:282)","logger":"airflow.task.hooks.airflow.providers.standard.hooks.subprocess.SubprocessHook"}
{"timestamp":"2025-05-06T03:54:11.706419","level":"info","event":"\tat py4j.commands.AbstractCommand.invokeMethod(AbstractCommand.java:132)","logger":"airflow.task.hooks.airflow.providers.standard.hooks.subprocess.SubprocessHook"}
{"timestamp":"2025-05-06T03:54:11.706456","level":"info","event":"\tat py4j.commands.CallCommand.execute(CallCommand.java:79)","logger":"airflow.task.hooks.airflow.providers.standard.hooks.subprocess.SubprocessHook"}
{"timestamp":"2025-05-06T03:54:11.706492","level":"info","event":"\tat py4j.ClientServerConnection.waitForCommands(ClientServerConnection.java:182)","logger":"airflow.task.hooks.airflow.providers.standard.hooks.subprocess.SubprocessHook"}
{"timestamp":"2025-05-06T03:54:11.706555","level":"info","event":"\tat py4j.ClientServerConnection.run(ClientServerConnection.java:106)","logger":"airflow.task.hooks.airflow.providers.standard.hooks.subprocess.SubprocessHook"}
{"timestamp":"2025-05-06T03:54:11.706624","level":"info","event":"\tat java.base/java.lang.Thread.run(Thread.java:829)","logger":"airflow.task.hooks.airflow.providers.standard.hooks.subprocess.SubprocessHook"}
{"timestamp":"2025-05-06T03:54:11.706665","level":"info","event":"","logger":"airflow.task.hooks.airflow.providers.standard.hooks.subprocess.SubprocessHook"}
{"timestamp":"2025-05-06T03:54:11.835240","level":"info","event":"Command exited with return code 1","logger":"airflow.task.hooks.airflow.providers.standard.hooks.subprocess.SubprocessHook"}
{"timestamp":"2025-05-06T03:54:11.835673","level":"error","event":"Task failed with exception","logger":"task","error_detail":[{"exc_type":"AirflowException","exc_value":"Bash command failed. The command returned a non-zero exit code 1.","exc_notes":[],"syntax_error":null,"is_cause":false,"frames":[{"filename":"/home/jjlee/workspace/GSBE/project-root/venv/lib/python3.12/site-packages/airflow/sdk/execution_time/task_runner.py","lineno":825,"name":"run"},{"filename":"/home/jjlee/workspace/GSBE/project-root/venv/lib/python3.12/site-packages/airflow/sdk/execution_time/task_runner.py","lineno":1088,"name":"_execute_task"},{"filename":"/home/jjlee/workspace/GSBE/project-root/venv/lib/python3.12/site-packages/airflow/sdk/bases/operator.py","lineno":408,"name":"wrapper"},{"filename":"/home/jjlee/workspace/GSBE/project-root/venv/lib/python3.12/site-packages/airflow/providers/standard/operators/bash.py","lineno":233,"name":"execute"}]}]}
