{"timestamp":"2025-05-06T03:56:29.667647","level":"info","event":"DAG bundles loaded: dags-folder","logger":"airflow.dag_processing.bundles.manager.DagBundlesManager"}
{"timestamp":"2025-05-06T03:56:29.668219","level":"info","event":"Filling up the DagBag from /home/jjlee/workspace/GSBE/project-root/airflow-dags/dags/game_logs_pipeline_dag.py","logger":"airflow.models.dagbag.DagBag"}
{"timestamp":"2025-05-06T03:56:29.676113","level":"info","event":"Tmp dir root location: /tmp","logger":"airflow.task.hooks.airflow.providers.standard.hooks.subprocess.SubprocessHook"}
{"timestamp":"2025-05-06T03:56:29.676683","level":"info","event":"Running command: ['/usr/bin/bash', '-c', 'cd ~/workspace/GSBE/project-root/spark-streaming && $SPARK_HOME/bin/spark-submit --jars ~/workspace/GSBE/mysql-connector-java-8.4.0.jar --packages org.apache.spark:spark-sql-kafka-0-10_2.13:3.3.2,org.apache.spark:spark-token-provider-kafka-0-10_2.13:3.3.2 transformation_processor.py']","logger":"airflow.task.hooks.airflow.providers.standard.hooks.subprocess.SubprocessHook"}
{"timestamp":"2025-05-06T03:56:29.684421","level":"info","event":"Output:","logger":"airflow.task.hooks.airflow.providers.standard.hooks.subprocess.SubprocessHook"}
{"timestamp":"2025-05-06T03:56:31.015084","level":"info","event":"25/05/06 12:56:31 WARN Utils: Your hostname, DESKTOP-T4DM29K resolves to a loopback address: 127.0.1.1; using 172.23.182.114 instead (on interface eth0)","logger":"airflow.task.hooks.airflow.providers.standard.hooks.subprocess.SubprocessHook"}
{"timestamp":"2025-05-06T03:56:31.017134","level":"info","event":"25/05/06 12:56:31 WARN Utils: Set SPARK_LOCAL_IP if you need to bind to another address","logger":"airflow.task.hooks.airflow.providers.standard.hooks.subprocess.SubprocessHook"}
{"timestamp":"2025-05-06T03:56:32.114452","level":"info","event":":: loading settings :: url = jar:file:/home/jjlee/workspace/GSBE/spark-new/jars/ivy-2.5.1.jar!/org/apache/ivy/core/settings/ivysettings.xml","logger":"airflow.task.hooks.airflow.providers.standard.hooks.subprocess.SubprocessHook"}
{"timestamp":"2025-05-06T03:56:32.176412","level":"info","event":"Ivy Default Cache set to: /home/jjlee/.ivy2/cache","logger":"airflow.task.hooks.airflow.providers.standard.hooks.subprocess.SubprocessHook"}
{"timestamp":"2025-05-06T03:56:32.176734","level":"info","event":"The jars for the packages stored in: /home/jjlee/.ivy2/jars","logger":"airflow.task.hooks.airflow.providers.standard.hooks.subprocess.SubprocessHook"}
{"timestamp":"2025-05-06T03:56:32.180685","level":"info","event":"org.apache.spark#spark-sql-kafka-0-10_2.13 added as a dependency","logger":"airflow.task.hooks.airflow.providers.standard.hooks.subprocess.SubprocessHook"}
{"timestamp":"2025-05-06T03:56:32.180851","level":"info","event":"org.apache.spark#spark-token-provider-kafka-0-10_2.13 added as a dependency","logger":"airflow.task.hooks.airflow.providers.standard.hooks.subprocess.SubprocessHook"}
{"timestamp":"2025-05-06T03:56:32.181832","level":"info","event":":: resolving dependencies :: org.apache.spark#spark-submit-parent-3e79be44-3629-41f4-b0c1-5f49455afc6e;1.0","logger":"airflow.task.hooks.airflow.providers.standard.hooks.subprocess.SubprocessHook"}
{"timestamp":"2025-05-06T03:56:32.181932","level":"info","event":"\tconfs: [default]","logger":"airflow.task.hooks.airflow.providers.standard.hooks.subprocess.SubprocessHook"}
{"timestamp":"2025-05-06T03:56:32.330471","level":"info","event":"\tfound org.apache.spark#spark-sql-kafka-0-10_2.13;3.3.2 in central","logger":"airflow.task.hooks.airflow.providers.standard.hooks.subprocess.SubprocessHook"}
{"timestamp":"2025-05-06T03:56:32.382515","level":"info","event":"\tfound org.apache.spark#spark-token-provider-kafka-0-10_2.13;3.3.2 in central","logger":"airflow.task.hooks.airflow.providers.standard.hooks.subprocess.SubprocessHook"}
{"timestamp":"2025-05-06T03:56:32.406254","level":"info","event":"\tfound org.apache.kafka#kafka-clients;2.8.1 in central","logger":"airflow.task.hooks.airflow.providers.standard.hooks.subprocess.SubprocessHook"}
{"timestamp":"2025-05-06T03:56:32.431069","level":"info","event":"\tfound org.lz4#lz4-java;1.8.0 in central","logger":"airflow.task.hooks.airflow.providers.standard.hooks.subprocess.SubprocessHook"}
{"timestamp":"2025-05-06T03:56:32.451424","level":"info","event":"\tfound org.xerial.snappy#snappy-java;1.1.8.4 in central","logger":"airflow.task.hooks.airflow.providers.standard.hooks.subprocess.SubprocessHook"}
{"timestamp":"2025-05-06T03:56:32.468965","level":"info","event":"\tfound org.slf4j#slf4j-api;1.7.32 in central","logger":"airflow.task.hooks.airflow.providers.standard.hooks.subprocess.SubprocessHook"}
{"timestamp":"2025-05-06T03:56:32.503719","level":"info","event":"\tfound org.apache.hadoop#hadoop-client-runtime;3.3.2 in central","logger":"airflow.task.hooks.airflow.providers.standard.hooks.subprocess.SubprocessHook"}
{"timestamp":"2025-05-06T03:56:32.515625","level":"info","event":"\tfound org.spark-project.spark#unused;1.0.0 in central","logger":"airflow.task.hooks.airflow.providers.standard.hooks.subprocess.SubprocessHook"}
{"timestamp":"2025-05-06T03:56:32.535607","level":"info","event":"\tfound org.apache.hadoop#hadoop-client-api;3.3.2 in central","logger":"airflow.task.hooks.airflow.providers.standard.hooks.subprocess.SubprocessHook"}
{"timestamp":"2025-05-06T03:56:32.554339","level":"info","event":"\tfound commons-logging#commons-logging;1.1.3 in central","logger":"airflow.task.hooks.airflow.providers.standard.hooks.subprocess.SubprocessHook"}
{"timestamp":"2025-05-06T03:56:32.568450","level":"info","event":"\tfound com.google.code.findbugs#jsr305;3.0.0 in central","logger":"airflow.task.hooks.airflow.providers.standard.hooks.subprocess.SubprocessHook"}
{"timestamp":"2025-05-06T03:56:32.593209","level":"info","event":"\tfound org.scala-lang.modules#scala-parallel-collections_2.13;1.0.3 in central","logger":"airflow.task.hooks.airflow.providers.standard.hooks.subprocess.SubprocessHook"}
{"timestamp":"2025-05-06T03:56:32.636706","level":"info","event":"\tfound org.apache.commons#commons-pool2;2.11.1 in central","logger":"airflow.task.hooks.airflow.providers.standard.hooks.subprocess.SubprocessHook"}
{"timestamp":"2025-05-06T03:56:32.689197","level":"info","event":":: resolution report :: resolve 489ms :: artifacts dl 18ms","logger":"airflow.task.hooks.airflow.providers.standard.hooks.subprocess.SubprocessHook"}
{"timestamp":"2025-05-06T03:56:32.689393","level":"info","event":"\t:: modules in use:","logger":"airflow.task.hooks.airflow.providers.standard.hooks.subprocess.SubprocessHook"}
{"timestamp":"2025-05-06T03:56:32.689456","level":"info","event":"\tcom.google.code.findbugs#jsr305;3.0.0 from central in [default]","logger":"airflow.task.hooks.airflow.providers.standard.hooks.subprocess.SubprocessHook"}
{"timestamp":"2025-05-06T03:56:32.689535","level":"info","event":"\tcommons-logging#commons-logging;1.1.3 from central in [default]","logger":"airflow.task.hooks.airflow.providers.standard.hooks.subprocess.SubprocessHook"}
{"timestamp":"2025-05-06T03:56:32.689579","level":"info","event":"\torg.apache.commons#commons-pool2;2.11.1 from central in [default]","logger":"airflow.task.hooks.airflow.providers.standard.hooks.subprocess.SubprocessHook"}
{"timestamp":"2025-05-06T03:56:32.689621","level":"info","event":"\torg.apache.hadoop#hadoop-client-api;3.3.2 from central in [default]","logger":"airflow.task.hooks.airflow.providers.standard.hooks.subprocess.SubprocessHook"}
{"timestamp":"2025-05-06T03:56:32.689661","level":"info","event":"\torg.apache.hadoop#hadoop-client-runtime;3.3.2 from central in [default]","logger":"airflow.task.hooks.airflow.providers.standard.hooks.subprocess.SubprocessHook"}
{"timestamp":"2025-05-06T03:56:32.689698","level":"info","event":"\torg.apache.kafka#kafka-clients;2.8.1 from central in [default]","logger":"airflow.task.hooks.airflow.providers.standard.hooks.subprocess.SubprocessHook"}
{"timestamp":"2025-05-06T03:56:32.689737","level":"info","event":"\torg.apache.spark#spark-sql-kafka-0-10_2.13;3.3.2 from central in [default]","logger":"airflow.task.hooks.airflow.providers.standard.hooks.subprocess.SubprocessHook"}
{"timestamp":"2025-05-06T03:56:32.689775","level":"info","event":"\torg.apache.spark#spark-token-provider-kafka-0-10_2.13;3.3.2 from central in [default]","logger":"airflow.task.hooks.airflow.providers.standard.hooks.subprocess.SubprocessHook"}
{"timestamp":"2025-05-06T03:56:32.689811","level":"info","event":"\torg.lz4#lz4-java;1.8.0 from central in [default]","logger":"airflow.task.hooks.airflow.providers.standard.hooks.subprocess.SubprocessHook"}
{"timestamp":"2025-05-06T03:56:32.689847","level":"info","event":"\torg.scala-lang.modules#scala-parallel-collections_2.13;1.0.3 from central in [default]","logger":"airflow.task.hooks.airflow.providers.standard.hooks.subprocess.SubprocessHook"}
{"timestamp":"2025-05-06T03:56:32.689884","level":"info","event":"\torg.slf4j#slf4j-api;1.7.32 from central in [default]","logger":"airflow.task.hooks.airflow.providers.standard.hooks.subprocess.SubprocessHook"}
{"timestamp":"2025-05-06T03:56:32.689920","level":"info","event":"\torg.spark-project.spark#unused;1.0.0 from central in [default]","logger":"airflow.task.hooks.airflow.providers.standard.hooks.subprocess.SubprocessHook"}
{"timestamp":"2025-05-06T03:56:32.689965","level":"info","event":"\torg.xerial.snappy#snappy-java;1.1.8.4 from central in [default]","logger":"airflow.task.hooks.airflow.providers.standard.hooks.subprocess.SubprocessHook"}
{"timestamp":"2025-05-06T03:56:32.690023","level":"info","event":"\t---------------------------------------------------------------------","logger":"airflow.task.hooks.airflow.providers.standard.hooks.subprocess.SubprocessHook"}
{"timestamp":"2025-05-06T03:56:32.690060","level":"info","event":"\t|                  |            modules            ||   artifacts   |","logger":"airflow.task.hooks.airflow.providers.standard.hooks.subprocess.SubprocessHook"}
{"timestamp":"2025-05-06T03:56:32.690100","level":"info","event":"\t|       conf       | number| search|dwnlded|evicted|| number|dwnlded|","logger":"airflow.task.hooks.airflow.providers.standard.hooks.subprocess.SubprocessHook"}
{"timestamp":"2025-05-06T03:56:32.690159","level":"info","event":"\t---------------------------------------------------------------------","logger":"airflow.task.hooks.airflow.providers.standard.hooks.subprocess.SubprocessHook"}
{"timestamp":"2025-05-06T03:56:32.690205","level":"info","event":"\t|      default     |   13  |   0   |   0   |   0   ||   13  |   0   |","logger":"airflow.task.hooks.airflow.providers.standard.hooks.subprocess.SubprocessHook"}
{"timestamp":"2025-05-06T03:56:32.690244","level":"info","event":"\t---------------------------------------------------------------------","logger":"airflow.task.hooks.airflow.providers.standard.hooks.subprocess.SubprocessHook"}
{"timestamp":"2025-05-06T03:56:32.699071","level":"info","event":":: retrieving :: org.apache.spark#spark-submit-parent-3e79be44-3629-41f4-b0c1-5f49455afc6e","logger":"airflow.task.hooks.airflow.providers.standard.hooks.subprocess.SubprocessHook"}
{"timestamp":"2025-05-06T03:56:32.699632","level":"info","event":"\tconfs: [default]","logger":"airflow.task.hooks.airflow.providers.standard.hooks.subprocess.SubprocessHook"}
{"timestamp":"2025-05-06T03:56:32.716856","level":"info","event":"\t0 artifacts copied, 13 already retrieved (0kB/18ms)","logger":"airflow.task.hooks.airflow.providers.standard.hooks.subprocess.SubprocessHook"}
{"timestamp":"2025-05-06T03:56:32.971471","level":"info","event":"25/05/06 12:56:32 WARN NativeCodeLoader: Unable to load native-hadoop library for your platform... using builtin-java classes where applicable","logger":"airflow.task.hooks.airflow.providers.standard.hooks.subprocess.SubprocessHook"}
{"timestamp":"2025-05-06T03:56:33.813256","level":"info","event":"25/05/06 12:56:33 INFO SparkContext: Running Spark version 3.3.2","logger":"airflow.task.hooks.airflow.providers.standard.hooks.subprocess.SubprocessHook"}
{"timestamp":"2025-05-06T03:56:33.828976","level":"info","event":"25/05/06 12:56:33 INFO ResourceUtils: ==============================================================","logger":"airflow.task.hooks.airflow.providers.standard.hooks.subprocess.SubprocessHook"}
{"timestamp":"2025-05-06T03:56:33.829160","level":"info","event":"25/05/06 12:56:33 INFO ResourceUtils: No custom resources configured for spark.driver.","logger":"airflow.task.hooks.airflow.providers.standard.hooks.subprocess.SubprocessHook"}
{"timestamp":"2025-05-06T03:56:33.829414","level":"info","event":"25/05/06 12:56:33 INFO ResourceUtils: ==============================================================","logger":"airflow.task.hooks.airflow.providers.standard.hooks.subprocess.SubprocessHook"}
{"timestamp":"2025-05-06T03:56:33.829698","level":"info","event":"25/05/06 12:56:33 INFO SparkContext: Submitted application: KafkaMySQLTransformation","logger":"airflow.task.hooks.airflow.providers.standard.hooks.subprocess.SubprocessHook"}
{"timestamp":"2025-05-06T03:56:33.849223","level":"info","event":"25/05/06 12:56:33 INFO ResourceProfile: Default ResourceProfile created, executor resources: Map(cores -> name: cores, amount: 1, script: , vendor: , memory -> name: memory, amount: 1024, script: , vendor: , offHeap -> name: offHeap, amount: 0, script: , vendor: ), task resources: Map(cpus -> name: cpus, amount: 1.0)","logger":"airflow.task.hooks.airflow.providers.standard.hooks.subprocess.SubprocessHook"}
{"timestamp":"2025-05-06T03:56:33.853060","level":"info","event":"25/05/06 12:56:33 INFO ResourceProfile: Limiting resource is cpu","logger":"airflow.task.hooks.airflow.providers.standard.hooks.subprocess.SubprocessHook"}
{"timestamp":"2025-05-06T03:56:33.854281","level":"info","event":"25/05/06 12:56:33 INFO ResourceProfileManager: Added ResourceProfile id: 0","logger":"airflow.task.hooks.airflow.providers.standard.hooks.subprocess.SubprocessHook"}
{"timestamp":"2025-05-06T03:56:33.898005","level":"info","event":"25/05/06 12:56:33 INFO SecurityManager: Changing view acls to: jjlee","logger":"airflow.task.hooks.airflow.providers.standard.hooks.subprocess.SubprocessHook"}
{"timestamp":"2025-05-06T03:56:33.898397","level":"info","event":"25/05/06 12:56:33 INFO SecurityManager: Changing modify acls to: jjlee","logger":"airflow.task.hooks.airflow.providers.standard.hooks.subprocess.SubprocessHook"}
{"timestamp":"2025-05-06T03:56:33.898950","level":"info","event":"25/05/06 12:56:33 INFO SecurityManager: Changing view acls groups to:","logger":"airflow.task.hooks.airflow.providers.standard.hooks.subprocess.SubprocessHook"}
{"timestamp":"2025-05-06T03:56:33.899573","level":"info","event":"25/05/06 12:56:33 INFO SecurityManager: Changing modify acls groups to:","logger":"airflow.task.hooks.airflow.providers.standard.hooks.subprocess.SubprocessHook"}
{"timestamp":"2025-05-06T03:56:33.900506","level":"info","event":"25/05/06 12:56:33 INFO SecurityManager: SecurityManager: authentication disabled; ui acls disabled; users  with view permissions: Set(jjlee); groups with view permissions: Set(); users  with modify permissions: Set(jjlee); groups with modify permissions: Set()","logger":"airflow.task.hooks.airflow.providers.standard.hooks.subprocess.SubprocessHook"}
{"timestamp":"2025-05-06T03:56:34.128488","level":"info","event":"25/05/06 12:56:34 INFO Utils: Successfully started service 'sparkDriver' on port 33621.","logger":"airflow.task.hooks.airflow.providers.standard.hooks.subprocess.SubprocessHook"}
{"timestamp":"2025-05-06T03:56:34.153696","level":"info","event":"25/05/06 12:56:34 INFO SparkEnv: Registering MapOutputTracker","logger":"airflow.task.hooks.airflow.providers.standard.hooks.subprocess.SubprocessHook"}
{"timestamp":"2025-05-06T03:56:34.182889","level":"info","event":"25/05/06 12:56:34 INFO SparkEnv: Registering BlockManagerMaster","logger":"airflow.task.hooks.airflow.providers.standard.hooks.subprocess.SubprocessHook"}
{"timestamp":"2025-05-06T03:56:34.200575","level":"info","event":"25/05/06 12:56:34 INFO BlockManagerMasterEndpoint: Using org.apache.spark.storage.DefaultTopologyMapper for getting topology information","logger":"airflow.task.hooks.airflow.providers.standard.hooks.subprocess.SubprocessHook"}
{"timestamp":"2025-05-06T03:56:34.201020","level":"info","event":"25/05/06 12:56:34 INFO BlockManagerMasterEndpoint: BlockManagerMasterEndpoint up","logger":"airflow.task.hooks.airflow.providers.standard.hooks.subprocess.SubprocessHook"}
{"timestamp":"2025-05-06T03:56:34.204055","level":"info","event":"25/05/06 12:56:34 INFO SparkEnv: Registering BlockManagerMasterHeartbeat","logger":"airflow.task.hooks.airflow.providers.standard.hooks.subprocess.SubprocessHook"}
{"timestamp":"2025-05-06T03:56:34.229115","level":"info","event":"25/05/06 12:56:34 INFO DiskBlockManager: Created local directory at /tmp/blockmgr-81026fe7-f6ba-4ac9-884c-feffe158ae32","logger":"airflow.task.hooks.airflow.providers.standard.hooks.subprocess.SubprocessHook"}
{"timestamp":"2025-05-06T03:56:34.250440","level":"info","event":"25/05/06 12:56:34 INFO MemoryStore: MemoryStore started with capacity 434.4 MiB","logger":"airflow.task.hooks.airflow.providers.standard.hooks.subprocess.SubprocessHook"}
{"timestamp":"2025-05-06T03:56:34.262362","level":"info","event":"25/05/06 12:56:34 INFO SparkEnv: Registering OutputCommitCoordinator","logger":"airflow.task.hooks.airflow.providers.standard.hooks.subprocess.SubprocessHook"}
{"timestamp":"2025-05-06T03:56:34.402085","level":"info","event":"25/05/06 12:56:34 INFO Utils: Successfully started service 'SparkUI' on port 4040.","logger":"airflow.task.hooks.airflow.providers.standard.hooks.subprocess.SubprocessHook"}
{"timestamp":"2025-05-06T03:56:34.430266","level":"info","event":"25/05/06 12:56:34 INFO SparkContext: Added JAR file:///home/jjlee/workspace/GSBE/mysql-connector-java-8.4.0.jar at spark://172.23.182.114:33621/jars/mysql-connector-java-8.4.0.jar with timestamp 1746503793809","logger":"airflow.task.hooks.airflow.providers.standard.hooks.subprocess.SubprocessHook"}
{"timestamp":"2025-05-06T03:56:34.430435","level":"info","event":"25/05/06 12:56:34 INFO SparkContext: Added JAR file:///home/jjlee/.ivy2/jars/org.apache.spark_spark-sql-kafka-0-10_2.13-3.3.2.jar at spark://172.23.182.114:33621/jars/org.apache.spark_spark-sql-kafka-0-10_2.13-3.3.2.jar with timestamp 1746503793809","logger":"airflow.task.hooks.airflow.providers.standard.hooks.subprocess.SubprocessHook"}
{"timestamp":"2025-05-06T03:56:34.430674","level":"info","event":"25/05/06 12:56:34 INFO SparkContext: Added JAR file:///home/jjlee/.ivy2/jars/org.apache.spark_spark-token-provider-kafka-0-10_2.13-3.3.2.jar at spark://172.23.182.114:33621/jars/org.apache.spark_spark-token-provider-kafka-0-10_2.13-3.3.2.jar with timestamp 1746503793809","logger":"airflow.task.hooks.airflow.providers.standard.hooks.subprocess.SubprocessHook"}
{"timestamp":"2025-05-06T03:56:34.430849","level":"info","event":"25/05/06 12:56:34 INFO SparkContext: Added JAR file:///home/jjlee/.ivy2/jars/org.scala-lang.modules_scala-parallel-collections_2.13-1.0.3.jar at spark://172.23.182.114:33621/jars/org.scala-lang.modules_scala-parallel-collections_2.13-1.0.3.jar with timestamp 1746503793809","logger":"airflow.task.hooks.airflow.providers.standard.hooks.subprocess.SubprocessHook"}
{"timestamp":"2025-05-06T03:56:34.430941","level":"info","event":"25/05/06 12:56:34 INFO SparkContext: Added JAR file:///home/jjlee/.ivy2/jars/org.apache.kafka_kafka-clients-2.8.1.jar at spark://172.23.182.114:33621/jars/org.apache.kafka_kafka-clients-2.8.1.jar with timestamp 1746503793809","logger":"airflow.task.hooks.airflow.providers.standard.hooks.subprocess.SubprocessHook"}
{"timestamp":"2025-05-06T03:56:34.431113","level":"info","event":"25/05/06 12:56:34 INFO SparkContext: Added JAR file:///home/jjlee/.ivy2/jars/com.google.code.findbugs_jsr305-3.0.0.jar at spark://172.23.182.114:33621/jars/com.google.code.findbugs_jsr305-3.0.0.jar with timestamp 1746503793809","logger":"airflow.task.hooks.airflow.providers.standard.hooks.subprocess.SubprocessHook"}
{"timestamp":"2025-05-06T03:56:34.431291","level":"info","event":"25/05/06 12:56:34 INFO SparkContext: Added JAR file:///home/jjlee/.ivy2/jars/org.apache.commons_commons-pool2-2.11.1.jar at spark://172.23.182.114:33621/jars/org.apache.commons_commons-pool2-2.11.1.jar with timestamp 1746503793809","logger":"airflow.task.hooks.airflow.providers.standard.hooks.subprocess.SubprocessHook"}
{"timestamp":"2025-05-06T03:56:34.431423","level":"info","event":"25/05/06 12:56:34 INFO SparkContext: Added JAR file:///home/jjlee/.ivy2/jars/org.spark-project.spark_unused-1.0.0.jar at spark://172.23.182.114:33621/jars/org.spark-project.spark_unused-1.0.0.jar with timestamp 1746503793809","logger":"airflow.task.hooks.airflow.providers.standard.hooks.subprocess.SubprocessHook"}
{"timestamp":"2025-05-06T03:56:34.431572","level":"info","event":"25/05/06 12:56:34 INFO SparkContext: Added JAR file:///home/jjlee/.ivy2/jars/org.apache.hadoop_hadoop-client-runtime-3.3.2.jar at spark://172.23.182.114:33621/jars/org.apache.hadoop_hadoop-client-runtime-3.3.2.jar with timestamp 1746503793809","logger":"airflow.task.hooks.airflow.providers.standard.hooks.subprocess.SubprocessHook"}
{"timestamp":"2025-05-06T03:56:34.431731","level":"info","event":"25/05/06 12:56:34 INFO SparkContext: Added JAR file:///home/jjlee/.ivy2/jars/org.lz4_lz4-java-1.8.0.jar at spark://172.23.182.114:33621/jars/org.lz4_lz4-java-1.8.0.jar with timestamp 1746503793809","logger":"airflow.task.hooks.airflow.providers.standard.hooks.subprocess.SubprocessHook"}
{"timestamp":"2025-05-06T03:56:34.431935","level":"info","event":"25/05/06 12:56:34 INFO SparkContext: Added JAR file:///home/jjlee/.ivy2/jars/org.xerial.snappy_snappy-java-1.1.8.4.jar at spark://172.23.182.114:33621/jars/org.xerial.snappy_snappy-java-1.1.8.4.jar with timestamp 1746503793809","logger":"airflow.task.hooks.airflow.providers.standard.hooks.subprocess.SubprocessHook"}
{"timestamp":"2025-05-06T03:56:34.432022","level":"info","event":"25/05/06 12:56:34 INFO SparkContext: Added JAR file:///home/jjlee/.ivy2/jars/org.slf4j_slf4j-api-1.7.32.jar at spark://172.23.182.114:33621/jars/org.slf4j_slf4j-api-1.7.32.jar with timestamp 1746503793809","logger":"airflow.task.hooks.airflow.providers.standard.hooks.subprocess.SubprocessHook"}
{"timestamp":"2025-05-06T03:56:34.432170","level":"info","event":"25/05/06 12:56:34 INFO SparkContext: Added JAR file:///home/jjlee/.ivy2/jars/org.apache.hadoop_hadoop-client-api-3.3.2.jar at spark://172.23.182.114:33621/jars/org.apache.hadoop_hadoop-client-api-3.3.2.jar with timestamp 1746503793809","logger":"airflow.task.hooks.airflow.providers.standard.hooks.subprocess.SubprocessHook"}
{"timestamp":"2025-05-06T03:56:34.432249","level":"info","event":"25/05/06 12:56:34 INFO SparkContext: Added JAR file:///home/jjlee/.ivy2/jars/commons-logging_commons-logging-1.1.3.jar at spark://172.23.182.114:33621/jars/commons-logging_commons-logging-1.1.3.jar with timestamp 1746503793809","logger":"airflow.task.hooks.airflow.providers.standard.hooks.subprocess.SubprocessHook"}
{"timestamp":"2025-05-06T03:56:34.434290","level":"info","event":"25/05/06 12:56:34 INFO SparkContext: Added file file:///home/jjlee/.ivy2/jars/org.apache.spark_spark-sql-kafka-0-10_2.13-3.3.2.jar at file:///home/jjlee/.ivy2/jars/org.apache.spark_spark-sql-kafka-0-10_2.13-3.3.2.jar with timestamp 1746503793809","logger":"airflow.task.hooks.airflow.providers.standard.hooks.subprocess.SubprocessHook"}
{"timestamp":"2025-05-06T03:56:34.435468","level":"info","event":"25/05/06 12:56:34 INFO Utils: Copying /home/jjlee/.ivy2/jars/org.apache.spark_spark-sql-kafka-0-10_2.13-3.3.2.jar to /tmp/spark-3e4191ef-93b5-4246-86cb-6d1071b0f301/userFiles-a8366386-540c-4400-8be6-2f73314d09e6/org.apache.spark_spark-sql-kafka-0-10_2.13-3.3.2.jar","logger":"airflow.task.hooks.airflow.providers.standard.hooks.subprocess.SubprocessHook"}
{"timestamp":"2025-05-06T03:56:34.444208","level":"info","event":"25/05/06 12:56:34 INFO SparkContext: Added file file:///home/jjlee/.ivy2/jars/org.apache.spark_spark-token-provider-kafka-0-10_2.13-3.3.2.jar at file:///home/jjlee/.ivy2/jars/org.apache.spark_spark-token-provider-kafka-0-10_2.13-3.3.2.jar with timestamp 1746503793809","logger":"airflow.task.hooks.airflow.providers.standard.hooks.subprocess.SubprocessHook"}
{"timestamp":"2025-05-06T03:56:34.444354","level":"info","event":"25/05/06 12:56:34 INFO Utils: Copying /home/jjlee/.ivy2/jars/org.apache.spark_spark-token-provider-kafka-0-10_2.13-3.3.2.jar to /tmp/spark-3e4191ef-93b5-4246-86cb-6d1071b0f301/userFiles-a8366386-540c-4400-8be6-2f73314d09e6/org.apache.spark_spark-token-provider-kafka-0-10_2.13-3.3.2.jar","logger":"airflow.task.hooks.airflow.providers.standard.hooks.subprocess.SubprocessHook"}
{"timestamp":"2025-05-06T03:56:34.447668","level":"info","event":"25/05/06 12:56:34 INFO SparkContext: Added file file:///home/jjlee/.ivy2/jars/org.scala-lang.modules_scala-parallel-collections_2.13-1.0.3.jar at file:///home/jjlee/.ivy2/jars/org.scala-lang.modules_scala-parallel-collections_2.13-1.0.3.jar with timestamp 1746503793809","logger":"airflow.task.hooks.airflow.providers.standard.hooks.subprocess.SubprocessHook"}
{"timestamp":"2025-05-06T03:56:34.447840","level":"info","event":"25/05/06 12:56:34 INFO Utils: Copying /home/jjlee/.ivy2/jars/org.scala-lang.modules_scala-parallel-collections_2.13-1.0.3.jar to /tmp/spark-3e4191ef-93b5-4246-86cb-6d1071b0f301/userFiles-a8366386-540c-4400-8be6-2f73314d09e6/org.scala-lang.modules_scala-parallel-collections_2.13-1.0.3.jar","logger":"airflow.task.hooks.airflow.providers.standard.hooks.subprocess.SubprocessHook"}
{"timestamp":"2025-05-06T03:56:34.451772","level":"info","event":"25/05/06 12:56:34 INFO SparkContext: Added file file:///home/jjlee/.ivy2/jars/org.apache.kafka_kafka-clients-2.8.1.jar at file:///home/jjlee/.ivy2/jars/org.apache.kafka_kafka-clients-2.8.1.jar with timestamp 1746503793809","logger":"airflow.task.hooks.airflow.providers.standard.hooks.subprocess.SubprocessHook"}
{"timestamp":"2025-05-06T03:56:34.451959","level":"info","event":"25/05/06 12:56:34 INFO Utils: Copying /home/jjlee/.ivy2/jars/org.apache.kafka_kafka-clients-2.8.1.jar to /tmp/spark-3e4191ef-93b5-4246-86cb-6d1071b0f301/userFiles-a8366386-540c-4400-8be6-2f73314d09e6/org.apache.kafka_kafka-clients-2.8.1.jar","logger":"airflow.task.hooks.airflow.providers.standard.hooks.subprocess.SubprocessHook"}
{"timestamp":"2025-05-06T03:56:34.458832","level":"info","event":"25/05/06 12:56:34 INFO SparkContext: Added file file:///home/jjlee/.ivy2/jars/com.google.code.findbugs_jsr305-3.0.0.jar at file:///home/jjlee/.ivy2/jars/com.google.code.findbugs_jsr305-3.0.0.jar with timestamp 1746503793809","logger":"airflow.task.hooks.airflow.providers.standard.hooks.subprocess.SubprocessHook"}
{"timestamp":"2025-05-06T03:56:34.459010","level":"info","event":"25/05/06 12:56:34 INFO Utils: Copying /home/jjlee/.ivy2/jars/com.google.code.findbugs_jsr305-3.0.0.jar to /tmp/spark-3e4191ef-93b5-4246-86cb-6d1071b0f301/userFiles-a8366386-540c-4400-8be6-2f73314d09e6/com.google.code.findbugs_jsr305-3.0.0.jar","logger":"airflow.task.hooks.airflow.providers.standard.hooks.subprocess.SubprocessHook"}
{"timestamp":"2025-05-06T03:56:34.462158","level":"info","event":"25/05/06 12:56:34 INFO SparkContext: Added file file:///home/jjlee/.ivy2/jars/org.apache.commons_commons-pool2-2.11.1.jar at file:///home/jjlee/.ivy2/jars/org.apache.commons_commons-pool2-2.11.1.jar with timestamp 1746503793809","logger":"airflow.task.hooks.airflow.providers.standard.hooks.subprocess.SubprocessHook"}
{"timestamp":"2025-05-06T03:56:34.462301","level":"info","event":"25/05/06 12:56:34 INFO Utils: Copying /home/jjlee/.ivy2/jars/org.apache.commons_commons-pool2-2.11.1.jar to /tmp/spark-3e4191ef-93b5-4246-86cb-6d1071b0f301/userFiles-a8366386-540c-4400-8be6-2f73314d09e6/org.apache.commons_commons-pool2-2.11.1.jar","logger":"airflow.task.hooks.airflow.providers.standard.hooks.subprocess.SubprocessHook"}
{"timestamp":"2025-05-06T03:56:34.465057","level":"info","event":"25/05/06 12:56:34 INFO SparkContext: Added file file:///home/jjlee/.ivy2/jars/org.spark-project.spark_unused-1.0.0.jar at file:///home/jjlee/.ivy2/jars/org.spark-project.spark_unused-1.0.0.jar with timestamp 1746503793809","logger":"airflow.task.hooks.airflow.providers.standard.hooks.subprocess.SubprocessHook"}
{"timestamp":"2025-05-06T03:56:34.465205","level":"info","event":"25/05/06 12:56:34 INFO Utils: Copying /home/jjlee/.ivy2/jars/org.spark-project.spark_unused-1.0.0.jar to /tmp/spark-3e4191ef-93b5-4246-86cb-6d1071b0f301/userFiles-a8366386-540c-4400-8be6-2f73314d09e6/org.spark-project.spark_unused-1.0.0.jar","logger":"airflow.task.hooks.airflow.providers.standard.hooks.subprocess.SubprocessHook"}
{"timestamp":"2025-05-06T03:56:34.467984","level":"info","event":"25/05/06 12:56:34 INFO SparkContext: Added file file:///home/jjlee/.ivy2/jars/org.apache.hadoop_hadoop-client-runtime-3.3.2.jar at file:///home/jjlee/.ivy2/jars/org.apache.hadoop_hadoop-client-runtime-3.3.2.jar with timestamp 1746503793809","logger":"airflow.task.hooks.airflow.providers.standard.hooks.subprocess.SubprocessHook"}
{"timestamp":"2025-05-06T03:56:34.468118","level":"info","event":"25/05/06 12:56:34 INFO Utils: Copying /home/jjlee/.ivy2/jars/org.apache.hadoop_hadoop-client-runtime-3.3.2.jar to /tmp/spark-3e4191ef-93b5-4246-86cb-6d1071b0f301/userFiles-a8366386-540c-4400-8be6-2f73314d09e6/org.apache.hadoop_hadoop-client-runtime-3.3.2.jar","logger":"airflow.task.hooks.airflow.providers.standard.hooks.subprocess.SubprocessHook"}
{"timestamp":"2025-05-06T03:56:34.502299","level":"info","event":"25/05/06 12:56:34 INFO SparkContext: Added file file:///home/jjlee/.ivy2/jars/org.lz4_lz4-java-1.8.0.jar at file:///home/jjlee/.ivy2/jars/org.lz4_lz4-java-1.8.0.jar with timestamp 1746503793809","logger":"airflow.task.hooks.airflow.providers.standard.hooks.subprocess.SubprocessHook"}
{"timestamp":"2025-05-06T03:56:34.502451","level":"info","event":"25/05/06 12:56:34 INFO Utils: Copying /home/jjlee/.ivy2/jars/org.lz4_lz4-java-1.8.0.jar to /tmp/spark-3e4191ef-93b5-4246-86cb-6d1071b0f301/userFiles-a8366386-540c-4400-8be6-2f73314d09e6/org.lz4_lz4-java-1.8.0.jar","logger":"airflow.task.hooks.airflow.providers.standard.hooks.subprocess.SubprocessHook"}
{"timestamp":"2025-05-06T03:56:34.506263","level":"info","event":"25/05/06 12:56:34 INFO SparkContext: Added file file:///home/jjlee/.ivy2/jars/org.xerial.snappy_snappy-java-1.1.8.4.jar at file:///home/jjlee/.ivy2/jars/org.xerial.snappy_snappy-java-1.1.8.4.jar with timestamp 1746503793809","logger":"airflow.task.hooks.airflow.providers.standard.hooks.subprocess.SubprocessHook"}
{"timestamp":"2025-05-06T03:56:34.506408","level":"info","event":"25/05/06 12:56:34 INFO Utils: Copying /home/jjlee/.ivy2/jars/org.xerial.snappy_snappy-java-1.1.8.4.jar to /tmp/spark-3e4191ef-93b5-4246-86cb-6d1071b0f301/userFiles-a8366386-540c-4400-8be6-2f73314d09e6/org.xerial.snappy_snappy-java-1.1.8.4.jar","logger":"airflow.task.hooks.airflow.providers.standard.hooks.subprocess.SubprocessHook"}
{"timestamp":"2025-05-06T03:56:34.510903","level":"info","event":"25/05/06 12:56:34 INFO SparkContext: Added file file:///home/jjlee/.ivy2/jars/org.slf4j_slf4j-api-1.7.32.jar at file:///home/jjlee/.ivy2/jars/org.slf4j_slf4j-api-1.7.32.jar with timestamp 1746503793809","logger":"airflow.task.hooks.airflow.providers.standard.hooks.subprocess.SubprocessHook"}
{"timestamp":"2025-05-06T03:56:34.511088","level":"info","event":"25/05/06 12:56:34 INFO Utils: Copying /home/jjlee/.ivy2/jars/org.slf4j_slf4j-api-1.7.32.jar to /tmp/spark-3e4191ef-93b5-4246-86cb-6d1071b0f301/userFiles-a8366386-540c-4400-8be6-2f73314d09e6/org.slf4j_slf4j-api-1.7.32.jar","logger":"airflow.task.hooks.airflow.providers.standard.hooks.subprocess.SubprocessHook"}
{"timestamp":"2025-05-06T03:56:34.513860","level":"info","event":"25/05/06 12:56:34 INFO SparkContext: Added file file:///home/jjlee/.ivy2/jars/org.apache.hadoop_hadoop-client-api-3.3.2.jar at file:///home/jjlee/.ivy2/jars/org.apache.hadoop_hadoop-client-api-3.3.2.jar with timestamp 1746503793809","logger":"airflow.task.hooks.airflow.providers.standard.hooks.subprocess.SubprocessHook"}
{"timestamp":"2025-05-06T03:56:34.513974","level":"info","event":"25/05/06 12:56:34 INFO Utils: Copying /home/jjlee/.ivy2/jars/org.apache.hadoop_hadoop-client-api-3.3.2.jar to /tmp/spark-3e4191ef-93b5-4246-86cb-6d1071b0f301/userFiles-a8366386-540c-4400-8be6-2f73314d09e6/org.apache.hadoop_hadoop-client-api-3.3.2.jar","logger":"airflow.task.hooks.airflow.providers.standard.hooks.subprocess.SubprocessHook"}
{"timestamp":"2025-05-06T03:56:34.529764","level":"info","event":"25/05/06 12:56:34 INFO SparkContext: Added file file:///home/jjlee/.ivy2/jars/commons-logging_commons-logging-1.1.3.jar at file:///home/jjlee/.ivy2/jars/commons-logging_commons-logging-1.1.3.jar with timestamp 1746503793809","logger":"airflow.task.hooks.airflow.providers.standard.hooks.subprocess.SubprocessHook"}
{"timestamp":"2025-05-06T03:56:34.529923","level":"info","event":"25/05/06 12:56:34 INFO Utils: Copying /home/jjlee/.ivy2/jars/commons-logging_commons-logging-1.1.3.jar to /tmp/spark-3e4191ef-93b5-4246-86cb-6d1071b0f301/userFiles-a8366386-540c-4400-8be6-2f73314d09e6/commons-logging_commons-logging-1.1.3.jar","logger":"airflow.task.hooks.airflow.providers.standard.hooks.subprocess.SubprocessHook"}
{"timestamp":"2025-05-06T03:56:34.585966","level":"info","event":"25/05/06 12:56:34 INFO Executor: Starting executor ID driver on host 172.23.182.114","logger":"airflow.task.hooks.airflow.providers.standard.hooks.subprocess.SubprocessHook"}
{"timestamp":"2025-05-06T03:56:34.590752","level":"info","event":"25/05/06 12:56:34 INFO Executor: Starting executor with user classpath (userClassPathFirst = false): ''","logger":"airflow.task.hooks.airflow.providers.standard.hooks.subprocess.SubprocessHook"}
{"timestamp":"2025-05-06T03:56:34.602230","level":"info","event":"25/05/06 12:56:34 INFO Executor: Fetching file:///home/jjlee/.ivy2/jars/org.apache.hadoop_hadoop-client-runtime-3.3.2.jar with timestamp 1746503793809","logger":"airflow.task.hooks.airflow.providers.standard.hooks.subprocess.SubprocessHook"}
{"timestamp":"2025-05-06T03:56:34.633867","level":"info","event":"25/05/06 12:56:34 INFO Utils: /home/jjlee/.ivy2/jars/org.apache.hadoop_hadoop-client-runtime-3.3.2.jar has been previously copied to /tmp/spark-3e4191ef-93b5-4246-86cb-6d1071b0f301/userFiles-a8366386-540c-4400-8be6-2f73314d09e6/org.apache.hadoop_hadoop-client-runtime-3.3.2.jar","logger":"airflow.task.hooks.airflow.providers.standard.hooks.subprocess.SubprocessHook"}
{"timestamp":"2025-05-06T03:56:34.636143","level":"info","event":"25/05/06 12:56:34 INFO Executor: Fetching file:///home/jjlee/.ivy2/jars/org.apache.hadoop_hadoop-client-api-3.3.2.jar with timestamp 1746503793809","logger":"airflow.task.hooks.airflow.providers.standard.hooks.subprocess.SubprocessHook"}
{"timestamp":"2025-05-06T03:56:34.645910","level":"info","event":"25/05/06 12:56:34 INFO Utils: /home/jjlee/.ivy2/jars/org.apache.hadoop_hadoop-client-api-3.3.2.jar has been previously copied to /tmp/spark-3e4191ef-93b5-4246-86cb-6d1071b0f301/userFiles-a8366386-540c-4400-8be6-2f73314d09e6/org.apache.hadoop_hadoop-client-api-3.3.2.jar","logger":"airflow.task.hooks.airflow.providers.standard.hooks.subprocess.SubprocessHook"}
{"timestamp":"2025-05-06T03:56:34.648426","level":"info","event":"25/05/06 12:56:34 INFO Executor: Fetching file:///home/jjlee/.ivy2/jars/org.scala-lang.modules_scala-parallel-collections_2.13-1.0.3.jar with timestamp 1746503793809","logger":"airflow.task.hooks.airflow.providers.standard.hooks.subprocess.SubprocessHook"}
{"timestamp":"2025-05-06T03:56:34.649105","level":"info","event":"25/05/06 12:56:34 INFO Utils: /home/jjlee/.ivy2/jars/org.scala-lang.modules_scala-parallel-collections_2.13-1.0.3.jar has been previously copied to /tmp/spark-3e4191ef-93b5-4246-86cb-6d1071b0f301/userFiles-a8366386-540c-4400-8be6-2f73314d09e6/org.scala-lang.modules_scala-parallel-collections_2.13-1.0.3.jar","logger":"airflow.task.hooks.airflow.providers.standard.hooks.subprocess.SubprocessHook"}
{"timestamp":"2025-05-06T03:56:34.650841","level":"info","event":"25/05/06 12:56:34 INFO Executor: Fetching file:///home/jjlee/.ivy2/jars/commons-logging_commons-logging-1.1.3.jar with timestamp 1746503793809","logger":"airflow.task.hooks.airflow.providers.standard.hooks.subprocess.SubprocessHook"}
{"timestamp":"2025-05-06T03:56:34.651069","level":"info","event":"25/05/06 12:56:34 INFO Utils: /home/jjlee/.ivy2/jars/commons-logging_commons-logging-1.1.3.jar has been previously copied to /tmp/spark-3e4191ef-93b5-4246-86cb-6d1071b0f301/userFiles-a8366386-540c-4400-8be6-2f73314d09e6/commons-logging_commons-logging-1.1.3.jar","logger":"airflow.task.hooks.airflow.providers.standard.hooks.subprocess.SubprocessHook"}
{"timestamp":"2025-05-06T03:56:34.653086","level":"info","event":"25/05/06 12:56:34 INFO Executor: Fetching file:///home/jjlee/.ivy2/jars/org.xerial.snappy_snappy-java-1.1.8.4.jar with timestamp 1746503793809","logger":"airflow.task.hooks.airflow.providers.standard.hooks.subprocess.SubprocessHook"}
{"timestamp":"2025-05-06T03:56:34.654151","level":"info","event":"25/05/06 12:56:34 INFO Utils: /home/jjlee/.ivy2/jars/org.xerial.snappy_snappy-java-1.1.8.4.jar has been previously copied to /tmp/spark-3e4191ef-93b5-4246-86cb-6d1071b0f301/userFiles-a8366386-540c-4400-8be6-2f73314d09e6/org.xerial.snappy_snappy-java-1.1.8.4.jar","logger":"airflow.task.hooks.airflow.providers.standard.hooks.subprocess.SubprocessHook"}
{"timestamp":"2025-05-06T03:56:34.656591","level":"info","event":"25/05/06 12:56:34 INFO Executor: Fetching file:///home/jjlee/.ivy2/jars/com.google.code.findbugs_jsr305-3.0.0.jar with timestamp 1746503793809","logger":"airflow.task.hooks.airflow.providers.standard.hooks.subprocess.SubprocessHook"}
{"timestamp":"2025-05-06T03:56:34.656836","level":"info","event":"25/05/06 12:56:34 INFO Utils: /home/jjlee/.ivy2/jars/com.google.code.findbugs_jsr305-3.0.0.jar has been previously copied to /tmp/spark-3e4191ef-93b5-4246-86cb-6d1071b0f301/userFiles-a8366386-540c-4400-8be6-2f73314d09e6/com.google.code.findbugs_jsr305-3.0.0.jar","logger":"airflow.task.hooks.airflow.providers.standard.hooks.subprocess.SubprocessHook"}
{"timestamp":"2025-05-06T03:56:34.660066","level":"info","event":"25/05/06 12:56:34 INFO Executor: Fetching file:///home/jjlee/.ivy2/jars/org.apache.commons_commons-pool2-2.11.1.jar with timestamp 1746503793809","logger":"airflow.task.hooks.airflow.providers.standard.hooks.subprocess.SubprocessHook"}
{"timestamp":"2025-05-06T03:56:34.660328","level":"info","event":"25/05/06 12:56:34 INFO Utils: /home/jjlee/.ivy2/jars/org.apache.commons_commons-pool2-2.11.1.jar has been previously copied to /tmp/spark-3e4191ef-93b5-4246-86cb-6d1071b0f301/userFiles-a8366386-540c-4400-8be6-2f73314d09e6/org.apache.commons_commons-pool2-2.11.1.jar","logger":"airflow.task.hooks.airflow.providers.standard.hooks.subprocess.SubprocessHook"}
{"timestamp":"2025-05-06T03:56:34.662408","level":"info","event":"25/05/06 12:56:34 INFO Executor: Fetching file:///home/jjlee/.ivy2/jars/org.slf4j_slf4j-api-1.7.32.jar with timestamp 1746503793809","logger":"airflow.task.hooks.airflow.providers.standard.hooks.subprocess.SubprocessHook"}
{"timestamp":"2025-05-06T03:56:34.662638","level":"info","event":"25/05/06 12:56:34 INFO Utils: /home/jjlee/.ivy2/jars/org.slf4j_slf4j-api-1.7.32.jar has been previously copied to /tmp/spark-3e4191ef-93b5-4246-86cb-6d1071b0f301/userFiles-a8366386-540c-4400-8be6-2f73314d09e6/org.slf4j_slf4j-api-1.7.32.jar","logger":"airflow.task.hooks.airflow.providers.standard.hooks.subprocess.SubprocessHook"}
{"timestamp":"2025-05-06T03:56:34.664507","level":"info","event":"25/05/06 12:56:34 INFO Executor: Fetching file:///home/jjlee/.ivy2/jars/org.apache.spark_spark-token-provider-kafka-0-10_2.13-3.3.2.jar with timestamp 1746503793809","logger":"airflow.task.hooks.airflow.providers.standard.hooks.subprocess.SubprocessHook"}
{"timestamp":"2025-05-06T03:56:34.664775","level":"info","event":"25/05/06 12:56:34 INFO Utils: /home/jjlee/.ivy2/jars/org.apache.spark_spark-token-provider-kafka-0-10_2.13-3.3.2.jar has been previously copied to /tmp/spark-3e4191ef-93b5-4246-86cb-6d1071b0f301/userFiles-a8366386-540c-4400-8be6-2f73314d09e6/org.apache.spark_spark-token-provider-kafka-0-10_2.13-3.3.2.jar","logger":"airflow.task.hooks.airflow.providers.standard.hooks.subprocess.SubprocessHook"}
{"timestamp":"2025-05-06T03:56:34.666786","level":"info","event":"25/05/06 12:56:34 INFO Executor: Fetching file:///home/jjlee/.ivy2/jars/org.spark-project.spark_unused-1.0.0.jar with timestamp 1746503793809","logger":"airflow.task.hooks.airflow.providers.standard.hooks.subprocess.SubprocessHook"}
{"timestamp":"2025-05-06T03:56:34.667021","level":"info","event":"25/05/06 12:56:34 INFO Utils: /home/jjlee/.ivy2/jars/org.spark-project.spark_unused-1.0.0.jar has been previously copied to /tmp/spark-3e4191ef-93b5-4246-86cb-6d1071b0f301/userFiles-a8366386-540c-4400-8be6-2f73314d09e6/org.spark-project.spark_unused-1.0.0.jar","logger":"airflow.task.hooks.airflow.providers.standard.hooks.subprocess.SubprocessHook"}
{"timestamp":"2025-05-06T03:56:34.668809","level":"info","event":"25/05/06 12:56:34 INFO Executor: Fetching file:///home/jjlee/.ivy2/jars/org.apache.kafka_kafka-clients-2.8.1.jar with timestamp 1746503793809","logger":"airflow.task.hooks.airflow.providers.standard.hooks.subprocess.SubprocessHook"}
{"timestamp":"2025-05-06T03:56:34.670869","level":"info","event":"25/05/06 12:56:34 INFO Utils: /home/jjlee/.ivy2/jars/org.apache.kafka_kafka-clients-2.8.1.jar has been previously copied to /tmp/spark-3e4191ef-93b5-4246-86cb-6d1071b0f301/userFiles-a8366386-540c-4400-8be6-2f73314d09e6/org.apache.kafka_kafka-clients-2.8.1.jar","logger":"airflow.task.hooks.airflow.providers.standard.hooks.subprocess.SubprocessHook"}
{"timestamp":"2025-05-06T03:56:34.672767","level":"info","event":"25/05/06 12:56:34 INFO Executor: Fetching file:///home/jjlee/.ivy2/jars/org.apache.spark_spark-sql-kafka-0-10_2.13-3.3.2.jar with timestamp 1746503793809","logger":"airflow.task.hooks.airflow.providers.standard.hooks.subprocess.SubprocessHook"}
{"timestamp":"2025-05-06T03:56:34.673153","level":"info","event":"25/05/06 12:56:34 INFO Utils: /home/jjlee/.ivy2/jars/org.apache.spark_spark-sql-kafka-0-10_2.13-3.3.2.jar has been previously copied to /tmp/spark-3e4191ef-93b5-4246-86cb-6d1071b0f301/userFiles-a8366386-540c-4400-8be6-2f73314d09e6/org.apache.spark_spark-sql-kafka-0-10_2.13-3.3.2.jar","logger":"airflow.task.hooks.airflow.providers.standard.hooks.subprocess.SubprocessHook"}
{"timestamp":"2025-05-06T03:56:34.676059","level":"info","event":"25/05/06 12:56:34 INFO Executor: Fetching file:///home/jjlee/.ivy2/jars/org.lz4_lz4-java-1.8.0.jar with timestamp 1746503793809","logger":"airflow.task.hooks.airflow.providers.standard.hooks.subprocess.SubprocessHook"}
{"timestamp":"2025-05-06T03:56:34.676545","level":"info","event":"25/05/06 12:56:34 INFO Utils: /home/jjlee/.ivy2/jars/org.lz4_lz4-java-1.8.0.jar has been previously copied to /tmp/spark-3e4191ef-93b5-4246-86cb-6d1071b0f301/userFiles-a8366386-540c-4400-8be6-2f73314d09e6/org.lz4_lz4-java-1.8.0.jar","logger":"airflow.task.hooks.airflow.providers.standard.hooks.subprocess.SubprocessHook"}
{"timestamp":"2025-05-06T03:56:34.679946","level":"info","event":"25/05/06 12:56:34 INFO Executor: Fetching spark://172.23.182.114:33621/jars/com.google.code.findbugs_jsr305-3.0.0.jar with timestamp 1746503793809","logger":"airflow.task.hooks.airflow.providers.standard.hooks.subprocess.SubprocessHook"}
{"timestamp":"2025-05-06T03:56:34.708432","level":"info","event":"25/05/06 12:56:34 INFO TransportClientFactory: Successfully created connection to /172.23.182.114:33621 after 20 ms (0 ms spent in bootstraps)","logger":"airflow.task.hooks.airflow.providers.standard.hooks.subprocess.SubprocessHook"}
{"timestamp":"2025-05-06T03:56:34.713219","level":"info","event":"25/05/06 12:56:34 INFO Utils: Fetching spark://172.23.182.114:33621/jars/com.google.code.findbugs_jsr305-3.0.0.jar to /tmp/spark-3e4191ef-93b5-4246-86cb-6d1071b0f301/userFiles-a8366386-540c-4400-8be6-2f73314d09e6/fetchFileTemp15914636924750586429.tmp","logger":"airflow.task.hooks.airflow.providers.standard.hooks.subprocess.SubprocessHook"}
{"timestamp":"2025-05-06T03:56:34.734431","level":"info","event":"25/05/06 12:56:34 INFO Utils: /tmp/spark-3e4191ef-93b5-4246-86cb-6d1071b0f301/userFiles-a8366386-540c-4400-8be6-2f73314d09e6/fetchFileTemp15914636924750586429.tmp has been previously copied to /tmp/spark-3e4191ef-93b5-4246-86cb-6d1071b0f301/userFiles-a8366386-540c-4400-8be6-2f73314d09e6/com.google.code.findbugs_jsr305-3.0.0.jar","logger":"airflow.task.hooks.airflow.providers.standard.hooks.subprocess.SubprocessHook"}
{"timestamp":"2025-05-06T03:56:34.743196","level":"info","event":"25/05/06 12:56:34 INFO Executor: Adding file:/tmp/spark-3e4191ef-93b5-4246-86cb-6d1071b0f301/userFiles-a8366386-540c-4400-8be6-2f73314d09e6/com.google.code.findbugs_jsr305-3.0.0.jar to class loader","logger":"airflow.task.hooks.airflow.providers.standard.hooks.subprocess.SubprocessHook"}
{"timestamp":"2025-05-06T03:56:34.743558","level":"info","event":"25/05/06 12:56:34 INFO Executor: Fetching spark://172.23.182.114:33621/jars/org.slf4j_slf4j-api-1.7.32.jar with timestamp 1746503793809","logger":"airflow.task.hooks.airflow.providers.standard.hooks.subprocess.SubprocessHook"}
{"timestamp":"2025-05-06T03:56:34.746086","level":"info","event":"25/05/06 12:56:34 INFO Utils: Fetching spark://172.23.182.114:33621/jars/org.slf4j_slf4j-api-1.7.32.jar to /tmp/spark-3e4191ef-93b5-4246-86cb-6d1071b0f301/userFiles-a8366386-540c-4400-8be6-2f73314d09e6/fetchFileTemp4892037474245462376.tmp","logger":"airflow.task.hooks.airflow.providers.standard.hooks.subprocess.SubprocessHook"}
{"timestamp":"2025-05-06T03:56:34.747567","level":"info","event":"25/05/06 12:56:34 INFO Utils: /tmp/spark-3e4191ef-93b5-4246-86cb-6d1071b0f301/userFiles-a8366386-540c-4400-8be6-2f73314d09e6/fetchFileTemp4892037474245462376.tmp has been previously copied to /tmp/spark-3e4191ef-93b5-4246-86cb-6d1071b0f301/userFiles-a8366386-540c-4400-8be6-2f73314d09e6/org.slf4j_slf4j-api-1.7.32.jar","logger":"airflow.task.hooks.airflow.providers.standard.hooks.subprocess.SubprocessHook"}
{"timestamp":"2025-05-06T03:56:34.753888","level":"info","event":"25/05/06 12:56:34 INFO Executor: Adding file:/tmp/spark-3e4191ef-93b5-4246-86cb-6d1071b0f301/userFiles-a8366386-540c-4400-8be6-2f73314d09e6/org.slf4j_slf4j-api-1.7.32.jar to class loader","logger":"airflow.task.hooks.airflow.providers.standard.hooks.subprocess.SubprocessHook"}
{"timestamp":"2025-05-06T03:56:34.754022","level":"info","event":"25/05/06 12:56:34 INFO Executor: Fetching spark://172.23.182.114:33621/jars/org.apache.commons_commons-pool2-2.11.1.jar with timestamp 1746503793809","logger":"airflow.task.hooks.airflow.providers.standard.hooks.subprocess.SubprocessHook"}
{"timestamp":"2025-05-06T03:56:34.754262","level":"info","event":"25/05/06 12:56:34 INFO Utils: Fetching spark://172.23.182.114:33621/jars/org.apache.commons_commons-pool2-2.11.1.jar to /tmp/spark-3e4191ef-93b5-4246-86cb-6d1071b0f301/userFiles-a8366386-540c-4400-8be6-2f73314d09e6/fetchFileTemp10219903948627016902.tmp","logger":"airflow.task.hooks.airflow.providers.standard.hooks.subprocess.SubprocessHook"}
{"timestamp":"2025-05-06T03:56:34.757450","level":"info","event":"25/05/06 12:56:34 INFO Utils: /tmp/spark-3e4191ef-93b5-4246-86cb-6d1071b0f301/userFiles-a8366386-540c-4400-8be6-2f73314d09e6/fetchFileTemp10219903948627016902.tmp has been previously copied to /tmp/spark-3e4191ef-93b5-4246-86cb-6d1071b0f301/userFiles-a8366386-540c-4400-8be6-2f73314d09e6/org.apache.commons_commons-pool2-2.11.1.jar","logger":"airflow.task.hooks.airflow.providers.standard.hooks.subprocess.SubprocessHook"}
{"timestamp":"2025-05-06T03:56:34.760408","level":"info","event":"25/05/06 12:56:34 INFO Executor: Adding file:/tmp/spark-3e4191ef-93b5-4246-86cb-6d1071b0f301/userFiles-a8366386-540c-4400-8be6-2f73314d09e6/org.apache.commons_commons-pool2-2.11.1.jar to class loader","logger":"airflow.task.hooks.airflow.providers.standard.hooks.subprocess.SubprocessHook"}
{"timestamp":"2025-05-06T03:56:34.760568","level":"info","event":"25/05/06 12:56:34 INFO Executor: Fetching spark://172.23.182.114:33621/jars/mysql-connector-java-8.4.0.jar with timestamp 1746503793809","logger":"airflow.task.hooks.airflow.providers.standard.hooks.subprocess.SubprocessHook"}
{"timestamp":"2025-05-06T03:56:34.760926","level":"info","event":"25/05/06 12:56:34 INFO Utils: Fetching spark://172.23.182.114:33621/jars/mysql-connector-java-8.4.0.jar to /tmp/spark-3e4191ef-93b5-4246-86cb-6d1071b0f301/userFiles-a8366386-540c-4400-8be6-2f73314d09e6/fetchFileTemp2091714875557238243.tmp","logger":"airflow.task.hooks.airflow.providers.standard.hooks.subprocess.SubprocessHook"}
{"timestamp":"2025-05-06T03:56:34.773799","level":"info","event":"25/05/06 12:56:34 INFO Executor: Adding file:/tmp/spark-3e4191ef-93b5-4246-86cb-6d1071b0f301/userFiles-a8366386-540c-4400-8be6-2f73314d09e6/mysql-connector-java-8.4.0.jar to class loader","logger":"airflow.task.hooks.airflow.providers.standard.hooks.subprocess.SubprocessHook"}
{"timestamp":"2025-05-06T03:56:34.773979","level":"info","event":"25/05/06 12:56:34 INFO Executor: Fetching spark://172.23.182.114:33621/jars/org.apache.spark_spark-token-provider-kafka-0-10_2.13-3.3.2.jar with timestamp 1746503793809","logger":"airflow.task.hooks.airflow.providers.standard.hooks.subprocess.SubprocessHook"}
{"timestamp":"2025-05-06T03:56:34.774278","level":"info","event":"25/05/06 12:56:34 INFO Utils: Fetching spark://172.23.182.114:33621/jars/org.apache.spark_spark-token-provider-kafka-0-10_2.13-3.3.2.jar to /tmp/spark-3e4191ef-93b5-4246-86cb-6d1071b0f301/userFiles-a8366386-540c-4400-8be6-2f73314d09e6/fetchFileTemp1017060351849256235.tmp","logger":"airflow.task.hooks.airflow.providers.standard.hooks.subprocess.SubprocessHook"}
{"timestamp":"2025-05-06T03:56:34.775788","level":"info","event":"25/05/06 12:56:34 INFO Utils: /tmp/spark-3e4191ef-93b5-4246-86cb-6d1071b0f301/userFiles-a8366386-540c-4400-8be6-2f73314d09e6/fetchFileTemp1017060351849256235.tmp has been previously copied to /tmp/spark-3e4191ef-93b5-4246-86cb-6d1071b0f301/userFiles-a8366386-540c-4400-8be6-2f73314d09e6/org.apache.spark_spark-token-provider-kafka-0-10_2.13-3.3.2.jar","logger":"airflow.task.hooks.airflow.providers.standard.hooks.subprocess.SubprocessHook"}
{"timestamp":"2025-05-06T03:56:34.778733","level":"info","event":"25/05/06 12:56:34 INFO Executor: Adding file:/tmp/spark-3e4191ef-93b5-4246-86cb-6d1071b0f301/userFiles-a8366386-540c-4400-8be6-2f73314d09e6/org.apache.spark_spark-token-provider-kafka-0-10_2.13-3.3.2.jar to class loader","logger":"airflow.task.hooks.airflow.providers.standard.hooks.subprocess.SubprocessHook"}
{"timestamp":"2025-05-06T03:56:34.778868","level":"info","event":"25/05/06 12:56:34 INFO Executor: Fetching spark://172.23.182.114:33621/jars/org.scala-lang.modules_scala-parallel-collections_2.13-1.0.3.jar with timestamp 1746503793809","logger":"airflow.task.hooks.airflow.providers.standard.hooks.subprocess.SubprocessHook"}
{"timestamp":"2025-05-06T03:56:34.779230","level":"info","event":"25/05/06 12:56:34 INFO Utils: Fetching spark://172.23.182.114:33621/jars/org.scala-lang.modules_scala-parallel-collections_2.13-1.0.3.jar to /tmp/spark-3e4191ef-93b5-4246-86cb-6d1071b0f301/userFiles-a8366386-540c-4400-8be6-2f73314d09e6/fetchFileTemp7547908860570774582.tmp","logger":"airflow.task.hooks.airflow.providers.standard.hooks.subprocess.SubprocessHook"}
{"timestamp":"2025-05-06T03:56:34.783646","level":"info","event":"25/05/06 12:56:34 INFO Utils: /tmp/spark-3e4191ef-93b5-4246-86cb-6d1071b0f301/userFiles-a8366386-540c-4400-8be6-2f73314d09e6/fetchFileTemp7547908860570774582.tmp has been previously copied to /tmp/spark-3e4191ef-93b5-4246-86cb-6d1071b0f301/userFiles-a8366386-540c-4400-8be6-2f73314d09e6/org.scala-lang.modules_scala-parallel-collections_2.13-1.0.3.jar","logger":"airflow.task.hooks.airflow.providers.standard.hooks.subprocess.SubprocessHook"}
{"timestamp":"2025-05-06T03:56:34.787610","level":"info","event":"25/05/06 12:56:34 INFO Executor: Adding file:/tmp/spark-3e4191ef-93b5-4246-86cb-6d1071b0f301/userFiles-a8366386-540c-4400-8be6-2f73314d09e6/org.scala-lang.modules_scala-parallel-collections_2.13-1.0.3.jar to class loader","logger":"airflow.task.hooks.airflow.providers.standard.hooks.subprocess.SubprocessHook"}
{"timestamp":"2025-05-06T03:56:34.787711","level":"info","event":"25/05/06 12:56:34 INFO Executor: Fetching spark://172.23.182.114:33621/jars/org.spark-project.spark_unused-1.0.0.jar with timestamp 1746503793809","logger":"airflow.task.hooks.airflow.providers.standard.hooks.subprocess.SubprocessHook"}
{"timestamp":"2025-05-06T03:56:34.788086","level":"info","event":"25/05/06 12:56:34 INFO Utils: Fetching spark://172.23.182.114:33621/jars/org.spark-project.spark_unused-1.0.0.jar to /tmp/spark-3e4191ef-93b5-4246-86cb-6d1071b0f301/userFiles-a8366386-540c-4400-8be6-2f73314d09e6/fetchFileTemp10672143770507930324.tmp","logger":"airflow.task.hooks.airflow.providers.standard.hooks.subprocess.SubprocessHook"}
{"timestamp":"2025-05-06T03:56:34.789154","level":"info","event":"25/05/06 12:56:34 INFO Utils: /tmp/spark-3e4191ef-93b5-4246-86cb-6d1071b0f301/userFiles-a8366386-540c-4400-8be6-2f73314d09e6/fetchFileTemp10672143770507930324.tmp has been previously copied to /tmp/spark-3e4191ef-93b5-4246-86cb-6d1071b0f301/userFiles-a8366386-540c-4400-8be6-2f73314d09e6/org.spark-project.spark_unused-1.0.0.jar","logger":"airflow.task.hooks.airflow.providers.standard.hooks.subprocess.SubprocessHook"}
{"timestamp":"2025-05-06T03:56:34.791325","level":"info","event":"25/05/06 12:56:34 INFO Executor: Adding file:/tmp/spark-3e4191ef-93b5-4246-86cb-6d1071b0f301/userFiles-a8366386-540c-4400-8be6-2f73314d09e6/org.spark-project.spark_unused-1.0.0.jar to class loader","logger":"airflow.task.hooks.airflow.providers.standard.hooks.subprocess.SubprocessHook"}
{"timestamp":"2025-05-06T03:56:34.791466","level":"info","event":"25/05/06 12:56:34 INFO Executor: Fetching spark://172.23.182.114:33621/jars/org.apache.spark_spark-sql-kafka-0-10_2.13-3.3.2.jar with timestamp 1746503793809","logger":"airflow.task.hooks.airflow.providers.standard.hooks.subprocess.SubprocessHook"}
{"timestamp":"2025-05-06T03:56:34.791771","level":"info","event":"25/05/06 12:56:34 INFO Utils: Fetching spark://172.23.182.114:33621/jars/org.apache.spark_spark-sql-kafka-0-10_2.13-3.3.2.jar to /tmp/spark-3e4191ef-93b5-4246-86cb-6d1071b0f301/userFiles-a8366386-540c-4400-8be6-2f73314d09e6/fetchFileTemp9841708596693765991.tmp","logger":"airflow.task.hooks.airflow.providers.standard.hooks.subprocess.SubprocessHook"}
{"timestamp":"2025-05-06T03:56:34.794200","level":"info","event":"25/05/06 12:56:34 INFO Utils: /tmp/spark-3e4191ef-93b5-4246-86cb-6d1071b0f301/userFiles-a8366386-540c-4400-8be6-2f73314d09e6/fetchFileTemp9841708596693765991.tmp has been previously copied to /tmp/spark-3e4191ef-93b5-4246-86cb-6d1071b0f301/userFiles-a8366386-540c-4400-8be6-2f73314d09e6/org.apache.spark_spark-sql-kafka-0-10_2.13-3.3.2.jar","logger":"airflow.task.hooks.airflow.providers.standard.hooks.subprocess.SubprocessHook"}
{"timestamp":"2025-05-06T03:56:34.797417","level":"info","event":"25/05/06 12:56:34 INFO Executor: Adding file:/tmp/spark-3e4191ef-93b5-4246-86cb-6d1071b0f301/userFiles-a8366386-540c-4400-8be6-2f73314d09e6/org.apache.spark_spark-sql-kafka-0-10_2.13-3.3.2.jar to class loader","logger":"airflow.task.hooks.airflow.providers.standard.hooks.subprocess.SubprocessHook"}
{"timestamp":"2025-05-06T03:56:34.797575","level":"info","event":"25/05/06 12:56:34 INFO Executor: Fetching spark://172.23.182.114:33621/jars/org.apache.kafka_kafka-clients-2.8.1.jar with timestamp 1746503793809","logger":"airflow.task.hooks.airflow.providers.standard.hooks.subprocess.SubprocessHook"}
{"timestamp":"2025-05-06T03:56:34.798615","level":"info","event":"25/05/06 12:56:34 INFO Utils: Fetching spark://172.23.182.114:33621/jars/org.apache.kafka_kafka-clients-2.8.1.jar to /tmp/spark-3e4191ef-93b5-4246-86cb-6d1071b0f301/userFiles-a8366386-540c-4400-8be6-2f73314d09e6/fetchFileTemp16180604197962756942.tmp","logger":"airflow.task.hooks.airflow.providers.standard.hooks.subprocess.SubprocessHook"}
{"timestamp":"2025-05-06T03:56:34.811957","level":"info","event":"25/05/06 12:56:34 INFO Utils: /tmp/spark-3e4191ef-93b5-4246-86cb-6d1071b0f301/userFiles-a8366386-540c-4400-8be6-2f73314d09e6/fetchFileTemp16180604197962756942.tmp has been previously copied to /tmp/spark-3e4191ef-93b5-4246-86cb-6d1071b0f301/userFiles-a8366386-540c-4400-8be6-2f73314d09e6/org.apache.kafka_kafka-clients-2.8.1.jar","logger":"airflow.task.hooks.airflow.providers.standard.hooks.subprocess.SubprocessHook"}
{"timestamp":"2025-05-06T03:56:34.824310","level":"info","event":"25/05/06 12:56:34 INFO Executor: Adding file:/tmp/spark-3e4191ef-93b5-4246-86cb-6d1071b0f301/userFiles-a8366386-540c-4400-8be6-2f73314d09e6/org.apache.kafka_kafka-clients-2.8.1.jar to class loader","logger":"airflow.task.hooks.airflow.providers.standard.hooks.subprocess.SubprocessHook"}
{"timestamp":"2025-05-06T03:56:34.824445","level":"info","event":"25/05/06 12:56:34 INFO Executor: Fetching spark://172.23.182.114:33621/jars/org.lz4_lz4-java-1.8.0.jar with timestamp 1746503793809","logger":"airflow.task.hooks.airflow.providers.standard.hooks.subprocess.SubprocessHook"}
{"timestamp":"2025-05-06T03:56:34.824851","level":"info","event":"25/05/06 12:56:34 INFO Utils: Fetching spark://172.23.182.114:33621/jars/org.lz4_lz4-java-1.8.0.jar to /tmp/spark-3e4191ef-93b5-4246-86cb-6d1071b0f301/userFiles-a8366386-540c-4400-8be6-2f73314d09e6/fetchFileTemp17756599579624469353.tmp","logger":"airflow.task.hooks.airflow.providers.standard.hooks.subprocess.SubprocessHook"}
{"timestamp":"2025-05-06T03:56:34.827728","level":"info","event":"25/05/06 12:56:34 INFO Utils: /tmp/spark-3e4191ef-93b5-4246-86cb-6d1071b0f301/userFiles-a8366386-540c-4400-8be6-2f73314d09e6/fetchFileTemp17756599579624469353.tmp has been previously copied to /tmp/spark-3e4191ef-93b5-4246-86cb-6d1071b0f301/userFiles-a8366386-540c-4400-8be6-2f73314d09e6/org.lz4_lz4-java-1.8.0.jar","logger":"airflow.task.hooks.airflow.providers.standard.hooks.subprocess.SubprocessHook"}
{"timestamp":"2025-05-06T03:56:34.831476","level":"info","event":"25/05/06 12:56:34 INFO Executor: Adding file:/tmp/spark-3e4191ef-93b5-4246-86cb-6d1071b0f301/userFiles-a8366386-540c-4400-8be6-2f73314d09e6/org.lz4_lz4-java-1.8.0.jar to class loader","logger":"airflow.task.hooks.airflow.providers.standard.hooks.subprocess.SubprocessHook"}
{"timestamp":"2025-05-06T03:56:34.831601","level":"info","event":"25/05/06 12:56:34 INFO Executor: Fetching spark://172.23.182.114:33621/jars/org.xerial.snappy_snappy-java-1.1.8.4.jar with timestamp 1746503793809","logger":"airflow.task.hooks.airflow.providers.standard.hooks.subprocess.SubprocessHook"}
{"timestamp":"2025-05-06T03:56:34.831914","level":"info","event":"25/05/06 12:56:34 INFO Utils: Fetching spark://172.23.182.114:33621/jars/org.xerial.snappy_snappy-java-1.1.8.4.jar to /tmp/spark-3e4191ef-93b5-4246-86cb-6d1071b0f301/userFiles-a8366386-540c-4400-8be6-2f73314d09e6/fetchFileTemp15980381767843931188.tmp","logger":"airflow.task.hooks.airflow.providers.standard.hooks.subprocess.SubprocessHook"}
{"timestamp":"2025-05-06T03:56:34.836935","level":"info","event":"25/05/06 12:56:34 INFO Utils: /tmp/spark-3e4191ef-93b5-4246-86cb-6d1071b0f301/userFiles-a8366386-540c-4400-8be6-2f73314d09e6/fetchFileTemp15980381767843931188.tmp has been previously copied to /tmp/spark-3e4191ef-93b5-4246-86cb-6d1071b0f301/userFiles-a8366386-540c-4400-8be6-2f73314d09e6/org.xerial.snappy_snappy-java-1.1.8.4.jar","logger":"airflow.task.hooks.airflow.providers.standard.hooks.subprocess.SubprocessHook"}
{"timestamp":"2025-05-06T03:56:34.842960","level":"info","event":"25/05/06 12:56:34 INFO Executor: Adding file:/tmp/spark-3e4191ef-93b5-4246-86cb-6d1071b0f301/userFiles-a8366386-540c-4400-8be6-2f73314d09e6/org.xerial.snappy_snappy-java-1.1.8.4.jar to class loader","logger":"airflow.task.hooks.airflow.providers.standard.hooks.subprocess.SubprocessHook"}
{"timestamp":"2025-05-06T03:56:34.843105","level":"info","event":"25/05/06 12:56:34 INFO Executor: Fetching spark://172.23.182.114:33621/jars/commons-logging_commons-logging-1.1.3.jar with timestamp 1746503793809","logger":"airflow.task.hooks.airflow.providers.standard.hooks.subprocess.SubprocessHook"}
{"timestamp":"2025-05-06T03:56:34.843469","level":"info","event":"25/05/06 12:56:34 INFO Utils: Fetching spark://172.23.182.114:33621/jars/commons-logging_commons-logging-1.1.3.jar to /tmp/spark-3e4191ef-93b5-4246-86cb-6d1071b0f301/userFiles-a8366386-540c-4400-8be6-2f73314d09e6/fetchFileTemp403268641986498599.tmp","logger":"airflow.task.hooks.airflow.providers.standard.hooks.subprocess.SubprocessHook"}
{"timestamp":"2025-05-06T03:56:34.844553","level":"info","event":"25/05/06 12:56:34 INFO Utils: /tmp/spark-3e4191ef-93b5-4246-86cb-6d1071b0f301/userFiles-a8366386-540c-4400-8be6-2f73314d09e6/fetchFileTemp403268641986498599.tmp has been previously copied to /tmp/spark-3e4191ef-93b5-4246-86cb-6d1071b0f301/userFiles-a8366386-540c-4400-8be6-2f73314d09e6/commons-logging_commons-logging-1.1.3.jar","logger":"airflow.task.hooks.airflow.providers.standard.hooks.subprocess.SubprocessHook"}
{"timestamp":"2025-05-06T03:56:34.847473","level":"info","event":"25/05/06 12:56:34 INFO Executor: Adding file:/tmp/spark-3e4191ef-93b5-4246-86cb-6d1071b0f301/userFiles-a8366386-540c-4400-8be6-2f73314d09e6/commons-logging_commons-logging-1.1.3.jar to class loader","logger":"airflow.task.hooks.airflow.providers.standard.hooks.subprocess.SubprocessHook"}
{"timestamp":"2025-05-06T03:56:34.847611","level":"info","event":"25/05/06 12:56:34 INFO Executor: Fetching spark://172.23.182.114:33621/jars/org.apache.hadoop_hadoop-client-runtime-3.3.2.jar with timestamp 1746503793809","logger":"airflow.task.hooks.airflow.providers.standard.hooks.subprocess.SubprocessHook"}
{"timestamp":"2025-05-06T03:56:34.847908","level":"info","event":"25/05/06 12:56:34 INFO Utils: Fetching spark://172.23.182.114:33621/jars/org.apache.hadoop_hadoop-client-runtime-3.3.2.jar to /tmp/spark-3e4191ef-93b5-4246-86cb-6d1071b0f301/userFiles-a8366386-540c-4400-8be6-2f73314d09e6/fetchFileTemp1243301324171830976.tmp","logger":"airflow.task.hooks.airflow.providers.standard.hooks.subprocess.SubprocessHook"}
{"timestamp":"2025-05-06T03:56:34.927793","level":"info","event":"25/05/06 12:56:34 INFO Utils: /tmp/spark-3e4191ef-93b5-4246-86cb-6d1071b0f301/userFiles-a8366386-540c-4400-8be6-2f73314d09e6/fetchFileTemp1243301324171830976.tmp has been previously copied to /tmp/spark-3e4191ef-93b5-4246-86cb-6d1071b0f301/userFiles-a8366386-540c-4400-8be6-2f73314d09e6/org.apache.hadoop_hadoop-client-runtime-3.3.2.jar","logger":"airflow.task.hooks.airflow.providers.standard.hooks.subprocess.SubprocessHook"}
{"timestamp":"2025-05-06T03:56:34.978474","level":"info","event":"25/05/06 12:56:34 INFO Executor: Adding file:/tmp/spark-3e4191ef-93b5-4246-86cb-6d1071b0f301/userFiles-a8366386-540c-4400-8be6-2f73314d09e6/org.apache.hadoop_hadoop-client-runtime-3.3.2.jar to class loader","logger":"airflow.task.hooks.airflow.providers.standard.hooks.subprocess.SubprocessHook"}
{"timestamp":"2025-05-06T03:56:34.978632","level":"info","event":"25/05/06 12:56:34 INFO Executor: Fetching spark://172.23.182.114:33621/jars/org.apache.hadoop_hadoop-client-api-3.3.2.jar with timestamp 1746503793809","logger":"airflow.task.hooks.airflow.providers.standard.hooks.subprocess.SubprocessHook"}
{"timestamp":"2025-05-06T03:56:34.978928","level":"info","event":"25/05/06 12:56:34 INFO Utils: Fetching spark://172.23.182.114:33621/jars/org.apache.hadoop_hadoop-client-api-3.3.2.jar to /tmp/spark-3e4191ef-93b5-4246-86cb-6d1071b0f301/userFiles-a8366386-540c-4400-8be6-2f73314d09e6/fetchFileTemp18388700524236835410.tmp","logger":"airflow.task.hooks.airflow.providers.standard.hooks.subprocess.SubprocessHook"}
{"timestamp":"2025-05-06T03:56:35.028295","level":"info","event":"25/05/06 12:56:35 INFO Utils: /tmp/spark-3e4191ef-93b5-4246-86cb-6d1071b0f301/userFiles-a8366386-540c-4400-8be6-2f73314d09e6/fetchFileTemp18388700524236835410.tmp has been previously copied to /tmp/spark-3e4191ef-93b5-4246-86cb-6d1071b0f301/userFiles-a8366386-540c-4400-8be6-2f73314d09e6/org.apache.hadoop_hadoop-client-api-3.3.2.jar","logger":"airflow.task.hooks.airflow.providers.standard.hooks.subprocess.SubprocessHook"}
{"timestamp":"2025-05-06T03:56:35.060933","level":"info","event":"25/05/06 12:56:35 INFO Executor: Adding file:/tmp/spark-3e4191ef-93b5-4246-86cb-6d1071b0f301/userFiles-a8366386-540c-4400-8be6-2f73314d09e6/org.apache.hadoop_hadoop-client-api-3.3.2.jar to class loader","logger":"airflow.task.hooks.airflow.providers.standard.hooks.subprocess.SubprocessHook"}
{"timestamp":"2025-05-06T03:56:35.067032","level":"info","event":"25/05/06 12:56:35 INFO Utils: Successfully started service 'org.apache.spark.network.netty.NettyBlockTransferService' on port 35429.","logger":"airflow.task.hooks.airflow.providers.standard.hooks.subprocess.SubprocessHook"}
{"timestamp":"2025-05-06T03:56:35.067150","level":"info","event":"25/05/06 12:56:35 INFO NettyBlockTransferService: Server created on 172.23.182.114:35429","logger":"airflow.task.hooks.airflow.providers.standard.hooks.subprocess.SubprocessHook"}
{"timestamp":"2025-05-06T03:56:35.068507","level":"info","event":"25/05/06 12:56:35 INFO BlockManager: Using org.apache.spark.storage.RandomBlockReplicationPolicy for block replication policy","logger":"airflow.task.hooks.airflow.providers.standard.hooks.subprocess.SubprocessHook"}
{"timestamp":"2025-05-06T03:56:35.073155","level":"info","event":"25/05/06 12:56:35 INFO BlockManagerMaster: Registering BlockManager BlockManagerId(driver, 172.23.182.114, 35429, None)","logger":"airflow.task.hooks.airflow.providers.standard.hooks.subprocess.SubprocessHook"}
{"timestamp":"2025-05-06T03:56:35.075617","level":"info","event":"25/05/06 12:56:35 INFO BlockManagerMasterEndpoint: Registering block manager 172.23.182.114:35429 with 434.4 MiB RAM, BlockManagerId(driver, 172.23.182.114, 35429, None)","logger":"airflow.task.hooks.airflow.providers.standard.hooks.subprocess.SubprocessHook"}
{"timestamp":"2025-05-06T03:56:35.077946","level":"info","event":"25/05/06 12:56:35 INFO BlockManagerMaster: Registered BlockManager BlockManagerId(driver, 172.23.182.114, 35429, None)","logger":"airflow.task.hooks.airflow.providers.standard.hooks.subprocess.SubprocessHook"}
{"timestamp":"2025-05-06T03:56:35.078754","level":"info","event":"25/05/06 12:56:35 INFO BlockManager: Initialized BlockManager: BlockManagerId(driver, 172.23.182.114, 35429, None)","logger":"airflow.task.hooks.airflow.providers.standard.hooks.subprocess.SubprocessHook"}
{"timestamp":"2025-05-06T03:56:40.882401","level":"info","event":" Transformation Complete!","logger":"airflow.task.hooks.airflow.providers.standard.hooks.subprocess.SubprocessHook"}
{"timestamp":"2025-05-06T03:56:41.316461","level":"info","event":"Command exited with return code 0","logger":"airflow.task.hooks.airflow.providers.standard.hooks.subprocess.SubprocessHook"}
{"timestamp":"2025-05-06T03:56:41.316834","level":"info","event":"Pushing xcom","ti":"RuntimeTaskInstance(id=UUID('0196a3bc-e7e8-7c3a-ab8c-6e6c00909675'), task_id='update_player_summary', dag_id='player_summary_update', run_id='manual__2025-05-06T03:56:28.502154+00:00', try_number=1, map_index=-1, hostname='DESKTOP-T4DM29K.', context_carrier=None, task=<Task(BashOperator): update_player_summary>, bundle_instance=LocalDagBundle(name=dags-folder), max_tries=1, start_date=datetime.datetime(2025, 5, 6, 3, 56, 29, 323115, tzinfo=TzInfo(UTC)), end_date=None, is_mapped=False)","logger":"task"}
