{"timestamp":"2025-05-06T03:53:58.459548","level":"info","event":"DAG bundles loaded: dags-folder","logger":"airflow.dag_processing.bundles.manager.DagBundlesManager"}
{"timestamp":"2025-05-06T03:53:58.459965","level":"info","event":"Filling up the DagBag from /home/jjlee/workspace/GSBE/project-root/airflow-dags/dags/game_logs_pipeline_dag.py","logger":"airflow.models.dagbag.DagBag"}
{"timestamp":"2025-05-06T03:53:58.470696","level":"info","event":"Tmp dir root location: /tmp","logger":"airflow.task.hooks.airflow.providers.standard.hooks.subprocess.SubprocessHook"}
{"timestamp":"2025-05-06T03:53:58.471091","level":"info","event":"Running command: ['/usr/bin/bash', '-c', 'cd ~/workspace/GSBE/project-root/spark-streaming && $SPARK_HOME/bin/spark-submit --jars ~/workspace/GSBE/mysql-connector-java-8.4.0.jar --packages org.apache.spark:spark-sql-kafka-0-10_2.13:3.3.2,org.apache.spark:spark-token-provider-kafka-0-10_2.13:3.3.2 transformation_processor.py']","logger":"airflow.task.hooks.airflow.providers.standard.hooks.subprocess.SubprocessHook"}
{"timestamp":"2025-05-06T03:53:58.476888","level":"info","event":"Output:","logger":"airflow.task.hooks.airflow.providers.standard.hooks.subprocess.SubprocessHook"}
{"timestamp":"2025-05-06T03:54:03.147440","level":"info","event":"25/05/06 12:54:03 WARN Utils: Your hostname, DESKTOP-T4DM29K resolves to a loopback address: 127.0.1.1; using 172.23.182.114 instead (on interface eth0)","logger":"airflow.task.hooks.airflow.providers.standard.hooks.subprocess.SubprocessHook"}
{"timestamp":"2025-05-06T03:54:03.152408","level":"info","event":"25/05/06 12:54:03 WARN Utils: Set SPARK_LOCAL_IP if you need to bind to another address","logger":"airflow.task.hooks.airflow.providers.standard.hooks.subprocess.SubprocessHook"}
{"timestamp":"2025-05-06T03:54:04.266260","level":"info","event":":: loading settings :: url = jar:file:/home/jjlee/workspace/GSBE/spark-new/jars/ivy-2.5.1.jar!/org/apache/ivy/core/settings/ivysettings.xml","logger":"airflow.task.hooks.airflow.providers.standard.hooks.subprocess.SubprocessHook"}
{"timestamp":"2025-05-06T03:54:04.321149","level":"info","event":"Ivy Default Cache set to: /home/jjlee/.ivy2/cache","logger":"airflow.task.hooks.airflow.providers.standard.hooks.subprocess.SubprocessHook"}
{"timestamp":"2025-05-06T03:54:04.321278","level":"info","event":"The jars for the packages stored in: /home/jjlee/.ivy2/jars","logger":"airflow.task.hooks.airflow.providers.standard.hooks.subprocess.SubprocessHook"}
{"timestamp":"2025-05-06T03:54:04.323926","level":"info","event":"org.apache.spark#spark-sql-kafka-0-10_2.13 added as a dependency","logger":"airflow.task.hooks.airflow.providers.standard.hooks.subprocess.SubprocessHook"}
{"timestamp":"2025-05-06T03:54:04.324057","level":"info","event":"org.apache.spark#spark-token-provider-kafka-0-10_2.13 added as a dependency","logger":"airflow.task.hooks.airflow.providers.standard.hooks.subprocess.SubprocessHook"}
{"timestamp":"2025-05-06T03:54:04.324683","level":"info","event":":: resolving dependencies :: org.apache.spark#spark-submit-parent-5c197096-667b-4cd1-b3e3-ffa26581dec7;1.0","logger":"airflow.task.hooks.airflow.providers.standard.hooks.subprocess.SubprocessHook"}
{"timestamp":"2025-05-06T03:54:04.324770","level":"info","event":"\tconfs: [default]","logger":"airflow.task.hooks.airflow.providers.standard.hooks.subprocess.SubprocessHook"}
{"timestamp":"2025-05-06T03:54:04.454273","level":"info","event":"\tfound org.apache.spark#spark-sql-kafka-0-10_2.13;3.3.2 in central","logger":"airflow.task.hooks.airflow.providers.standard.hooks.subprocess.SubprocessHook"}
{"timestamp":"2025-05-06T03:54:04.497379","level":"info","event":"\tfound org.apache.spark#spark-token-provider-kafka-0-10_2.13;3.3.2 in central","logger":"airflow.task.hooks.airflow.providers.standard.hooks.subprocess.SubprocessHook"}
{"timestamp":"2025-05-06T03:54:04.516179","level":"info","event":"\tfound org.apache.kafka#kafka-clients;2.8.1 in central","logger":"airflow.task.hooks.airflow.providers.standard.hooks.subprocess.SubprocessHook"}
{"timestamp":"2025-05-06T03:54:04.532082","level":"info","event":"\tfound org.lz4#lz4-java;1.8.0 in central","logger":"airflow.task.hooks.airflow.providers.standard.hooks.subprocess.SubprocessHook"}
{"timestamp":"2025-05-06T03:54:04.544659","level":"info","event":"\tfound org.xerial.snappy#snappy-java;1.1.8.4 in central","logger":"airflow.task.hooks.airflow.providers.standard.hooks.subprocess.SubprocessHook"}
{"timestamp":"2025-05-06T03:54:04.555656","level":"info","event":"\tfound org.slf4j#slf4j-api;1.7.32 in central","logger":"airflow.task.hooks.airflow.providers.standard.hooks.subprocess.SubprocessHook"}
{"timestamp":"2025-05-06T03:54:04.575920","level":"info","event":"\tfound org.apache.hadoop#hadoop-client-runtime;3.3.2 in central","logger":"airflow.task.hooks.airflow.providers.standard.hooks.subprocess.SubprocessHook"}
{"timestamp":"2025-05-06T03:54:04.588839","level":"info","event":"\tfound org.spark-project.spark#unused;1.0.0 in central","logger":"airflow.task.hooks.airflow.providers.standard.hooks.subprocess.SubprocessHook"}
{"timestamp":"2025-05-06T03:54:04.609944","level":"info","event":"\tfound org.apache.hadoop#hadoop-client-api;3.3.2 in central","logger":"airflow.task.hooks.airflow.providers.standard.hooks.subprocess.SubprocessHook"}
{"timestamp":"2025-05-06T03:54:04.632425","level":"info","event":"\tfound commons-logging#commons-logging;1.1.3 in central","logger":"airflow.task.hooks.airflow.providers.standard.hooks.subprocess.SubprocessHook"}
{"timestamp":"2025-05-06T03:54:04.641507","level":"info","event":"\tfound com.google.code.findbugs#jsr305;3.0.0 in central","logger":"airflow.task.hooks.airflow.providers.standard.hooks.subprocess.SubprocessHook"}
{"timestamp":"2025-05-06T03:54:04.648737","level":"info","event":"\tfound org.scala-lang.modules#scala-parallel-collections_2.13;1.0.3 in central","logger":"airflow.task.hooks.airflow.providers.standard.hooks.subprocess.SubprocessHook"}
{"timestamp":"2025-05-06T03:54:04.657001","level":"info","event":"\tfound org.apache.commons#commons-pool2;2.11.1 in central","logger":"airflow.task.hooks.airflow.providers.standard.hooks.subprocess.SubprocessHook"}
{"timestamp":"2025-05-06T03:54:04.673760","level":"info","event":":: resolution report :: resolve 340ms :: artifacts dl 9ms","logger":"airflow.task.hooks.airflow.providers.standard.hooks.subprocess.SubprocessHook"}
{"timestamp":"2025-05-06T03:54:04.673889","level":"info","event":"\t:: modules in use:","logger":"airflow.task.hooks.airflow.providers.standard.hooks.subprocess.SubprocessHook"}
{"timestamp":"2025-05-06T03:54:04.673944","level":"info","event":"\tcom.google.code.findbugs#jsr305;3.0.0 from central in [default]","logger":"airflow.task.hooks.airflow.providers.standard.hooks.subprocess.SubprocessHook"}
{"timestamp":"2025-05-06T03:54:04.673989","level":"info","event":"\tcommons-logging#commons-logging;1.1.3 from central in [default]","logger":"airflow.task.hooks.airflow.providers.standard.hooks.subprocess.SubprocessHook"}
{"timestamp":"2025-05-06T03:54:04.674038","level":"info","event":"\torg.apache.commons#commons-pool2;2.11.1 from central in [default]","logger":"airflow.task.hooks.airflow.providers.standard.hooks.subprocess.SubprocessHook"}
{"timestamp":"2025-05-06T03:54:04.674078","level":"info","event":"\torg.apache.hadoop#hadoop-client-api;3.3.2 from central in [default]","logger":"airflow.task.hooks.airflow.providers.standard.hooks.subprocess.SubprocessHook"}
{"timestamp":"2025-05-06T03:54:04.674143","level":"info","event":"\torg.apache.hadoop#hadoop-client-runtime;3.3.2 from central in [default]","logger":"airflow.task.hooks.airflow.providers.standard.hooks.subprocess.SubprocessHook"}
{"timestamp":"2025-05-06T03:54:04.674181","level":"info","event":"\torg.apache.kafka#kafka-clients;2.8.1 from central in [default]","logger":"airflow.task.hooks.airflow.providers.standard.hooks.subprocess.SubprocessHook"}
{"timestamp":"2025-05-06T03:54:04.674218","level":"info","event":"\torg.apache.spark#spark-sql-kafka-0-10_2.13;3.3.2 from central in [default]","logger":"airflow.task.hooks.airflow.providers.standard.hooks.subprocess.SubprocessHook"}
{"timestamp":"2025-05-06T03:54:04.674254","level":"info","event":"\torg.apache.spark#spark-token-provider-kafka-0-10_2.13;3.3.2 from central in [default]","logger":"airflow.task.hooks.airflow.providers.standard.hooks.subprocess.SubprocessHook"}
{"timestamp":"2025-05-06T03:54:04.674291","level":"info","event":"\torg.lz4#lz4-java;1.8.0 from central in [default]","logger":"airflow.task.hooks.airflow.providers.standard.hooks.subprocess.SubprocessHook"}
{"timestamp":"2025-05-06T03:54:04.674330","level":"info","event":"\torg.scala-lang.modules#scala-parallel-collections_2.13;1.0.3 from central in [default]","logger":"airflow.task.hooks.airflow.providers.standard.hooks.subprocess.SubprocessHook"}
{"timestamp":"2025-05-06T03:54:04.674365","level":"info","event":"\torg.slf4j#slf4j-api;1.7.32 from central in [default]","logger":"airflow.task.hooks.airflow.providers.standard.hooks.subprocess.SubprocessHook"}
{"timestamp":"2025-05-06T03:54:04.674402","level":"info","event":"\torg.spark-project.spark#unused;1.0.0 from central in [default]","logger":"airflow.task.hooks.airflow.providers.standard.hooks.subprocess.SubprocessHook"}
{"timestamp":"2025-05-06T03:54:04.674437","level":"info","event":"\torg.xerial.snappy#snappy-java;1.1.8.4 from central in [default]","logger":"airflow.task.hooks.airflow.providers.standard.hooks.subprocess.SubprocessHook"}
{"timestamp":"2025-05-06T03:54:04.674493","level":"info","event":"\t---------------------------------------------------------------------","logger":"airflow.task.hooks.airflow.providers.standard.hooks.subprocess.SubprocessHook"}
{"timestamp":"2025-05-06T03:54:04.674535","level":"info","event":"\t|                  |            modules            ||   artifacts   |","logger":"airflow.task.hooks.airflow.providers.standard.hooks.subprocess.SubprocessHook"}
{"timestamp":"2025-05-06T03:54:04.674572","level":"info","event":"\t|       conf       | number| search|dwnlded|evicted|| number|dwnlded|","logger":"airflow.task.hooks.airflow.providers.standard.hooks.subprocess.SubprocessHook"}
{"timestamp":"2025-05-06T03:54:04.674611","level":"info","event":"\t---------------------------------------------------------------------","logger":"airflow.task.hooks.airflow.providers.standard.hooks.subprocess.SubprocessHook"}
{"timestamp":"2025-05-06T03:54:04.674649","level":"info","event":"\t|      default     |   13  |   0   |   0   |   0   ||   13  |   0   |","logger":"airflow.task.hooks.airflow.providers.standard.hooks.subprocess.SubprocessHook"}
{"timestamp":"2025-05-06T03:54:04.674686","level":"info","event":"\t---------------------------------------------------------------------","logger":"airflow.task.hooks.airflow.providers.standard.hooks.subprocess.SubprocessHook"}
{"timestamp":"2025-05-06T03:54:04.678648","level":"info","event":":: retrieving :: org.apache.spark#spark-submit-parent-5c197096-667b-4cd1-b3e3-ffa26581dec7","logger":"airflow.task.hooks.airflow.providers.standard.hooks.subprocess.SubprocessHook"}
{"timestamp":"2025-05-06T03:54:04.678786","level":"info","event":"\tconfs: [default]","logger":"airflow.task.hooks.airflow.providers.standard.hooks.subprocess.SubprocessHook"}
{"timestamp":"2025-05-06T03:54:04.684045","level":"info","event":"\t0 artifacts copied, 13 already retrieved (0kB/5ms)","logger":"airflow.task.hooks.airflow.providers.standard.hooks.subprocess.SubprocessHook"}
{"timestamp":"2025-05-06T03:54:04.885929","level":"info","event":"25/05/06 12:54:04 WARN NativeCodeLoader: Unable to load native-hadoop library for your platform... using builtin-java classes where applicable","logger":"airflow.task.hooks.airflow.providers.standard.hooks.subprocess.SubprocessHook"}
{"timestamp":"2025-05-06T03:54:05.731662","level":"info","event":"25/05/06 12:54:05 INFO SparkContext: Running Spark version 3.3.2","logger":"airflow.task.hooks.airflow.providers.standard.hooks.subprocess.SubprocessHook"}
{"timestamp":"2025-05-06T03:54:05.749125","level":"info","event":"25/05/06 12:54:05 INFO ResourceUtils: ==============================================================","logger":"airflow.task.hooks.airflow.providers.standard.hooks.subprocess.SubprocessHook"}
{"timestamp":"2025-05-06T03:54:05.749315","level":"info","event":"25/05/06 12:54:05 INFO ResourceUtils: No custom resources configured for spark.driver.","logger":"airflow.task.hooks.airflow.providers.standard.hooks.subprocess.SubprocessHook"}
{"timestamp":"2025-05-06T03:54:05.749565","level":"info","event":"25/05/06 12:54:05 INFO ResourceUtils: ==============================================================","logger":"airflow.task.hooks.airflow.providers.standard.hooks.subprocess.SubprocessHook"}
{"timestamp":"2025-05-06T03:54:05.749857","level":"info","event":"25/05/06 12:54:05 INFO SparkContext: Submitted application: KafkaMySQLTransformation","logger":"airflow.task.hooks.airflow.providers.standard.hooks.subprocess.SubprocessHook"}
{"timestamp":"2025-05-06T03:54:05.776022","level":"info","event":"25/05/06 12:54:05 INFO ResourceProfile: Default ResourceProfile created, executor resources: Map(cores -> name: cores, amount: 1, script: , vendor: , memory -> name: memory, amount: 1024, script: , vendor: , offHeap -> name: offHeap, amount: 0, script: , vendor: ), task resources: Map(cpus -> name: cpus, amount: 1.0)","logger":"airflow.task.hooks.airflow.providers.standard.hooks.subprocess.SubprocessHook"}
{"timestamp":"2025-05-06T03:54:05.779556","level":"info","event":"25/05/06 12:54:05 INFO ResourceProfile: Limiting resource is cpu","logger":"airflow.task.hooks.airflow.providers.standard.hooks.subprocess.SubprocessHook"}
{"timestamp":"2025-05-06T03:54:05.780443","level":"info","event":"25/05/06 12:54:05 INFO ResourceProfileManager: Added ResourceProfile id: 0","logger":"airflow.task.hooks.airflow.providers.standard.hooks.subprocess.SubprocessHook"}
{"timestamp":"2025-05-06T03:54:05.843945","level":"info","event":"25/05/06 12:54:05 INFO SecurityManager: Changing view acls to: jjlee","logger":"airflow.task.hooks.airflow.providers.standard.hooks.subprocess.SubprocessHook"}
{"timestamp":"2025-05-06T03:54:05.844584","level":"info","event":"25/05/06 12:54:05 INFO SecurityManager: Changing modify acls to: jjlee","logger":"airflow.task.hooks.airflow.providers.standard.hooks.subprocess.SubprocessHook"}
{"timestamp":"2025-05-06T03:54:05.845161","level":"info","event":"25/05/06 12:54:05 INFO SecurityManager: Changing view acls groups to:","logger":"airflow.task.hooks.airflow.providers.standard.hooks.subprocess.SubprocessHook"}
{"timestamp":"2025-05-06T03:54:05.845596","level":"info","event":"25/05/06 12:54:05 INFO SecurityManager: Changing modify acls groups to:","logger":"airflow.task.hooks.airflow.providers.standard.hooks.subprocess.SubprocessHook"}
{"timestamp":"2025-05-06T03:54:05.846221","level":"info","event":"25/05/06 12:54:05 INFO SecurityManager: SecurityManager: authentication disabled; ui acls disabled; users  with view permissions: Set(jjlee); groups with view permissions: Set(); users  with modify permissions: Set(jjlee); groups with modify permissions: Set()","logger":"airflow.task.hooks.airflow.providers.standard.hooks.subprocess.SubprocessHook"}
{"timestamp":"2025-05-06T03:54:06.119579","level":"info","event":"25/05/06 12:54:06 INFO Utils: Successfully started service 'sparkDriver' on port 45439.","logger":"airflow.task.hooks.airflow.providers.standard.hooks.subprocess.SubprocessHook"}
{"timestamp":"2025-05-06T03:54:06.177755","level":"info","event":"25/05/06 12:54:06 INFO SparkEnv: Registering MapOutputTracker","logger":"airflow.task.hooks.airflow.providers.standard.hooks.subprocess.SubprocessHook"}
{"timestamp":"2025-05-06T03:54:06.210444","level":"info","event":"25/05/06 12:54:06 INFO SparkEnv: Registering BlockManagerMaster","logger":"airflow.task.hooks.airflow.providers.standard.hooks.subprocess.SubprocessHook"}
{"timestamp":"2025-05-06T03:54:06.234880","level":"info","event":"25/05/06 12:54:06 INFO BlockManagerMasterEndpoint: Using org.apache.spark.storage.DefaultTopologyMapper for getting topology information","logger":"airflow.task.hooks.airflow.providers.standard.hooks.subprocess.SubprocessHook"}
{"timestamp":"2025-05-06T03:54:06.235294","level":"info","event":"25/05/06 12:54:06 INFO BlockManagerMasterEndpoint: BlockManagerMasterEndpoint up","logger":"airflow.task.hooks.airflow.providers.standard.hooks.subprocess.SubprocessHook"}
{"timestamp":"2025-05-06T03:54:06.238948","level":"info","event":"25/05/06 12:54:06 INFO SparkEnv: Registering BlockManagerMasterHeartbeat","logger":"airflow.task.hooks.airflow.providers.standard.hooks.subprocess.SubprocessHook"}
{"timestamp":"2025-05-06T03:54:06.261846","level":"info","event":"25/05/06 12:54:06 INFO DiskBlockManager: Created local directory at /tmp/blockmgr-232da7bd-618f-4e6e-9dd3-77e061178113","logger":"airflow.task.hooks.airflow.providers.standard.hooks.subprocess.SubprocessHook"}
{"timestamp":"2025-05-06T03:54:06.275227","level":"info","event":"25/05/06 12:54:06 INFO MemoryStore: MemoryStore started with capacity 434.4 MiB","logger":"airflow.task.hooks.airflow.providers.standard.hooks.subprocess.SubprocessHook"}
{"timestamp":"2025-05-06T03:54:06.287127","level":"info","event":"25/05/06 12:54:06 INFO SparkEnv: Registering OutputCommitCoordinator","logger":"airflow.task.hooks.airflow.providers.standard.hooks.subprocess.SubprocessHook"}
{"timestamp":"2025-05-06T03:54:06.492320","level":"info","event":"25/05/06 12:54:06 INFO Utils: Successfully started service 'SparkUI' on port 4040.","logger":"airflow.task.hooks.airflow.providers.standard.hooks.subprocess.SubprocessHook"}
{"timestamp":"2025-05-06T03:54:06.518533","level":"info","event":"25/05/06 12:54:06 INFO SparkContext: Added JAR file:///home/jjlee/workspace/GSBE/mysql-connector-java-8.4.0.jar at spark://172.23.182.114:45439/jars/mysql-connector-java-8.4.0.jar with timestamp 1746503645725","logger":"airflow.task.hooks.airflow.providers.standard.hooks.subprocess.SubprocessHook"}
{"timestamp":"2025-05-06T03:54:06.518681","level":"info","event":"25/05/06 12:54:06 INFO SparkContext: Added JAR file:///home/jjlee/.ivy2/jars/org.apache.spark_spark-sql-kafka-0-10_2.13-3.3.2.jar at spark://172.23.182.114:45439/jars/org.apache.spark_spark-sql-kafka-0-10_2.13-3.3.2.jar with timestamp 1746503645725","logger":"airflow.task.hooks.airflow.providers.standard.hooks.subprocess.SubprocessHook"}
{"timestamp":"2025-05-06T03:54:06.518822","level":"info","event":"25/05/06 12:54:06 INFO SparkContext: Added JAR file:///home/jjlee/.ivy2/jars/org.apache.spark_spark-token-provider-kafka-0-10_2.13-3.3.2.jar at spark://172.23.182.114:45439/jars/org.apache.spark_spark-token-provider-kafka-0-10_2.13-3.3.2.jar with timestamp 1746503645725","logger":"airflow.task.hooks.airflow.providers.standard.hooks.subprocess.SubprocessHook"}
{"timestamp":"2025-05-06T03:54:06.518949","level":"info","event":"25/05/06 12:54:06 INFO SparkContext: Added JAR file:///home/jjlee/.ivy2/jars/org.scala-lang.modules_scala-parallel-collections_2.13-1.0.3.jar at spark://172.23.182.114:45439/jars/org.scala-lang.modules_scala-parallel-collections_2.13-1.0.3.jar with timestamp 1746503645725","logger":"airflow.task.hooks.airflow.providers.standard.hooks.subprocess.SubprocessHook"}
{"timestamp":"2025-05-06T03:54:06.519070","level":"info","event":"25/05/06 12:54:06 INFO SparkContext: Added JAR file:///home/jjlee/.ivy2/jars/org.apache.kafka_kafka-clients-2.8.1.jar at spark://172.23.182.114:45439/jars/org.apache.kafka_kafka-clients-2.8.1.jar with timestamp 1746503645725","logger":"airflow.task.hooks.airflow.providers.standard.hooks.subprocess.SubprocessHook"}
{"timestamp":"2025-05-06T03:54:06.519188","level":"info","event":"25/05/06 12:54:06 INFO SparkContext: Added JAR file:///home/jjlee/.ivy2/jars/com.google.code.findbugs_jsr305-3.0.0.jar at spark://172.23.182.114:45439/jars/com.google.code.findbugs_jsr305-3.0.0.jar with timestamp 1746503645725","logger":"airflow.task.hooks.airflow.providers.standard.hooks.subprocess.SubprocessHook"}
{"timestamp":"2025-05-06T03:54:06.519306","level":"info","event":"25/05/06 12:54:06 INFO SparkContext: Added JAR file:///home/jjlee/.ivy2/jars/org.apache.commons_commons-pool2-2.11.1.jar at spark://172.23.182.114:45439/jars/org.apache.commons_commons-pool2-2.11.1.jar with timestamp 1746503645725","logger":"airflow.task.hooks.airflow.providers.standard.hooks.subprocess.SubprocessHook"}
{"timestamp":"2025-05-06T03:54:06.519435","level":"info","event":"25/05/06 12:54:06 INFO SparkContext: Added JAR file:///home/jjlee/.ivy2/jars/org.spark-project.spark_unused-1.0.0.jar at spark://172.23.182.114:45439/jars/org.spark-project.spark_unused-1.0.0.jar with timestamp 1746503645725","logger":"airflow.task.hooks.airflow.providers.standard.hooks.subprocess.SubprocessHook"}
{"timestamp":"2025-05-06T03:54:06.519584","level":"info","event":"25/05/06 12:54:06 INFO SparkContext: Added JAR file:///home/jjlee/.ivy2/jars/org.apache.hadoop_hadoop-client-runtime-3.3.2.jar at spark://172.23.182.114:45439/jars/org.apache.hadoop_hadoop-client-runtime-3.3.2.jar with timestamp 1746503645725","logger":"airflow.task.hooks.airflow.providers.standard.hooks.subprocess.SubprocessHook"}
{"timestamp":"2025-05-06T03:54:06.519731","level":"info","event":"25/05/06 12:54:06 INFO SparkContext: Added JAR file:///home/jjlee/.ivy2/jars/org.lz4_lz4-java-1.8.0.jar at spark://172.23.182.114:45439/jars/org.lz4_lz4-java-1.8.0.jar with timestamp 1746503645725","logger":"airflow.task.hooks.airflow.providers.standard.hooks.subprocess.SubprocessHook"}
{"timestamp":"2025-05-06T03:54:06.519858","level":"info","event":"25/05/06 12:54:06 INFO SparkContext: Added JAR file:///home/jjlee/.ivy2/jars/org.xerial.snappy_snappy-java-1.1.8.4.jar at spark://172.23.182.114:45439/jars/org.xerial.snappy_snappy-java-1.1.8.4.jar with timestamp 1746503645725","logger":"airflow.task.hooks.airflow.providers.standard.hooks.subprocess.SubprocessHook"}
{"timestamp":"2025-05-06T03:54:06.519990","level":"info","event":"25/05/06 12:54:06 INFO SparkContext: Added JAR file:///home/jjlee/.ivy2/jars/org.slf4j_slf4j-api-1.7.32.jar at spark://172.23.182.114:45439/jars/org.slf4j_slf4j-api-1.7.32.jar with timestamp 1746503645725","logger":"airflow.task.hooks.airflow.providers.standard.hooks.subprocess.SubprocessHook"}
{"timestamp":"2025-05-06T03:54:06.520109","level":"info","event":"25/05/06 12:54:06 INFO SparkContext: Added JAR file:///home/jjlee/.ivy2/jars/org.apache.hadoop_hadoop-client-api-3.3.2.jar at spark://172.23.182.114:45439/jars/org.apache.hadoop_hadoop-client-api-3.3.2.jar with timestamp 1746503645725","logger":"airflow.task.hooks.airflow.providers.standard.hooks.subprocess.SubprocessHook"}
{"timestamp":"2025-05-06T03:54:06.520230","level":"info","event":"25/05/06 12:54:06 INFO SparkContext: Added JAR file:///home/jjlee/.ivy2/jars/commons-logging_commons-logging-1.1.3.jar at spark://172.23.182.114:45439/jars/commons-logging_commons-logging-1.1.3.jar with timestamp 1746503645725","logger":"airflow.task.hooks.airflow.providers.standard.hooks.subprocess.SubprocessHook"}
{"timestamp":"2025-05-06T03:54:06.522016","level":"info","event":"25/05/06 12:54:06 INFO SparkContext: Added file file:///home/jjlee/.ivy2/jars/org.apache.spark_spark-sql-kafka-0-10_2.13-3.3.2.jar at file:///home/jjlee/.ivy2/jars/org.apache.spark_spark-sql-kafka-0-10_2.13-3.3.2.jar with timestamp 1746503645725","logger":"airflow.task.hooks.airflow.providers.standard.hooks.subprocess.SubprocessHook"}
{"timestamp":"2025-05-06T03:54:06.522921","level":"info","event":"25/05/06 12:54:06 INFO Utils: Copying /home/jjlee/.ivy2/jars/org.apache.spark_spark-sql-kafka-0-10_2.13-3.3.2.jar to /tmp/spark-50cc3c61-e280-4b05-b858-7ead718d4b83/userFiles-d00b48aa-0925-4e10-ae61-08a17b7b0821/org.apache.spark_spark-sql-kafka-0-10_2.13-3.3.2.jar","logger":"airflow.task.hooks.airflow.providers.standard.hooks.subprocess.SubprocessHook"}
{"timestamp":"2025-05-06T03:54:06.533194","level":"info","event":"25/05/06 12:54:06 INFO SparkContext: Added file file:///home/jjlee/.ivy2/jars/org.apache.spark_spark-token-provider-kafka-0-10_2.13-3.3.2.jar at file:///home/jjlee/.ivy2/jars/org.apache.spark_spark-token-provider-kafka-0-10_2.13-3.3.2.jar with timestamp 1746503645725","logger":"airflow.task.hooks.airflow.providers.standard.hooks.subprocess.SubprocessHook"}
{"timestamp":"2025-05-06T03:54:06.533320","level":"info","event":"25/05/06 12:54:06 INFO Utils: Copying /home/jjlee/.ivy2/jars/org.apache.spark_spark-token-provider-kafka-0-10_2.13-3.3.2.jar to /tmp/spark-50cc3c61-e280-4b05-b858-7ead718d4b83/userFiles-d00b48aa-0925-4e10-ae61-08a17b7b0821/org.apache.spark_spark-token-provider-kafka-0-10_2.13-3.3.2.jar","logger":"airflow.task.hooks.airflow.providers.standard.hooks.subprocess.SubprocessHook"}
{"timestamp":"2025-05-06T03:54:06.536405","level":"info","event":"25/05/06 12:54:06 INFO SparkContext: Added file file:///home/jjlee/.ivy2/jars/org.scala-lang.modules_scala-parallel-collections_2.13-1.0.3.jar at file:///home/jjlee/.ivy2/jars/org.scala-lang.modules_scala-parallel-collections_2.13-1.0.3.jar with timestamp 1746503645725","logger":"airflow.task.hooks.airflow.providers.standard.hooks.subprocess.SubprocessHook"}
{"timestamp":"2025-05-06T03:54:06.536532","level":"info","event":"25/05/06 12:54:06 INFO Utils: Copying /home/jjlee/.ivy2/jars/org.scala-lang.modules_scala-parallel-collections_2.13-1.0.3.jar to /tmp/spark-50cc3c61-e280-4b05-b858-7ead718d4b83/userFiles-d00b48aa-0925-4e10-ae61-08a17b7b0821/org.scala-lang.modules_scala-parallel-collections_2.13-1.0.3.jar","logger":"airflow.task.hooks.airflow.providers.standard.hooks.subprocess.SubprocessHook"}
{"timestamp":"2025-05-06T03:54:06.542763","level":"info","event":"25/05/06 12:54:06 INFO SparkContext: Added file file:///home/jjlee/.ivy2/jars/org.apache.kafka_kafka-clients-2.8.1.jar at file:///home/jjlee/.ivy2/jars/org.apache.kafka_kafka-clients-2.8.1.jar with timestamp 1746503645725","logger":"airflow.task.hooks.airflow.providers.standard.hooks.subprocess.SubprocessHook"}
{"timestamp":"2025-05-06T03:54:06.542908","level":"info","event":"25/05/06 12:54:06 INFO Utils: Copying /home/jjlee/.ivy2/jars/org.apache.kafka_kafka-clients-2.8.1.jar to /tmp/spark-50cc3c61-e280-4b05-b858-7ead718d4b83/userFiles-d00b48aa-0925-4e10-ae61-08a17b7b0821/org.apache.kafka_kafka-clients-2.8.1.jar","logger":"airflow.task.hooks.airflow.providers.standard.hooks.subprocess.SubprocessHook"}
{"timestamp":"2025-05-06T03:54:06.555138","level":"info","event":"25/05/06 12:54:06 INFO SparkContext: Added file file:///home/jjlee/.ivy2/jars/com.google.code.findbugs_jsr305-3.0.0.jar at file:///home/jjlee/.ivy2/jars/com.google.code.findbugs_jsr305-3.0.0.jar with timestamp 1746503645725","logger":"airflow.task.hooks.airflow.providers.standard.hooks.subprocess.SubprocessHook"}
{"timestamp":"2025-05-06T03:54:06.555331","level":"info","event":"25/05/06 12:54:06 INFO Utils: Copying /home/jjlee/.ivy2/jars/com.google.code.findbugs_jsr305-3.0.0.jar to /tmp/spark-50cc3c61-e280-4b05-b858-7ead718d4b83/userFiles-d00b48aa-0925-4e10-ae61-08a17b7b0821/com.google.code.findbugs_jsr305-3.0.0.jar","logger":"airflow.task.hooks.airflow.providers.standard.hooks.subprocess.SubprocessHook"}
{"timestamp":"2025-05-06T03:54:06.558577","level":"info","event":"25/05/06 12:54:06 INFO SparkContext: Added file file:///home/jjlee/.ivy2/jars/org.apache.commons_commons-pool2-2.11.1.jar at file:///home/jjlee/.ivy2/jars/org.apache.commons_commons-pool2-2.11.1.jar with timestamp 1746503645725","logger":"airflow.task.hooks.airflow.providers.standard.hooks.subprocess.SubprocessHook"}
{"timestamp":"2025-05-06T03:54:06.558698","level":"info","event":"25/05/06 12:54:06 INFO Utils: Copying /home/jjlee/.ivy2/jars/org.apache.commons_commons-pool2-2.11.1.jar to /tmp/spark-50cc3c61-e280-4b05-b858-7ead718d4b83/userFiles-d00b48aa-0925-4e10-ae61-08a17b7b0821/org.apache.commons_commons-pool2-2.11.1.jar","logger":"airflow.task.hooks.airflow.providers.standard.hooks.subprocess.SubprocessHook"}
{"timestamp":"2025-05-06T03:54:06.561882","level":"info","event":"25/05/06 12:54:06 INFO SparkContext: Added file file:///home/jjlee/.ivy2/jars/org.spark-project.spark_unused-1.0.0.jar at file:///home/jjlee/.ivy2/jars/org.spark-project.spark_unused-1.0.0.jar with timestamp 1746503645725","logger":"airflow.task.hooks.airflow.providers.standard.hooks.subprocess.SubprocessHook"}
{"timestamp":"2025-05-06T03:54:06.561991","level":"info","event":"25/05/06 12:54:06 INFO Utils: Copying /home/jjlee/.ivy2/jars/org.spark-project.spark_unused-1.0.0.jar to /tmp/spark-50cc3c61-e280-4b05-b858-7ead718d4b83/userFiles-d00b48aa-0925-4e10-ae61-08a17b7b0821/org.spark-project.spark_unused-1.0.0.jar","logger":"airflow.task.hooks.airflow.providers.standard.hooks.subprocess.SubprocessHook"}
{"timestamp":"2025-05-06T03:54:06.564409","level":"info","event":"25/05/06 12:54:06 INFO SparkContext: Added file file:///home/jjlee/.ivy2/jars/org.apache.hadoop_hadoop-client-runtime-3.3.2.jar at file:///home/jjlee/.ivy2/jars/org.apache.hadoop_hadoop-client-runtime-3.3.2.jar with timestamp 1746503645725","logger":"airflow.task.hooks.airflow.providers.standard.hooks.subprocess.SubprocessHook"}
{"timestamp":"2025-05-06T03:54:06.564523","level":"info","event":"25/05/06 12:54:06 INFO Utils: Copying /home/jjlee/.ivy2/jars/org.apache.hadoop_hadoop-client-runtime-3.3.2.jar to /tmp/spark-50cc3c61-e280-4b05-b858-7ead718d4b83/userFiles-d00b48aa-0925-4e10-ae61-08a17b7b0821/org.apache.hadoop_hadoop-client-runtime-3.3.2.jar","logger":"airflow.task.hooks.airflow.providers.standard.hooks.subprocess.SubprocessHook"}
{"timestamp":"2025-05-06T03:54:06.627368","level":"info","event":"25/05/06 12:54:06 INFO SparkContext: Added file file:///home/jjlee/.ivy2/jars/org.lz4_lz4-java-1.8.0.jar at file:///home/jjlee/.ivy2/jars/org.lz4_lz4-java-1.8.0.jar with timestamp 1746503645725","logger":"airflow.task.hooks.airflow.providers.standard.hooks.subprocess.SubprocessHook"}
{"timestamp":"2025-05-06T03:54:06.627537","level":"info","event":"25/05/06 12:54:06 INFO Utils: Copying /home/jjlee/.ivy2/jars/org.lz4_lz4-java-1.8.0.jar to /tmp/spark-50cc3c61-e280-4b05-b858-7ead718d4b83/userFiles-d00b48aa-0925-4e10-ae61-08a17b7b0821/org.lz4_lz4-java-1.8.0.jar","logger":"airflow.task.hooks.airflow.providers.standard.hooks.subprocess.SubprocessHook"}
{"timestamp":"2025-05-06T03:54:06.637286","level":"info","event":"25/05/06 12:54:06 INFO SparkContext: Added file file:///home/jjlee/.ivy2/jars/org.xerial.snappy_snappy-java-1.1.8.4.jar at file:///home/jjlee/.ivy2/jars/org.xerial.snappy_snappy-java-1.1.8.4.jar with timestamp 1746503645725","logger":"airflow.task.hooks.airflow.providers.standard.hooks.subprocess.SubprocessHook"}
{"timestamp":"2025-05-06T03:54:06.637713","level":"info","event":"25/05/06 12:54:06 INFO Utils: Copying /home/jjlee/.ivy2/jars/org.xerial.snappy_snappy-java-1.1.8.4.jar to /tmp/spark-50cc3c61-e280-4b05-b858-7ead718d4b83/userFiles-d00b48aa-0925-4e10-ae61-08a17b7b0821/org.xerial.snappy_snappy-java-1.1.8.4.jar","logger":"airflow.task.hooks.airflow.providers.standard.hooks.subprocess.SubprocessHook"}
{"timestamp":"2025-05-06T03:54:06.654860","level":"info","event":"25/05/06 12:54:06 INFO SparkContext: Added file file:///home/jjlee/.ivy2/jars/org.slf4j_slf4j-api-1.7.32.jar at file:///home/jjlee/.ivy2/jars/org.slf4j_slf4j-api-1.7.32.jar with timestamp 1746503645725","logger":"airflow.task.hooks.airflow.providers.standard.hooks.subprocess.SubprocessHook"}
{"timestamp":"2025-05-06T03:54:06.654978","level":"info","event":"25/05/06 12:54:06 INFO Utils: Copying /home/jjlee/.ivy2/jars/org.slf4j_slf4j-api-1.7.32.jar to /tmp/spark-50cc3c61-e280-4b05-b858-7ead718d4b83/userFiles-d00b48aa-0925-4e10-ae61-08a17b7b0821/org.slf4j_slf4j-api-1.7.32.jar","logger":"airflow.task.hooks.airflow.providers.standard.hooks.subprocess.SubprocessHook"}
{"timestamp":"2025-05-06T03:54:06.658264","level":"info","event":"25/05/06 12:54:06 INFO SparkContext: Added file file:///home/jjlee/.ivy2/jars/org.apache.hadoop_hadoop-client-api-3.3.2.jar at file:///home/jjlee/.ivy2/jars/org.apache.hadoop_hadoop-client-api-3.3.2.jar with timestamp 1746503645725","logger":"airflow.task.hooks.airflow.providers.standard.hooks.subprocess.SubprocessHook"}
{"timestamp":"2025-05-06T03:54:06.658404","level":"info","event":"25/05/06 12:54:06 INFO Utils: Copying /home/jjlee/.ivy2/jars/org.apache.hadoop_hadoop-client-api-3.3.2.jar to /tmp/spark-50cc3c61-e280-4b05-b858-7ead718d4b83/userFiles-d00b48aa-0925-4e10-ae61-08a17b7b0821/org.apache.hadoop_hadoop-client-api-3.3.2.jar","logger":"airflow.task.hooks.airflow.providers.standard.hooks.subprocess.SubprocessHook"}
{"timestamp":"2025-05-06T03:54:06.700258","level":"info","event":"25/05/06 12:54:06 INFO SparkContext: Added file file:///home/jjlee/.ivy2/jars/commons-logging_commons-logging-1.1.3.jar at file:///home/jjlee/.ivy2/jars/commons-logging_commons-logging-1.1.3.jar with timestamp 1746503645725","logger":"airflow.task.hooks.airflow.providers.standard.hooks.subprocess.SubprocessHook"}
{"timestamp":"2025-05-06T03:54:06.700391","level":"info","event":"25/05/06 12:54:06 INFO Utils: Copying /home/jjlee/.ivy2/jars/commons-logging_commons-logging-1.1.3.jar to /tmp/spark-50cc3c61-e280-4b05-b858-7ead718d4b83/userFiles-d00b48aa-0925-4e10-ae61-08a17b7b0821/commons-logging_commons-logging-1.1.3.jar","logger":"airflow.task.hooks.airflow.providers.standard.hooks.subprocess.SubprocessHook"}
{"timestamp":"2025-05-06T03:54:06.767798","level":"info","event":"25/05/06 12:54:06 INFO Executor: Starting executor ID driver on host 172.23.182.114","logger":"airflow.task.hooks.airflow.providers.standard.hooks.subprocess.SubprocessHook"}
{"timestamp":"2025-05-06T03:54:06.773619","level":"info","event":"25/05/06 12:54:06 INFO Executor: Starting executor with user classpath (userClassPathFirst = false): ''","logger":"airflow.task.hooks.airflow.providers.standard.hooks.subprocess.SubprocessHook"}
{"timestamp":"2025-05-06T03:54:06.786908","level":"info","event":"25/05/06 12:54:06 INFO Executor: Fetching file:///home/jjlee/.ivy2/jars/org.apache.hadoop_hadoop-client-runtime-3.3.2.jar with timestamp 1746503645725","logger":"airflow.task.hooks.airflow.providers.standard.hooks.subprocess.SubprocessHook"}
{"timestamp":"2025-05-06T03:54:06.826841","level":"info","event":"25/05/06 12:54:06 INFO Utils: /home/jjlee/.ivy2/jars/org.apache.hadoop_hadoop-client-runtime-3.3.2.jar has been previously copied to /tmp/spark-50cc3c61-e280-4b05-b858-7ead718d4b83/userFiles-d00b48aa-0925-4e10-ae61-08a17b7b0821/org.apache.hadoop_hadoop-client-runtime-3.3.2.jar","logger":"airflow.task.hooks.airflow.providers.standard.hooks.subprocess.SubprocessHook"}
{"timestamp":"2025-05-06T03:54:06.830097","level":"info","event":"25/05/06 12:54:06 INFO Executor: Fetching file:///home/jjlee/.ivy2/jars/org.apache.hadoop_hadoop-client-api-3.3.2.jar with timestamp 1746503645725","logger":"airflow.task.hooks.airflow.providers.standard.hooks.subprocess.SubprocessHook"}
{"timestamp":"2025-05-06T03:54:06.840112","level":"info","event":"25/05/06 12:54:06 INFO Utils: /home/jjlee/.ivy2/jars/org.apache.hadoop_hadoop-client-api-3.3.2.jar has been previously copied to /tmp/spark-50cc3c61-e280-4b05-b858-7ead718d4b83/userFiles-d00b48aa-0925-4e10-ae61-08a17b7b0821/org.apache.hadoop_hadoop-client-api-3.3.2.jar","logger":"airflow.task.hooks.airflow.providers.standard.hooks.subprocess.SubprocessHook"}
{"timestamp":"2025-05-06T03:54:06.842570","level":"info","event":"25/05/06 12:54:06 INFO Executor: Fetching file:///home/jjlee/.ivy2/jars/org.scala-lang.modules_scala-parallel-collections_2.13-1.0.3.jar with timestamp 1746503645725","logger":"airflow.task.hooks.airflow.providers.standard.hooks.subprocess.SubprocessHook"}
{"timestamp":"2025-05-06T03:54:06.843649","level":"info","event":"25/05/06 12:54:06 INFO Utils: /home/jjlee/.ivy2/jars/org.scala-lang.modules_scala-parallel-collections_2.13-1.0.3.jar has been previously copied to /tmp/spark-50cc3c61-e280-4b05-b858-7ead718d4b83/userFiles-d00b48aa-0925-4e10-ae61-08a17b7b0821/org.scala-lang.modules_scala-parallel-collections_2.13-1.0.3.jar","logger":"airflow.task.hooks.airflow.providers.standard.hooks.subprocess.SubprocessHook"}
{"timestamp":"2025-05-06T03:54:06.846062","level":"info","event":"25/05/06 12:54:06 INFO Executor: Fetching file:///home/jjlee/.ivy2/jars/commons-logging_commons-logging-1.1.3.jar with timestamp 1746503645725","logger":"airflow.task.hooks.airflow.providers.standard.hooks.subprocess.SubprocessHook"}
{"timestamp":"2025-05-06T03:54:06.846313","level":"info","event":"25/05/06 12:54:06 INFO Utils: /home/jjlee/.ivy2/jars/commons-logging_commons-logging-1.1.3.jar has been previously copied to /tmp/spark-50cc3c61-e280-4b05-b858-7ead718d4b83/userFiles-d00b48aa-0925-4e10-ae61-08a17b7b0821/commons-logging_commons-logging-1.1.3.jar","logger":"airflow.task.hooks.airflow.providers.standard.hooks.subprocess.SubprocessHook"}
{"timestamp":"2025-05-06T03:54:06.848253","level":"info","event":"25/05/06 12:54:06 INFO Executor: Fetching file:///home/jjlee/.ivy2/jars/org.xerial.snappy_snappy-java-1.1.8.4.jar with timestamp 1746503645725","logger":"airflow.task.hooks.airflow.providers.standard.hooks.subprocess.SubprocessHook"}
{"timestamp":"2025-05-06T03:54:06.849784","level":"info","event":"25/05/06 12:54:06 INFO Utils: /home/jjlee/.ivy2/jars/org.xerial.snappy_snappy-java-1.1.8.4.jar has been previously copied to /tmp/spark-50cc3c61-e280-4b05-b858-7ead718d4b83/userFiles-d00b48aa-0925-4e10-ae61-08a17b7b0821/org.xerial.snappy_snappy-java-1.1.8.4.jar","logger":"airflow.task.hooks.airflow.providers.standard.hooks.subprocess.SubprocessHook"}
{"timestamp":"2025-05-06T03:54:06.853068","level":"info","event":"25/05/06 12:54:06 INFO Executor: Fetching file:///home/jjlee/.ivy2/jars/com.google.code.findbugs_jsr305-3.0.0.jar with timestamp 1746503645725","logger":"airflow.task.hooks.airflow.providers.standard.hooks.subprocess.SubprocessHook"}
{"timestamp":"2025-05-06T03:54:06.853380","level":"info","event":"25/05/06 12:54:06 INFO Utils: /home/jjlee/.ivy2/jars/com.google.code.findbugs_jsr305-3.0.0.jar has been previously copied to /tmp/spark-50cc3c61-e280-4b05-b858-7ead718d4b83/userFiles-d00b48aa-0925-4e10-ae61-08a17b7b0821/com.google.code.findbugs_jsr305-3.0.0.jar","logger":"airflow.task.hooks.airflow.providers.standard.hooks.subprocess.SubprocessHook"}
{"timestamp":"2025-05-06T03:54:06.856412","level":"info","event":"25/05/06 12:54:06 INFO Executor: Fetching file:///home/jjlee/.ivy2/jars/org.apache.commons_commons-pool2-2.11.1.jar with timestamp 1746503645725","logger":"airflow.task.hooks.airflow.providers.standard.hooks.subprocess.SubprocessHook"}
{"timestamp":"2025-05-06T03:54:06.856920","level":"info","event":"25/05/06 12:54:06 INFO Utils: /home/jjlee/.ivy2/jars/org.apache.commons_commons-pool2-2.11.1.jar has been previously copied to /tmp/spark-50cc3c61-e280-4b05-b858-7ead718d4b83/userFiles-d00b48aa-0925-4e10-ae61-08a17b7b0821/org.apache.commons_commons-pool2-2.11.1.jar","logger":"airflow.task.hooks.airflow.providers.standard.hooks.subprocess.SubprocessHook"}
{"timestamp":"2025-05-06T03:54:06.859716","level":"info","event":"25/05/06 12:54:06 INFO Executor: Fetching file:///home/jjlee/.ivy2/jars/org.slf4j_slf4j-api-1.7.32.jar with timestamp 1746503645725","logger":"airflow.task.hooks.airflow.providers.standard.hooks.subprocess.SubprocessHook"}
{"timestamp":"2025-05-06T03:54:06.860059","level":"info","event":"25/05/06 12:54:06 INFO Utils: /home/jjlee/.ivy2/jars/org.slf4j_slf4j-api-1.7.32.jar has been previously copied to /tmp/spark-50cc3c61-e280-4b05-b858-7ead718d4b83/userFiles-d00b48aa-0925-4e10-ae61-08a17b7b0821/org.slf4j_slf4j-api-1.7.32.jar","logger":"airflow.task.hooks.airflow.providers.standard.hooks.subprocess.SubprocessHook"}
{"timestamp":"2025-05-06T03:54:06.862611","level":"info","event":"25/05/06 12:54:06 INFO Executor: Fetching file:///home/jjlee/.ivy2/jars/org.apache.spark_spark-token-provider-kafka-0-10_2.13-3.3.2.jar with timestamp 1746503645725","logger":"airflow.task.hooks.airflow.providers.standard.hooks.subprocess.SubprocessHook"}
{"timestamp":"2025-05-06T03:54:06.863016","level":"info","event":"25/05/06 12:54:06 INFO Utils: /home/jjlee/.ivy2/jars/org.apache.spark_spark-token-provider-kafka-0-10_2.13-3.3.2.jar has been previously copied to /tmp/spark-50cc3c61-e280-4b05-b858-7ead718d4b83/userFiles-d00b48aa-0925-4e10-ae61-08a17b7b0821/org.apache.spark_spark-token-provider-kafka-0-10_2.13-3.3.2.jar","logger":"airflow.task.hooks.airflow.providers.standard.hooks.subprocess.SubprocessHook"}
{"timestamp":"2025-05-06T03:54:06.865672","level":"info","event":"25/05/06 12:54:06 INFO Executor: Fetching file:///home/jjlee/.ivy2/jars/org.spark-project.spark_unused-1.0.0.jar with timestamp 1746503645725","logger":"airflow.task.hooks.airflow.providers.standard.hooks.subprocess.SubprocessHook"}
{"timestamp":"2025-05-06T03:54:06.866133","level":"info","event":"25/05/06 12:54:06 INFO Utils: /home/jjlee/.ivy2/jars/org.spark-project.spark_unused-1.0.0.jar has been previously copied to /tmp/spark-50cc3c61-e280-4b05-b858-7ead718d4b83/userFiles-d00b48aa-0925-4e10-ae61-08a17b7b0821/org.spark-project.spark_unused-1.0.0.jar","logger":"airflow.task.hooks.airflow.providers.standard.hooks.subprocess.SubprocessHook"}
{"timestamp":"2025-05-06T03:54:06.868704","level":"info","event":"25/05/06 12:54:06 INFO Executor: Fetching file:///home/jjlee/.ivy2/jars/org.apache.kafka_kafka-clients-2.8.1.jar with timestamp 1746503645725","logger":"airflow.task.hooks.airflow.providers.standard.hooks.subprocess.SubprocessHook"}
{"timestamp":"2025-05-06T03:54:06.871584","level":"info","event":"25/05/06 12:54:06 INFO Utils: /home/jjlee/.ivy2/jars/org.apache.kafka_kafka-clients-2.8.1.jar has been previously copied to /tmp/spark-50cc3c61-e280-4b05-b858-7ead718d4b83/userFiles-d00b48aa-0925-4e10-ae61-08a17b7b0821/org.apache.kafka_kafka-clients-2.8.1.jar","logger":"airflow.task.hooks.airflow.providers.standard.hooks.subprocess.SubprocessHook"}
{"timestamp":"2025-05-06T03:54:06.874026","level":"info","event":"25/05/06 12:54:06 INFO Executor: Fetching file:///home/jjlee/.ivy2/jars/org.apache.spark_spark-sql-kafka-0-10_2.13-3.3.2.jar with timestamp 1746503645725","logger":"airflow.task.hooks.airflow.providers.standard.hooks.subprocess.SubprocessHook"}
{"timestamp":"2025-05-06T03:54:06.874520","level":"info","event":"25/05/06 12:54:06 INFO Utils: /home/jjlee/.ivy2/jars/org.apache.spark_spark-sql-kafka-0-10_2.13-3.3.2.jar has been previously copied to /tmp/spark-50cc3c61-e280-4b05-b858-7ead718d4b83/userFiles-d00b48aa-0925-4e10-ae61-08a17b7b0821/org.apache.spark_spark-sql-kafka-0-10_2.13-3.3.2.jar","logger":"airflow.task.hooks.airflow.providers.standard.hooks.subprocess.SubprocessHook"}
{"timestamp":"2025-05-06T03:54:06.877281","level":"info","event":"25/05/06 12:54:06 INFO Executor: Fetching file:///home/jjlee/.ivy2/jars/org.lz4_lz4-java-1.8.0.jar with timestamp 1746503645725","logger":"airflow.task.hooks.airflow.providers.standard.hooks.subprocess.SubprocessHook"}
{"timestamp":"2025-05-06T03:54:06.878081","level":"info","event":"25/05/06 12:54:06 INFO Utils: /home/jjlee/.ivy2/jars/org.lz4_lz4-java-1.8.0.jar has been previously copied to /tmp/spark-50cc3c61-e280-4b05-b858-7ead718d4b83/userFiles-d00b48aa-0925-4e10-ae61-08a17b7b0821/org.lz4_lz4-java-1.8.0.jar","logger":"airflow.task.hooks.airflow.providers.standard.hooks.subprocess.SubprocessHook"}
{"timestamp":"2025-05-06T03:54:06.893247","level":"info","event":"25/05/06 12:54:06 INFO Executor: Fetching spark://172.23.182.114:45439/jars/com.google.code.findbugs_jsr305-3.0.0.jar with timestamp 1746503645725","logger":"airflow.task.hooks.airflow.providers.standard.hooks.subprocess.SubprocessHook"}
{"timestamp":"2025-05-06T03:54:06.938922","level":"info","event":"25/05/06 12:54:06 INFO TransportClientFactory: Successfully created connection to /172.23.182.114:45439 after 30 ms (0 ms spent in bootstraps)","logger":"airflow.task.hooks.airflow.providers.standard.hooks.subprocess.SubprocessHook"}
{"timestamp":"2025-05-06T03:54:06.944696","level":"info","event":"25/05/06 12:54:06 INFO Utils: Fetching spark://172.23.182.114:45439/jars/com.google.code.findbugs_jsr305-3.0.0.jar to /tmp/spark-50cc3c61-e280-4b05-b858-7ead718d4b83/userFiles-d00b48aa-0925-4e10-ae61-08a17b7b0821/fetchFileTemp14644663389715698294.tmp","logger":"airflow.task.hooks.airflow.providers.standard.hooks.subprocess.SubprocessHook"}
{"timestamp":"2025-05-06T03:54:06.971655","level":"info","event":"25/05/06 12:54:06 INFO Utils: /tmp/spark-50cc3c61-e280-4b05-b858-7ead718d4b83/userFiles-d00b48aa-0925-4e10-ae61-08a17b7b0821/fetchFileTemp14644663389715698294.tmp has been previously copied to /tmp/spark-50cc3c61-e280-4b05-b858-7ead718d4b83/userFiles-d00b48aa-0925-4e10-ae61-08a17b7b0821/com.google.code.findbugs_jsr305-3.0.0.jar","logger":"airflow.task.hooks.airflow.providers.standard.hooks.subprocess.SubprocessHook"}
{"timestamp":"2025-05-06T03:54:06.974635","level":"info","event":"25/05/06 12:54:06 INFO Executor: Adding file:/tmp/spark-50cc3c61-e280-4b05-b858-7ead718d4b83/userFiles-d00b48aa-0925-4e10-ae61-08a17b7b0821/com.google.code.findbugs_jsr305-3.0.0.jar to class loader","logger":"airflow.task.hooks.airflow.providers.standard.hooks.subprocess.SubprocessHook"}
{"timestamp":"2025-05-06T03:54:06.974798","level":"info","event":"25/05/06 12:54:06 INFO Executor: Fetching spark://172.23.182.114:45439/jars/commons-logging_commons-logging-1.1.3.jar with timestamp 1746503645725","logger":"airflow.task.hooks.airflow.providers.standard.hooks.subprocess.SubprocessHook"}
{"timestamp":"2025-05-06T03:54:06.975713","level":"info","event":"25/05/06 12:54:06 INFO Utils: Fetching spark://172.23.182.114:45439/jars/commons-logging_commons-logging-1.1.3.jar to /tmp/spark-50cc3c61-e280-4b05-b858-7ead718d4b83/userFiles-d00b48aa-0925-4e10-ae61-08a17b7b0821/fetchFileTemp15564123259408157900.tmp","logger":"airflow.task.hooks.airflow.providers.standard.hooks.subprocess.SubprocessHook"}
{"timestamp":"2025-05-06T03:54:06.977731","level":"info","event":"25/05/06 12:54:06 INFO Utils: /tmp/spark-50cc3c61-e280-4b05-b858-7ead718d4b83/userFiles-d00b48aa-0925-4e10-ae61-08a17b7b0821/fetchFileTemp15564123259408157900.tmp has been previously copied to /tmp/spark-50cc3c61-e280-4b05-b858-7ead718d4b83/userFiles-d00b48aa-0925-4e10-ae61-08a17b7b0821/commons-logging_commons-logging-1.1.3.jar","logger":"airflow.task.hooks.airflow.providers.standard.hooks.subprocess.SubprocessHook"}
{"timestamp":"2025-05-06T03:54:06.980583","level":"info","event":"25/05/06 12:54:06 INFO Executor: Adding file:/tmp/spark-50cc3c61-e280-4b05-b858-7ead718d4b83/userFiles-d00b48aa-0925-4e10-ae61-08a17b7b0821/commons-logging_commons-logging-1.1.3.jar to class loader","logger":"airflow.task.hooks.airflow.providers.standard.hooks.subprocess.SubprocessHook"}
{"timestamp":"2025-05-06T03:54:06.980745","level":"info","event":"25/05/06 12:54:06 INFO Executor: Fetching spark://172.23.182.114:45439/jars/org.apache.hadoop_hadoop-client-runtime-3.3.2.jar with timestamp 1746503645725","logger":"airflow.task.hooks.airflow.providers.standard.hooks.subprocess.SubprocessHook"}
{"timestamp":"2025-05-06T03:54:06.981225","level":"info","event":"25/05/06 12:54:06 INFO Utils: Fetching spark://172.23.182.114:45439/jars/org.apache.hadoop_hadoop-client-runtime-3.3.2.jar to /tmp/spark-50cc3c61-e280-4b05-b858-7ead718d4b83/userFiles-d00b48aa-0925-4e10-ae61-08a17b7b0821/fetchFileTemp10136377101898652076.tmp","logger":"airflow.task.hooks.airflow.providers.standard.hooks.subprocess.SubprocessHook"}
{"timestamp":"2025-05-06T03:54:07.075010","level":"info","event":"25/05/06 12:54:07 INFO Utils: /tmp/spark-50cc3c61-e280-4b05-b858-7ead718d4b83/userFiles-d00b48aa-0925-4e10-ae61-08a17b7b0821/fetchFileTemp10136377101898652076.tmp has been previously copied to /tmp/spark-50cc3c61-e280-4b05-b858-7ead718d4b83/userFiles-d00b48aa-0925-4e10-ae61-08a17b7b0821/org.apache.hadoop_hadoop-client-runtime-3.3.2.jar","logger":"airflow.task.hooks.airflow.providers.standard.hooks.subprocess.SubprocessHook"}
{"timestamp":"2025-05-06T03:54:07.186093","level":"info","event":"25/05/06 12:54:07 INFO Executor: Adding file:/tmp/spark-50cc3c61-e280-4b05-b858-7ead718d4b83/userFiles-d00b48aa-0925-4e10-ae61-08a17b7b0821/org.apache.hadoop_hadoop-client-runtime-3.3.2.jar to class loader","logger":"airflow.task.hooks.airflow.providers.standard.hooks.subprocess.SubprocessHook"}
{"timestamp":"2025-05-06T03:54:07.186274","level":"info","event":"25/05/06 12:54:07 INFO Executor: Fetching spark://172.23.182.114:45439/jars/org.xerial.snappy_snappy-java-1.1.8.4.jar with timestamp 1746503645725","logger":"airflow.task.hooks.airflow.providers.standard.hooks.subprocess.SubprocessHook"}
{"timestamp":"2025-05-06T03:54:07.187215","level":"info","event":"25/05/06 12:54:07 INFO Utils: Fetching spark://172.23.182.114:45439/jars/org.xerial.snappy_snappy-java-1.1.8.4.jar to /tmp/spark-50cc3c61-e280-4b05-b858-7ead718d4b83/userFiles-d00b48aa-0925-4e10-ae61-08a17b7b0821/fetchFileTemp13153805280445206221.tmp","logger":"airflow.task.hooks.airflow.providers.standard.hooks.subprocess.SubprocessHook"}
{"timestamp":"2025-05-06T03:54:07.194513","level":"info","event":"25/05/06 12:54:07 INFO Utils: /tmp/spark-50cc3c61-e280-4b05-b858-7ead718d4b83/userFiles-d00b48aa-0925-4e10-ae61-08a17b7b0821/fetchFileTemp13153805280445206221.tmp has been previously copied to /tmp/spark-50cc3c61-e280-4b05-b858-7ead718d4b83/userFiles-d00b48aa-0925-4e10-ae61-08a17b7b0821/org.xerial.snappy_snappy-java-1.1.8.4.jar","logger":"airflow.task.hooks.airflow.providers.standard.hooks.subprocess.SubprocessHook"}
{"timestamp":"2025-05-06T03:54:07.205614","level":"info","event":"25/05/06 12:54:07 INFO Executor: Adding file:/tmp/spark-50cc3c61-e280-4b05-b858-7ead718d4b83/userFiles-d00b48aa-0925-4e10-ae61-08a17b7b0821/org.xerial.snappy_snappy-java-1.1.8.4.jar to class loader","logger":"airflow.task.hooks.airflow.providers.standard.hooks.subprocess.SubprocessHook"}
{"timestamp":"2025-05-06T03:54:07.205850","level":"info","event":"25/05/06 12:54:07 INFO Executor: Fetching spark://172.23.182.114:45439/jars/org.apache.commons_commons-pool2-2.11.1.jar with timestamp 1746503645725","logger":"airflow.task.hooks.airflow.providers.standard.hooks.subprocess.SubprocessHook"}
{"timestamp":"2025-05-06T03:54:07.206758","level":"info","event":"25/05/06 12:54:07 INFO Utils: Fetching spark://172.23.182.114:45439/jars/org.apache.commons_commons-pool2-2.11.1.jar to /tmp/spark-50cc3c61-e280-4b05-b858-7ead718d4b83/userFiles-d00b48aa-0925-4e10-ae61-08a17b7b0821/fetchFileTemp6457687901052561338.tmp","logger":"airflow.task.hooks.airflow.providers.standard.hooks.subprocess.SubprocessHook"}
{"timestamp":"2025-05-06T03:54:07.208945","level":"info","event":"25/05/06 12:54:07 INFO Utils: /tmp/spark-50cc3c61-e280-4b05-b858-7ead718d4b83/userFiles-d00b48aa-0925-4e10-ae61-08a17b7b0821/fetchFileTemp6457687901052561338.tmp has been previously copied to /tmp/spark-50cc3c61-e280-4b05-b858-7ead718d4b83/userFiles-d00b48aa-0925-4e10-ae61-08a17b7b0821/org.apache.commons_commons-pool2-2.11.1.jar","logger":"airflow.task.hooks.airflow.providers.standard.hooks.subprocess.SubprocessHook"}
{"timestamp":"2025-05-06T03:54:07.212364","level":"info","event":"25/05/06 12:54:07 INFO Executor: Adding file:/tmp/spark-50cc3c61-e280-4b05-b858-7ead718d4b83/userFiles-d00b48aa-0925-4e10-ae61-08a17b7b0821/org.apache.commons_commons-pool2-2.11.1.jar to class loader","logger":"airflow.task.hooks.airflow.providers.standard.hooks.subprocess.SubprocessHook"}
{"timestamp":"2025-05-06T03:54:07.212527","level":"info","event":"25/05/06 12:54:07 INFO Executor: Fetching spark://172.23.182.114:45439/jars/org.spark-project.spark_unused-1.0.0.jar with timestamp 1746503645725","logger":"airflow.task.hooks.airflow.providers.standard.hooks.subprocess.SubprocessHook"}
{"timestamp":"2025-05-06T03:54:07.213005","level":"info","event":"25/05/06 12:54:07 INFO Utils: Fetching spark://172.23.182.114:45439/jars/org.spark-project.spark_unused-1.0.0.jar to /tmp/spark-50cc3c61-e280-4b05-b858-7ead718d4b83/userFiles-d00b48aa-0925-4e10-ae61-08a17b7b0821/fetchFileTemp17737352430025889345.tmp","logger":"airflow.task.hooks.airflow.providers.standard.hooks.subprocess.SubprocessHook"}
{"timestamp":"2025-05-06T03:54:07.214312","level":"info","event":"25/05/06 12:54:07 INFO Utils: /tmp/spark-50cc3c61-e280-4b05-b858-7ead718d4b83/userFiles-d00b48aa-0925-4e10-ae61-08a17b7b0821/fetchFileTemp17737352430025889345.tmp has been previously copied to /tmp/spark-50cc3c61-e280-4b05-b858-7ead718d4b83/userFiles-d00b48aa-0925-4e10-ae61-08a17b7b0821/org.spark-project.spark_unused-1.0.0.jar","logger":"airflow.task.hooks.airflow.providers.standard.hooks.subprocess.SubprocessHook"}
{"timestamp":"2025-05-06T03:54:07.216591","level":"info","event":"25/05/06 12:54:07 INFO Executor: Adding file:/tmp/spark-50cc3c61-e280-4b05-b858-7ead718d4b83/userFiles-d00b48aa-0925-4e10-ae61-08a17b7b0821/org.spark-project.spark_unused-1.0.0.jar to class loader","logger":"airflow.task.hooks.airflow.providers.standard.hooks.subprocess.SubprocessHook"}
{"timestamp":"2025-05-06T03:54:07.216716","level":"info","event":"25/05/06 12:54:07 INFO Executor: Fetching spark://172.23.182.114:45439/jars/org.scala-lang.modules_scala-parallel-collections_2.13-1.0.3.jar with timestamp 1746503645725","logger":"airflow.task.hooks.airflow.providers.standard.hooks.subprocess.SubprocessHook"}
{"timestamp":"2025-05-06T03:54:07.217018","level":"info","event":"25/05/06 12:54:07 INFO Utils: Fetching spark://172.23.182.114:45439/jars/org.scala-lang.modules_scala-parallel-collections_2.13-1.0.3.jar to /tmp/spark-50cc3c61-e280-4b05-b858-7ead718d4b83/userFiles-d00b48aa-0925-4e10-ae61-08a17b7b0821/fetchFileTemp14295073374835183649.tmp","logger":"airflow.task.hooks.airflow.providers.standard.hooks.subprocess.SubprocessHook"}
{"timestamp":"2025-05-06T03:54:07.221494","level":"info","event":"25/05/06 12:54:07 INFO Utils: /tmp/spark-50cc3c61-e280-4b05-b858-7ead718d4b83/userFiles-d00b48aa-0925-4e10-ae61-08a17b7b0821/fetchFileTemp14295073374835183649.tmp has been previously copied to /tmp/spark-50cc3c61-e280-4b05-b858-7ead718d4b83/userFiles-d00b48aa-0925-4e10-ae61-08a17b7b0821/org.scala-lang.modules_scala-parallel-collections_2.13-1.0.3.jar","logger":"airflow.task.hooks.airflow.providers.standard.hooks.subprocess.SubprocessHook"}
{"timestamp":"2025-05-06T03:54:07.228076","level":"info","event":"25/05/06 12:54:07 INFO Executor: Adding file:/tmp/spark-50cc3c61-e280-4b05-b858-7ead718d4b83/userFiles-d00b48aa-0925-4e10-ae61-08a17b7b0821/org.scala-lang.modules_scala-parallel-collections_2.13-1.0.3.jar to class loader","logger":"airflow.task.hooks.airflow.providers.standard.hooks.subprocess.SubprocessHook"}
{"timestamp":"2025-05-06T03:54:07.228190","level":"info","event":"25/05/06 12:54:07 INFO Executor: Fetching spark://172.23.182.114:45439/jars/org.apache.spark_spark-token-provider-kafka-0-10_2.13-3.3.2.jar with timestamp 1746503645725","logger":"airflow.task.hooks.airflow.providers.standard.hooks.subprocess.SubprocessHook"}
{"timestamp":"2025-05-06T03:54:07.228747","level":"info","event":"25/05/06 12:54:07 INFO Utils: Fetching spark://172.23.182.114:45439/jars/org.apache.spark_spark-token-provider-kafka-0-10_2.13-3.3.2.jar to /tmp/spark-50cc3c61-e280-4b05-b858-7ead718d4b83/userFiles-d00b48aa-0925-4e10-ae61-08a17b7b0821/fetchFileTemp11249015039505948649.tmp","logger":"airflow.task.hooks.airflow.providers.standard.hooks.subprocess.SubprocessHook"}
{"timestamp":"2025-05-06T03:54:07.229932","level":"info","event":"25/05/06 12:54:07 INFO Utils: /tmp/spark-50cc3c61-e280-4b05-b858-7ead718d4b83/userFiles-d00b48aa-0925-4e10-ae61-08a17b7b0821/fetchFileTemp11249015039505948649.tmp has been previously copied to /tmp/spark-50cc3c61-e280-4b05-b858-7ead718d4b83/userFiles-d00b48aa-0925-4e10-ae61-08a17b7b0821/org.apache.spark_spark-token-provider-kafka-0-10_2.13-3.3.2.jar","logger":"airflow.task.hooks.airflow.providers.standard.hooks.subprocess.SubprocessHook"}
{"timestamp":"2025-05-06T03:54:07.234511","level":"info","event":"25/05/06 12:54:07 INFO Executor: Adding file:/tmp/spark-50cc3c61-e280-4b05-b858-7ead718d4b83/userFiles-d00b48aa-0925-4e10-ae61-08a17b7b0821/org.apache.spark_spark-token-provider-kafka-0-10_2.13-3.3.2.jar to class loader","logger":"airflow.task.hooks.airflow.providers.standard.hooks.subprocess.SubprocessHook"}
{"timestamp":"2025-05-06T03:54:07.234667","level":"info","event":"25/05/06 12:54:07 INFO Executor: Fetching spark://172.23.182.114:45439/jars/mysql-connector-java-8.4.0.jar with timestamp 1746503645725","logger":"airflow.task.hooks.airflow.providers.standard.hooks.subprocess.SubprocessHook"}
{"timestamp":"2025-05-06T03:54:07.235054","level":"info","event":"25/05/06 12:54:07 INFO Utils: Fetching spark://172.23.182.114:45439/jars/mysql-connector-java-8.4.0.jar to /tmp/spark-50cc3c61-e280-4b05-b858-7ead718d4b83/userFiles-d00b48aa-0925-4e10-ae61-08a17b7b0821/fetchFileTemp3923435761325394541.tmp","logger":"airflow.task.hooks.airflow.providers.standard.hooks.subprocess.SubprocessHook"}
{"timestamp":"2025-05-06T03:54:07.253465","level":"info","event":"25/05/06 12:54:07 INFO Executor: Adding file:/tmp/spark-50cc3c61-e280-4b05-b858-7ead718d4b83/userFiles-d00b48aa-0925-4e10-ae61-08a17b7b0821/mysql-connector-java-8.4.0.jar to class loader","logger":"airflow.task.hooks.airflow.providers.standard.hooks.subprocess.SubprocessHook"}
{"timestamp":"2025-05-06T03:54:07.253606","level":"info","event":"25/05/06 12:54:07 INFO Executor: Fetching spark://172.23.182.114:45439/jars/org.apache.spark_spark-sql-kafka-0-10_2.13-3.3.2.jar with timestamp 1746503645725","logger":"airflow.task.hooks.airflow.providers.standard.hooks.subprocess.SubprocessHook"}
{"timestamp":"2025-05-06T03:54:07.254054","level":"info","event":"25/05/06 12:54:07 INFO Utils: Fetching spark://172.23.182.114:45439/jars/org.apache.spark_spark-sql-kafka-0-10_2.13-3.3.2.jar to /tmp/spark-50cc3c61-e280-4b05-b858-7ead718d4b83/userFiles-d00b48aa-0925-4e10-ae61-08a17b7b0821/fetchFileTemp9765002993335229216.tmp","logger":"airflow.task.hooks.airflow.providers.standard.hooks.subprocess.SubprocessHook"}
{"timestamp":"2025-05-06T03:54:07.256429","level":"info","event":"25/05/06 12:54:07 INFO Utils: /tmp/spark-50cc3c61-e280-4b05-b858-7ead718d4b83/userFiles-d00b48aa-0925-4e10-ae61-08a17b7b0821/fetchFileTemp9765002993335229216.tmp has been previously copied to /tmp/spark-50cc3c61-e280-4b05-b858-7ead718d4b83/userFiles-d00b48aa-0925-4e10-ae61-08a17b7b0821/org.apache.spark_spark-sql-kafka-0-10_2.13-3.3.2.jar","logger":"airflow.task.hooks.airflow.providers.standard.hooks.subprocess.SubprocessHook"}
{"timestamp":"2025-05-06T03:54:07.259486","level":"info","event":"25/05/06 12:54:07 INFO Executor: Adding file:/tmp/spark-50cc3c61-e280-4b05-b858-7ead718d4b83/userFiles-d00b48aa-0925-4e10-ae61-08a17b7b0821/org.apache.spark_spark-sql-kafka-0-10_2.13-3.3.2.jar to class loader","logger":"airflow.task.hooks.airflow.providers.standard.hooks.subprocess.SubprocessHook"}
{"timestamp":"2025-05-06T03:54:07.259622","level":"info","event":"25/05/06 12:54:07 INFO Executor: Fetching spark://172.23.182.114:45439/jars/org.apache.kafka_kafka-clients-2.8.1.jar with timestamp 1746503645725","logger":"airflow.task.hooks.airflow.providers.standard.hooks.subprocess.SubprocessHook"}
{"timestamp":"2025-05-06T03:54:07.260280","level":"info","event":"25/05/06 12:54:07 INFO Utils: Fetching spark://172.23.182.114:45439/jars/org.apache.kafka_kafka-clients-2.8.1.jar to /tmp/spark-50cc3c61-e280-4b05-b858-7ead718d4b83/userFiles-d00b48aa-0925-4e10-ae61-08a17b7b0821/fetchFileTemp16602230792382085954.tmp","logger":"airflow.task.hooks.airflow.providers.standard.hooks.subprocess.SubprocessHook"}
{"timestamp":"2025-05-06T03:54:07.271771","level":"info","event":"25/05/06 12:54:07 INFO Utils: /tmp/spark-50cc3c61-e280-4b05-b858-7ead718d4b83/userFiles-d00b48aa-0925-4e10-ae61-08a17b7b0821/fetchFileTemp16602230792382085954.tmp has been previously copied to /tmp/spark-50cc3c61-e280-4b05-b858-7ead718d4b83/userFiles-d00b48aa-0925-4e10-ae61-08a17b7b0821/org.apache.kafka_kafka-clients-2.8.1.jar","logger":"airflow.task.hooks.airflow.providers.standard.hooks.subprocess.SubprocessHook"}
{"timestamp":"2025-05-06T03:54:07.296279","level":"info","event":"25/05/06 12:54:07 INFO Executor: Adding file:/tmp/spark-50cc3c61-e280-4b05-b858-7ead718d4b83/userFiles-d00b48aa-0925-4e10-ae61-08a17b7b0821/org.apache.kafka_kafka-clients-2.8.1.jar to class loader","logger":"airflow.task.hooks.airflow.providers.standard.hooks.subprocess.SubprocessHook"}
{"timestamp":"2025-05-06T03:54:07.296419","level":"info","event":"25/05/06 12:54:07 INFO Executor: Fetching spark://172.23.182.114:45439/jars/org.apache.hadoop_hadoop-client-api-3.3.2.jar with timestamp 1746503645725","logger":"airflow.task.hooks.airflow.providers.standard.hooks.subprocess.SubprocessHook"}
{"timestamp":"2025-05-06T03:54:07.297069","level":"info","event":"25/05/06 12:54:07 INFO Utils: Fetching spark://172.23.182.114:45439/jars/org.apache.hadoop_hadoop-client-api-3.3.2.jar to /tmp/spark-50cc3c61-e280-4b05-b858-7ead718d4b83/userFiles-d00b48aa-0925-4e10-ae61-08a17b7b0821/fetchFileTemp11599880817535998012.tmp","logger":"airflow.task.hooks.airflow.providers.standard.hooks.subprocess.SubprocessHook"}
{"timestamp":"2025-05-06T03:54:07.346724","level":"info","event":"25/05/06 12:54:07 INFO Utils: /tmp/spark-50cc3c61-e280-4b05-b858-7ead718d4b83/userFiles-d00b48aa-0925-4e10-ae61-08a17b7b0821/fetchFileTemp11599880817535998012.tmp has been previously copied to /tmp/spark-50cc3c61-e280-4b05-b858-7ead718d4b83/userFiles-d00b48aa-0925-4e10-ae61-08a17b7b0821/org.apache.hadoop_hadoop-client-api-3.3.2.jar","logger":"airflow.task.hooks.airflow.providers.standard.hooks.subprocess.SubprocessHook"}
{"timestamp":"2025-05-06T03:54:07.405821","level":"info","event":"25/05/06 12:54:07 INFO Executor: Adding file:/tmp/spark-50cc3c61-e280-4b05-b858-7ead718d4b83/userFiles-d00b48aa-0925-4e10-ae61-08a17b7b0821/org.apache.hadoop_hadoop-client-api-3.3.2.jar to class loader","logger":"airflow.task.hooks.airflow.providers.standard.hooks.subprocess.SubprocessHook"}
{"timestamp":"2025-05-06T03:54:07.406026","level":"info","event":"25/05/06 12:54:07 INFO Executor: Fetching spark://172.23.182.114:45439/jars/org.slf4j_slf4j-api-1.7.32.jar with timestamp 1746503645725","logger":"airflow.task.hooks.airflow.providers.standard.hooks.subprocess.SubprocessHook"}
{"timestamp":"2025-05-06T03:54:07.406592","level":"info","event":"25/05/06 12:54:07 INFO Utils: Fetching spark://172.23.182.114:45439/jars/org.slf4j_slf4j-api-1.7.32.jar to /tmp/spark-50cc3c61-e280-4b05-b858-7ead718d4b83/userFiles-d00b48aa-0925-4e10-ae61-08a17b7b0821/fetchFileTemp16963601974654037117.tmp","logger":"airflow.task.hooks.airflow.providers.standard.hooks.subprocess.SubprocessHook"}
{"timestamp":"2025-05-06T03:54:07.408529","level":"info","event":"25/05/06 12:54:07 INFO Utils: /tmp/spark-50cc3c61-e280-4b05-b858-7ead718d4b83/userFiles-d00b48aa-0925-4e10-ae61-08a17b7b0821/fetchFileTemp16963601974654037117.tmp has been previously copied to /tmp/spark-50cc3c61-e280-4b05-b858-7ead718d4b83/userFiles-d00b48aa-0925-4e10-ae61-08a17b7b0821/org.slf4j_slf4j-api-1.7.32.jar","logger":"airflow.task.hooks.airflow.providers.standard.hooks.subprocess.SubprocessHook"}
{"timestamp":"2025-05-06T03:54:07.411732","level":"info","event":"25/05/06 12:54:07 INFO Executor: Adding file:/tmp/spark-50cc3c61-e280-4b05-b858-7ead718d4b83/userFiles-d00b48aa-0925-4e10-ae61-08a17b7b0821/org.slf4j_slf4j-api-1.7.32.jar to class loader","logger":"airflow.task.hooks.airflow.providers.standard.hooks.subprocess.SubprocessHook"}
{"timestamp":"2025-05-06T03:54:07.411864","level":"info","event":"25/05/06 12:54:07 INFO Executor: Fetching spark://172.23.182.114:45439/jars/org.lz4_lz4-java-1.8.0.jar with timestamp 1746503645725","logger":"airflow.task.hooks.airflow.providers.standard.hooks.subprocess.SubprocessHook"}
{"timestamp":"2025-05-06T03:54:07.412546","level":"info","event":"25/05/06 12:54:07 INFO Utils: Fetching spark://172.23.182.114:45439/jars/org.lz4_lz4-java-1.8.0.jar to /tmp/spark-50cc3c61-e280-4b05-b858-7ead718d4b83/userFiles-d00b48aa-0925-4e10-ae61-08a17b7b0821/fetchFileTemp11322628111256483096.tmp","logger":"airflow.task.hooks.airflow.providers.standard.hooks.subprocess.SubprocessHook"}
{"timestamp":"2025-05-06T03:54:07.415459","level":"info","event":"25/05/06 12:54:07 INFO Utils: /tmp/spark-50cc3c61-e280-4b05-b858-7ead718d4b83/userFiles-d00b48aa-0925-4e10-ae61-08a17b7b0821/fetchFileTemp11322628111256483096.tmp has been previously copied to /tmp/spark-50cc3c61-e280-4b05-b858-7ead718d4b83/userFiles-d00b48aa-0925-4e10-ae61-08a17b7b0821/org.lz4_lz4-java-1.8.0.jar","logger":"airflow.task.hooks.airflow.providers.standard.hooks.subprocess.SubprocessHook"}
{"timestamp":"2025-05-06T03:54:07.418778","level":"info","event":"25/05/06 12:54:07 INFO Executor: Adding file:/tmp/spark-50cc3c61-e280-4b05-b858-7ead718d4b83/userFiles-d00b48aa-0925-4e10-ae61-08a17b7b0821/org.lz4_lz4-java-1.8.0.jar to class loader","logger":"airflow.task.hooks.airflow.providers.standard.hooks.subprocess.SubprocessHook"}
{"timestamp":"2025-05-06T03:54:07.426179","level":"info","event":"25/05/06 12:54:07 INFO Utils: Successfully started service 'org.apache.spark.network.netty.NettyBlockTransferService' on port 35763.","logger":"airflow.task.hooks.airflow.providers.standard.hooks.subprocess.SubprocessHook"}
{"timestamp":"2025-05-06T03:54:07.426354","level":"info","event":"25/05/06 12:54:07 INFO NettyBlockTransferService: Server created on 172.23.182.114:35763","logger":"airflow.task.hooks.airflow.providers.standard.hooks.subprocess.SubprocessHook"}
{"timestamp":"2025-05-06T03:54:07.428358","level":"info","event":"25/05/06 12:54:07 INFO BlockManager: Using org.apache.spark.storage.RandomBlockReplicationPolicy for block replication policy","logger":"airflow.task.hooks.airflow.providers.standard.hooks.subprocess.SubprocessHook"}
{"timestamp":"2025-05-06T03:54:07.434874","level":"info","event":"25/05/06 12:54:07 INFO BlockManagerMaster: Registering BlockManager BlockManagerId(driver, 172.23.182.114, 35763, None)","logger":"airflow.task.hooks.airflow.providers.standard.hooks.subprocess.SubprocessHook"}
{"timestamp":"2025-05-06T03:54:07.437941","level":"info","event":"25/05/06 12:54:07 INFO BlockManagerMasterEndpoint: Registering block manager 172.23.182.114:35763 with 434.4 MiB RAM, BlockManagerId(driver, 172.23.182.114, 35763, None)","logger":"airflow.task.hooks.airflow.providers.standard.hooks.subprocess.SubprocessHook"}
{"timestamp":"2025-05-06T03:54:07.444280","level":"info","event":"25/05/06 12:54:07 INFO BlockManagerMaster: Registered BlockManager BlockManagerId(driver, 172.23.182.114, 35763, None)","logger":"airflow.task.hooks.airflow.providers.standard.hooks.subprocess.SubprocessHook"}
{"timestamp":"2025-05-06T03:54:07.445699","level":"info","event":"25/05/06 12:54:07 INFO BlockManager: Initialized BlockManager: BlockManagerId(driver, 172.23.182.114, 35763, None)","logger":"airflow.task.hooks.airflow.providers.standard.hooks.subprocess.SubprocessHook"}
{"timestamp":"2025-05-06T03:54:14.951436","level":"info","event":" Transformation Complete!","logger":"airflow.task.hooks.airflow.providers.standard.hooks.subprocess.SubprocessHook"}
{"timestamp":"2025-05-06T03:54:15.308149","level":"info","event":"Command exited with return code 0","logger":"airflow.task.hooks.airflow.providers.standard.hooks.subprocess.SubprocessHook"}
{"timestamp":"2025-05-06T03:54:15.308583","level":"info","event":"Pushing xcom","ti":"RuntimeTaskInstance(id=UUID('0196a3ba-9b34-7371-bd22-88a277833c34'), task_id='update_player_summary', dag_id='player_summary_update', run_id='scheduled__2025-05-06T03:53:00+00:00', try_number=1, map_index=-1, hostname='DESKTOP-T4DM29K.', context_carrier=None, task=<Task(BashOperator): update_player_summary>, bundle_instance=LocalDagBundle(name=dags-folder), max_tries=1, start_date=datetime.datetime(2025, 5, 6, 3, 53, 58, 68191, tzinfo=TzInfo(UTC)), end_date=None, is_mapped=False)","logger":"task"}
