{"timestamp":"2025-05-06T03:54:11.961274","level":"info","event":"DAG bundles loaded: dags-folder","logger":"airflow.dag_processing.bundles.manager.DagBundlesManager"}
{"timestamp":"2025-05-06T03:54:11.961989","level":"info","event":"Filling up the DagBag from /home/jjlee/workspace/GSBE/project-root/airflow-dags/dags/game_logs_pipeline_dag.py","logger":"airflow.models.dagbag.DagBag"}
{"timestamp":"2025-05-06T03:54:11.972592","level":"info","event":"Tmp dir root location: /tmp","logger":"airflow.task.hooks.airflow.providers.standard.hooks.subprocess.SubprocessHook"}
{"timestamp":"2025-05-06T03:54:11.974727","level":"info","event":"Running command: ['/usr/bin/bash', '-c', 'cd ~/workspace/GSBE/project-root/spark-streaming && $SPARK_HOME/bin/spark-submit --jars ~/workspace/GSBE/mysql-connector-java-8.4.0.jar --packages org.apache.spark:spark-sql-kafka-0-10_2.13:3.3.2,org.apache.spark:spark-token-provider-kafka-0-10_2.13:3.3.2 transformation_processor.py']","logger":"airflow.task.hooks.airflow.providers.standard.hooks.subprocess.SubprocessHook"}
{"timestamp":"2025-05-06T03:54:11.981422","level":"info","event":"Output:","logger":"airflow.task.hooks.airflow.providers.standard.hooks.subprocess.SubprocessHook"}
{"timestamp":"2025-05-06T03:54:14.243080","level":"info","event":"25/05/06 12:54:14 WARN Utils: Your hostname, DESKTOP-T4DM29K resolves to a loopback address: 127.0.1.1; using 172.23.182.114 instead (on interface eth0)","logger":"airflow.task.hooks.airflow.providers.standard.hooks.subprocess.SubprocessHook"}
{"timestamp":"2025-05-06T03:54:14.246327","level":"info","event":"25/05/06 12:54:14 WARN Utils: Set SPARK_LOCAL_IP if you need to bind to another address","logger":"airflow.task.hooks.airflow.providers.standard.hooks.subprocess.SubprocessHook"}
{"timestamp":"2025-05-06T03:54:15.363768","level":"info","event":":: loading settings :: url = jar:file:/home/jjlee/workspace/GSBE/spark-new/jars/ivy-2.5.1.jar!/org/apache/ivy/core/settings/ivysettings.xml","logger":"airflow.task.hooks.airflow.providers.standard.hooks.subprocess.SubprocessHook"}
{"timestamp":"2025-05-06T03:54:15.434230","level":"info","event":"Ivy Default Cache set to: /home/jjlee/.ivy2/cache","logger":"airflow.task.hooks.airflow.providers.standard.hooks.subprocess.SubprocessHook"}
{"timestamp":"2025-05-06T03:54:15.434356","level":"info","event":"The jars for the packages stored in: /home/jjlee/.ivy2/jars","logger":"airflow.task.hooks.airflow.providers.standard.hooks.subprocess.SubprocessHook"}
{"timestamp":"2025-05-06T03:54:15.436950","level":"info","event":"org.apache.spark#spark-sql-kafka-0-10_2.13 added as a dependency","logger":"airflow.task.hooks.airflow.providers.standard.hooks.subprocess.SubprocessHook"}
{"timestamp":"2025-05-06T03:54:15.437108","level":"info","event":"org.apache.spark#spark-token-provider-kafka-0-10_2.13 added as a dependency","logger":"airflow.task.hooks.airflow.providers.standard.hooks.subprocess.SubprocessHook"}
{"timestamp":"2025-05-06T03:54:15.437646","level":"info","event":":: resolving dependencies :: org.apache.spark#spark-submit-parent-6277d849-7a76-4389-b6d0-3e84588548cb;1.0","logger":"airflow.task.hooks.airflow.providers.standard.hooks.subprocess.SubprocessHook"}
{"timestamp":"2025-05-06T03:54:15.437731","level":"info","event":"\tconfs: [default]","logger":"airflow.task.hooks.airflow.providers.standard.hooks.subprocess.SubprocessHook"}
{"timestamp":"2025-05-06T03:54:15.556959","level":"info","event":"\tfound org.apache.spark#spark-sql-kafka-0-10_2.13;3.3.2 in central","logger":"airflow.task.hooks.airflow.providers.standard.hooks.subprocess.SubprocessHook"}
{"timestamp":"2025-05-06T03:54:15.599550","level":"info","event":"\tfound org.apache.spark#spark-token-provider-kafka-0-10_2.13;3.3.2 in central","logger":"airflow.task.hooks.airflow.providers.standard.hooks.subprocess.SubprocessHook"}
{"timestamp":"2025-05-06T03:54:15.623796","level":"info","event":"\tfound org.apache.kafka#kafka-clients;2.8.1 in central","logger":"airflow.task.hooks.airflow.providers.standard.hooks.subprocess.SubprocessHook"}
{"timestamp":"2025-05-06T03:54:15.644841","level":"info","event":"\tfound org.lz4#lz4-java;1.8.0 in central","logger":"airflow.task.hooks.airflow.providers.standard.hooks.subprocess.SubprocessHook"}
{"timestamp":"2025-05-06T03:54:15.663466","level":"info","event":"\tfound org.xerial.snappy#snappy-java;1.1.8.4 in central","logger":"airflow.task.hooks.airflow.providers.standard.hooks.subprocess.SubprocessHook"}
{"timestamp":"2025-05-06T03:54:15.689112","level":"info","event":"\tfound org.slf4j#slf4j-api;1.7.32 in central","logger":"airflow.task.hooks.airflow.providers.standard.hooks.subprocess.SubprocessHook"}
{"timestamp":"2025-05-06T03:54:15.708312","level":"info","event":"\tfound org.apache.hadoop#hadoop-client-runtime;3.3.2 in central","logger":"airflow.task.hooks.airflow.providers.standard.hooks.subprocess.SubprocessHook"}
{"timestamp":"2025-05-06T03:54:15.719056","level":"info","event":"\tfound org.spark-project.spark#unused;1.0.0 in central","logger":"airflow.task.hooks.airflow.providers.standard.hooks.subprocess.SubprocessHook"}
{"timestamp":"2025-05-06T03:54:15.738130","level":"info","event":"\tfound org.apache.hadoop#hadoop-client-api;3.3.2 in central","logger":"airflow.task.hooks.airflow.providers.standard.hooks.subprocess.SubprocessHook"}
{"timestamp":"2025-05-06T03:54:15.753302","level":"info","event":"\tfound commons-logging#commons-logging;1.1.3 in central","logger":"airflow.task.hooks.airflow.providers.standard.hooks.subprocess.SubprocessHook"}
{"timestamp":"2025-05-06T03:54:15.771387","level":"info","event":"\tfound com.google.code.findbugs#jsr305;3.0.0 in central","logger":"airflow.task.hooks.airflow.providers.standard.hooks.subprocess.SubprocessHook"}
{"timestamp":"2025-05-06T03:54:15.785101","level":"info","event":"\tfound org.scala-lang.modules#scala-parallel-collections_2.13;1.0.3 in central","logger":"airflow.task.hooks.airflow.providers.standard.hooks.subprocess.SubprocessHook"}
{"timestamp":"2025-05-06T03:54:15.795287","level":"info","event":"\tfound org.apache.commons#commons-pool2;2.11.1 in central","logger":"airflow.task.hooks.airflow.providers.standard.hooks.subprocess.SubprocessHook"}
{"timestamp":"2025-05-06T03:54:15.814448","level":"info","event":":: resolution report :: resolve 367ms :: artifacts dl 10ms","logger":"airflow.task.hooks.airflow.providers.standard.hooks.subprocess.SubprocessHook"}
{"timestamp":"2025-05-06T03:54:15.814570","level":"info","event":"\t:: modules in use:","logger":"airflow.task.hooks.airflow.providers.standard.hooks.subprocess.SubprocessHook"}
{"timestamp":"2025-05-06T03:54:15.814647","level":"info","event":"\tcom.google.code.findbugs#jsr305;3.0.0 from central in [default]","logger":"airflow.task.hooks.airflow.providers.standard.hooks.subprocess.SubprocessHook"}
{"timestamp":"2025-05-06T03:54:15.814695","level":"info","event":"\tcommons-logging#commons-logging;1.1.3 from central in [default]","logger":"airflow.task.hooks.airflow.providers.standard.hooks.subprocess.SubprocessHook"}
{"timestamp":"2025-05-06T03:54:15.814741","level":"info","event":"\torg.apache.commons#commons-pool2;2.11.1 from central in [default]","logger":"airflow.task.hooks.airflow.providers.standard.hooks.subprocess.SubprocessHook"}
{"timestamp":"2025-05-06T03:54:15.814783","level":"info","event":"\torg.apache.hadoop#hadoop-client-api;3.3.2 from central in [default]","logger":"airflow.task.hooks.airflow.providers.standard.hooks.subprocess.SubprocessHook"}
{"timestamp":"2025-05-06T03:54:15.814823","level":"info","event":"\torg.apache.hadoop#hadoop-client-runtime;3.3.2 from central in [default]","logger":"airflow.task.hooks.airflow.providers.standard.hooks.subprocess.SubprocessHook"}
{"timestamp":"2025-05-06T03:54:15.814863","level":"info","event":"\torg.apache.kafka#kafka-clients;2.8.1 from central in [default]","logger":"airflow.task.hooks.airflow.providers.standard.hooks.subprocess.SubprocessHook"}
{"timestamp":"2025-05-06T03:54:15.814902","level":"info","event":"\torg.apache.spark#spark-sql-kafka-0-10_2.13;3.3.2 from central in [default]","logger":"airflow.task.hooks.airflow.providers.standard.hooks.subprocess.SubprocessHook"}
{"timestamp":"2025-05-06T03:54:15.814941","level":"info","event":"\torg.apache.spark#spark-token-provider-kafka-0-10_2.13;3.3.2 from central in [default]","logger":"airflow.task.hooks.airflow.providers.standard.hooks.subprocess.SubprocessHook"}
{"timestamp":"2025-05-06T03:54:15.814980","level":"info","event":"\torg.lz4#lz4-java;1.8.0 from central in [default]","logger":"airflow.task.hooks.airflow.providers.standard.hooks.subprocess.SubprocessHook"}
{"timestamp":"2025-05-06T03:54:15.815023","level":"info","event":"\torg.scala-lang.modules#scala-parallel-collections_2.13;1.0.3 from central in [default]","logger":"airflow.task.hooks.airflow.providers.standard.hooks.subprocess.SubprocessHook"}
{"timestamp":"2025-05-06T03:54:15.815062","level":"info","event":"\torg.slf4j#slf4j-api;1.7.32 from central in [default]","logger":"airflow.task.hooks.airflow.providers.standard.hooks.subprocess.SubprocessHook"}
{"timestamp":"2025-05-06T03:54:15.815126","level":"info","event":"\torg.spark-project.spark#unused;1.0.0 from central in [default]","logger":"airflow.task.hooks.airflow.providers.standard.hooks.subprocess.SubprocessHook"}
{"timestamp":"2025-05-06T03:54:15.815175","level":"info","event":"\torg.xerial.snappy#snappy-java;1.1.8.4 from central in [default]","logger":"airflow.task.hooks.airflow.providers.standard.hooks.subprocess.SubprocessHook"}
{"timestamp":"2025-05-06T03:54:15.815215","level":"info","event":"\t---------------------------------------------------------------------","logger":"airflow.task.hooks.airflow.providers.standard.hooks.subprocess.SubprocessHook"}
{"timestamp":"2025-05-06T03:54:15.815254","level":"info","event":"\t|                  |            modules            ||   artifacts   |","logger":"airflow.task.hooks.airflow.providers.standard.hooks.subprocess.SubprocessHook"}
{"timestamp":"2025-05-06T03:54:15.815293","level":"info","event":"\t|       conf       | number| search|dwnlded|evicted|| number|dwnlded|","logger":"airflow.task.hooks.airflow.providers.standard.hooks.subprocess.SubprocessHook"}
{"timestamp":"2025-05-06T03:54:15.815331","level":"info","event":"\t---------------------------------------------------------------------","logger":"airflow.task.hooks.airflow.providers.standard.hooks.subprocess.SubprocessHook"}
{"timestamp":"2025-05-06T03:54:15.815368","level":"info","event":"\t|      default     |   13  |   0   |   0   |   0   ||   13  |   0   |","logger":"airflow.task.hooks.airflow.providers.standard.hooks.subprocess.SubprocessHook"}
{"timestamp":"2025-05-06T03:54:15.815408","level":"info","event":"\t---------------------------------------------------------------------","logger":"airflow.task.hooks.airflow.providers.standard.hooks.subprocess.SubprocessHook"}
{"timestamp":"2025-05-06T03:54:15.820582","level":"info","event":":: retrieving :: org.apache.spark#spark-submit-parent-6277d849-7a76-4389-b6d0-3e84588548cb","logger":"airflow.task.hooks.airflow.providers.standard.hooks.subprocess.SubprocessHook"}
{"timestamp":"2025-05-06T03:54:15.820705","level":"info","event":"\tconfs: [default]","logger":"airflow.task.hooks.airflow.providers.standard.hooks.subprocess.SubprocessHook"}
{"timestamp":"2025-05-06T03:54:15.827130","level":"info","event":"\t0 artifacts copied, 13 already retrieved (0kB/6ms)","logger":"airflow.task.hooks.airflow.providers.standard.hooks.subprocess.SubprocessHook"}
{"timestamp":"2025-05-06T03:54:16.021017","level":"info","event":"25/05/06 12:54:16 WARN NativeCodeLoader: Unable to load native-hadoop library for your platform... using builtin-java classes where applicable","logger":"airflow.task.hooks.airflow.providers.standard.hooks.subprocess.SubprocessHook"}
{"timestamp":"2025-05-06T03:54:16.813226","level":"info","event":"25/05/06 12:54:16 INFO SparkContext: Running Spark version 3.3.2","logger":"airflow.task.hooks.airflow.providers.standard.hooks.subprocess.SubprocessHook"}
{"timestamp":"2025-05-06T03:54:16.826781","level":"info","event":"25/05/06 12:54:16 INFO ResourceUtils: ==============================================================","logger":"airflow.task.hooks.airflow.providers.standard.hooks.subprocess.SubprocessHook"}
{"timestamp":"2025-05-06T03:54:16.826945","level":"info","event":"25/05/06 12:54:16 INFO ResourceUtils: No custom resources configured for spark.driver.","logger":"airflow.task.hooks.airflow.providers.standard.hooks.subprocess.SubprocessHook"}
{"timestamp":"2025-05-06T03:54:16.827169","level":"info","event":"25/05/06 12:54:16 INFO ResourceUtils: ==============================================================","logger":"airflow.task.hooks.airflow.providers.standard.hooks.subprocess.SubprocessHook"}
{"timestamp":"2025-05-06T03:54:16.827446","level":"info","event":"25/05/06 12:54:16 INFO SparkContext: Submitted application: KafkaMySQLTransformation","logger":"airflow.task.hooks.airflow.providers.standard.hooks.subprocess.SubprocessHook"}
{"timestamp":"2025-05-06T03:54:16.842404","level":"info","event":"25/05/06 12:54:16 INFO ResourceProfile: Default ResourceProfile created, executor resources: Map(cores -> name: cores, amount: 1, script: , vendor: , memory -> name: memory, amount: 1024, script: , vendor: , offHeap -> name: offHeap, amount: 0, script: , vendor: ), task resources: Map(cpus -> name: cpus, amount: 1.0)","logger":"airflow.task.hooks.airflow.providers.standard.hooks.subprocess.SubprocessHook"}
{"timestamp":"2025-05-06T03:54:16.845584","level":"info","event":"25/05/06 12:54:16 INFO ResourceProfile: Limiting resource is cpu","logger":"airflow.task.hooks.airflow.providers.standard.hooks.subprocess.SubprocessHook"}
{"timestamp":"2025-05-06T03:54:16.846259","level":"info","event":"25/05/06 12:54:16 INFO ResourceProfileManager: Added ResourceProfile id: 0","logger":"airflow.task.hooks.airflow.providers.standard.hooks.subprocess.SubprocessHook"}
{"timestamp":"2025-05-06T03:54:16.886094","level":"info","event":"25/05/06 12:54:16 INFO SecurityManager: Changing view acls to: jjlee","logger":"airflow.task.hooks.airflow.providers.standard.hooks.subprocess.SubprocessHook"}
{"timestamp":"2025-05-06T03:54:16.886416","level":"info","event":"25/05/06 12:54:16 INFO SecurityManager: Changing modify acls to: jjlee","logger":"airflow.task.hooks.airflow.providers.standard.hooks.subprocess.SubprocessHook"}
{"timestamp":"2025-05-06T03:54:16.886714","level":"info","event":"25/05/06 12:54:16 INFO SecurityManager: Changing view acls groups to:","logger":"airflow.task.hooks.airflow.providers.standard.hooks.subprocess.SubprocessHook"}
{"timestamp":"2025-05-06T03:54:16.887051","level":"info","event":"25/05/06 12:54:16 INFO SecurityManager: Changing modify acls groups to:","logger":"airflow.task.hooks.airflow.providers.standard.hooks.subprocess.SubprocessHook"}
{"timestamp":"2025-05-06T03:54:16.887367","level":"info","event":"25/05/06 12:54:16 INFO SecurityManager: SecurityManager: authentication disabled; ui acls disabled; users  with view permissions: Set(jjlee); groups with view permissions: Set(); users  with modify permissions: Set(jjlee); groups with modify permissions: Set()","logger":"airflow.task.hooks.airflow.providers.standard.hooks.subprocess.SubprocessHook"}
{"timestamp":"2025-05-06T03:54:17.098900","level":"info","event":"25/05/06 12:54:17 INFO Utils: Successfully started service 'sparkDriver' on port 34991.","logger":"airflow.task.hooks.airflow.providers.standard.hooks.subprocess.SubprocessHook"}
{"timestamp":"2025-05-06T03:54:17.121574","level":"info","event":"25/05/06 12:54:17 INFO SparkEnv: Registering MapOutputTracker","logger":"airflow.task.hooks.airflow.providers.standard.hooks.subprocess.SubprocessHook"}
{"timestamp":"2025-05-06T03:54:17.143340","level":"info","event":"25/05/06 12:54:17 INFO SparkEnv: Registering BlockManagerMaster","logger":"airflow.task.hooks.airflow.providers.standard.hooks.subprocess.SubprocessHook"}
{"timestamp":"2025-05-06T03:54:17.164834","level":"info","event":"25/05/06 12:54:17 INFO BlockManagerMasterEndpoint: Using org.apache.spark.storage.DefaultTopologyMapper for getting topology information","logger":"airflow.task.hooks.airflow.providers.standard.hooks.subprocess.SubprocessHook"}
{"timestamp":"2025-05-06T03:54:17.165351","level":"info","event":"25/05/06 12:54:17 INFO BlockManagerMasterEndpoint: BlockManagerMasterEndpoint up","logger":"airflow.task.hooks.airflow.providers.standard.hooks.subprocess.SubprocessHook"}
{"timestamp":"2025-05-06T03:54:17.168474","level":"info","event":"25/05/06 12:54:17 INFO SparkEnv: Registering BlockManagerMasterHeartbeat","logger":"airflow.task.hooks.airflow.providers.standard.hooks.subprocess.SubprocessHook"}
{"timestamp":"2025-05-06T03:54:17.213485","level":"info","event":"25/05/06 12:54:17 INFO DiskBlockManager: Created local directory at /tmp/blockmgr-1569ae89-b870-4351-a977-e3b5e59a6afd","logger":"airflow.task.hooks.airflow.providers.standard.hooks.subprocess.SubprocessHook"}
{"timestamp":"2025-05-06T03:54:17.230755","level":"info","event":"25/05/06 12:54:17 INFO MemoryStore: MemoryStore started with capacity 434.4 MiB","logger":"airflow.task.hooks.airflow.providers.standard.hooks.subprocess.SubprocessHook"}
{"timestamp":"2025-05-06T03:54:17.242672","level":"info","event":"25/05/06 12:54:17 INFO SparkEnv: Registering OutputCommitCoordinator","logger":"airflow.task.hooks.airflow.providers.standard.hooks.subprocess.SubprocessHook"}
{"timestamp":"2025-05-06T03:54:17.394739","level":"info","event":"25/05/06 12:54:17 INFO Utils: Successfully started service 'SparkUI' on port 4040.","logger":"airflow.task.hooks.airflow.providers.standard.hooks.subprocess.SubprocessHook"}
{"timestamp":"2025-05-06T03:54:17.442780","level":"info","event":"25/05/06 12:54:17 INFO SparkContext: Added JAR file:///home/jjlee/workspace/GSBE/mysql-connector-java-8.4.0.jar at spark://172.23.182.114:34991/jars/mysql-connector-java-8.4.0.jar with timestamp 1746503656808","logger":"airflow.task.hooks.airflow.providers.standard.hooks.subprocess.SubprocessHook"}
{"timestamp":"2025-05-06T03:54:17.443134","level":"info","event":"25/05/06 12:54:17 INFO SparkContext: Added JAR file:///home/jjlee/.ivy2/jars/org.apache.spark_spark-sql-kafka-0-10_2.13-3.3.2.jar at spark://172.23.182.114:34991/jars/org.apache.spark_spark-sql-kafka-0-10_2.13-3.3.2.jar with timestamp 1746503656808","logger":"airflow.task.hooks.airflow.providers.standard.hooks.subprocess.SubprocessHook"}
{"timestamp":"2025-05-06T03:54:17.443405","level":"info","event":"25/05/06 12:54:17 INFO SparkContext: Added JAR file:///home/jjlee/.ivy2/jars/org.apache.spark_spark-token-provider-kafka-0-10_2.13-3.3.2.jar at spark://172.23.182.114:34991/jars/org.apache.spark_spark-token-provider-kafka-0-10_2.13-3.3.2.jar with timestamp 1746503656808","logger":"airflow.task.hooks.airflow.providers.standard.hooks.subprocess.SubprocessHook"}
{"timestamp":"2025-05-06T03:54:17.443521","level":"info","event":"25/05/06 12:54:17 INFO SparkContext: Added JAR file:///home/jjlee/.ivy2/jars/org.scala-lang.modules_scala-parallel-collections_2.13-1.0.3.jar at spark://172.23.182.114:34991/jars/org.scala-lang.modules_scala-parallel-collections_2.13-1.0.3.jar with timestamp 1746503656808","logger":"airflow.task.hooks.airflow.providers.standard.hooks.subprocess.SubprocessHook"}
{"timestamp":"2025-05-06T03:54:17.444858","level":"info","event":"25/05/06 12:54:17 INFO SparkContext: Added JAR file:///home/jjlee/.ivy2/jars/org.apache.kafka_kafka-clients-2.8.1.jar at spark://172.23.182.114:34991/jars/org.apache.kafka_kafka-clients-2.8.1.jar with timestamp 1746503656808","logger":"airflow.task.hooks.airflow.providers.standard.hooks.subprocess.SubprocessHook"}
{"timestamp":"2025-05-06T03:54:17.445391","level":"info","event":"25/05/06 12:54:17 INFO SparkContext: Added JAR file:///home/jjlee/.ivy2/jars/com.google.code.findbugs_jsr305-3.0.0.jar at spark://172.23.182.114:34991/jars/com.google.code.findbugs_jsr305-3.0.0.jar with timestamp 1746503656808","logger":"airflow.task.hooks.airflow.providers.standard.hooks.subprocess.SubprocessHook"}
{"timestamp":"2025-05-06T03:54:17.445866","level":"info","event":"25/05/06 12:54:17 INFO SparkContext: Added JAR file:///home/jjlee/.ivy2/jars/org.apache.commons_commons-pool2-2.11.1.jar at spark://172.23.182.114:34991/jars/org.apache.commons_commons-pool2-2.11.1.jar with timestamp 1746503656808","logger":"airflow.task.hooks.airflow.providers.standard.hooks.subprocess.SubprocessHook"}
{"timestamp":"2025-05-06T03:54:17.446763","level":"info","event":"25/05/06 12:54:17 INFO SparkContext: Added JAR file:///home/jjlee/.ivy2/jars/org.spark-project.spark_unused-1.0.0.jar at spark://172.23.182.114:34991/jars/org.spark-project.spark_unused-1.0.0.jar with timestamp 1746503656808","logger":"airflow.task.hooks.airflow.providers.standard.hooks.subprocess.SubprocessHook"}
{"timestamp":"2025-05-06T03:54:17.446982","level":"info","event":"25/05/06 12:54:17 INFO SparkContext: Added JAR file:///home/jjlee/.ivy2/jars/org.apache.hadoop_hadoop-client-runtime-3.3.2.jar at spark://172.23.182.114:34991/jars/org.apache.hadoop_hadoop-client-runtime-3.3.2.jar with timestamp 1746503656808","logger":"airflow.task.hooks.airflow.providers.standard.hooks.subprocess.SubprocessHook"}
{"timestamp":"2025-05-06T03:54:17.447150","level":"info","event":"25/05/06 12:54:17 INFO SparkContext: Added JAR file:///home/jjlee/.ivy2/jars/org.lz4_lz4-java-1.8.0.jar at spark://172.23.182.114:34991/jars/org.lz4_lz4-java-1.8.0.jar with timestamp 1746503656808","logger":"airflow.task.hooks.airflow.providers.standard.hooks.subprocess.SubprocessHook"}
{"timestamp":"2025-05-06T03:54:17.447320","level":"info","event":"25/05/06 12:54:17 INFO SparkContext: Added JAR file:///home/jjlee/.ivy2/jars/org.xerial.snappy_snappy-java-1.1.8.4.jar at spark://172.23.182.114:34991/jars/org.xerial.snappy_snappy-java-1.1.8.4.jar with timestamp 1746503656808","logger":"airflow.task.hooks.airflow.providers.standard.hooks.subprocess.SubprocessHook"}
{"timestamp":"2025-05-06T03:54:17.447424","level":"info","event":"25/05/06 12:54:17 INFO SparkContext: Added JAR file:///home/jjlee/.ivy2/jars/org.slf4j_slf4j-api-1.7.32.jar at spark://172.23.182.114:34991/jars/org.slf4j_slf4j-api-1.7.32.jar with timestamp 1746503656808","logger":"airflow.task.hooks.airflow.providers.standard.hooks.subprocess.SubprocessHook"}
{"timestamp":"2025-05-06T03:54:17.447593","level":"info","event":"25/05/06 12:54:17 INFO SparkContext: Added JAR file:///home/jjlee/.ivy2/jars/org.apache.hadoop_hadoop-client-api-3.3.2.jar at spark://172.23.182.114:34991/jars/org.apache.hadoop_hadoop-client-api-3.3.2.jar with timestamp 1746503656808","logger":"airflow.task.hooks.airflow.providers.standard.hooks.subprocess.SubprocessHook"}
{"timestamp":"2025-05-06T03:54:17.447741","level":"info","event":"25/05/06 12:54:17 INFO SparkContext: Added JAR file:///home/jjlee/.ivy2/jars/commons-logging_commons-logging-1.1.3.jar at spark://172.23.182.114:34991/jars/commons-logging_commons-logging-1.1.3.jar with timestamp 1746503656808","logger":"airflow.task.hooks.airflow.providers.standard.hooks.subprocess.SubprocessHook"}
{"timestamp":"2025-05-06T03:54:17.450192","level":"info","event":"25/05/06 12:54:17 INFO SparkContext: Added file file:///home/jjlee/.ivy2/jars/org.apache.spark_spark-sql-kafka-0-10_2.13-3.3.2.jar at file:///home/jjlee/.ivy2/jars/org.apache.spark_spark-sql-kafka-0-10_2.13-3.3.2.jar with timestamp 1746503656808","logger":"airflow.task.hooks.airflow.providers.standard.hooks.subprocess.SubprocessHook"}
{"timestamp":"2025-05-06T03:54:17.451268","level":"info","event":"25/05/06 12:54:17 INFO Utils: Copying /home/jjlee/.ivy2/jars/org.apache.spark_spark-sql-kafka-0-10_2.13-3.3.2.jar to /tmp/spark-988cd83c-9509-4b90-966a-c91a32a8d31c/userFiles-412ce635-81a0-4943-8d10-f29c9e535137/org.apache.spark_spark-sql-kafka-0-10_2.13-3.3.2.jar","logger":"airflow.task.hooks.airflow.providers.standard.hooks.subprocess.SubprocessHook"}
{"timestamp":"2025-05-06T03:54:17.458436","level":"info","event":"25/05/06 12:54:17 INFO SparkContext: Added file file:///home/jjlee/.ivy2/jars/org.apache.spark_spark-token-provider-kafka-0-10_2.13-3.3.2.jar at file:///home/jjlee/.ivy2/jars/org.apache.spark_spark-token-provider-kafka-0-10_2.13-3.3.2.jar with timestamp 1746503656808","logger":"airflow.task.hooks.airflow.providers.standard.hooks.subprocess.SubprocessHook"}
{"timestamp":"2025-05-06T03:54:17.458605","level":"info","event":"25/05/06 12:54:17 INFO Utils: Copying /home/jjlee/.ivy2/jars/org.apache.spark_spark-token-provider-kafka-0-10_2.13-3.3.2.jar to /tmp/spark-988cd83c-9509-4b90-966a-c91a32a8d31c/userFiles-412ce635-81a0-4943-8d10-f29c9e535137/org.apache.spark_spark-token-provider-kafka-0-10_2.13-3.3.2.jar","logger":"airflow.task.hooks.airflow.providers.standard.hooks.subprocess.SubprocessHook"}
{"timestamp":"2025-05-06T03:54:17.462071","level":"info","event":"25/05/06 12:54:17 INFO SparkContext: Added file file:///home/jjlee/.ivy2/jars/org.scala-lang.modules_scala-parallel-collections_2.13-1.0.3.jar at file:///home/jjlee/.ivy2/jars/org.scala-lang.modules_scala-parallel-collections_2.13-1.0.3.jar with timestamp 1746503656808","logger":"airflow.task.hooks.airflow.providers.standard.hooks.subprocess.SubprocessHook"}
{"timestamp":"2025-05-06T03:54:17.462224","level":"info","event":"25/05/06 12:54:17 INFO Utils: Copying /home/jjlee/.ivy2/jars/org.scala-lang.modules_scala-parallel-collections_2.13-1.0.3.jar to /tmp/spark-988cd83c-9509-4b90-966a-c91a32a8d31c/userFiles-412ce635-81a0-4943-8d10-f29c9e535137/org.scala-lang.modules_scala-parallel-collections_2.13-1.0.3.jar","logger":"airflow.task.hooks.airflow.providers.standard.hooks.subprocess.SubprocessHook"}
{"timestamp":"2025-05-06T03:54:17.465715","level":"info","event":"25/05/06 12:54:17 INFO SparkContext: Added file file:///home/jjlee/.ivy2/jars/org.apache.kafka_kafka-clients-2.8.1.jar at file:///home/jjlee/.ivy2/jars/org.apache.kafka_kafka-clients-2.8.1.jar with timestamp 1746503656808","logger":"airflow.task.hooks.airflow.providers.standard.hooks.subprocess.SubprocessHook"}
{"timestamp":"2025-05-06T03:54:17.465845","level":"info","event":"25/05/06 12:54:17 INFO Utils: Copying /home/jjlee/.ivy2/jars/org.apache.kafka_kafka-clients-2.8.1.jar to /tmp/spark-988cd83c-9509-4b90-966a-c91a32a8d31c/userFiles-412ce635-81a0-4943-8d10-f29c9e535137/org.apache.kafka_kafka-clients-2.8.1.jar","logger":"airflow.task.hooks.airflow.providers.standard.hooks.subprocess.SubprocessHook"}
{"timestamp":"2025-05-06T03:54:17.470547","level":"info","event":"25/05/06 12:54:17 INFO SparkContext: Added file file:///home/jjlee/.ivy2/jars/com.google.code.findbugs_jsr305-3.0.0.jar at file:///home/jjlee/.ivy2/jars/com.google.code.findbugs_jsr305-3.0.0.jar with timestamp 1746503656808","logger":"airflow.task.hooks.airflow.providers.standard.hooks.subprocess.SubprocessHook"}
{"timestamp":"2025-05-06T03:54:17.470670","level":"info","event":"25/05/06 12:54:17 INFO Utils: Copying /home/jjlee/.ivy2/jars/com.google.code.findbugs_jsr305-3.0.0.jar to /tmp/spark-988cd83c-9509-4b90-966a-c91a32a8d31c/userFiles-412ce635-81a0-4943-8d10-f29c9e535137/com.google.code.findbugs_jsr305-3.0.0.jar","logger":"airflow.task.hooks.airflow.providers.standard.hooks.subprocess.SubprocessHook"}
{"timestamp":"2025-05-06T03:54:17.473824","level":"info","event":"25/05/06 12:54:17 INFO SparkContext: Added file file:///home/jjlee/.ivy2/jars/org.apache.commons_commons-pool2-2.11.1.jar at file:///home/jjlee/.ivy2/jars/org.apache.commons_commons-pool2-2.11.1.jar with timestamp 1746503656808","logger":"airflow.task.hooks.airflow.providers.standard.hooks.subprocess.SubprocessHook"}
{"timestamp":"2025-05-06T03:54:17.473989","level":"info","event":"25/05/06 12:54:17 INFO Utils: Copying /home/jjlee/.ivy2/jars/org.apache.commons_commons-pool2-2.11.1.jar to /tmp/spark-988cd83c-9509-4b90-966a-c91a32a8d31c/userFiles-412ce635-81a0-4943-8d10-f29c9e535137/org.apache.commons_commons-pool2-2.11.1.jar","logger":"airflow.task.hooks.airflow.providers.standard.hooks.subprocess.SubprocessHook"}
{"timestamp":"2025-05-06T03:54:17.476933","level":"info","event":"25/05/06 12:54:17 INFO SparkContext: Added file file:///home/jjlee/.ivy2/jars/org.spark-project.spark_unused-1.0.0.jar at file:///home/jjlee/.ivy2/jars/org.spark-project.spark_unused-1.0.0.jar with timestamp 1746503656808","logger":"airflow.task.hooks.airflow.providers.standard.hooks.subprocess.SubprocessHook"}
{"timestamp":"2025-05-06T03:54:17.477068","level":"info","event":"25/05/06 12:54:17 INFO Utils: Copying /home/jjlee/.ivy2/jars/org.spark-project.spark_unused-1.0.0.jar to /tmp/spark-988cd83c-9509-4b90-966a-c91a32a8d31c/userFiles-412ce635-81a0-4943-8d10-f29c9e535137/org.spark-project.spark_unused-1.0.0.jar","logger":"airflow.task.hooks.airflow.providers.standard.hooks.subprocess.SubprocessHook"}
{"timestamp":"2025-05-06T03:54:17.479544","level":"info","event":"25/05/06 12:54:17 INFO SparkContext: Added file file:///home/jjlee/.ivy2/jars/org.apache.hadoop_hadoop-client-runtime-3.3.2.jar at file:///home/jjlee/.ivy2/jars/org.apache.hadoop_hadoop-client-runtime-3.3.2.jar with timestamp 1746503656808","logger":"airflow.task.hooks.airflow.providers.standard.hooks.subprocess.SubprocessHook"}
{"timestamp":"2025-05-06T03:54:17.479680","level":"info","event":"25/05/06 12:54:17 INFO Utils: Copying /home/jjlee/.ivy2/jars/org.apache.hadoop_hadoop-client-runtime-3.3.2.jar to /tmp/spark-988cd83c-9509-4b90-966a-c91a32a8d31c/userFiles-412ce635-81a0-4943-8d10-f29c9e535137/org.apache.hadoop_hadoop-client-runtime-3.3.2.jar","logger":"airflow.task.hooks.airflow.providers.standard.hooks.subprocess.SubprocessHook"}
{"timestamp":"2025-05-06T03:54:17.497799","level":"info","event":"25/05/06 12:54:17 INFO SparkContext: Added file file:///home/jjlee/.ivy2/jars/org.lz4_lz4-java-1.8.0.jar at file:///home/jjlee/.ivy2/jars/org.lz4_lz4-java-1.8.0.jar with timestamp 1746503656808","logger":"airflow.task.hooks.airflow.providers.standard.hooks.subprocess.SubprocessHook"}
{"timestamp":"2025-05-06T03:54:17.497924","level":"info","event":"25/05/06 12:54:17 INFO Utils: Copying /home/jjlee/.ivy2/jars/org.lz4_lz4-java-1.8.0.jar to /tmp/spark-988cd83c-9509-4b90-966a-c91a32a8d31c/userFiles-412ce635-81a0-4943-8d10-f29c9e535137/org.lz4_lz4-java-1.8.0.jar","logger":"airflow.task.hooks.airflow.providers.standard.hooks.subprocess.SubprocessHook"}
{"timestamp":"2025-05-06T03:54:17.500870","level":"info","event":"25/05/06 12:54:17 INFO SparkContext: Added file file:///home/jjlee/.ivy2/jars/org.xerial.snappy_snappy-java-1.1.8.4.jar at file:///home/jjlee/.ivy2/jars/org.xerial.snappy_snappy-java-1.1.8.4.jar with timestamp 1746503656808","logger":"airflow.task.hooks.airflow.providers.standard.hooks.subprocess.SubprocessHook"}
{"timestamp":"2025-05-06T03:54:17.500994","level":"info","event":"25/05/06 12:54:17 INFO Utils: Copying /home/jjlee/.ivy2/jars/org.xerial.snappy_snappy-java-1.1.8.4.jar to /tmp/spark-988cd83c-9509-4b90-966a-c91a32a8d31c/userFiles-412ce635-81a0-4943-8d10-f29c9e535137/org.xerial.snappy_snappy-java-1.1.8.4.jar","logger":"airflow.task.hooks.airflow.providers.standard.hooks.subprocess.SubprocessHook"}
{"timestamp":"2025-05-06T03:54:17.504458","level":"info","event":"25/05/06 12:54:17 INFO SparkContext: Added file file:///home/jjlee/.ivy2/jars/org.slf4j_slf4j-api-1.7.32.jar at file:///home/jjlee/.ivy2/jars/org.slf4j_slf4j-api-1.7.32.jar with timestamp 1746503656808","logger":"airflow.task.hooks.airflow.providers.standard.hooks.subprocess.SubprocessHook"}
{"timestamp":"2025-05-06T03:54:17.504577","level":"info","event":"25/05/06 12:54:17 INFO Utils: Copying /home/jjlee/.ivy2/jars/org.slf4j_slf4j-api-1.7.32.jar to /tmp/spark-988cd83c-9509-4b90-966a-c91a32a8d31c/userFiles-412ce635-81a0-4943-8d10-f29c9e535137/org.slf4j_slf4j-api-1.7.32.jar","logger":"airflow.task.hooks.airflow.providers.standard.hooks.subprocess.SubprocessHook"}
{"timestamp":"2025-05-06T03:54:17.507213","level":"info","event":"25/05/06 12:54:17 INFO SparkContext: Added file file:///home/jjlee/.ivy2/jars/org.apache.hadoop_hadoop-client-api-3.3.2.jar at file:///home/jjlee/.ivy2/jars/org.apache.hadoop_hadoop-client-api-3.3.2.jar with timestamp 1746503656808","logger":"airflow.task.hooks.airflow.providers.standard.hooks.subprocess.SubprocessHook"}
{"timestamp":"2025-05-06T03:54:17.507351","level":"info","event":"25/05/06 12:54:17 INFO Utils: Copying /home/jjlee/.ivy2/jars/org.apache.hadoop_hadoop-client-api-3.3.2.jar to /tmp/spark-988cd83c-9509-4b90-966a-c91a32a8d31c/userFiles-412ce635-81a0-4943-8d10-f29c9e535137/org.apache.hadoop_hadoop-client-api-3.3.2.jar","logger":"airflow.task.hooks.airflow.providers.standard.hooks.subprocess.SubprocessHook"}
{"timestamp":"2025-05-06T03:54:17.520652","level":"info","event":"25/05/06 12:54:17 INFO SparkContext: Added file file:///home/jjlee/.ivy2/jars/commons-logging_commons-logging-1.1.3.jar at file:///home/jjlee/.ivy2/jars/commons-logging_commons-logging-1.1.3.jar with timestamp 1746503656808","logger":"airflow.task.hooks.airflow.providers.standard.hooks.subprocess.SubprocessHook"}
{"timestamp":"2025-05-06T03:54:17.520821","level":"info","event":"25/05/06 12:54:17 INFO Utils: Copying /home/jjlee/.ivy2/jars/commons-logging_commons-logging-1.1.3.jar to /tmp/spark-988cd83c-9509-4b90-966a-c91a32a8d31c/userFiles-412ce635-81a0-4943-8d10-f29c9e535137/commons-logging_commons-logging-1.1.3.jar","logger":"airflow.task.hooks.airflow.providers.standard.hooks.subprocess.SubprocessHook"}
{"timestamp":"2025-05-06T03:54:17.568894","level":"info","event":"25/05/06 12:54:17 INFO Executor: Starting executor ID driver on host 172.23.182.114","logger":"airflow.task.hooks.airflow.providers.standard.hooks.subprocess.SubprocessHook"}
{"timestamp":"2025-05-06T03:54:17.573636","level":"info","event":"25/05/06 12:54:17 INFO Executor: Starting executor with user classpath (userClassPathFirst = false): ''","logger":"airflow.task.hooks.airflow.providers.standard.hooks.subprocess.SubprocessHook"}
{"timestamp":"2025-05-06T03:54:17.582588","level":"info","event":"25/05/06 12:54:17 INFO Executor: Fetching file:///home/jjlee/.ivy2/jars/org.apache.hadoop_hadoop-client-runtime-3.3.2.jar with timestamp 1746503656808","logger":"airflow.task.hooks.airflow.providers.standard.hooks.subprocess.SubprocessHook"}
{"timestamp":"2025-05-06T03:54:17.610882","level":"info","event":"25/05/06 12:54:17 INFO Utils: /home/jjlee/.ivy2/jars/org.apache.hadoop_hadoop-client-runtime-3.3.2.jar has been previously copied to /tmp/spark-988cd83c-9509-4b90-966a-c91a32a8d31c/userFiles-412ce635-81a0-4943-8d10-f29c9e535137/org.apache.hadoop_hadoop-client-runtime-3.3.2.jar","logger":"airflow.task.hooks.airflow.providers.standard.hooks.subprocess.SubprocessHook"}
{"timestamp":"2025-05-06T03:54:17.612900","level":"info","event":"25/05/06 12:54:17 INFO Executor: Fetching file:///home/jjlee/.ivy2/jars/org.apache.hadoop_hadoop-client-api-3.3.2.jar with timestamp 1746503656808","logger":"airflow.task.hooks.airflow.providers.standard.hooks.subprocess.SubprocessHook"}
{"timestamp":"2025-05-06T03:54:17.621474","level":"info","event":"25/05/06 12:54:17 INFO Utils: /home/jjlee/.ivy2/jars/org.apache.hadoop_hadoop-client-api-3.3.2.jar has been previously copied to /tmp/spark-988cd83c-9509-4b90-966a-c91a32a8d31c/userFiles-412ce635-81a0-4943-8d10-f29c9e535137/org.apache.hadoop_hadoop-client-api-3.3.2.jar","logger":"airflow.task.hooks.airflow.providers.standard.hooks.subprocess.SubprocessHook"}
{"timestamp":"2025-05-06T03:54:17.623838","level":"info","event":"25/05/06 12:54:17 INFO Executor: Fetching file:///home/jjlee/.ivy2/jars/org.scala-lang.modules_scala-parallel-collections_2.13-1.0.3.jar with timestamp 1746503656808","logger":"airflow.task.hooks.airflow.providers.standard.hooks.subprocess.SubprocessHook"}
{"timestamp":"2025-05-06T03:54:17.624672","level":"info","event":"25/05/06 12:54:17 INFO Utils: /home/jjlee/.ivy2/jars/org.scala-lang.modules_scala-parallel-collections_2.13-1.0.3.jar has been previously copied to /tmp/spark-988cd83c-9509-4b90-966a-c91a32a8d31c/userFiles-412ce635-81a0-4943-8d10-f29c9e535137/org.scala-lang.modules_scala-parallel-collections_2.13-1.0.3.jar","logger":"airflow.task.hooks.airflow.providers.standard.hooks.subprocess.SubprocessHook"}
{"timestamp":"2025-05-06T03:54:17.627246","level":"info","event":"25/05/06 12:54:17 INFO Executor: Fetching file:///home/jjlee/.ivy2/jars/commons-logging_commons-logging-1.1.3.jar with timestamp 1746503656808","logger":"airflow.task.hooks.airflow.providers.standard.hooks.subprocess.SubprocessHook"}
{"timestamp":"2025-05-06T03:54:17.627611","level":"info","event":"25/05/06 12:54:17 INFO Utils: /home/jjlee/.ivy2/jars/commons-logging_commons-logging-1.1.3.jar has been previously copied to /tmp/spark-988cd83c-9509-4b90-966a-c91a32a8d31c/userFiles-412ce635-81a0-4943-8d10-f29c9e535137/commons-logging_commons-logging-1.1.3.jar","logger":"airflow.task.hooks.airflow.providers.standard.hooks.subprocess.SubprocessHook"}
{"timestamp":"2025-05-06T03:54:17.630050","level":"info","event":"25/05/06 12:54:17 INFO Executor: Fetching file:///home/jjlee/.ivy2/jars/org.xerial.snappy_snappy-java-1.1.8.4.jar with timestamp 1746503656808","logger":"airflow.task.hooks.airflow.providers.standard.hooks.subprocess.SubprocessHook"}
{"timestamp":"2025-05-06T03:54:17.631188","level":"info","event":"25/05/06 12:54:17 INFO Utils: /home/jjlee/.ivy2/jars/org.xerial.snappy_snappy-java-1.1.8.4.jar has been previously copied to /tmp/spark-988cd83c-9509-4b90-966a-c91a32a8d31c/userFiles-412ce635-81a0-4943-8d10-f29c9e535137/org.xerial.snappy_snappy-java-1.1.8.4.jar","logger":"airflow.task.hooks.airflow.providers.standard.hooks.subprocess.SubprocessHook"}
{"timestamp":"2025-05-06T03:54:17.635685","level":"info","event":"25/05/06 12:54:17 INFO Executor: Fetching file:///home/jjlee/.ivy2/jars/com.google.code.findbugs_jsr305-3.0.0.jar with timestamp 1746503656808","logger":"airflow.task.hooks.airflow.providers.standard.hooks.subprocess.SubprocessHook"}
{"timestamp":"2025-05-06T03:54:17.635925","level":"info","event":"25/05/06 12:54:17 INFO Utils: /home/jjlee/.ivy2/jars/com.google.code.findbugs_jsr305-3.0.0.jar has been previously copied to /tmp/spark-988cd83c-9509-4b90-966a-c91a32a8d31c/userFiles-412ce635-81a0-4943-8d10-f29c9e535137/com.google.code.findbugs_jsr305-3.0.0.jar","logger":"airflow.task.hooks.airflow.providers.standard.hooks.subprocess.SubprocessHook"}
{"timestamp":"2025-05-06T03:54:17.638888","level":"info","event":"25/05/06 12:54:17 INFO Executor: Fetching file:///home/jjlee/.ivy2/jars/org.apache.commons_commons-pool2-2.11.1.jar with timestamp 1746503656808","logger":"airflow.task.hooks.airflow.providers.standard.hooks.subprocess.SubprocessHook"}
{"timestamp":"2025-05-06T03:54:17.639283","level":"info","event":"25/05/06 12:54:17 INFO Utils: /home/jjlee/.ivy2/jars/org.apache.commons_commons-pool2-2.11.1.jar has been previously copied to /tmp/spark-988cd83c-9509-4b90-966a-c91a32a8d31c/userFiles-412ce635-81a0-4943-8d10-f29c9e535137/org.apache.commons_commons-pool2-2.11.1.jar","logger":"airflow.task.hooks.airflow.providers.standard.hooks.subprocess.SubprocessHook"}
{"timestamp":"2025-05-06T03:54:17.642224","level":"info","event":"25/05/06 12:54:17 INFO Executor: Fetching file:///home/jjlee/.ivy2/jars/org.slf4j_slf4j-api-1.7.32.jar with timestamp 1746503656808","logger":"airflow.task.hooks.airflow.providers.standard.hooks.subprocess.SubprocessHook"}
{"timestamp":"2025-05-06T03:54:17.642532","level":"info","event":"25/05/06 12:54:17 INFO Utils: /home/jjlee/.ivy2/jars/org.slf4j_slf4j-api-1.7.32.jar has been previously copied to /tmp/spark-988cd83c-9509-4b90-966a-c91a32a8d31c/userFiles-412ce635-81a0-4943-8d10-f29c9e535137/org.slf4j_slf4j-api-1.7.32.jar","logger":"airflow.task.hooks.airflow.providers.standard.hooks.subprocess.SubprocessHook"}
{"timestamp":"2025-05-06T03:54:17.645663","level":"info","event":"25/05/06 12:54:17 INFO Executor: Fetching file:///home/jjlee/.ivy2/jars/org.apache.spark_spark-token-provider-kafka-0-10_2.13-3.3.2.jar with timestamp 1746503656808","logger":"airflow.task.hooks.airflow.providers.standard.hooks.subprocess.SubprocessHook"}
{"timestamp":"2025-05-06T03:54:17.646005","level":"info","event":"25/05/06 12:54:17 INFO Utils: /home/jjlee/.ivy2/jars/org.apache.spark_spark-token-provider-kafka-0-10_2.13-3.3.2.jar has been previously copied to /tmp/spark-988cd83c-9509-4b90-966a-c91a32a8d31c/userFiles-412ce635-81a0-4943-8d10-f29c9e535137/org.apache.spark_spark-token-provider-kafka-0-10_2.13-3.3.2.jar","logger":"airflow.task.hooks.airflow.providers.standard.hooks.subprocess.SubprocessHook"}
{"timestamp":"2025-05-06T03:54:17.648343","level":"info","event":"25/05/06 12:54:17 INFO Executor: Fetching file:///home/jjlee/.ivy2/jars/org.spark-project.spark_unused-1.0.0.jar with timestamp 1746503656808","logger":"airflow.task.hooks.airflow.providers.standard.hooks.subprocess.SubprocessHook"}
{"timestamp":"2025-05-06T03:54:17.648689","level":"info","event":"25/05/06 12:54:17 INFO Utils: /home/jjlee/.ivy2/jars/org.spark-project.spark_unused-1.0.0.jar has been previously copied to /tmp/spark-988cd83c-9509-4b90-966a-c91a32a8d31c/userFiles-412ce635-81a0-4943-8d10-f29c9e535137/org.spark-project.spark_unused-1.0.0.jar","logger":"airflow.task.hooks.airflow.providers.standard.hooks.subprocess.SubprocessHook"}
{"timestamp":"2025-05-06T03:54:17.651359","level":"info","event":"25/05/06 12:54:17 INFO Executor: Fetching file:///home/jjlee/.ivy2/jars/org.apache.kafka_kafka-clients-2.8.1.jar with timestamp 1746503656808","logger":"airflow.task.hooks.airflow.providers.standard.hooks.subprocess.SubprocessHook"}
{"timestamp":"2025-05-06T03:54:17.653444","level":"info","event":"25/05/06 12:54:17 INFO Utils: /home/jjlee/.ivy2/jars/org.apache.kafka_kafka-clients-2.8.1.jar has been previously copied to /tmp/spark-988cd83c-9509-4b90-966a-c91a32a8d31c/userFiles-412ce635-81a0-4943-8d10-f29c9e535137/org.apache.kafka_kafka-clients-2.8.1.jar","logger":"airflow.task.hooks.airflow.providers.standard.hooks.subprocess.SubprocessHook"}
{"timestamp":"2025-05-06T03:54:17.656032","level":"info","event":"25/05/06 12:54:17 INFO Executor: Fetching file:///home/jjlee/.ivy2/jars/org.apache.spark_spark-sql-kafka-0-10_2.13-3.3.2.jar with timestamp 1746503656808","logger":"airflow.task.hooks.airflow.providers.standard.hooks.subprocess.SubprocessHook"}
{"timestamp":"2025-05-06T03:54:17.656509","level":"info","event":"25/05/06 12:54:17 INFO Utils: /home/jjlee/.ivy2/jars/org.apache.spark_spark-sql-kafka-0-10_2.13-3.3.2.jar has been previously copied to /tmp/spark-988cd83c-9509-4b90-966a-c91a32a8d31c/userFiles-412ce635-81a0-4943-8d10-f29c9e535137/org.apache.spark_spark-sql-kafka-0-10_2.13-3.3.2.jar","logger":"airflow.task.hooks.airflow.providers.standard.hooks.subprocess.SubprocessHook"}
{"timestamp":"2025-05-06T03:54:17.658986","level":"info","event":"25/05/06 12:54:17 INFO Executor: Fetching file:///home/jjlee/.ivy2/jars/org.lz4_lz4-java-1.8.0.jar with timestamp 1746503656808","logger":"airflow.task.hooks.airflow.providers.standard.hooks.subprocess.SubprocessHook"}
{"timestamp":"2025-05-06T03:54:17.659589","level":"info","event":"25/05/06 12:54:17 INFO Utils: /home/jjlee/.ivy2/jars/org.lz4_lz4-java-1.8.0.jar has been previously copied to /tmp/spark-988cd83c-9509-4b90-966a-c91a32a8d31c/userFiles-412ce635-81a0-4943-8d10-f29c9e535137/org.lz4_lz4-java-1.8.0.jar","logger":"airflow.task.hooks.airflow.providers.standard.hooks.subprocess.SubprocessHook"}
{"timestamp":"2025-05-06T03:54:17.663154","level":"info","event":"25/05/06 12:54:17 INFO Executor: Fetching spark://172.23.182.114:34991/jars/org.spark-project.spark_unused-1.0.0.jar with timestamp 1746503656808","logger":"airflow.task.hooks.airflow.providers.standard.hooks.subprocess.SubprocessHook"}
{"timestamp":"2025-05-06T03:54:17.702576","level":"info","event":"25/05/06 12:54:17 INFO TransportClientFactory: Successfully created connection to /172.23.182.114:34991 after 31 ms (0 ms spent in bootstraps)","logger":"airflow.task.hooks.airflow.providers.standard.hooks.subprocess.SubprocessHook"}
{"timestamp":"2025-05-06T03:54:17.708133","level":"info","event":"25/05/06 12:54:17 INFO Utils: Fetching spark://172.23.182.114:34991/jars/org.spark-project.spark_unused-1.0.0.jar to /tmp/spark-988cd83c-9509-4b90-966a-c91a32a8d31c/userFiles-412ce635-81a0-4943-8d10-f29c9e535137/fetchFileTemp11190092890990774473.tmp","logger":"airflow.task.hooks.airflow.providers.standard.hooks.subprocess.SubprocessHook"}
{"timestamp":"2025-05-06T03:54:17.856374","level":"info","event":"25/05/06 12:54:17 INFO Utils: /tmp/spark-988cd83c-9509-4b90-966a-c91a32a8d31c/userFiles-412ce635-81a0-4943-8d10-f29c9e535137/fetchFileTemp11190092890990774473.tmp has been previously copied to /tmp/spark-988cd83c-9509-4b90-966a-c91a32a8d31c/userFiles-412ce635-81a0-4943-8d10-f29c9e535137/org.spark-project.spark_unused-1.0.0.jar","logger":"airflow.task.hooks.airflow.providers.standard.hooks.subprocess.SubprocessHook"}
{"timestamp":"2025-05-06T03:54:17.859970","level":"info","event":"25/05/06 12:54:17 INFO Executor: Adding file:/tmp/spark-988cd83c-9509-4b90-966a-c91a32a8d31c/userFiles-412ce635-81a0-4943-8d10-f29c9e535137/org.spark-project.spark_unused-1.0.0.jar to class loader","logger":"airflow.task.hooks.airflow.providers.standard.hooks.subprocess.SubprocessHook"}
{"timestamp":"2025-05-06T03:54:17.860146","level":"info","event":"25/05/06 12:54:17 INFO Executor: Fetching spark://172.23.182.114:34991/jars/org.apache.spark_spark-token-provider-kafka-0-10_2.13-3.3.2.jar with timestamp 1746503656808","logger":"airflow.task.hooks.airflow.providers.standard.hooks.subprocess.SubprocessHook"}
{"timestamp":"2025-05-06T03:54:17.860613","level":"info","event":"25/05/06 12:54:17 INFO Utils: Fetching spark://172.23.182.114:34991/jars/org.apache.spark_spark-token-provider-kafka-0-10_2.13-3.3.2.jar to /tmp/spark-988cd83c-9509-4b90-966a-c91a32a8d31c/userFiles-412ce635-81a0-4943-8d10-f29c9e535137/fetchFileTemp8893193157363450998.tmp","logger":"airflow.task.hooks.airflow.providers.standard.hooks.subprocess.SubprocessHook"}
{"timestamp":"2025-05-06T03:54:17.862562","level":"info","event":"25/05/06 12:54:17 INFO Utils: /tmp/spark-988cd83c-9509-4b90-966a-c91a32a8d31c/userFiles-412ce635-81a0-4943-8d10-f29c9e535137/fetchFileTemp8893193157363450998.tmp has been previously copied to /tmp/spark-988cd83c-9509-4b90-966a-c91a32a8d31c/userFiles-412ce635-81a0-4943-8d10-f29c9e535137/org.apache.spark_spark-token-provider-kafka-0-10_2.13-3.3.2.jar","logger":"airflow.task.hooks.airflow.providers.standard.hooks.subprocess.SubprocessHook"}
{"timestamp":"2025-05-06T03:54:17.865519","level":"info","event":"25/05/06 12:54:17 INFO Executor: Adding file:/tmp/spark-988cd83c-9509-4b90-966a-c91a32a8d31c/userFiles-412ce635-81a0-4943-8d10-f29c9e535137/org.apache.spark_spark-token-provider-kafka-0-10_2.13-3.3.2.jar to class loader","logger":"airflow.task.hooks.airflow.providers.standard.hooks.subprocess.SubprocessHook"}
{"timestamp":"2025-05-06T03:54:17.865622","level":"info","event":"25/05/06 12:54:17 INFO Executor: Fetching spark://172.23.182.114:34991/jars/org.apache.spark_spark-sql-kafka-0-10_2.13-3.3.2.jar with timestamp 1746503656808","logger":"airflow.task.hooks.airflow.providers.standard.hooks.subprocess.SubprocessHook"}
{"timestamp":"2025-05-06T03:54:17.865987","level":"info","event":"25/05/06 12:54:17 INFO Utils: Fetching spark://172.23.182.114:34991/jars/org.apache.spark_spark-sql-kafka-0-10_2.13-3.3.2.jar to /tmp/spark-988cd83c-9509-4b90-966a-c91a32a8d31c/userFiles-412ce635-81a0-4943-8d10-f29c9e535137/fetchFileTemp5652405363873031740.tmp","logger":"airflow.task.hooks.airflow.providers.standard.hooks.subprocess.SubprocessHook"}
{"timestamp":"2025-05-06T03:54:17.869196","level":"info","event":"25/05/06 12:54:17 INFO Utils: /tmp/spark-988cd83c-9509-4b90-966a-c91a32a8d31c/userFiles-412ce635-81a0-4943-8d10-f29c9e535137/fetchFileTemp5652405363873031740.tmp has been previously copied to /tmp/spark-988cd83c-9509-4b90-966a-c91a32a8d31c/userFiles-412ce635-81a0-4943-8d10-f29c9e535137/org.apache.spark_spark-sql-kafka-0-10_2.13-3.3.2.jar","logger":"airflow.task.hooks.airflow.providers.standard.hooks.subprocess.SubprocessHook"}
{"timestamp":"2025-05-06T03:54:17.873125","level":"info","event":"25/05/06 12:54:17 INFO Executor: Adding file:/tmp/spark-988cd83c-9509-4b90-966a-c91a32a8d31c/userFiles-412ce635-81a0-4943-8d10-f29c9e535137/org.apache.spark_spark-sql-kafka-0-10_2.13-3.3.2.jar to class loader","logger":"airflow.task.hooks.airflow.providers.standard.hooks.subprocess.SubprocessHook"}
{"timestamp":"2025-05-06T03:54:17.873310","level":"info","event":"25/05/06 12:54:17 INFO Executor: Fetching spark://172.23.182.114:34991/jars/org.apache.hadoop_hadoop-client-runtime-3.3.2.jar with timestamp 1746503656808","logger":"airflow.task.hooks.airflow.providers.standard.hooks.subprocess.SubprocessHook"}
{"timestamp":"2025-05-06T03:54:17.873887","level":"info","event":"25/05/06 12:54:17 INFO Utils: Fetching spark://172.23.182.114:34991/jars/org.apache.hadoop_hadoop-client-runtime-3.3.2.jar to /tmp/spark-988cd83c-9509-4b90-966a-c91a32a8d31c/userFiles-412ce635-81a0-4943-8d10-f29c9e535137/fetchFileTemp16173979546932223671.tmp","logger":"airflow.task.hooks.airflow.providers.standard.hooks.subprocess.SubprocessHook"}
{"timestamp":"2025-05-06T03:54:17.967073","level":"info","event":"25/05/06 12:54:17 INFO Utils: /tmp/spark-988cd83c-9509-4b90-966a-c91a32a8d31c/userFiles-412ce635-81a0-4943-8d10-f29c9e535137/fetchFileTemp16173979546932223671.tmp has been previously copied to /tmp/spark-988cd83c-9509-4b90-966a-c91a32a8d31c/userFiles-412ce635-81a0-4943-8d10-f29c9e535137/org.apache.hadoop_hadoop-client-runtime-3.3.2.jar","logger":"airflow.task.hooks.airflow.providers.standard.hooks.subprocess.SubprocessHook"}
{"timestamp":"2025-05-06T03:54:18.023818","level":"info","event":"25/05/06 12:54:18 INFO Executor: Adding file:/tmp/spark-988cd83c-9509-4b90-966a-c91a32a8d31c/userFiles-412ce635-81a0-4943-8d10-f29c9e535137/org.apache.hadoop_hadoop-client-runtime-3.3.2.jar to class loader","logger":"airflow.task.hooks.airflow.providers.standard.hooks.subprocess.SubprocessHook"}
{"timestamp":"2025-05-06T03:54:18.023997","level":"info","event":"25/05/06 12:54:18 INFO Executor: Fetching spark://172.23.182.114:34991/jars/org.apache.kafka_kafka-clients-2.8.1.jar with timestamp 1746503656808","logger":"airflow.task.hooks.airflow.providers.standard.hooks.subprocess.SubprocessHook"}
{"timestamp":"2025-05-06T03:54:18.024441","level":"info","event":"25/05/06 12:54:18 INFO Utils: Fetching spark://172.23.182.114:34991/jars/org.apache.kafka_kafka-clients-2.8.1.jar to /tmp/spark-988cd83c-9509-4b90-966a-c91a32a8d31c/userFiles-412ce635-81a0-4943-8d10-f29c9e535137/fetchFileTemp15804846986263529164.tmp","logger":"airflow.task.hooks.airflow.providers.standard.hooks.subprocess.SubprocessHook"}
{"timestamp":"2025-05-06T03:54:18.037162","level":"info","event":"25/05/06 12:54:18 INFO Utils: /tmp/spark-988cd83c-9509-4b90-966a-c91a32a8d31c/userFiles-412ce635-81a0-4943-8d10-f29c9e535137/fetchFileTemp15804846986263529164.tmp has been previously copied to /tmp/spark-988cd83c-9509-4b90-966a-c91a32a8d31c/userFiles-412ce635-81a0-4943-8d10-f29c9e535137/org.apache.kafka_kafka-clients-2.8.1.jar","logger":"airflow.task.hooks.airflow.providers.standard.hooks.subprocess.SubprocessHook"}
{"timestamp":"2025-05-06T03:54:18.048133","level":"info","event":"25/05/06 12:54:18 INFO Executor: Adding file:/tmp/spark-988cd83c-9509-4b90-966a-c91a32a8d31c/userFiles-412ce635-81a0-4943-8d10-f29c9e535137/org.apache.kafka_kafka-clients-2.8.1.jar to class loader","logger":"airflow.task.hooks.airflow.providers.standard.hooks.subprocess.SubprocessHook"}
{"timestamp":"2025-05-06T03:54:18.048266","level":"info","event":"25/05/06 12:54:18 INFO Executor: Fetching spark://172.23.182.114:34991/jars/org.lz4_lz4-java-1.8.0.jar with timestamp 1746503656808","logger":"airflow.task.hooks.airflow.providers.standard.hooks.subprocess.SubprocessHook"}
{"timestamp":"2025-05-06T03:54:18.048580","level":"info","event":"25/05/06 12:54:18 INFO Utils: Fetching spark://172.23.182.114:34991/jars/org.lz4_lz4-java-1.8.0.jar to /tmp/spark-988cd83c-9509-4b90-966a-c91a32a8d31c/userFiles-412ce635-81a0-4943-8d10-f29c9e535137/fetchFileTemp16426835003998194453.tmp","logger":"airflow.task.hooks.airflow.providers.standard.hooks.subprocess.SubprocessHook"}
{"timestamp":"2025-05-06T03:54:18.051145","level":"info","event":"25/05/06 12:54:18 INFO Utils: /tmp/spark-988cd83c-9509-4b90-966a-c91a32a8d31c/userFiles-412ce635-81a0-4943-8d10-f29c9e535137/fetchFileTemp16426835003998194453.tmp has been previously copied to /tmp/spark-988cd83c-9509-4b90-966a-c91a32a8d31c/userFiles-412ce635-81a0-4943-8d10-f29c9e535137/org.lz4_lz4-java-1.8.0.jar","logger":"airflow.task.hooks.airflow.providers.standard.hooks.subprocess.SubprocessHook"}
{"timestamp":"2025-05-06T03:54:18.054854","level":"info","event":"25/05/06 12:54:18 INFO Executor: Adding file:/tmp/spark-988cd83c-9509-4b90-966a-c91a32a8d31c/userFiles-412ce635-81a0-4943-8d10-f29c9e535137/org.lz4_lz4-java-1.8.0.jar to class loader","logger":"airflow.task.hooks.airflow.providers.standard.hooks.subprocess.SubprocessHook"}
{"timestamp":"2025-05-06T03:54:18.054953","level":"info","event":"25/05/06 12:54:18 INFO Executor: Fetching spark://172.23.182.114:34991/jars/com.google.code.findbugs_jsr305-3.0.0.jar with timestamp 1746503656808","logger":"airflow.task.hooks.airflow.providers.standard.hooks.subprocess.SubprocessHook"}
{"timestamp":"2025-05-06T03:54:18.055278","level":"info","event":"25/05/06 12:54:18 INFO Utils: Fetching spark://172.23.182.114:34991/jars/com.google.code.findbugs_jsr305-3.0.0.jar to /tmp/spark-988cd83c-9509-4b90-966a-c91a32a8d31c/userFiles-412ce635-81a0-4943-8d10-f29c9e535137/fetchFileTemp11952186083930312135.tmp","logger":"airflow.task.hooks.airflow.providers.standard.hooks.subprocess.SubprocessHook"}
{"timestamp":"2025-05-06T03:54:18.056409","level":"info","event":"25/05/06 12:54:18 INFO Utils: /tmp/spark-988cd83c-9509-4b90-966a-c91a32a8d31c/userFiles-412ce635-81a0-4943-8d10-f29c9e535137/fetchFileTemp11952186083930312135.tmp has been previously copied to /tmp/spark-988cd83c-9509-4b90-966a-c91a32a8d31c/userFiles-412ce635-81a0-4943-8d10-f29c9e535137/com.google.code.findbugs_jsr305-3.0.0.jar","logger":"airflow.task.hooks.airflow.providers.standard.hooks.subprocess.SubprocessHook"}
{"timestamp":"2025-05-06T03:54:18.058592","level":"info","event":"25/05/06 12:54:18 INFO Executor: Adding file:/tmp/spark-988cd83c-9509-4b90-966a-c91a32a8d31c/userFiles-412ce635-81a0-4943-8d10-f29c9e535137/com.google.code.findbugs_jsr305-3.0.0.jar to class loader","logger":"airflow.task.hooks.airflow.providers.standard.hooks.subprocess.SubprocessHook"}
{"timestamp":"2025-05-06T03:54:18.058711","level":"info","event":"25/05/06 12:54:18 INFO Executor: Fetching spark://172.23.182.114:34991/jars/org.slf4j_slf4j-api-1.7.32.jar with timestamp 1746503656808","logger":"airflow.task.hooks.airflow.providers.standard.hooks.subprocess.SubprocessHook"}
{"timestamp":"2025-05-06T03:54:18.059559","level":"info","event":"25/05/06 12:54:18 INFO Utils: Fetching spark://172.23.182.114:34991/jars/org.slf4j_slf4j-api-1.7.32.jar to /tmp/spark-988cd83c-9509-4b90-966a-c91a32a8d31c/userFiles-412ce635-81a0-4943-8d10-f29c9e535137/fetchFileTemp1656384966226326863.tmp","logger":"airflow.task.hooks.airflow.providers.standard.hooks.subprocess.SubprocessHook"}
{"timestamp":"2025-05-06T03:54:18.060354","level":"info","event":"25/05/06 12:54:18 INFO Utils: /tmp/spark-988cd83c-9509-4b90-966a-c91a32a8d31c/userFiles-412ce635-81a0-4943-8d10-f29c9e535137/fetchFileTemp1656384966226326863.tmp has been previously copied to /tmp/spark-988cd83c-9509-4b90-966a-c91a32a8d31c/userFiles-412ce635-81a0-4943-8d10-f29c9e535137/org.slf4j_slf4j-api-1.7.32.jar","logger":"airflow.task.hooks.airflow.providers.standard.hooks.subprocess.SubprocessHook"}
{"timestamp":"2025-05-06T03:54:18.062901","level":"info","event":"25/05/06 12:54:18 INFO Executor: Adding file:/tmp/spark-988cd83c-9509-4b90-966a-c91a32a8d31c/userFiles-412ce635-81a0-4943-8d10-f29c9e535137/org.slf4j_slf4j-api-1.7.32.jar to class loader","logger":"airflow.task.hooks.airflow.providers.standard.hooks.subprocess.SubprocessHook"}
{"timestamp":"2025-05-06T03:54:18.063020","level":"info","event":"25/05/06 12:54:18 INFO Executor: Fetching spark://172.23.182.114:34991/jars/org.scala-lang.modules_scala-parallel-collections_2.13-1.0.3.jar with timestamp 1746503656808","logger":"airflow.task.hooks.airflow.providers.standard.hooks.subprocess.SubprocessHook"}
{"timestamp":"2025-05-06T03:54:18.063871","level":"info","event":"25/05/06 12:54:18 INFO Utils: Fetching spark://172.23.182.114:34991/jars/org.scala-lang.modules_scala-parallel-collections_2.13-1.0.3.jar to /tmp/spark-988cd83c-9509-4b90-966a-c91a32a8d31c/userFiles-412ce635-81a0-4943-8d10-f29c9e535137/fetchFileTemp14618504570450797173.tmp","logger":"airflow.task.hooks.airflow.providers.standard.hooks.subprocess.SubprocessHook"}
{"timestamp":"2025-05-06T03:54:18.067248","level":"info","event":"25/05/06 12:54:18 INFO Utils: /tmp/spark-988cd83c-9509-4b90-966a-c91a32a8d31c/userFiles-412ce635-81a0-4943-8d10-f29c9e535137/fetchFileTemp14618504570450797173.tmp has been previously copied to /tmp/spark-988cd83c-9509-4b90-966a-c91a32a8d31c/userFiles-412ce635-81a0-4943-8d10-f29c9e535137/org.scala-lang.modules_scala-parallel-collections_2.13-1.0.3.jar","logger":"airflow.task.hooks.airflow.providers.standard.hooks.subprocess.SubprocessHook"}
{"timestamp":"2025-05-06T03:54:18.071745","level":"info","event":"25/05/06 12:54:18 INFO Executor: Adding file:/tmp/spark-988cd83c-9509-4b90-966a-c91a32a8d31c/userFiles-412ce635-81a0-4943-8d10-f29c9e535137/org.scala-lang.modules_scala-parallel-collections_2.13-1.0.3.jar to class loader","logger":"airflow.task.hooks.airflow.providers.standard.hooks.subprocess.SubprocessHook"}
{"timestamp":"2025-05-06T03:54:18.071886","level":"info","event":"25/05/06 12:54:18 INFO Executor: Fetching spark://172.23.182.114:34991/jars/org.apache.commons_commons-pool2-2.11.1.jar with timestamp 1746503656808","logger":"airflow.task.hooks.airflow.providers.standard.hooks.subprocess.SubprocessHook"}
{"timestamp":"2025-05-06T03:54:18.072222","level":"info","event":"25/05/06 12:54:18 INFO Utils: Fetching spark://172.23.182.114:34991/jars/org.apache.commons_commons-pool2-2.11.1.jar to /tmp/spark-988cd83c-9509-4b90-966a-c91a32a8d31c/userFiles-412ce635-81a0-4943-8d10-f29c9e535137/fetchFileTemp7507920368222725320.tmp","logger":"airflow.task.hooks.airflow.providers.standard.hooks.subprocess.SubprocessHook"}
{"timestamp":"2025-05-06T03:54:18.073870","level":"info","event":"25/05/06 12:54:18 INFO Utils: /tmp/spark-988cd83c-9509-4b90-966a-c91a32a8d31c/userFiles-412ce635-81a0-4943-8d10-f29c9e535137/fetchFileTemp7507920368222725320.tmp has been previously copied to /tmp/spark-988cd83c-9509-4b90-966a-c91a32a8d31c/userFiles-412ce635-81a0-4943-8d10-f29c9e535137/org.apache.commons_commons-pool2-2.11.1.jar","logger":"airflow.task.hooks.airflow.providers.standard.hooks.subprocess.SubprocessHook"}
{"timestamp":"2025-05-06T03:54:18.076742","level":"info","event":"25/05/06 12:54:18 INFO Executor: Adding file:/tmp/spark-988cd83c-9509-4b90-966a-c91a32a8d31c/userFiles-412ce635-81a0-4943-8d10-f29c9e535137/org.apache.commons_commons-pool2-2.11.1.jar to class loader","logger":"airflow.task.hooks.airflow.providers.standard.hooks.subprocess.SubprocessHook"}
{"timestamp":"2025-05-06T03:54:18.076891","level":"info","event":"25/05/06 12:54:18 INFO Executor: Fetching spark://172.23.182.114:34991/jars/org.xerial.snappy_snappy-java-1.1.8.4.jar with timestamp 1746503656808","logger":"airflow.task.hooks.airflow.providers.standard.hooks.subprocess.SubprocessHook"}
{"timestamp":"2025-05-06T03:54:18.077207","level":"info","event":"25/05/06 12:54:18 INFO Utils: Fetching spark://172.23.182.114:34991/jars/org.xerial.snappy_snappy-java-1.1.8.4.jar to /tmp/spark-988cd83c-9509-4b90-966a-c91a32a8d31c/userFiles-412ce635-81a0-4943-8d10-f29c9e535137/fetchFileTemp18133301378338489885.tmp","logger":"airflow.task.hooks.airflow.providers.standard.hooks.subprocess.SubprocessHook"}
{"timestamp":"2025-05-06T03:54:18.083043","level":"info","event":"25/05/06 12:54:18 INFO Utils: /tmp/spark-988cd83c-9509-4b90-966a-c91a32a8d31c/userFiles-412ce635-81a0-4943-8d10-f29c9e535137/fetchFileTemp18133301378338489885.tmp has been previously copied to /tmp/spark-988cd83c-9509-4b90-966a-c91a32a8d31c/userFiles-412ce635-81a0-4943-8d10-f29c9e535137/org.xerial.snappy_snappy-java-1.1.8.4.jar","logger":"airflow.task.hooks.airflow.providers.standard.hooks.subprocess.SubprocessHook"}
{"timestamp":"2025-05-06T03:54:18.089030","level":"info","event":"25/05/06 12:54:18 INFO Executor: Adding file:/tmp/spark-988cd83c-9509-4b90-966a-c91a32a8d31c/userFiles-412ce635-81a0-4943-8d10-f29c9e535137/org.xerial.snappy_snappy-java-1.1.8.4.jar to class loader","logger":"airflow.task.hooks.airflow.providers.standard.hooks.subprocess.SubprocessHook"}
{"timestamp":"2025-05-06T03:54:18.089143","level":"info","event":"25/05/06 12:54:18 INFO Executor: Fetching spark://172.23.182.114:34991/jars/commons-logging_commons-logging-1.1.3.jar with timestamp 1746503656808","logger":"airflow.task.hooks.airflow.providers.standard.hooks.subprocess.SubprocessHook"}
{"timestamp":"2025-05-06T03:54:18.089412","level":"info","event":"25/05/06 12:54:18 INFO Utils: Fetching spark://172.23.182.114:34991/jars/commons-logging_commons-logging-1.1.3.jar to /tmp/spark-988cd83c-9509-4b90-966a-c91a32a8d31c/userFiles-412ce635-81a0-4943-8d10-f29c9e535137/fetchFileTemp16404958028950901853.tmp","logger":"airflow.task.hooks.airflow.providers.standard.hooks.subprocess.SubprocessHook"}
{"timestamp":"2025-05-06T03:54:18.090647","level":"info","event":"25/05/06 12:54:18 INFO Utils: /tmp/spark-988cd83c-9509-4b90-966a-c91a32a8d31c/userFiles-412ce635-81a0-4943-8d10-f29c9e535137/fetchFileTemp16404958028950901853.tmp has been previously copied to /tmp/spark-988cd83c-9509-4b90-966a-c91a32a8d31c/userFiles-412ce635-81a0-4943-8d10-f29c9e535137/commons-logging_commons-logging-1.1.3.jar","logger":"airflow.task.hooks.airflow.providers.standard.hooks.subprocess.SubprocessHook"}
{"timestamp":"2025-05-06T03:54:18.095662","level":"info","event":"25/05/06 12:54:18 INFO Executor: Adding file:/tmp/spark-988cd83c-9509-4b90-966a-c91a32a8d31c/userFiles-412ce635-81a0-4943-8d10-f29c9e535137/commons-logging_commons-logging-1.1.3.jar to class loader","logger":"airflow.task.hooks.airflow.providers.standard.hooks.subprocess.SubprocessHook"}
{"timestamp":"2025-05-06T03:54:18.095777","level":"info","event":"25/05/06 12:54:18 INFO Executor: Fetching spark://172.23.182.114:34991/jars/mysql-connector-java-8.4.0.jar with timestamp 1746503656808","logger":"airflow.task.hooks.airflow.providers.standard.hooks.subprocess.SubprocessHook"}
{"timestamp":"2025-05-06T03:54:18.096035","level":"info","event":"25/05/06 12:54:18 INFO Utils: Fetching spark://172.23.182.114:34991/jars/mysql-connector-java-8.4.0.jar to /tmp/spark-988cd83c-9509-4b90-966a-c91a32a8d31c/userFiles-412ce635-81a0-4943-8d10-f29c9e535137/fetchFileTemp15619097982292802886.tmp","logger":"airflow.task.hooks.airflow.providers.standard.hooks.subprocess.SubprocessHook"}
{"timestamp":"2025-05-06T03:54:18.104897","level":"info","event":"25/05/06 12:54:18 INFO Executor: Adding file:/tmp/spark-988cd83c-9509-4b90-966a-c91a32a8d31c/userFiles-412ce635-81a0-4943-8d10-f29c9e535137/mysql-connector-java-8.4.0.jar to class loader","logger":"airflow.task.hooks.airflow.providers.standard.hooks.subprocess.SubprocessHook"}
{"timestamp":"2025-05-06T03:54:18.105014","level":"info","event":"25/05/06 12:54:18 INFO Executor: Fetching spark://172.23.182.114:34991/jars/org.apache.hadoop_hadoop-client-api-3.3.2.jar with timestamp 1746503656808","logger":"airflow.task.hooks.airflow.providers.standard.hooks.subprocess.SubprocessHook"}
{"timestamp":"2025-05-06T03:54:18.105280","level":"info","event":"25/05/06 12:54:18 INFO Utils: Fetching spark://172.23.182.114:34991/jars/org.apache.hadoop_hadoop-client-api-3.3.2.jar to /tmp/spark-988cd83c-9509-4b90-966a-c91a32a8d31c/userFiles-412ce635-81a0-4943-8d10-f29c9e535137/fetchFileTemp4030626891129323991.tmp","logger":"airflow.task.hooks.airflow.providers.standard.hooks.subprocess.SubprocessHook"}
{"timestamp":"2025-05-06T03:54:18.155321","level":"info","event":"25/05/06 12:54:18 INFO Utils: /tmp/spark-988cd83c-9509-4b90-966a-c91a32a8d31c/userFiles-412ce635-81a0-4943-8d10-f29c9e535137/fetchFileTemp4030626891129323991.tmp has been previously copied to /tmp/spark-988cd83c-9509-4b90-966a-c91a32a8d31c/userFiles-412ce635-81a0-4943-8d10-f29c9e535137/org.apache.hadoop_hadoop-client-api-3.3.2.jar","logger":"airflow.task.hooks.airflow.providers.standard.hooks.subprocess.SubprocessHook"}
{"timestamp":"2025-05-06T03:54:18.267596","level":"info","event":"25/05/06 12:54:18 INFO Executor: Adding file:/tmp/spark-988cd83c-9509-4b90-966a-c91a32a8d31c/userFiles-412ce635-81a0-4943-8d10-f29c9e535137/org.apache.hadoop_hadoop-client-api-3.3.2.jar to class loader","logger":"airflow.task.hooks.airflow.providers.standard.hooks.subprocess.SubprocessHook"}
{"timestamp":"2025-05-06T03:54:18.276799","level":"info","event":"25/05/06 12:54:18 INFO Utils: Successfully started service 'org.apache.spark.network.netty.NettyBlockTransferService' on port 36211.","logger":"airflow.task.hooks.airflow.providers.standard.hooks.subprocess.SubprocessHook"}
{"timestamp":"2025-05-06T03:54:18.276958","level":"info","event":"25/05/06 12:54:18 INFO NettyBlockTransferService: Server created on 172.23.182.114:36211","logger":"airflow.task.hooks.airflow.providers.standard.hooks.subprocess.SubprocessHook"}
{"timestamp":"2025-05-06T03:54:18.279158","level":"info","event":"25/05/06 12:54:18 INFO BlockManager: Using org.apache.spark.storage.RandomBlockReplicationPolicy for block replication policy","logger":"airflow.task.hooks.airflow.providers.standard.hooks.subprocess.SubprocessHook"}
{"timestamp":"2025-05-06T03:54:18.295057","level":"info","event":"25/05/06 12:54:18 INFO BlockManagerMaster: Registering BlockManager BlockManagerId(driver, 172.23.182.114, 36211, None)","logger":"airflow.task.hooks.airflow.providers.standard.hooks.subprocess.SubprocessHook"}
{"timestamp":"2025-05-06T03:54:18.297702","level":"info","event":"25/05/06 12:54:18 INFO BlockManagerMasterEndpoint: Registering block manager 172.23.182.114:36211 with 434.4 MiB RAM, BlockManagerId(driver, 172.23.182.114, 36211, None)","logger":"airflow.task.hooks.airflow.providers.standard.hooks.subprocess.SubprocessHook"}
{"timestamp":"2025-05-06T03:54:18.299632","level":"info","event":"25/05/06 12:54:18 INFO BlockManagerMaster: Registered BlockManager BlockManagerId(driver, 172.23.182.114, 36211, None)","logger":"airflow.task.hooks.airflow.providers.standard.hooks.subprocess.SubprocessHook"}
{"timestamp":"2025-05-06T03:54:18.300381","level":"info","event":"25/05/06 12:54:18 INFO BlockManager: Initialized BlockManager: BlockManagerId(driver, 172.23.182.114, 36211, None)","logger":"airflow.task.hooks.airflow.providers.standard.hooks.subprocess.SubprocessHook"}
{"timestamp":"2025-05-06T03:54:23.871702","level":"info","event":" Transformation Complete!","logger":"airflow.task.hooks.airflow.providers.standard.hooks.subprocess.SubprocessHook"}
{"timestamp":"2025-05-06T03:54:24.216573","level":"info","event":"Command exited with return code 0","logger":"airflow.task.hooks.airflow.providers.standard.hooks.subprocess.SubprocessHook"}
{"timestamp":"2025-05-06T03:54:24.216992","level":"info","event":"Pushing xcom","ti":"RuntimeTaskInstance(id=UUID('0196a3ba-ad82-7527-aa25-2d3b11dd84c0'), task_id='update_player_summary', dag_id='player_summary_update', run_id='scheduled__2025-05-06T03:54:00+00:00', try_number=1, map_index=-1, hostname='DESKTOP-T4DM29K.', context_carrier=None, task=<Task(BashOperator): update_player_summary>, bundle_instance=LocalDagBundle(name=dags-folder), max_tries=1, start_date=datetime.datetime(2025, 5, 6, 3, 54, 11, 913981, tzinfo=TzInfo(UTC)), end_date=None, is_mapped=False)","logger":"task"}
