{"timestamp":"2025-05-06T03:55:01.423312","level":"info","event":"DAG bundles loaded: dags-folder","logger":"airflow.dag_processing.bundles.manager.DagBundlesManager"}
{"timestamp":"2025-05-06T03:55:01.423721","level":"info","event":"Filling up the DagBag from /home/jjlee/workspace/GSBE/project-root/airflow-dags/dags/game_logs_pipeline_dag.py","logger":"airflow.models.dagbag.DagBag"}
{"timestamp":"2025-05-06T03:55:01.432750","level":"info","event":"Tmp dir root location: /tmp","logger":"airflow.task.hooks.airflow.providers.standard.hooks.subprocess.SubprocessHook"}
{"timestamp":"2025-05-06T03:55:01.433112","level":"info","event":"Running command: ['/usr/bin/bash', '-c', 'cd ~/workspace/GSBE/project-root/spark-streaming && $SPARK_HOME/bin/spark-submit --jars ~/workspace/GSBE/mysql-connector-java-8.4.0.jar --packages org.apache.spark:spark-sql-kafka-0-10_2.13:3.3.2,org.apache.spark:spark-token-provider-kafka-0-10_2.13:3.3.2 transformation_processor.py']","logger":"airflow.task.hooks.airflow.providers.standard.hooks.subprocess.SubprocessHook"}
{"timestamp":"2025-05-06T03:55:01.436966","level":"info","event":"Output:","logger":"airflow.task.hooks.airflow.providers.standard.hooks.subprocess.SubprocessHook"}
{"timestamp":"2025-05-06T03:55:03.131919","level":"info","event":"25/05/06 12:55:03 WARN Utils: Your hostname, DESKTOP-T4DM29K resolves to a loopback address: 127.0.1.1; using 172.23.182.114 instead (on interface eth0)","logger":"airflow.task.hooks.airflow.providers.standard.hooks.subprocess.SubprocessHook"}
{"timestamp":"2025-05-06T03:55:03.133933","level":"info","event":"25/05/06 12:55:03 WARN Utils: Set SPARK_LOCAL_IP if you need to bind to another address","logger":"airflow.task.hooks.airflow.providers.standard.hooks.subprocess.SubprocessHook"}
{"timestamp":"2025-05-06T03:55:04.242158","level":"info","event":":: loading settings :: url = jar:file:/home/jjlee/workspace/GSBE/spark-new/jars/ivy-2.5.1.jar!/org/apache/ivy/core/settings/ivysettings.xml","logger":"airflow.task.hooks.airflow.providers.standard.hooks.subprocess.SubprocessHook"}
{"timestamp":"2025-05-06T03:55:04.317221","level":"info","event":"Ivy Default Cache set to: /home/jjlee/.ivy2/cache","logger":"airflow.task.hooks.airflow.providers.standard.hooks.subprocess.SubprocessHook"}
{"timestamp":"2025-05-06T03:55:04.317354","level":"info","event":"The jars for the packages stored in: /home/jjlee/.ivy2/jars","logger":"airflow.task.hooks.airflow.providers.standard.hooks.subprocess.SubprocessHook"}
{"timestamp":"2025-05-06T03:55:04.320123","level":"info","event":"org.apache.spark#spark-sql-kafka-0-10_2.13 added as a dependency","logger":"airflow.task.hooks.airflow.providers.standard.hooks.subprocess.SubprocessHook"}
{"timestamp":"2025-05-06T03:55:04.320246","level":"info","event":"org.apache.spark#spark-token-provider-kafka-0-10_2.13 added as a dependency","logger":"airflow.task.hooks.airflow.providers.standard.hooks.subprocess.SubprocessHook"}
{"timestamp":"2025-05-06T03:55:04.321071","level":"info","event":":: resolving dependencies :: org.apache.spark#spark-submit-parent-6b3c2a9a-67d5-4880-a920-779449fcb6ff;1.0","logger":"airflow.task.hooks.airflow.providers.standard.hooks.subprocess.SubprocessHook"}
{"timestamp":"2025-05-06T03:55:04.321158","level":"info","event":"\tconfs: [default]","logger":"airflow.task.hooks.airflow.providers.standard.hooks.subprocess.SubprocessHook"}
{"timestamp":"2025-05-06T03:55:04.471422","level":"info","event":"\tfound org.apache.spark#spark-sql-kafka-0-10_2.13;3.3.2 in central","logger":"airflow.task.hooks.airflow.providers.standard.hooks.subprocess.SubprocessHook"}
{"timestamp":"2025-05-06T03:55:04.552046","level":"info","event":"\tfound org.apache.spark#spark-token-provider-kafka-0-10_2.13;3.3.2 in central","logger":"airflow.task.hooks.airflow.providers.standard.hooks.subprocess.SubprocessHook"}
{"timestamp":"2025-05-06T03:55:04.581665","level":"info","event":"\tfound org.apache.kafka#kafka-clients;2.8.1 in central","logger":"airflow.task.hooks.airflow.providers.standard.hooks.subprocess.SubprocessHook"}
{"timestamp":"2025-05-06T03:55:04.603301","level":"info","event":"\tfound org.lz4#lz4-java;1.8.0 in central","logger":"airflow.task.hooks.airflow.providers.standard.hooks.subprocess.SubprocessHook"}
{"timestamp":"2025-05-06T03:55:04.621496","level":"info","event":"\tfound org.xerial.snappy#snappy-java;1.1.8.4 in central","logger":"airflow.task.hooks.airflow.providers.standard.hooks.subprocess.SubprocessHook"}
{"timestamp":"2025-05-06T03:55:04.642771","level":"info","event":"\tfound org.slf4j#slf4j-api;1.7.32 in central","logger":"airflow.task.hooks.airflow.providers.standard.hooks.subprocess.SubprocessHook"}
{"timestamp":"2025-05-06T03:55:04.667123","level":"info","event":"\tfound org.apache.hadoop#hadoop-client-runtime;3.3.2 in central","logger":"airflow.task.hooks.airflow.providers.standard.hooks.subprocess.SubprocessHook"}
{"timestamp":"2025-05-06T03:55:04.679211","level":"info","event":"\tfound org.spark-project.spark#unused;1.0.0 in central","logger":"airflow.task.hooks.airflow.providers.standard.hooks.subprocess.SubprocessHook"}
{"timestamp":"2025-05-06T03:55:04.701006","level":"info","event":"\tfound org.apache.hadoop#hadoop-client-api;3.3.2 in central","logger":"airflow.task.hooks.airflow.providers.standard.hooks.subprocess.SubprocessHook"}
{"timestamp":"2025-05-06T03:55:04.721439","level":"info","event":"\tfound commons-logging#commons-logging;1.1.3 in central","logger":"airflow.task.hooks.airflow.providers.standard.hooks.subprocess.SubprocessHook"}
{"timestamp":"2025-05-06T03:55:04.735170","level":"info","event":"\tfound com.google.code.findbugs#jsr305;3.0.0 in central","logger":"airflow.task.hooks.airflow.providers.standard.hooks.subprocess.SubprocessHook"}
{"timestamp":"2025-05-06T03:55:04.747276","level":"info","event":"\tfound org.scala-lang.modules#scala-parallel-collections_2.13;1.0.3 in central","logger":"airflow.task.hooks.airflow.providers.standard.hooks.subprocess.SubprocessHook"}
{"timestamp":"2025-05-06T03:55:04.759749","level":"info","event":"\tfound org.apache.commons#commons-pool2;2.11.1 in central","logger":"airflow.task.hooks.airflow.providers.standard.hooks.subprocess.SubprocessHook"}
{"timestamp":"2025-05-06T03:55:04.816476","level":"info","event":":: resolution report :: resolve 450ms :: artifacts dl 46ms","logger":"airflow.task.hooks.airflow.providers.standard.hooks.subprocess.SubprocessHook"}
{"timestamp":"2025-05-06T03:55:04.816629","level":"info","event":"\t:: modules in use:","logger":"airflow.task.hooks.airflow.providers.standard.hooks.subprocess.SubprocessHook"}
{"timestamp":"2025-05-06T03:55:04.816687","level":"info","event":"\tcom.google.code.findbugs#jsr305;3.0.0 from central in [default]","logger":"airflow.task.hooks.airflow.providers.standard.hooks.subprocess.SubprocessHook"}
{"timestamp":"2025-05-06T03:55:04.816736","level":"info","event":"\tcommons-logging#commons-logging;1.1.3 from central in [default]","logger":"airflow.task.hooks.airflow.providers.standard.hooks.subprocess.SubprocessHook"}
{"timestamp":"2025-05-06T03:55:04.816788","level":"info","event":"\torg.apache.commons#commons-pool2;2.11.1 from central in [default]","logger":"airflow.task.hooks.airflow.providers.standard.hooks.subprocess.SubprocessHook"}
{"timestamp":"2025-05-06T03:55:04.816834","level":"info","event":"\torg.apache.hadoop#hadoop-client-api;3.3.2 from central in [default]","logger":"airflow.task.hooks.airflow.providers.standard.hooks.subprocess.SubprocessHook"}
{"timestamp":"2025-05-06T03:55:04.816876","level":"info","event":"\torg.apache.hadoop#hadoop-client-runtime;3.3.2 from central in [default]","logger":"airflow.task.hooks.airflow.providers.standard.hooks.subprocess.SubprocessHook"}
{"timestamp":"2025-05-06T03:55:04.816919","level":"info","event":"\torg.apache.kafka#kafka-clients;2.8.1 from central in [default]","logger":"airflow.task.hooks.airflow.providers.standard.hooks.subprocess.SubprocessHook"}
{"timestamp":"2025-05-06T03:55:04.816960","level":"info","event":"\torg.apache.spark#spark-sql-kafka-0-10_2.13;3.3.2 from central in [default]","logger":"airflow.task.hooks.airflow.providers.standard.hooks.subprocess.SubprocessHook"}
{"timestamp":"2025-05-06T03:55:04.817020","level":"info","event":"\torg.apache.spark#spark-token-provider-kafka-0-10_2.13;3.3.2 from central in [default]","logger":"airflow.task.hooks.airflow.providers.standard.hooks.subprocess.SubprocessHook"}
{"timestamp":"2025-05-06T03:55:04.817073","level":"info","event":"\torg.lz4#lz4-java;1.8.0 from central in [default]","logger":"airflow.task.hooks.airflow.providers.standard.hooks.subprocess.SubprocessHook"}
{"timestamp":"2025-05-06T03:55:04.817119","level":"info","event":"\torg.scala-lang.modules#scala-parallel-collections_2.13;1.0.3 from central in [default]","logger":"airflow.task.hooks.airflow.providers.standard.hooks.subprocess.SubprocessHook"}
{"timestamp":"2025-05-06T03:55:04.817161","level":"info","event":"\torg.slf4j#slf4j-api;1.7.32 from central in [default]","logger":"airflow.task.hooks.airflow.providers.standard.hooks.subprocess.SubprocessHook"}
{"timestamp":"2025-05-06T03:55:04.817202","level":"info","event":"\torg.spark-project.spark#unused;1.0.0 from central in [default]","logger":"airflow.task.hooks.airflow.providers.standard.hooks.subprocess.SubprocessHook"}
{"timestamp":"2025-05-06T03:55:04.817247","level":"info","event":"\torg.xerial.snappy#snappy-java;1.1.8.4 from central in [default]","logger":"airflow.task.hooks.airflow.providers.standard.hooks.subprocess.SubprocessHook"}
{"timestamp":"2025-05-06T03:55:04.817287","level":"info","event":"\t---------------------------------------------------------------------","logger":"airflow.task.hooks.airflow.providers.standard.hooks.subprocess.SubprocessHook"}
{"timestamp":"2025-05-06T03:55:04.817327","level":"info","event":"\t|                  |            modules            ||   artifacts   |","logger":"airflow.task.hooks.airflow.providers.standard.hooks.subprocess.SubprocessHook"}
{"timestamp":"2025-05-06T03:55:04.817366","level":"info","event":"\t|       conf       | number| search|dwnlded|evicted|| number|dwnlded|","logger":"airflow.task.hooks.airflow.providers.standard.hooks.subprocess.SubprocessHook"}
{"timestamp":"2025-05-06T03:55:04.817406","level":"info","event":"\t---------------------------------------------------------------------","logger":"airflow.task.hooks.airflow.providers.standard.hooks.subprocess.SubprocessHook"}
{"timestamp":"2025-05-06T03:55:04.817447","level":"info","event":"\t|      default     |   13  |   0   |   0   |   0   ||   13  |   0   |","logger":"airflow.task.hooks.airflow.providers.standard.hooks.subprocess.SubprocessHook"}
{"timestamp":"2025-05-06T03:55:04.817487","level":"info","event":"\t---------------------------------------------------------------------","logger":"airflow.task.hooks.airflow.providers.standard.hooks.subprocess.SubprocessHook"}
{"timestamp":"2025-05-06T03:55:04.822463","level":"info","event":":: retrieving :: org.apache.spark#spark-submit-parent-6b3c2a9a-67d5-4880-a920-779449fcb6ff","logger":"airflow.task.hooks.airflow.providers.standard.hooks.subprocess.SubprocessHook"}
{"timestamp":"2025-05-06T03:55:04.822602","level":"info","event":"\tconfs: [default]","logger":"airflow.task.hooks.airflow.providers.standard.hooks.subprocess.SubprocessHook"}
{"timestamp":"2025-05-06T03:55:04.832860","level":"info","event":"\t0 artifacts copied, 13 already retrieved (0kB/10ms)","logger":"airflow.task.hooks.airflow.providers.standard.hooks.subprocess.SubprocessHook"}
{"timestamp":"2025-05-06T03:55:05.143131","level":"info","event":"25/05/06 12:55:05 WARN NativeCodeLoader: Unable to load native-hadoop library for your platform... using builtin-java classes where applicable","logger":"airflow.task.hooks.airflow.providers.standard.hooks.subprocess.SubprocessHook"}
{"timestamp":"2025-05-06T03:55:05.936781","level":"info","event":"25/05/06 12:55:05 INFO SparkContext: Running Spark version 3.3.2","logger":"airflow.task.hooks.airflow.providers.standard.hooks.subprocess.SubprocessHook"}
{"timestamp":"2025-05-06T03:55:05.955613","level":"info","event":"25/05/06 12:55:05 INFO ResourceUtils: ==============================================================","logger":"airflow.task.hooks.airflow.providers.standard.hooks.subprocess.SubprocessHook"}
{"timestamp":"2025-05-06T03:55:05.955904","level":"info","event":"25/05/06 12:55:05 INFO ResourceUtils: No custom resources configured for spark.driver.","logger":"airflow.task.hooks.airflow.providers.standard.hooks.subprocess.SubprocessHook"}
{"timestamp":"2025-05-06T03:55:05.956215","level":"info","event":"25/05/06 12:55:05 INFO ResourceUtils: ==============================================================","logger":"airflow.task.hooks.airflow.providers.standard.hooks.subprocess.SubprocessHook"}
{"timestamp":"2025-05-06T03:55:05.956542","level":"info","event":"25/05/06 12:55:05 INFO SparkContext: Submitted application: KafkaMySQLTransformation","logger":"airflow.task.hooks.airflow.providers.standard.hooks.subprocess.SubprocessHook"}
{"timestamp":"2025-05-06T03:55:05.977693","level":"info","event":"25/05/06 12:55:05 INFO ResourceProfile: Default ResourceProfile created, executor resources: Map(cores -> name: cores, amount: 1, script: , vendor: , memory -> name: memory, amount: 1024, script: , vendor: , offHeap -> name: offHeap, amount: 0, script: , vendor: ), task resources: Map(cpus -> name: cpus, amount: 1.0)","logger":"airflow.task.hooks.airflow.providers.standard.hooks.subprocess.SubprocessHook"}
{"timestamp":"2025-05-06T03:55:05.981117","level":"info","event":"25/05/06 12:55:05 INFO ResourceProfile: Limiting resource is cpu","logger":"airflow.task.hooks.airflow.providers.standard.hooks.subprocess.SubprocessHook"}
{"timestamp":"2025-05-06T03:55:05.981861","level":"info","event":"25/05/06 12:55:05 INFO ResourceProfileManager: Added ResourceProfile id: 0","logger":"airflow.task.hooks.airflow.providers.standard.hooks.subprocess.SubprocessHook"}
{"timestamp":"2025-05-06T03:55:06.028821","level":"info","event":"25/05/06 12:55:06 INFO SecurityManager: Changing view acls to: jjlee","logger":"airflow.task.hooks.airflow.providers.standard.hooks.subprocess.SubprocessHook"}
{"timestamp":"2025-05-06T03:55:06.029110","level":"info","event":"25/05/06 12:55:06 INFO SecurityManager: Changing modify acls to: jjlee","logger":"airflow.task.hooks.airflow.providers.standard.hooks.subprocess.SubprocessHook"}
{"timestamp":"2025-05-06T03:55:06.029531","level":"info","event":"25/05/06 12:55:06 INFO SecurityManager: Changing view acls groups to:","logger":"airflow.task.hooks.airflow.providers.standard.hooks.subprocess.SubprocessHook"}
{"timestamp":"2025-05-06T03:55:06.029853","level":"info","event":"25/05/06 12:55:06 INFO SecurityManager: Changing modify acls groups to:","logger":"airflow.task.hooks.airflow.providers.standard.hooks.subprocess.SubprocessHook"}
{"timestamp":"2025-05-06T03:55:06.030184","level":"info","event":"25/05/06 12:55:06 INFO SecurityManager: SecurityManager: authentication disabled; ui acls disabled; users  with view permissions: Set(jjlee); groups with view permissions: Set(); users  with modify permissions: Set(jjlee); groups with modify permissions: Set()","logger":"airflow.task.hooks.airflow.providers.standard.hooks.subprocess.SubprocessHook"}
{"timestamp":"2025-05-06T03:55:06.265816","level":"info","event":"25/05/06 12:55:06 INFO Utils: Successfully started service 'sparkDriver' on port 42783.","logger":"airflow.task.hooks.airflow.providers.standard.hooks.subprocess.SubprocessHook"}
{"timestamp":"2025-05-06T03:55:06.289211","level":"info","event":"25/05/06 12:55:06 INFO SparkEnv: Registering MapOutputTracker","logger":"airflow.task.hooks.airflow.providers.standard.hooks.subprocess.SubprocessHook"}
{"timestamp":"2025-05-06T03:55:06.311618","level":"info","event":"25/05/06 12:55:06 INFO SparkEnv: Registering BlockManagerMaster","logger":"airflow.task.hooks.airflow.providers.standard.hooks.subprocess.SubprocessHook"}
{"timestamp":"2025-05-06T03:55:06.338370","level":"info","event":"25/05/06 12:55:06 INFO BlockManagerMasterEndpoint: Using org.apache.spark.storage.DefaultTopologyMapper for getting topology information","logger":"airflow.task.hooks.airflow.providers.standard.hooks.subprocess.SubprocessHook"}
{"timestamp":"2025-05-06T03:55:06.338774","level":"info","event":"25/05/06 12:55:06 INFO BlockManagerMasterEndpoint: BlockManagerMasterEndpoint up","logger":"airflow.task.hooks.airflow.providers.standard.hooks.subprocess.SubprocessHook"}
{"timestamp":"2025-05-06T03:55:06.342088","level":"info","event":"25/05/06 12:55:06 INFO SparkEnv: Registering BlockManagerMasterHeartbeat","logger":"airflow.task.hooks.airflow.providers.standard.hooks.subprocess.SubprocessHook"}
{"timestamp":"2025-05-06T03:55:06.356791","level":"info","event":"25/05/06 12:55:06 INFO DiskBlockManager: Created local directory at /tmp/blockmgr-01812003-d691-4630-9ea2-5b61c6c0c090","logger":"airflow.task.hooks.airflow.providers.standard.hooks.subprocess.SubprocessHook"}
{"timestamp":"2025-05-06T03:55:06.368694","level":"info","event":"25/05/06 12:55:06 INFO MemoryStore: MemoryStore started with capacity 434.4 MiB","logger":"airflow.task.hooks.airflow.providers.standard.hooks.subprocess.SubprocessHook"}
{"timestamp":"2025-05-06T03:55:06.379396","level":"info","event":"25/05/06 12:55:06 INFO SparkEnv: Registering OutputCommitCoordinator","logger":"airflow.task.hooks.airflow.providers.standard.hooks.subprocess.SubprocessHook"}
{"timestamp":"2025-05-06T03:55:06.714519","level":"info","event":"25/05/06 12:55:06 INFO Utils: Successfully started service 'SparkUI' on port 4040.","logger":"airflow.task.hooks.airflow.providers.standard.hooks.subprocess.SubprocessHook"}
{"timestamp":"2025-05-06T03:55:06.804209","level":"info","event":"25/05/06 12:55:06 INFO SparkContext: Added JAR file:///home/jjlee/workspace/GSBE/mysql-connector-java-8.4.0.jar at spark://172.23.182.114:42783/jars/mysql-connector-java-8.4.0.jar with timestamp 1746503705932","logger":"airflow.task.hooks.airflow.providers.standard.hooks.subprocess.SubprocessHook"}
{"timestamp":"2025-05-06T03:55:06.804380","level":"info","event":"25/05/06 12:55:06 INFO SparkContext: Added JAR file:///home/jjlee/.ivy2/jars/org.apache.spark_spark-sql-kafka-0-10_2.13-3.3.2.jar at spark://172.23.182.114:42783/jars/org.apache.spark_spark-sql-kafka-0-10_2.13-3.3.2.jar with timestamp 1746503705932","logger":"airflow.task.hooks.airflow.providers.standard.hooks.subprocess.SubprocessHook"}
{"timestamp":"2025-05-06T03:55:06.804559","level":"info","event":"25/05/06 12:55:06 INFO SparkContext: Added JAR file:///home/jjlee/.ivy2/jars/org.apache.spark_spark-token-provider-kafka-0-10_2.13-3.3.2.jar at spark://172.23.182.114:42783/jars/org.apache.spark_spark-token-provider-kafka-0-10_2.13-3.3.2.jar with timestamp 1746503705932","logger":"airflow.task.hooks.airflow.providers.standard.hooks.subprocess.SubprocessHook"}
{"timestamp":"2025-05-06T03:55:06.804654","level":"info","event":"25/05/06 12:55:06 INFO SparkContext: Added JAR file:///home/jjlee/.ivy2/jars/org.scala-lang.modules_scala-parallel-collections_2.13-1.0.3.jar at spark://172.23.182.114:42783/jars/org.scala-lang.modules_scala-parallel-collections_2.13-1.0.3.jar with timestamp 1746503705932","logger":"airflow.task.hooks.airflow.providers.standard.hooks.subprocess.SubprocessHook"}
{"timestamp":"2025-05-06T03:55:06.804837","level":"info","event":"25/05/06 12:55:06 INFO SparkContext: Added JAR file:///home/jjlee/.ivy2/jars/org.apache.kafka_kafka-clients-2.8.1.jar at spark://172.23.182.114:42783/jars/org.apache.kafka_kafka-clients-2.8.1.jar with timestamp 1746503705932","logger":"airflow.task.hooks.airflow.providers.standard.hooks.subprocess.SubprocessHook"}
{"timestamp":"2025-05-06T03:55:06.805027","level":"info","event":"25/05/06 12:55:06 INFO SparkContext: Added JAR file:///home/jjlee/.ivy2/jars/com.google.code.findbugs_jsr305-3.0.0.jar at spark://172.23.182.114:42783/jars/com.google.code.findbugs_jsr305-3.0.0.jar with timestamp 1746503705932","logger":"airflow.task.hooks.airflow.providers.standard.hooks.subprocess.SubprocessHook"}
{"timestamp":"2025-05-06T03:55:06.805240","level":"info","event":"25/05/06 12:55:06 INFO SparkContext: Added JAR file:///home/jjlee/.ivy2/jars/org.apache.commons_commons-pool2-2.11.1.jar at spark://172.23.182.114:42783/jars/org.apache.commons_commons-pool2-2.11.1.jar with timestamp 1746503705932","logger":"airflow.task.hooks.airflow.providers.standard.hooks.subprocess.SubprocessHook"}
{"timestamp":"2025-05-06T03:55:06.805334","level":"info","event":"25/05/06 12:55:06 INFO SparkContext: Added JAR file:///home/jjlee/.ivy2/jars/org.spark-project.spark_unused-1.0.0.jar at spark://172.23.182.114:42783/jars/org.spark-project.spark_unused-1.0.0.jar with timestamp 1746503705932","logger":"airflow.task.hooks.airflow.providers.standard.hooks.subprocess.SubprocessHook"}
{"timestamp":"2025-05-06T03:55:06.805468","level":"info","event":"25/05/06 12:55:06 INFO SparkContext: Added JAR file:///home/jjlee/.ivy2/jars/org.apache.hadoop_hadoop-client-runtime-3.3.2.jar at spark://172.23.182.114:42783/jars/org.apache.hadoop_hadoop-client-runtime-3.3.2.jar with timestamp 1746503705932","logger":"airflow.task.hooks.airflow.providers.standard.hooks.subprocess.SubprocessHook"}
{"timestamp":"2025-05-06T03:55:06.805635","level":"info","event":"25/05/06 12:55:06 INFO SparkContext: Added JAR file:///home/jjlee/.ivy2/jars/org.lz4_lz4-java-1.8.0.jar at spark://172.23.182.114:42783/jars/org.lz4_lz4-java-1.8.0.jar with timestamp 1746503705932","logger":"airflow.task.hooks.airflow.providers.standard.hooks.subprocess.SubprocessHook"}
{"timestamp":"2025-05-06T03:55:06.805792","level":"info","event":"25/05/06 12:55:06 INFO SparkContext: Added JAR file:///home/jjlee/.ivy2/jars/org.xerial.snappy_snappy-java-1.1.8.4.jar at spark://172.23.182.114:42783/jars/org.xerial.snappy_snappy-java-1.1.8.4.jar with timestamp 1746503705932","logger":"airflow.task.hooks.airflow.providers.standard.hooks.subprocess.SubprocessHook"}
{"timestamp":"2025-05-06T03:55:06.805931","level":"info","event":"25/05/06 12:55:06 INFO SparkContext: Added JAR file:///home/jjlee/.ivy2/jars/org.slf4j_slf4j-api-1.7.32.jar at spark://172.23.182.114:42783/jars/org.slf4j_slf4j-api-1.7.32.jar with timestamp 1746503705932","logger":"airflow.task.hooks.airflow.providers.standard.hooks.subprocess.SubprocessHook"}
{"timestamp":"2025-05-06T03:55:06.806058","level":"info","event":"25/05/06 12:55:06 INFO SparkContext: Added JAR file:///home/jjlee/.ivy2/jars/org.apache.hadoop_hadoop-client-api-3.3.2.jar at spark://172.23.182.114:42783/jars/org.apache.hadoop_hadoop-client-api-3.3.2.jar with timestamp 1746503705932","logger":"airflow.task.hooks.airflow.providers.standard.hooks.subprocess.SubprocessHook"}
{"timestamp":"2025-05-06T03:55:06.806185","level":"info","event":"25/05/06 12:55:06 INFO SparkContext: Added JAR file:///home/jjlee/.ivy2/jars/commons-logging_commons-logging-1.1.3.jar at spark://172.23.182.114:42783/jars/commons-logging_commons-logging-1.1.3.jar with timestamp 1746503705932","logger":"airflow.task.hooks.airflow.providers.standard.hooks.subprocess.SubprocessHook"}
{"timestamp":"2025-05-06T03:55:06.808195","level":"info","event":"25/05/06 12:55:06 INFO SparkContext: Added file file:///home/jjlee/.ivy2/jars/org.apache.spark_spark-sql-kafka-0-10_2.13-3.3.2.jar at file:///home/jjlee/.ivy2/jars/org.apache.spark_spark-sql-kafka-0-10_2.13-3.3.2.jar with timestamp 1746503705932","logger":"airflow.task.hooks.airflow.providers.standard.hooks.subprocess.SubprocessHook"}
{"timestamp":"2025-05-06T03:55:06.809408","level":"info","event":"25/05/06 12:55:06 INFO Utils: Copying /home/jjlee/.ivy2/jars/org.apache.spark_spark-sql-kafka-0-10_2.13-3.3.2.jar to /tmp/spark-37eaef5d-9a34-4020-9017-69a39769a201/userFiles-e93ed38b-5415-4841-bec4-3f506045b0eb/org.apache.spark_spark-sql-kafka-0-10_2.13-3.3.2.jar","logger":"airflow.task.hooks.airflow.providers.standard.hooks.subprocess.SubprocessHook"}
{"timestamp":"2025-05-06T03:55:06.886051","level":"info","event":"25/05/06 12:55:06 INFO SparkContext: Added file file:///home/jjlee/.ivy2/jars/org.apache.spark_spark-token-provider-kafka-0-10_2.13-3.3.2.jar at file:///home/jjlee/.ivy2/jars/org.apache.spark_spark-token-provider-kafka-0-10_2.13-3.3.2.jar with timestamp 1746503705932","logger":"airflow.task.hooks.airflow.providers.standard.hooks.subprocess.SubprocessHook"}
{"timestamp":"2025-05-06T03:55:06.886169","level":"info","event":"25/05/06 12:55:06 INFO Utils: Copying /home/jjlee/.ivy2/jars/org.apache.spark_spark-token-provider-kafka-0-10_2.13-3.3.2.jar to /tmp/spark-37eaef5d-9a34-4020-9017-69a39769a201/userFiles-e93ed38b-5415-4841-bec4-3f506045b0eb/org.apache.spark_spark-token-provider-kafka-0-10_2.13-3.3.2.jar","logger":"airflow.task.hooks.airflow.providers.standard.hooks.subprocess.SubprocessHook"}
{"timestamp":"2025-05-06T03:55:06.889557","level":"info","event":"25/05/06 12:55:06 INFO SparkContext: Added file file:///home/jjlee/.ivy2/jars/org.scala-lang.modules_scala-parallel-collections_2.13-1.0.3.jar at file:///home/jjlee/.ivy2/jars/org.scala-lang.modules_scala-parallel-collections_2.13-1.0.3.jar with timestamp 1746503705932","logger":"airflow.task.hooks.airflow.providers.standard.hooks.subprocess.SubprocessHook"}
{"timestamp":"2025-05-06T03:55:06.889704","level":"info","event":"25/05/06 12:55:06 INFO Utils: Copying /home/jjlee/.ivy2/jars/org.scala-lang.modules_scala-parallel-collections_2.13-1.0.3.jar to /tmp/spark-37eaef5d-9a34-4020-9017-69a39769a201/userFiles-e93ed38b-5415-4841-bec4-3f506045b0eb/org.scala-lang.modules_scala-parallel-collections_2.13-1.0.3.jar","logger":"airflow.task.hooks.airflow.providers.standard.hooks.subprocess.SubprocessHook"}
{"timestamp":"2025-05-06T03:55:06.949137","level":"info","event":"25/05/06 12:55:06 INFO SparkContext: Added file file:///home/jjlee/.ivy2/jars/org.apache.kafka_kafka-clients-2.8.1.jar at file:///home/jjlee/.ivy2/jars/org.apache.kafka_kafka-clients-2.8.1.jar with timestamp 1746503705932","logger":"airflow.task.hooks.airflow.providers.standard.hooks.subprocess.SubprocessHook"}
{"timestamp":"2025-05-06T03:55:06.949292","level":"info","event":"25/05/06 12:55:06 INFO Utils: Copying /home/jjlee/.ivy2/jars/org.apache.kafka_kafka-clients-2.8.1.jar to /tmp/spark-37eaef5d-9a34-4020-9017-69a39769a201/userFiles-e93ed38b-5415-4841-bec4-3f506045b0eb/org.apache.kafka_kafka-clients-2.8.1.jar","logger":"airflow.task.hooks.airflow.providers.standard.hooks.subprocess.SubprocessHook"}
{"timestamp":"2025-05-06T03:55:06.955528","level":"info","event":"25/05/06 12:55:06 INFO SparkContext: Added file file:///home/jjlee/.ivy2/jars/com.google.code.findbugs_jsr305-3.0.0.jar at file:///home/jjlee/.ivy2/jars/com.google.code.findbugs_jsr305-3.0.0.jar with timestamp 1746503705932","logger":"airflow.task.hooks.airflow.providers.standard.hooks.subprocess.SubprocessHook"}
{"timestamp":"2025-05-06T03:55:06.955848","level":"info","event":"25/05/06 12:55:06 INFO Utils: Copying /home/jjlee/.ivy2/jars/com.google.code.findbugs_jsr305-3.0.0.jar to /tmp/spark-37eaef5d-9a34-4020-9017-69a39769a201/userFiles-e93ed38b-5415-4841-bec4-3f506045b0eb/com.google.code.findbugs_jsr305-3.0.0.jar","logger":"airflow.task.hooks.airflow.providers.standard.hooks.subprocess.SubprocessHook"}
{"timestamp":"2025-05-06T03:55:06.958682","level":"info","event":"25/05/06 12:55:06 INFO SparkContext: Added file file:///home/jjlee/.ivy2/jars/org.apache.commons_commons-pool2-2.11.1.jar at file:///home/jjlee/.ivy2/jars/org.apache.commons_commons-pool2-2.11.1.jar with timestamp 1746503705932","logger":"airflow.task.hooks.airflow.providers.standard.hooks.subprocess.SubprocessHook"}
{"timestamp":"2025-05-06T03:55:06.958806","level":"info","event":"25/05/06 12:55:06 INFO Utils: Copying /home/jjlee/.ivy2/jars/org.apache.commons_commons-pool2-2.11.1.jar to /tmp/spark-37eaef5d-9a34-4020-9017-69a39769a201/userFiles-e93ed38b-5415-4841-bec4-3f506045b0eb/org.apache.commons_commons-pool2-2.11.1.jar","logger":"airflow.task.hooks.airflow.providers.standard.hooks.subprocess.SubprocessHook"}
{"timestamp":"2025-05-06T03:55:06.961738","level":"info","event":"25/05/06 12:55:06 INFO SparkContext: Added file file:///home/jjlee/.ivy2/jars/org.spark-project.spark_unused-1.0.0.jar at file:///home/jjlee/.ivy2/jars/org.spark-project.spark_unused-1.0.0.jar with timestamp 1746503705932","logger":"airflow.task.hooks.airflow.providers.standard.hooks.subprocess.SubprocessHook"}
{"timestamp":"2025-05-06T03:55:06.961843","level":"info","event":"25/05/06 12:55:06 INFO Utils: Copying /home/jjlee/.ivy2/jars/org.spark-project.spark_unused-1.0.0.jar to /tmp/spark-37eaef5d-9a34-4020-9017-69a39769a201/userFiles-e93ed38b-5415-4841-bec4-3f506045b0eb/org.spark-project.spark_unused-1.0.0.jar","logger":"airflow.task.hooks.airflow.providers.standard.hooks.subprocess.SubprocessHook"}
{"timestamp":"2025-05-06T03:55:06.964525","level":"info","event":"25/05/06 12:55:06 INFO SparkContext: Added file file:///home/jjlee/.ivy2/jars/org.apache.hadoop_hadoop-client-runtime-3.3.2.jar at file:///home/jjlee/.ivy2/jars/org.apache.hadoop_hadoop-client-runtime-3.3.2.jar with timestamp 1746503705932","logger":"airflow.task.hooks.airflow.providers.standard.hooks.subprocess.SubprocessHook"}
{"timestamp":"2025-05-06T03:55:06.964646","level":"info","event":"25/05/06 12:55:06 INFO Utils: Copying /home/jjlee/.ivy2/jars/org.apache.hadoop_hadoop-client-runtime-3.3.2.jar to /tmp/spark-37eaef5d-9a34-4020-9017-69a39769a201/userFiles-e93ed38b-5415-4841-bec4-3f506045b0eb/org.apache.hadoop_hadoop-client-runtime-3.3.2.jar","logger":"airflow.task.hooks.airflow.providers.standard.hooks.subprocess.SubprocessHook"}
{"timestamp":"2025-05-06T03:55:06.983404","level":"info","event":"25/05/06 12:55:06 INFO SparkContext: Added file file:///home/jjlee/.ivy2/jars/org.lz4_lz4-java-1.8.0.jar at file:///home/jjlee/.ivy2/jars/org.lz4_lz4-java-1.8.0.jar with timestamp 1746503705932","logger":"airflow.task.hooks.airflow.providers.standard.hooks.subprocess.SubprocessHook"}
{"timestamp":"2025-05-06T03:55:06.983540","level":"info","event":"25/05/06 12:55:06 INFO Utils: Copying /home/jjlee/.ivy2/jars/org.lz4_lz4-java-1.8.0.jar to /tmp/spark-37eaef5d-9a34-4020-9017-69a39769a201/userFiles-e93ed38b-5415-4841-bec4-3f506045b0eb/org.lz4_lz4-java-1.8.0.jar","logger":"airflow.task.hooks.airflow.providers.standard.hooks.subprocess.SubprocessHook"}
{"timestamp":"2025-05-06T03:55:06.987197","level":"info","event":"25/05/06 12:55:06 INFO SparkContext: Added file file:///home/jjlee/.ivy2/jars/org.xerial.snappy_snappy-java-1.1.8.4.jar at file:///home/jjlee/.ivy2/jars/org.xerial.snappy_snappy-java-1.1.8.4.jar with timestamp 1746503705932","logger":"airflow.task.hooks.airflow.providers.standard.hooks.subprocess.SubprocessHook"}
{"timestamp":"2025-05-06T03:55:06.987295","level":"info","event":"25/05/06 12:55:06 INFO Utils: Copying /home/jjlee/.ivy2/jars/org.xerial.snappy_snappy-java-1.1.8.4.jar to /tmp/spark-37eaef5d-9a34-4020-9017-69a39769a201/userFiles-e93ed38b-5415-4841-bec4-3f506045b0eb/org.xerial.snappy_snappy-java-1.1.8.4.jar","logger":"airflow.task.hooks.airflow.providers.standard.hooks.subprocess.SubprocessHook"}
{"timestamp":"2025-05-06T03:55:06.991499","level":"info","event":"25/05/06 12:55:06 INFO SparkContext: Added file file:///home/jjlee/.ivy2/jars/org.slf4j_slf4j-api-1.7.32.jar at file:///home/jjlee/.ivy2/jars/org.slf4j_slf4j-api-1.7.32.jar with timestamp 1746503705932","logger":"airflow.task.hooks.airflow.providers.standard.hooks.subprocess.SubprocessHook"}
{"timestamp":"2025-05-06T03:55:06.991658","level":"info","event":"25/05/06 12:55:06 INFO Utils: Copying /home/jjlee/.ivy2/jars/org.slf4j_slf4j-api-1.7.32.jar to /tmp/spark-37eaef5d-9a34-4020-9017-69a39769a201/userFiles-e93ed38b-5415-4841-bec4-3f506045b0eb/org.slf4j_slf4j-api-1.7.32.jar","logger":"airflow.task.hooks.airflow.providers.standard.hooks.subprocess.SubprocessHook"}
{"timestamp":"2025-05-06T03:55:06.995360","level":"info","event":"25/05/06 12:55:06 INFO SparkContext: Added file file:///home/jjlee/.ivy2/jars/org.apache.hadoop_hadoop-client-api-3.3.2.jar at file:///home/jjlee/.ivy2/jars/org.apache.hadoop_hadoop-client-api-3.3.2.jar with timestamp 1746503705932","logger":"airflow.task.hooks.airflow.providers.standard.hooks.subprocess.SubprocessHook"}
{"timestamp":"2025-05-06T03:55:06.995474","level":"info","event":"25/05/06 12:55:06 INFO Utils: Copying /home/jjlee/.ivy2/jars/org.apache.hadoop_hadoop-client-api-3.3.2.jar to /tmp/spark-37eaef5d-9a34-4020-9017-69a39769a201/userFiles-e93ed38b-5415-4841-bec4-3f506045b0eb/org.apache.hadoop_hadoop-client-api-3.3.2.jar","logger":"airflow.task.hooks.airflow.providers.standard.hooks.subprocess.SubprocessHook"}
{"timestamp":"2025-05-06T03:55:07.007647","level":"info","event":"25/05/06 12:55:07 INFO SparkContext: Added file file:///home/jjlee/.ivy2/jars/commons-logging_commons-logging-1.1.3.jar at file:///home/jjlee/.ivy2/jars/commons-logging_commons-logging-1.1.3.jar with timestamp 1746503705932","logger":"airflow.task.hooks.airflow.providers.standard.hooks.subprocess.SubprocessHook"}
{"timestamp":"2025-05-06T03:55:07.007781","level":"info","event":"25/05/06 12:55:07 INFO Utils: Copying /home/jjlee/.ivy2/jars/commons-logging_commons-logging-1.1.3.jar to /tmp/spark-37eaef5d-9a34-4020-9017-69a39769a201/userFiles-e93ed38b-5415-4841-bec4-3f506045b0eb/commons-logging_commons-logging-1.1.3.jar","logger":"airflow.task.hooks.airflow.providers.standard.hooks.subprocess.SubprocessHook"}
{"timestamp":"2025-05-06T03:55:07.129842","level":"info","event":"25/05/06 12:55:07 INFO Executor: Starting executor ID driver on host 172.23.182.114","logger":"airflow.task.hooks.airflow.providers.standard.hooks.subprocess.SubprocessHook"}
{"timestamp":"2025-05-06T03:55:07.133907","level":"info","event":"25/05/06 12:55:07 INFO Executor: Starting executor with user classpath (userClassPathFirst = false): ''","logger":"airflow.task.hooks.airflow.providers.standard.hooks.subprocess.SubprocessHook"}
{"timestamp":"2025-05-06T03:55:07.143847","level":"info","event":"25/05/06 12:55:07 INFO Executor: Fetching file:///home/jjlee/.ivy2/jars/org.apache.hadoop_hadoop-client-runtime-3.3.2.jar with timestamp 1746503705932","logger":"airflow.task.hooks.airflow.providers.standard.hooks.subprocess.SubprocessHook"}
{"timestamp":"2025-05-06T03:55:07.172043","level":"info","event":"25/05/06 12:55:07 INFO Utils: /home/jjlee/.ivy2/jars/org.apache.hadoop_hadoop-client-runtime-3.3.2.jar has been previously copied to /tmp/spark-37eaef5d-9a34-4020-9017-69a39769a201/userFiles-e93ed38b-5415-4841-bec4-3f506045b0eb/org.apache.hadoop_hadoop-client-runtime-3.3.2.jar","logger":"airflow.task.hooks.airflow.providers.standard.hooks.subprocess.SubprocessHook"}
{"timestamp":"2025-05-06T03:55:07.174093","level":"info","event":"25/05/06 12:55:07 INFO Executor: Fetching file:///home/jjlee/.ivy2/jars/org.apache.hadoop_hadoop-client-api-3.3.2.jar with timestamp 1746503705932","logger":"airflow.task.hooks.airflow.providers.standard.hooks.subprocess.SubprocessHook"}
{"timestamp":"2025-05-06T03:55:07.182260","level":"info","event":"25/05/06 12:55:07 INFO Utils: /home/jjlee/.ivy2/jars/org.apache.hadoop_hadoop-client-api-3.3.2.jar has been previously copied to /tmp/spark-37eaef5d-9a34-4020-9017-69a39769a201/userFiles-e93ed38b-5415-4841-bec4-3f506045b0eb/org.apache.hadoop_hadoop-client-api-3.3.2.jar","logger":"airflow.task.hooks.airflow.providers.standard.hooks.subprocess.SubprocessHook"}
{"timestamp":"2025-05-06T03:55:07.184186","level":"info","event":"25/05/06 12:55:07 INFO Executor: Fetching file:///home/jjlee/.ivy2/jars/org.scala-lang.modules_scala-parallel-collections_2.13-1.0.3.jar with timestamp 1746503705932","logger":"airflow.task.hooks.airflow.providers.standard.hooks.subprocess.SubprocessHook"}
{"timestamp":"2025-05-06T03:55:07.184918","level":"info","event":"25/05/06 12:55:07 INFO Utils: /home/jjlee/.ivy2/jars/org.scala-lang.modules_scala-parallel-collections_2.13-1.0.3.jar has been previously copied to /tmp/spark-37eaef5d-9a34-4020-9017-69a39769a201/userFiles-e93ed38b-5415-4841-bec4-3f506045b0eb/org.scala-lang.modules_scala-parallel-collections_2.13-1.0.3.jar","logger":"airflow.task.hooks.airflow.providers.standard.hooks.subprocess.SubprocessHook"}
{"timestamp":"2025-05-06T03:55:07.186957","level":"info","event":"25/05/06 12:55:07 INFO Executor: Fetching file:///home/jjlee/.ivy2/jars/commons-logging_commons-logging-1.1.3.jar with timestamp 1746503705932","logger":"airflow.task.hooks.airflow.providers.standard.hooks.subprocess.SubprocessHook"}
{"timestamp":"2025-05-06T03:55:07.187201","level":"info","event":"25/05/06 12:55:07 INFO Utils: /home/jjlee/.ivy2/jars/commons-logging_commons-logging-1.1.3.jar has been previously copied to /tmp/spark-37eaef5d-9a34-4020-9017-69a39769a201/userFiles-e93ed38b-5415-4841-bec4-3f506045b0eb/commons-logging_commons-logging-1.1.3.jar","logger":"airflow.task.hooks.airflow.providers.standard.hooks.subprocess.SubprocessHook"}
{"timestamp":"2025-05-06T03:55:07.189252","level":"info","event":"25/05/06 12:55:07 INFO Executor: Fetching file:///home/jjlee/.ivy2/jars/org.xerial.snappy_snappy-java-1.1.8.4.jar with timestamp 1746503705932","logger":"airflow.task.hooks.airflow.providers.standard.hooks.subprocess.SubprocessHook"}
{"timestamp":"2025-05-06T03:55:07.190409","level":"info","event":"25/05/06 12:55:07 INFO Utils: /home/jjlee/.ivy2/jars/org.xerial.snappy_snappy-java-1.1.8.4.jar has been previously copied to /tmp/spark-37eaef5d-9a34-4020-9017-69a39769a201/userFiles-e93ed38b-5415-4841-bec4-3f506045b0eb/org.xerial.snappy_snappy-java-1.1.8.4.jar","logger":"airflow.task.hooks.airflow.providers.standard.hooks.subprocess.SubprocessHook"}
{"timestamp":"2025-05-06T03:55:07.192615","level":"info","event":"25/05/06 12:55:07 INFO Executor: Fetching file:///home/jjlee/.ivy2/jars/com.google.code.findbugs_jsr305-3.0.0.jar with timestamp 1746503705932","logger":"airflow.task.hooks.airflow.providers.standard.hooks.subprocess.SubprocessHook"}
{"timestamp":"2025-05-06T03:55:07.192922","level":"info","event":"25/05/06 12:55:07 INFO Utils: /home/jjlee/.ivy2/jars/com.google.code.findbugs_jsr305-3.0.0.jar has been previously copied to /tmp/spark-37eaef5d-9a34-4020-9017-69a39769a201/userFiles-e93ed38b-5415-4841-bec4-3f506045b0eb/com.google.code.findbugs_jsr305-3.0.0.jar","logger":"airflow.task.hooks.airflow.providers.standard.hooks.subprocess.SubprocessHook"}
{"timestamp":"2025-05-06T03:55:07.195519","level":"info","event":"25/05/06 12:55:07 INFO Executor: Fetching file:///home/jjlee/.ivy2/jars/org.apache.commons_commons-pool2-2.11.1.jar with timestamp 1746503705932","logger":"airflow.task.hooks.airflow.providers.standard.hooks.subprocess.SubprocessHook"}
{"timestamp":"2025-05-06T03:55:07.195894","level":"info","event":"25/05/06 12:55:07 INFO Utils: /home/jjlee/.ivy2/jars/org.apache.commons_commons-pool2-2.11.1.jar has been previously copied to /tmp/spark-37eaef5d-9a34-4020-9017-69a39769a201/userFiles-e93ed38b-5415-4841-bec4-3f506045b0eb/org.apache.commons_commons-pool2-2.11.1.jar","logger":"airflow.task.hooks.airflow.providers.standard.hooks.subprocess.SubprocessHook"}
{"timestamp":"2025-05-06T03:55:07.197961","level":"info","event":"25/05/06 12:55:07 INFO Executor: Fetching file:///home/jjlee/.ivy2/jars/org.slf4j_slf4j-api-1.7.32.jar with timestamp 1746503705932","logger":"airflow.task.hooks.airflow.providers.standard.hooks.subprocess.SubprocessHook"}
{"timestamp":"2025-05-06T03:55:07.198219","level":"info","event":"25/05/06 12:55:07 INFO Utils: /home/jjlee/.ivy2/jars/org.slf4j_slf4j-api-1.7.32.jar has been previously copied to /tmp/spark-37eaef5d-9a34-4020-9017-69a39769a201/userFiles-e93ed38b-5415-4841-bec4-3f506045b0eb/org.slf4j_slf4j-api-1.7.32.jar","logger":"airflow.task.hooks.airflow.providers.standard.hooks.subprocess.SubprocessHook"}
{"timestamp":"2025-05-06T03:55:07.200450","level":"info","event":"25/05/06 12:55:07 INFO Executor: Fetching file:///home/jjlee/.ivy2/jars/org.apache.spark_spark-token-provider-kafka-0-10_2.13-3.3.2.jar with timestamp 1746503705932","logger":"airflow.task.hooks.airflow.providers.standard.hooks.subprocess.SubprocessHook"}
{"timestamp":"2025-05-06T03:55:07.200697","level":"info","event":"25/05/06 12:55:07 INFO Utils: /home/jjlee/.ivy2/jars/org.apache.spark_spark-token-provider-kafka-0-10_2.13-3.3.2.jar has been previously copied to /tmp/spark-37eaef5d-9a34-4020-9017-69a39769a201/userFiles-e93ed38b-5415-4841-bec4-3f506045b0eb/org.apache.spark_spark-token-provider-kafka-0-10_2.13-3.3.2.jar","logger":"airflow.task.hooks.airflow.providers.standard.hooks.subprocess.SubprocessHook"}
{"timestamp":"2025-05-06T03:55:07.202833","level":"info","event":"25/05/06 12:55:07 INFO Executor: Fetching file:///home/jjlee/.ivy2/jars/org.spark-project.spark_unused-1.0.0.jar with timestamp 1746503705932","logger":"airflow.task.hooks.airflow.providers.standard.hooks.subprocess.SubprocessHook"}
{"timestamp":"2025-05-06T03:55:07.203071","level":"info","event":"25/05/06 12:55:07 INFO Utils: /home/jjlee/.ivy2/jars/org.spark-project.spark_unused-1.0.0.jar has been previously copied to /tmp/spark-37eaef5d-9a34-4020-9017-69a39769a201/userFiles-e93ed38b-5415-4841-bec4-3f506045b0eb/org.spark-project.spark_unused-1.0.0.jar","logger":"airflow.task.hooks.airflow.providers.standard.hooks.subprocess.SubprocessHook"}
{"timestamp":"2025-05-06T03:55:07.205264","level":"info","event":"25/05/06 12:55:07 INFO Executor: Fetching file:///home/jjlee/.ivy2/jars/org.apache.kafka_kafka-clients-2.8.1.jar with timestamp 1746503705932","logger":"airflow.task.hooks.airflow.providers.standard.hooks.subprocess.SubprocessHook"}
{"timestamp":"2025-05-06T03:55:07.207457","level":"info","event":"25/05/06 12:55:07 INFO Utils: /home/jjlee/.ivy2/jars/org.apache.kafka_kafka-clients-2.8.1.jar has been previously copied to /tmp/spark-37eaef5d-9a34-4020-9017-69a39769a201/userFiles-e93ed38b-5415-4841-bec4-3f506045b0eb/org.apache.kafka_kafka-clients-2.8.1.jar","logger":"airflow.task.hooks.airflow.providers.standard.hooks.subprocess.SubprocessHook"}
{"timestamp":"2025-05-06T03:55:07.209975","level":"info","event":"25/05/06 12:55:07 INFO Executor: Fetching file:///home/jjlee/.ivy2/jars/org.apache.spark_spark-sql-kafka-0-10_2.13-3.3.2.jar with timestamp 1746503705932","logger":"airflow.task.hooks.airflow.providers.standard.hooks.subprocess.SubprocessHook"}
{"timestamp":"2025-05-06T03:55:07.210350","level":"info","event":"25/05/06 12:55:07 INFO Utils: /home/jjlee/.ivy2/jars/org.apache.spark_spark-sql-kafka-0-10_2.13-3.3.2.jar has been previously copied to /tmp/spark-37eaef5d-9a34-4020-9017-69a39769a201/userFiles-e93ed38b-5415-4841-bec4-3f506045b0eb/org.apache.spark_spark-sql-kafka-0-10_2.13-3.3.2.jar","logger":"airflow.task.hooks.airflow.providers.standard.hooks.subprocess.SubprocessHook"}
{"timestamp":"2025-05-06T03:55:07.212585","level":"info","event":"25/05/06 12:55:07 INFO Executor: Fetching file:///home/jjlee/.ivy2/jars/org.lz4_lz4-java-1.8.0.jar with timestamp 1746503705932","logger":"airflow.task.hooks.airflow.providers.standard.hooks.subprocess.SubprocessHook"}
{"timestamp":"2025-05-06T03:55:07.213075","level":"info","event":"25/05/06 12:55:07 INFO Utils: /home/jjlee/.ivy2/jars/org.lz4_lz4-java-1.8.0.jar has been previously copied to /tmp/spark-37eaef5d-9a34-4020-9017-69a39769a201/userFiles-e93ed38b-5415-4841-bec4-3f506045b0eb/org.lz4_lz4-java-1.8.0.jar","logger":"airflow.task.hooks.airflow.providers.standard.hooks.subprocess.SubprocessHook"}
{"timestamp":"2025-05-06T03:55:07.216713","level":"info","event":"25/05/06 12:55:07 INFO Executor: Fetching spark://172.23.182.114:42783/jars/org.slf4j_slf4j-api-1.7.32.jar with timestamp 1746503705932","logger":"airflow.task.hooks.airflow.providers.standard.hooks.subprocess.SubprocessHook"}
{"timestamp":"2025-05-06T03:55:07.246611","level":"info","event":"25/05/06 12:55:07 INFO TransportClientFactory: Successfully created connection to /172.23.182.114:42783 after 22 ms (0 ms spent in bootstraps)","logger":"airflow.task.hooks.airflow.providers.standard.hooks.subprocess.SubprocessHook"}
{"timestamp":"2025-05-06T03:55:07.251706","level":"info","event":"25/05/06 12:55:07 INFO Utils: Fetching spark://172.23.182.114:42783/jars/org.slf4j_slf4j-api-1.7.32.jar to /tmp/spark-37eaef5d-9a34-4020-9017-69a39769a201/userFiles-e93ed38b-5415-4841-bec4-3f506045b0eb/fetchFileTemp9344923076100947278.tmp","logger":"airflow.task.hooks.airflow.providers.standard.hooks.subprocess.SubprocessHook"}
{"timestamp":"2025-05-06T03:55:07.272360","level":"info","event":"25/05/06 12:55:07 INFO Utils: /tmp/spark-37eaef5d-9a34-4020-9017-69a39769a201/userFiles-e93ed38b-5415-4841-bec4-3f506045b0eb/fetchFileTemp9344923076100947278.tmp has been previously copied to /tmp/spark-37eaef5d-9a34-4020-9017-69a39769a201/userFiles-e93ed38b-5415-4841-bec4-3f506045b0eb/org.slf4j_slf4j-api-1.7.32.jar","logger":"airflow.task.hooks.airflow.providers.standard.hooks.subprocess.SubprocessHook"}
{"timestamp":"2025-05-06T03:55:07.275969","level":"info","event":"25/05/06 12:55:07 INFO Executor: Adding file:/tmp/spark-37eaef5d-9a34-4020-9017-69a39769a201/userFiles-e93ed38b-5415-4841-bec4-3f506045b0eb/org.slf4j_slf4j-api-1.7.32.jar to class loader","logger":"airflow.task.hooks.airflow.providers.standard.hooks.subprocess.SubprocessHook"}
{"timestamp":"2025-05-06T03:55:07.276080","level":"info","event":"25/05/06 12:55:07 INFO Executor: Fetching spark://172.23.182.114:42783/jars/org.xerial.snappy_snappy-java-1.1.8.4.jar with timestamp 1746503705932","logger":"airflow.task.hooks.airflow.providers.standard.hooks.subprocess.SubprocessHook"}
{"timestamp":"2025-05-06T03:55:07.276517","level":"info","event":"25/05/06 12:55:07 INFO Utils: Fetching spark://172.23.182.114:42783/jars/org.xerial.snappy_snappy-java-1.1.8.4.jar to /tmp/spark-37eaef5d-9a34-4020-9017-69a39769a201/userFiles-e93ed38b-5415-4841-bec4-3f506045b0eb/fetchFileTemp12312920855976774860.tmp","logger":"airflow.task.hooks.airflow.providers.standard.hooks.subprocess.SubprocessHook"}
{"timestamp":"2025-05-06T03:55:07.287057","level":"info","event":"25/05/06 12:55:07 INFO Utils: /tmp/spark-37eaef5d-9a34-4020-9017-69a39769a201/userFiles-e93ed38b-5415-4841-bec4-3f506045b0eb/fetchFileTemp12312920855976774860.tmp has been previously copied to /tmp/spark-37eaef5d-9a34-4020-9017-69a39769a201/userFiles-e93ed38b-5415-4841-bec4-3f506045b0eb/org.xerial.snappy_snappy-java-1.1.8.4.jar","logger":"airflow.task.hooks.airflow.providers.standard.hooks.subprocess.SubprocessHook"}
{"timestamp":"2025-05-06T03:55:07.293074","level":"info","event":"25/05/06 12:55:07 INFO Executor: Adding file:/tmp/spark-37eaef5d-9a34-4020-9017-69a39769a201/userFiles-e93ed38b-5415-4841-bec4-3f506045b0eb/org.xerial.snappy_snappy-java-1.1.8.4.jar to class loader","logger":"airflow.task.hooks.airflow.providers.standard.hooks.subprocess.SubprocessHook"}
{"timestamp":"2025-05-06T03:55:07.293199","level":"info","event":"25/05/06 12:55:07 INFO Executor: Fetching spark://172.23.182.114:42783/jars/org.lz4_lz4-java-1.8.0.jar with timestamp 1746503705932","logger":"airflow.task.hooks.airflow.providers.standard.hooks.subprocess.SubprocessHook"}
{"timestamp":"2025-05-06T03:55:07.293559","level":"info","event":"25/05/06 12:55:07 INFO Utils: Fetching spark://172.23.182.114:42783/jars/org.lz4_lz4-java-1.8.0.jar to /tmp/spark-37eaef5d-9a34-4020-9017-69a39769a201/userFiles-e93ed38b-5415-4841-bec4-3f506045b0eb/fetchFileTemp9131387138724830458.tmp","logger":"airflow.task.hooks.airflow.providers.standard.hooks.subprocess.SubprocessHook"}
{"timestamp":"2025-05-06T03:55:07.297492","level":"info","event":"25/05/06 12:55:07 INFO Utils: /tmp/spark-37eaef5d-9a34-4020-9017-69a39769a201/userFiles-e93ed38b-5415-4841-bec4-3f506045b0eb/fetchFileTemp9131387138724830458.tmp has been previously copied to /tmp/spark-37eaef5d-9a34-4020-9017-69a39769a201/userFiles-e93ed38b-5415-4841-bec4-3f506045b0eb/org.lz4_lz4-java-1.8.0.jar","logger":"airflow.task.hooks.airflow.providers.standard.hooks.subprocess.SubprocessHook"}
{"timestamp":"2025-05-06T03:55:07.301396","level":"info","event":"25/05/06 12:55:07 INFO Executor: Adding file:/tmp/spark-37eaef5d-9a34-4020-9017-69a39769a201/userFiles-e93ed38b-5415-4841-bec4-3f506045b0eb/org.lz4_lz4-java-1.8.0.jar to class loader","logger":"airflow.task.hooks.airflow.providers.standard.hooks.subprocess.SubprocessHook"}
{"timestamp":"2025-05-06T03:55:07.301498","level":"info","event":"25/05/06 12:55:07 INFO Executor: Fetching spark://172.23.182.114:42783/jars/org.apache.hadoop_hadoop-client-api-3.3.2.jar with timestamp 1746503705932","logger":"airflow.task.hooks.airflow.providers.standard.hooks.subprocess.SubprocessHook"}
{"timestamp":"2025-05-06T03:55:07.301976","level":"info","event":"25/05/06 12:55:07 INFO Utils: Fetching spark://172.23.182.114:42783/jars/org.apache.hadoop_hadoop-client-api-3.3.2.jar to /tmp/spark-37eaef5d-9a34-4020-9017-69a39769a201/userFiles-e93ed38b-5415-4841-bec4-3f506045b0eb/fetchFileTemp2565865168450251142.tmp","logger":"airflow.task.hooks.airflow.providers.standard.hooks.subprocess.SubprocessHook"}
{"timestamp":"2025-05-06T03:55:07.366363","level":"info","event":"25/05/06 12:55:07 INFO Utils: /tmp/spark-37eaef5d-9a34-4020-9017-69a39769a201/userFiles-e93ed38b-5415-4841-bec4-3f506045b0eb/fetchFileTemp2565865168450251142.tmp has been previously copied to /tmp/spark-37eaef5d-9a34-4020-9017-69a39769a201/userFiles-e93ed38b-5415-4841-bec4-3f506045b0eb/org.apache.hadoop_hadoop-client-api-3.3.2.jar","logger":"airflow.task.hooks.airflow.providers.standard.hooks.subprocess.SubprocessHook"}
{"timestamp":"2025-05-06T03:55:07.400642","level":"info","event":"25/05/06 12:55:07 INFO Executor: Adding file:/tmp/spark-37eaef5d-9a34-4020-9017-69a39769a201/userFiles-e93ed38b-5415-4841-bec4-3f506045b0eb/org.apache.hadoop_hadoop-client-api-3.3.2.jar to class loader","logger":"airflow.task.hooks.airflow.providers.standard.hooks.subprocess.SubprocessHook"}
{"timestamp":"2025-05-06T03:55:07.400774","level":"info","event":"25/05/06 12:55:07 INFO Executor: Fetching spark://172.23.182.114:42783/jars/org.scala-lang.modules_scala-parallel-collections_2.13-1.0.3.jar with timestamp 1746503705932","logger":"airflow.task.hooks.airflow.providers.standard.hooks.subprocess.SubprocessHook"}
{"timestamp":"2025-05-06T03:55:07.401166","level":"info","event":"25/05/06 12:55:07 INFO Utils: Fetching spark://172.23.182.114:42783/jars/org.scala-lang.modules_scala-parallel-collections_2.13-1.0.3.jar to /tmp/spark-37eaef5d-9a34-4020-9017-69a39769a201/userFiles-e93ed38b-5415-4841-bec4-3f506045b0eb/fetchFileTemp17867717449730492679.tmp","logger":"airflow.task.hooks.airflow.providers.standard.hooks.subprocess.SubprocessHook"}
{"timestamp":"2025-05-06T03:55:07.405408","level":"info","event":"25/05/06 12:55:07 INFO Utils: /tmp/spark-37eaef5d-9a34-4020-9017-69a39769a201/userFiles-e93ed38b-5415-4841-bec4-3f506045b0eb/fetchFileTemp17867717449730492679.tmp has been previously copied to /tmp/spark-37eaef5d-9a34-4020-9017-69a39769a201/userFiles-e93ed38b-5415-4841-bec4-3f506045b0eb/org.scala-lang.modules_scala-parallel-collections_2.13-1.0.3.jar","logger":"airflow.task.hooks.airflow.providers.standard.hooks.subprocess.SubprocessHook"}
{"timestamp":"2025-05-06T03:55:07.410496","level":"info","event":"25/05/06 12:55:07 INFO Executor: Adding file:/tmp/spark-37eaef5d-9a34-4020-9017-69a39769a201/userFiles-e93ed38b-5415-4841-bec4-3f506045b0eb/org.scala-lang.modules_scala-parallel-collections_2.13-1.0.3.jar to class loader","logger":"airflow.task.hooks.airflow.providers.standard.hooks.subprocess.SubprocessHook"}
{"timestamp":"2025-05-06T03:55:07.410604","level":"info","event":"25/05/06 12:55:07 INFO Executor: Fetching spark://172.23.182.114:42783/jars/org.spark-project.spark_unused-1.0.0.jar with timestamp 1746503705932","logger":"airflow.task.hooks.airflow.providers.standard.hooks.subprocess.SubprocessHook"}
{"timestamp":"2025-05-06T03:55:07.411024","level":"info","event":"25/05/06 12:55:07 INFO Utils: Fetching spark://172.23.182.114:42783/jars/org.spark-project.spark_unused-1.0.0.jar to /tmp/spark-37eaef5d-9a34-4020-9017-69a39769a201/userFiles-e93ed38b-5415-4841-bec4-3f506045b0eb/fetchFileTemp12268866385536382873.tmp","logger":"airflow.task.hooks.airflow.providers.standard.hooks.subprocess.SubprocessHook"}
{"timestamp":"2025-05-06T03:55:07.412025","level":"info","event":"25/05/06 12:55:07 INFO Utils: /tmp/spark-37eaef5d-9a34-4020-9017-69a39769a201/userFiles-e93ed38b-5415-4841-bec4-3f506045b0eb/fetchFileTemp12268866385536382873.tmp has been previously copied to /tmp/spark-37eaef5d-9a34-4020-9017-69a39769a201/userFiles-e93ed38b-5415-4841-bec4-3f506045b0eb/org.spark-project.spark_unused-1.0.0.jar","logger":"airflow.task.hooks.airflow.providers.standard.hooks.subprocess.SubprocessHook"}
{"timestamp":"2025-05-06T03:55:07.414066","level":"info","event":"25/05/06 12:55:07 INFO Executor: Adding file:/tmp/spark-37eaef5d-9a34-4020-9017-69a39769a201/userFiles-e93ed38b-5415-4841-bec4-3f506045b0eb/org.spark-project.spark_unused-1.0.0.jar to class loader","logger":"airflow.task.hooks.airflow.providers.standard.hooks.subprocess.SubprocessHook"}
{"timestamp":"2025-05-06T03:55:07.414200","level":"info","event":"25/05/06 12:55:07 INFO Executor: Fetching spark://172.23.182.114:42783/jars/mysql-connector-java-8.4.0.jar with timestamp 1746503705932","logger":"airflow.task.hooks.airflow.providers.standard.hooks.subprocess.SubprocessHook"}
{"timestamp":"2025-05-06T03:55:07.414606","level":"info","event":"25/05/06 12:55:07 INFO Utils: Fetching spark://172.23.182.114:42783/jars/mysql-connector-java-8.4.0.jar to /tmp/spark-37eaef5d-9a34-4020-9017-69a39769a201/userFiles-e93ed38b-5415-4841-bec4-3f506045b0eb/fetchFileTemp14774735669956912870.tmp","logger":"airflow.task.hooks.airflow.providers.standard.hooks.subprocess.SubprocessHook"}
{"timestamp":"2025-05-06T03:55:07.425011","level":"info","event":"25/05/06 12:55:07 INFO Executor: Adding file:/tmp/spark-37eaef5d-9a34-4020-9017-69a39769a201/userFiles-e93ed38b-5415-4841-bec4-3f506045b0eb/mysql-connector-java-8.4.0.jar to class loader","logger":"airflow.task.hooks.airflow.providers.standard.hooks.subprocess.SubprocessHook"}
{"timestamp":"2025-05-06T03:55:07.425252","level":"info","event":"25/05/06 12:55:07 INFO Executor: Fetching spark://172.23.182.114:42783/jars/org.apache.commons_commons-pool2-2.11.1.jar with timestamp 1746503705932","logger":"airflow.task.hooks.airflow.providers.standard.hooks.subprocess.SubprocessHook"}
{"timestamp":"2025-05-06T03:55:07.427128","level":"info","event":"25/05/06 12:55:07 INFO Utils: Fetching spark://172.23.182.114:42783/jars/org.apache.commons_commons-pool2-2.11.1.jar to /tmp/spark-37eaef5d-9a34-4020-9017-69a39769a201/userFiles-e93ed38b-5415-4841-bec4-3f506045b0eb/fetchFileTemp13425729159663795449.tmp","logger":"airflow.task.hooks.airflow.providers.standard.hooks.subprocess.SubprocessHook"}
{"timestamp":"2025-05-06T03:55:07.428741","level":"info","event":"25/05/06 12:55:07 INFO Utils: /tmp/spark-37eaef5d-9a34-4020-9017-69a39769a201/userFiles-e93ed38b-5415-4841-bec4-3f506045b0eb/fetchFileTemp13425729159663795449.tmp has been previously copied to /tmp/spark-37eaef5d-9a34-4020-9017-69a39769a201/userFiles-e93ed38b-5415-4841-bec4-3f506045b0eb/org.apache.commons_commons-pool2-2.11.1.jar","logger":"airflow.task.hooks.airflow.providers.standard.hooks.subprocess.SubprocessHook"}
{"timestamp":"2025-05-06T03:55:07.432251","level":"info","event":"25/05/06 12:55:07 INFO Executor: Adding file:/tmp/spark-37eaef5d-9a34-4020-9017-69a39769a201/userFiles-e93ed38b-5415-4841-bec4-3f506045b0eb/org.apache.commons_commons-pool2-2.11.1.jar to class loader","logger":"airflow.task.hooks.airflow.providers.standard.hooks.subprocess.SubprocessHook"}
{"timestamp":"2025-05-06T03:55:07.432410","level":"info","event":"25/05/06 12:55:07 INFO Executor: Fetching spark://172.23.182.114:42783/jars/commons-logging_commons-logging-1.1.3.jar with timestamp 1746503705932","logger":"airflow.task.hooks.airflow.providers.standard.hooks.subprocess.SubprocessHook"}
{"timestamp":"2025-05-06T03:55:07.433267","level":"info","event":"25/05/06 12:55:07 INFO Utils: Fetching spark://172.23.182.114:42783/jars/commons-logging_commons-logging-1.1.3.jar to /tmp/spark-37eaef5d-9a34-4020-9017-69a39769a201/userFiles-e93ed38b-5415-4841-bec4-3f506045b0eb/fetchFileTemp11730739233935329547.tmp","logger":"airflow.task.hooks.airflow.providers.standard.hooks.subprocess.SubprocessHook"}
{"timestamp":"2025-05-06T03:55:07.433994","level":"info","event":"25/05/06 12:55:07 INFO Utils: /tmp/spark-37eaef5d-9a34-4020-9017-69a39769a201/userFiles-e93ed38b-5415-4841-bec4-3f506045b0eb/fetchFileTemp11730739233935329547.tmp has been previously copied to /tmp/spark-37eaef5d-9a34-4020-9017-69a39769a201/userFiles-e93ed38b-5415-4841-bec4-3f506045b0eb/commons-logging_commons-logging-1.1.3.jar","logger":"airflow.task.hooks.airflow.providers.standard.hooks.subprocess.SubprocessHook"}
{"timestamp":"2025-05-06T03:55:07.438228","level":"info","event":"25/05/06 12:55:07 INFO Executor: Adding file:/tmp/spark-37eaef5d-9a34-4020-9017-69a39769a201/userFiles-e93ed38b-5415-4841-bec4-3f506045b0eb/commons-logging_commons-logging-1.1.3.jar to class loader","logger":"airflow.task.hooks.airflow.providers.standard.hooks.subprocess.SubprocessHook"}
{"timestamp":"2025-05-06T03:55:07.438393","level":"info","event":"25/05/06 12:55:07 INFO Executor: Fetching spark://172.23.182.114:42783/jars/org.apache.kafka_kafka-clients-2.8.1.jar with timestamp 1746503705932","logger":"airflow.task.hooks.airflow.providers.standard.hooks.subprocess.SubprocessHook"}
{"timestamp":"2025-05-06T03:55:07.439056","level":"info","event":"25/05/06 12:55:07 INFO Utils: Fetching spark://172.23.182.114:42783/jars/org.apache.kafka_kafka-clients-2.8.1.jar to /tmp/spark-37eaef5d-9a34-4020-9017-69a39769a201/userFiles-e93ed38b-5415-4841-bec4-3f506045b0eb/fetchFileTemp9509107796683363366.tmp","logger":"airflow.task.hooks.airflow.providers.standard.hooks.subprocess.SubprocessHook"}
{"timestamp":"2025-05-06T03:55:07.451357","level":"info","event":"25/05/06 12:55:07 INFO Utils: /tmp/spark-37eaef5d-9a34-4020-9017-69a39769a201/userFiles-e93ed38b-5415-4841-bec4-3f506045b0eb/fetchFileTemp9509107796683363366.tmp has been previously copied to /tmp/spark-37eaef5d-9a34-4020-9017-69a39769a201/userFiles-e93ed38b-5415-4841-bec4-3f506045b0eb/org.apache.kafka_kafka-clients-2.8.1.jar","logger":"airflow.task.hooks.airflow.providers.standard.hooks.subprocess.SubprocessHook"}
{"timestamp":"2025-05-06T03:55:07.470825","level":"info","event":"25/05/06 12:55:07 INFO Executor: Adding file:/tmp/spark-37eaef5d-9a34-4020-9017-69a39769a201/userFiles-e93ed38b-5415-4841-bec4-3f506045b0eb/org.apache.kafka_kafka-clients-2.8.1.jar to class loader","logger":"airflow.task.hooks.airflow.providers.standard.hooks.subprocess.SubprocessHook"}
{"timestamp":"2025-05-06T03:55:07.471016","level":"info","event":"25/05/06 12:55:07 INFO Executor: Fetching spark://172.23.182.114:42783/jars/org.apache.spark_spark-sql-kafka-0-10_2.13-3.3.2.jar with timestamp 1746503705932","logger":"airflow.task.hooks.airflow.providers.standard.hooks.subprocess.SubprocessHook"}
{"timestamp":"2025-05-06T03:55:07.471263","level":"info","event":"25/05/06 12:55:07 INFO Utils: Fetching spark://172.23.182.114:42783/jars/org.apache.spark_spark-sql-kafka-0-10_2.13-3.3.2.jar to /tmp/spark-37eaef5d-9a34-4020-9017-69a39769a201/userFiles-e93ed38b-5415-4841-bec4-3f506045b0eb/fetchFileTemp12038938879292492316.tmp","logger":"airflow.task.hooks.airflow.providers.standard.hooks.subprocess.SubprocessHook"}
{"timestamp":"2025-05-06T03:55:07.474022","level":"info","event":"25/05/06 12:55:07 INFO Utils: /tmp/spark-37eaef5d-9a34-4020-9017-69a39769a201/userFiles-e93ed38b-5415-4841-bec4-3f506045b0eb/fetchFileTemp12038938879292492316.tmp has been previously copied to /tmp/spark-37eaef5d-9a34-4020-9017-69a39769a201/userFiles-e93ed38b-5415-4841-bec4-3f506045b0eb/org.apache.spark_spark-sql-kafka-0-10_2.13-3.3.2.jar","logger":"airflow.task.hooks.airflow.providers.standard.hooks.subprocess.SubprocessHook"}
{"timestamp":"2025-05-06T03:55:07.477944","level":"info","event":"25/05/06 12:55:07 INFO Executor: Adding file:/tmp/spark-37eaef5d-9a34-4020-9017-69a39769a201/userFiles-e93ed38b-5415-4841-bec4-3f506045b0eb/org.apache.spark_spark-sql-kafka-0-10_2.13-3.3.2.jar to class loader","logger":"airflow.task.hooks.airflow.providers.standard.hooks.subprocess.SubprocessHook"}
{"timestamp":"2025-05-06T03:55:07.478052","level":"info","event":"25/05/06 12:55:07 INFO Executor: Fetching spark://172.23.182.114:42783/jars/com.google.code.findbugs_jsr305-3.0.0.jar with timestamp 1746503705932","logger":"airflow.task.hooks.airflow.providers.standard.hooks.subprocess.SubprocessHook"}
{"timestamp":"2025-05-06T03:55:07.478361","level":"info","event":"25/05/06 12:55:07 INFO Utils: Fetching spark://172.23.182.114:42783/jars/com.google.code.findbugs_jsr305-3.0.0.jar to /tmp/spark-37eaef5d-9a34-4020-9017-69a39769a201/userFiles-e93ed38b-5415-4841-bec4-3f506045b0eb/fetchFileTemp12834461129950907589.tmp","logger":"airflow.task.hooks.airflow.providers.standard.hooks.subprocess.SubprocessHook"}
{"timestamp":"2025-05-06T03:55:07.479649","level":"info","event":"25/05/06 12:55:07 INFO Utils: /tmp/spark-37eaef5d-9a34-4020-9017-69a39769a201/userFiles-e93ed38b-5415-4841-bec4-3f506045b0eb/fetchFileTemp12834461129950907589.tmp has been previously copied to /tmp/spark-37eaef5d-9a34-4020-9017-69a39769a201/userFiles-e93ed38b-5415-4841-bec4-3f506045b0eb/com.google.code.findbugs_jsr305-3.0.0.jar","logger":"airflow.task.hooks.airflow.providers.standard.hooks.subprocess.SubprocessHook"}
{"timestamp":"2025-05-06T03:55:07.482301","level":"info","event":"25/05/06 12:55:07 INFO Executor: Adding file:/tmp/spark-37eaef5d-9a34-4020-9017-69a39769a201/userFiles-e93ed38b-5415-4841-bec4-3f506045b0eb/com.google.code.findbugs_jsr305-3.0.0.jar to class loader","logger":"airflow.task.hooks.airflow.providers.standard.hooks.subprocess.SubprocessHook"}
{"timestamp":"2025-05-06T03:55:07.482386","level":"info","event":"25/05/06 12:55:07 INFO Executor: Fetching spark://172.23.182.114:42783/jars/org.apache.hadoop_hadoop-client-runtime-3.3.2.jar with timestamp 1746503705932","logger":"airflow.task.hooks.airflow.providers.standard.hooks.subprocess.SubprocessHook"}
{"timestamp":"2025-05-06T03:55:07.482766","level":"info","event":"25/05/06 12:55:07 INFO Utils: Fetching spark://172.23.182.114:42783/jars/org.apache.hadoop_hadoop-client-runtime-3.3.2.jar to /tmp/spark-37eaef5d-9a34-4020-9017-69a39769a201/userFiles-e93ed38b-5415-4841-bec4-3f506045b0eb/fetchFileTemp11011168116037122064.tmp","logger":"airflow.task.hooks.airflow.providers.standard.hooks.subprocess.SubprocessHook"}
{"timestamp":"2025-05-06T03:55:07.560322","level":"info","event":"25/05/06 12:55:07 INFO Utils: /tmp/spark-37eaef5d-9a34-4020-9017-69a39769a201/userFiles-e93ed38b-5415-4841-bec4-3f506045b0eb/fetchFileTemp11011168116037122064.tmp has been previously copied to /tmp/spark-37eaef5d-9a34-4020-9017-69a39769a201/userFiles-e93ed38b-5415-4841-bec4-3f506045b0eb/org.apache.hadoop_hadoop-client-runtime-3.3.2.jar","logger":"airflow.task.hooks.airflow.providers.standard.hooks.subprocess.SubprocessHook"}
{"timestamp":"2025-05-06T03:55:07.657354","level":"info","event":"25/05/06 12:55:07 INFO Executor: Adding file:/tmp/spark-37eaef5d-9a34-4020-9017-69a39769a201/userFiles-e93ed38b-5415-4841-bec4-3f506045b0eb/org.apache.hadoop_hadoop-client-runtime-3.3.2.jar to class loader","logger":"airflow.task.hooks.airflow.providers.standard.hooks.subprocess.SubprocessHook"}
{"timestamp":"2025-05-06T03:55:07.657477","level":"info","event":"25/05/06 12:55:07 INFO Executor: Fetching spark://172.23.182.114:42783/jars/org.apache.spark_spark-token-provider-kafka-0-10_2.13-3.3.2.jar with timestamp 1746503705932","logger":"airflow.task.hooks.airflow.providers.standard.hooks.subprocess.SubprocessHook"}
{"timestamp":"2025-05-06T03:55:07.657867","level":"info","event":"25/05/06 12:55:07 INFO Utils: Fetching spark://172.23.182.114:42783/jars/org.apache.spark_spark-token-provider-kafka-0-10_2.13-3.3.2.jar to /tmp/spark-37eaef5d-9a34-4020-9017-69a39769a201/userFiles-e93ed38b-5415-4841-bec4-3f506045b0eb/fetchFileTemp17274521726739446683.tmp","logger":"airflow.task.hooks.airflow.providers.standard.hooks.subprocess.SubprocessHook"}
{"timestamp":"2025-05-06T03:55:07.659005","level":"info","event":"25/05/06 12:55:07 INFO Utils: /tmp/spark-37eaef5d-9a34-4020-9017-69a39769a201/userFiles-e93ed38b-5415-4841-bec4-3f506045b0eb/fetchFileTemp17274521726739446683.tmp has been previously copied to /tmp/spark-37eaef5d-9a34-4020-9017-69a39769a201/userFiles-e93ed38b-5415-4841-bec4-3f506045b0eb/org.apache.spark_spark-token-provider-kafka-0-10_2.13-3.3.2.jar","logger":"airflow.task.hooks.airflow.providers.standard.hooks.subprocess.SubprocessHook"}
{"timestamp":"2025-05-06T03:55:07.660963","level":"info","event":"25/05/06 12:55:07 INFO Executor: Adding file:/tmp/spark-37eaef5d-9a34-4020-9017-69a39769a201/userFiles-e93ed38b-5415-4841-bec4-3f506045b0eb/org.apache.spark_spark-token-provider-kafka-0-10_2.13-3.3.2.jar to class loader","logger":"airflow.task.hooks.airflow.providers.standard.hooks.subprocess.SubprocessHook"}
{"timestamp":"2025-05-06T03:55:07.666590","level":"info","event":"25/05/06 12:55:07 INFO Utils: Successfully started service 'org.apache.spark.network.netty.NettyBlockTransferService' on port 43109.","logger":"airflow.task.hooks.airflow.providers.standard.hooks.subprocess.SubprocessHook"}
{"timestamp":"2025-05-06T03:55:07.666770","level":"info","event":"25/05/06 12:55:07 INFO NettyBlockTransferService: Server created on 172.23.182.114:43109","logger":"airflow.task.hooks.airflow.providers.standard.hooks.subprocess.SubprocessHook"}
{"timestamp":"2025-05-06T03:55:07.668131","level":"info","event":"25/05/06 12:55:07 INFO BlockManager: Using org.apache.spark.storage.RandomBlockReplicationPolicy for block replication policy","logger":"airflow.task.hooks.airflow.providers.standard.hooks.subprocess.SubprocessHook"}
{"timestamp":"2025-05-06T03:55:07.673760","level":"info","event":"25/05/06 12:55:07 INFO BlockManagerMaster: Registering BlockManager BlockManagerId(driver, 172.23.182.114, 43109, None)","logger":"airflow.task.hooks.airflow.providers.standard.hooks.subprocess.SubprocessHook"}
{"timestamp":"2025-05-06T03:55:07.676466","level":"info","event":"25/05/06 12:55:07 INFO BlockManagerMasterEndpoint: Registering block manager 172.23.182.114:43109 with 434.4 MiB RAM, BlockManagerId(driver, 172.23.182.114, 43109, None)","logger":"airflow.task.hooks.airflow.providers.standard.hooks.subprocess.SubprocessHook"}
{"timestamp":"2025-05-06T03:55:07.678662","level":"info","event":"25/05/06 12:55:07 INFO BlockManagerMaster: Registered BlockManager BlockManagerId(driver, 172.23.182.114, 43109, None)","logger":"airflow.task.hooks.airflow.providers.standard.hooks.subprocess.SubprocessHook"}
{"timestamp":"2025-05-06T03:55:07.679565","level":"info","event":"25/05/06 12:55:07 INFO BlockManager: Initialized BlockManager: BlockManagerId(driver, 172.23.182.114, 43109, None)","logger":"airflow.task.hooks.airflow.providers.standard.hooks.subprocess.SubprocessHook"}
{"timestamp":"2025-05-06T03:55:12.958394","level":"info","event":" Transformation Complete!","logger":"airflow.task.hooks.airflow.providers.standard.hooks.subprocess.SubprocessHook"}
{"timestamp":"2025-05-06T03:55:13.483892","level":"info","event":"Command exited with return code 0","logger":"airflow.task.hooks.airflow.providers.standard.hooks.subprocess.SubprocessHook"}
{"timestamp":"2025-05-06T03:55:13.484935","level":"info","event":"Pushing xcom","ti":"RuntimeTaskInstance(id=UUID('0196a3bb-920f-7fc0-bc5b-01ee5d5644a1'), task_id='update_player_summary', dag_id='player_summary_update', run_id='scheduled__2025-05-06T03:55:00+00:00', try_number=1, map_index=-1, hostname='DESKTOP-T4DM29K.', context_carrier=None, task=<Task(BashOperator): update_player_summary>, bundle_instance=LocalDagBundle(name=dags-folder), max_tries=1, start_date=datetime.datetime(2025, 5, 6, 3, 55, 1, 106707, tzinfo=TzInfo(UTC)), end_date=None, is_mapped=False)","logger":"task"}
