{"timestamp":"2025-05-06T03:54:37.099464","level":"info","event":"DAG bundles loaded: dags-folder","logger":"airflow.dag_processing.bundles.manager.DagBundlesManager"}
{"timestamp":"2025-05-06T03:54:37.099889","level":"info","event":"Filling up the DagBag from /home/jjlee/workspace/GSBE/project-root/airflow-dags/dags/game_logs_pipeline_dag.py","logger":"airflow.models.dagbag.DagBag"}
{"timestamp":"2025-05-06T03:54:37.111944","level":"info","event":"Tmp dir root location: /tmp","logger":"airflow.task.hooks.airflow.providers.standard.hooks.subprocess.SubprocessHook"}
{"timestamp":"2025-05-06T03:54:37.112425","level":"info","event":"Running command: ['/usr/bin/bash', '-c', 'cd ~/workspace/GSBE/project-root/spark-streaming && $SPARK_HOME/bin/spark-submit --jars ~/workspace/GSBE/mysql-connector-java-8.4.0.jar --packages org.apache.spark:spark-sql-kafka-0-10_2.13:3.3.2,org.apache.spark:spark-token-provider-kafka-0-10_2.13:3.3.2 transformation_processor.py']","logger":"airflow.task.hooks.airflow.providers.standard.hooks.subprocess.SubprocessHook"}
{"timestamp":"2025-05-06T03:54:37.117241","level":"info","event":"Output:","logger":"airflow.task.hooks.airflow.providers.standard.hooks.subprocess.SubprocessHook"}
{"timestamp":"2025-05-06T03:54:38.535264","level":"info","event":"25/05/06 12:54:38 WARN Utils: Your hostname, DESKTOP-T4DM29K resolves to a loopback address: 127.0.1.1; using 172.23.182.114 instead (on interface eth0)","logger":"airflow.task.hooks.airflow.providers.standard.hooks.subprocess.SubprocessHook"}
{"timestamp":"2025-05-06T03:54:38.537184","level":"info","event":"25/05/06 12:54:38 WARN Utils: Set SPARK_LOCAL_IP if you need to bind to another address","logger":"airflow.task.hooks.airflow.providers.standard.hooks.subprocess.SubprocessHook"}
{"timestamp":"2025-05-06T03:54:39.864796","level":"info","event":":: loading settings :: url = jar:file:/home/jjlee/workspace/GSBE/spark-new/jars/ivy-2.5.1.jar!/org/apache/ivy/core/settings/ivysettings.xml","logger":"airflow.task.hooks.airflow.providers.standard.hooks.subprocess.SubprocessHook"}
{"timestamp":"2025-05-06T03:54:39.969361","level":"info","event":"Ivy Default Cache set to: /home/jjlee/.ivy2/cache","logger":"airflow.task.hooks.airflow.providers.standard.hooks.subprocess.SubprocessHook"}
{"timestamp":"2025-05-06T03:54:39.969516","level":"info","event":"The jars for the packages stored in: /home/jjlee/.ivy2/jars","logger":"airflow.task.hooks.airflow.providers.standard.hooks.subprocess.SubprocessHook"}
{"timestamp":"2025-05-06T03:54:39.973564","level":"info","event":"org.apache.spark#spark-sql-kafka-0-10_2.13 added as a dependency","logger":"airflow.task.hooks.airflow.providers.standard.hooks.subprocess.SubprocessHook"}
{"timestamp":"2025-05-06T03:54:39.973857","level":"info","event":"org.apache.spark#spark-token-provider-kafka-0-10_2.13 added as a dependency","logger":"airflow.task.hooks.airflow.providers.standard.hooks.subprocess.SubprocessHook"}
{"timestamp":"2025-05-06T03:54:39.975304","level":"info","event":":: resolving dependencies :: org.apache.spark#spark-submit-parent-1abc0a65-3471-4ee4-88c2-3083dd7caad7;1.0","logger":"airflow.task.hooks.airflow.providers.standard.hooks.subprocess.SubprocessHook"}
{"timestamp":"2025-05-06T03:54:39.975566","level":"info","event":"\tconfs: [default]","logger":"airflow.task.hooks.airflow.providers.standard.hooks.subprocess.SubprocessHook"}
{"timestamp":"2025-05-06T03:54:40.123403","level":"info","event":"\tfound org.apache.spark#spark-sql-kafka-0-10_2.13;3.3.2 in central","logger":"airflow.task.hooks.airflow.providers.standard.hooks.subprocess.SubprocessHook"}
{"timestamp":"2025-05-06T03:54:40.197907","level":"info","event":"\tfound org.apache.spark#spark-token-provider-kafka-0-10_2.13;3.3.2 in central","logger":"airflow.task.hooks.airflow.providers.standard.hooks.subprocess.SubprocessHook"}
{"timestamp":"2025-05-06T03:54:40.230068","level":"info","event":"\tfound org.apache.kafka#kafka-clients;2.8.1 in central","logger":"airflow.task.hooks.airflow.providers.standard.hooks.subprocess.SubprocessHook"}
{"timestamp":"2025-05-06T03:54:40.255196","level":"info","event":"\tfound org.lz4#lz4-java;1.8.0 in central","logger":"airflow.task.hooks.airflow.providers.standard.hooks.subprocess.SubprocessHook"}
{"timestamp":"2025-05-06T03:54:40.277271","level":"info","event":"\tfound org.xerial.snappy#snappy-java;1.1.8.4 in central","logger":"airflow.task.hooks.airflow.providers.standard.hooks.subprocess.SubprocessHook"}
{"timestamp":"2025-05-06T03:54:40.298357","level":"info","event":"\tfound org.slf4j#slf4j-api;1.7.32 in central","logger":"airflow.task.hooks.airflow.providers.standard.hooks.subprocess.SubprocessHook"}
{"timestamp":"2025-05-06T03:54:40.329946","level":"info","event":"\tfound org.apache.hadoop#hadoop-client-runtime;3.3.2 in central","logger":"airflow.task.hooks.airflow.providers.standard.hooks.subprocess.SubprocessHook"}
{"timestamp":"2025-05-06T03:54:40.352621","level":"info","event":"\tfound org.spark-project.spark#unused;1.0.0 in central","logger":"airflow.task.hooks.airflow.providers.standard.hooks.subprocess.SubprocessHook"}
{"timestamp":"2025-05-06T03:54:40.379447","level":"info","event":"\tfound org.apache.hadoop#hadoop-client-api;3.3.2 in central","logger":"airflow.task.hooks.airflow.providers.standard.hooks.subprocess.SubprocessHook"}
{"timestamp":"2025-05-06T03:54:40.415906","level":"info","event":"\tfound commons-logging#commons-logging;1.1.3 in central","logger":"airflow.task.hooks.airflow.providers.standard.hooks.subprocess.SubprocessHook"}
{"timestamp":"2025-05-06T03:54:40.430496","level":"info","event":"\tfound com.google.code.findbugs#jsr305;3.0.0 in central","logger":"airflow.task.hooks.airflow.providers.standard.hooks.subprocess.SubprocessHook"}
{"timestamp":"2025-05-06T03:54:40.443771","level":"info","event":"\tfound org.scala-lang.modules#scala-parallel-collections_2.13;1.0.3 in central","logger":"airflow.task.hooks.airflow.providers.standard.hooks.subprocess.SubprocessHook"}
{"timestamp":"2025-05-06T03:54:40.516281","level":"info","event":"\tfound org.apache.commons#commons-pool2;2.11.1 in central","logger":"airflow.task.hooks.airflow.providers.standard.hooks.subprocess.SubprocessHook"}
{"timestamp":"2025-05-06T03:54:40.663159","level":"info","event":":: resolution report :: resolve 610ms :: artifacts dl 78ms","logger":"airflow.task.hooks.airflow.providers.standard.hooks.subprocess.SubprocessHook"}
{"timestamp":"2025-05-06T03:54:40.663297","level":"info","event":"\t:: modules in use:","logger":"airflow.task.hooks.airflow.providers.standard.hooks.subprocess.SubprocessHook"}
{"timestamp":"2025-05-06T03:54:40.663350","level":"info","event":"\tcom.google.code.findbugs#jsr305;3.0.0 from central in [default]","logger":"airflow.task.hooks.airflow.providers.standard.hooks.subprocess.SubprocessHook"}
{"timestamp":"2025-05-06T03:54:40.663394","level":"info","event":"\tcommons-logging#commons-logging;1.1.3 from central in [default]","logger":"airflow.task.hooks.airflow.providers.standard.hooks.subprocess.SubprocessHook"}
{"timestamp":"2025-05-06T03:54:40.663436","level":"info","event":"\torg.apache.commons#commons-pool2;2.11.1 from central in [default]","logger":"airflow.task.hooks.airflow.providers.standard.hooks.subprocess.SubprocessHook"}
{"timestamp":"2025-05-06T03:54:40.663482","level":"info","event":"\torg.apache.hadoop#hadoop-client-api;3.3.2 from central in [default]","logger":"airflow.task.hooks.airflow.providers.standard.hooks.subprocess.SubprocessHook"}
{"timestamp":"2025-05-06T03:54:40.663520","level":"info","event":"\torg.apache.hadoop#hadoop-client-runtime;3.3.2 from central in [default]","logger":"airflow.task.hooks.airflow.providers.standard.hooks.subprocess.SubprocessHook"}
{"timestamp":"2025-05-06T03:54:40.663557","level":"info","event":"\torg.apache.kafka#kafka-clients;2.8.1 from central in [default]","logger":"airflow.task.hooks.airflow.providers.standard.hooks.subprocess.SubprocessHook"}
{"timestamp":"2025-05-06T03:54:40.663615","level":"info","event":"\torg.apache.spark#spark-sql-kafka-0-10_2.13;3.3.2 from central in [default]","logger":"airflow.task.hooks.airflow.providers.standard.hooks.subprocess.SubprocessHook"}
{"timestamp":"2025-05-06T03:54:40.663663","level":"info","event":"\torg.apache.spark#spark-token-provider-kafka-0-10_2.13;3.3.2 from central in [default]","logger":"airflow.task.hooks.airflow.providers.standard.hooks.subprocess.SubprocessHook"}
{"timestamp":"2025-05-06T03:54:40.663703","level":"info","event":"\torg.lz4#lz4-java;1.8.0 from central in [default]","logger":"airflow.task.hooks.airflow.providers.standard.hooks.subprocess.SubprocessHook"}
{"timestamp":"2025-05-06T03:54:40.663743","level":"info","event":"\torg.scala-lang.modules#scala-parallel-collections_2.13;1.0.3 from central in [default]","logger":"airflow.task.hooks.airflow.providers.standard.hooks.subprocess.SubprocessHook"}
{"timestamp":"2025-05-06T03:54:40.663782","level":"info","event":"\torg.slf4j#slf4j-api;1.7.32 from central in [default]","logger":"airflow.task.hooks.airflow.providers.standard.hooks.subprocess.SubprocessHook"}
{"timestamp":"2025-05-06T03:54:40.663820","level":"info","event":"\torg.spark-project.spark#unused;1.0.0 from central in [default]","logger":"airflow.task.hooks.airflow.providers.standard.hooks.subprocess.SubprocessHook"}
{"timestamp":"2025-05-06T03:54:40.663857","level":"info","event":"\torg.xerial.snappy#snappy-java;1.1.8.4 from central in [default]","logger":"airflow.task.hooks.airflow.providers.standard.hooks.subprocess.SubprocessHook"}
{"timestamp":"2025-05-06T03:54:40.663894","level":"info","event":"\t---------------------------------------------------------------------","logger":"airflow.task.hooks.airflow.providers.standard.hooks.subprocess.SubprocessHook"}
{"timestamp":"2025-05-06T03:54:40.663931","level":"info","event":"\t|                  |            modules            ||   artifacts   |","logger":"airflow.task.hooks.airflow.providers.standard.hooks.subprocess.SubprocessHook"}
{"timestamp":"2025-05-06T03:54:40.663968","level":"info","event":"\t|       conf       | number| search|dwnlded|evicted|| number|dwnlded|","logger":"airflow.task.hooks.airflow.providers.standard.hooks.subprocess.SubprocessHook"}
{"timestamp":"2025-05-06T03:54:40.664004","level":"info","event":"\t---------------------------------------------------------------------","logger":"airflow.task.hooks.airflow.providers.standard.hooks.subprocess.SubprocessHook"}
{"timestamp":"2025-05-06T03:54:40.664074","level":"info","event":"\t|      default     |   13  |   0   |   0   |   0   ||   13  |   0   |","logger":"airflow.task.hooks.airflow.providers.standard.hooks.subprocess.SubprocessHook"}
{"timestamp":"2025-05-06T03:54:40.664121","level":"info","event":"\t---------------------------------------------------------------------","logger":"airflow.task.hooks.airflow.providers.standard.hooks.subprocess.SubprocessHook"}
{"timestamp":"2025-05-06T03:54:40.669221","level":"info","event":":: retrieving :: org.apache.spark#spark-submit-parent-1abc0a65-3471-4ee4-88c2-3083dd7caad7","logger":"airflow.task.hooks.airflow.providers.standard.hooks.subprocess.SubprocessHook"}
{"timestamp":"2025-05-06T03:54:40.669396","level":"info","event":"\tconfs: [default]","logger":"airflow.task.hooks.airflow.providers.standard.hooks.subprocess.SubprocessHook"}
{"timestamp":"2025-05-06T03:54:40.678418","level":"info","event":"\t0 artifacts copied, 13 already retrieved (0kB/9ms)","logger":"airflow.task.hooks.airflow.providers.standard.hooks.subprocess.SubprocessHook"}
{"timestamp":"2025-05-06T03:54:41.207110","level":"info","event":"25/05/06 12:54:41 WARN NativeCodeLoader: Unable to load native-hadoop library for your platform... using builtin-java classes where applicable","logger":"airflow.task.hooks.airflow.providers.standard.hooks.subprocess.SubprocessHook"}
{"timestamp":"2025-05-06T03:54:41.982521","level":"info","event":"25/05/06 12:54:41 INFO SparkContext: Running Spark version 3.3.2","logger":"airflow.task.hooks.airflow.providers.standard.hooks.subprocess.SubprocessHook"}
{"timestamp":"2025-05-06T03:54:42.001578","level":"info","event":"25/05/06 12:54:42 INFO ResourceUtils: ==============================================================","logger":"airflow.task.hooks.airflow.providers.standard.hooks.subprocess.SubprocessHook"}
{"timestamp":"2025-05-06T03:54:42.001860","level":"info","event":"25/05/06 12:54:42 INFO ResourceUtils: No custom resources configured for spark.driver.","logger":"airflow.task.hooks.airflow.providers.standard.hooks.subprocess.SubprocessHook"}
{"timestamp":"2025-05-06T03:54:42.002135","level":"info","event":"25/05/06 12:54:42 INFO ResourceUtils: ==============================================================","logger":"airflow.task.hooks.airflow.providers.standard.hooks.subprocess.SubprocessHook"}
{"timestamp":"2025-05-06T03:54:42.002421","level":"info","event":"25/05/06 12:54:42 INFO SparkContext: Submitted application: KafkaMySQLTransformation","logger":"airflow.task.hooks.airflow.providers.standard.hooks.subprocess.SubprocessHook"}
{"timestamp":"2025-05-06T03:54:42.020846","level":"info","event":"25/05/06 12:54:42 INFO ResourceProfile: Default ResourceProfile created, executor resources: Map(cores -> name: cores, amount: 1, script: , vendor: , memory -> name: memory, amount: 1024, script: , vendor: , offHeap -> name: offHeap, amount: 0, script: , vendor: ), task resources: Map(cpus -> name: cpus, amount: 1.0)","logger":"airflow.task.hooks.airflow.providers.standard.hooks.subprocess.SubprocessHook"}
{"timestamp":"2025-05-06T03:54:42.026097","level":"info","event":"25/05/06 12:54:42 INFO ResourceProfile: Limiting resource is cpu","logger":"airflow.task.hooks.airflow.providers.standard.hooks.subprocess.SubprocessHook"}
{"timestamp":"2025-05-06T03:54:42.027190","level":"info","event":"25/05/06 12:54:42 INFO ResourceProfileManager: Added ResourceProfile id: 0","logger":"airflow.task.hooks.airflow.providers.standard.hooks.subprocess.SubprocessHook"}
{"timestamp":"2025-05-06T03:54:42.070166","level":"info","event":"25/05/06 12:54:42 INFO SecurityManager: Changing view acls to: jjlee","logger":"airflow.task.hooks.airflow.providers.standard.hooks.subprocess.SubprocessHook"}
{"timestamp":"2025-05-06T03:54:42.070580","level":"info","event":"25/05/06 12:54:42 INFO SecurityManager: Changing modify acls to: jjlee","logger":"airflow.task.hooks.airflow.providers.standard.hooks.subprocess.SubprocessHook"}
{"timestamp":"2025-05-06T03:54:42.070933","level":"info","event":"25/05/06 12:54:42 INFO SecurityManager: Changing view acls groups to:","logger":"airflow.task.hooks.airflow.providers.standard.hooks.subprocess.SubprocessHook"}
{"timestamp":"2025-05-06T03:54:42.071333","level":"info","event":"25/05/06 12:54:42 INFO SecurityManager: Changing modify acls groups to:","logger":"airflow.task.hooks.airflow.providers.standard.hooks.subprocess.SubprocessHook"}
{"timestamp":"2025-05-06T03:54:42.071777","level":"info","event":"25/05/06 12:54:42 INFO SecurityManager: SecurityManager: authentication disabled; ui acls disabled; users  with view permissions: Set(jjlee); groups with view permissions: Set(); users  with modify permissions: Set(jjlee); groups with modify permissions: Set()","logger":"airflow.task.hooks.airflow.providers.standard.hooks.subprocess.SubprocessHook"}
{"timestamp":"2025-05-06T03:54:42.301011","level":"info","event":"25/05/06 12:54:42 INFO Utils: Successfully started service 'sparkDriver' on port 37129.","logger":"airflow.task.hooks.airflow.providers.standard.hooks.subprocess.SubprocessHook"}
{"timestamp":"2025-05-06T03:54:42.329303","level":"info","event":"25/05/06 12:54:42 INFO SparkEnv: Registering MapOutputTracker","logger":"airflow.task.hooks.airflow.providers.standard.hooks.subprocess.SubprocessHook"}
{"timestamp":"2025-05-06T03:54:42.354266","level":"info","event":"25/05/06 12:54:42 INFO SparkEnv: Registering BlockManagerMaster","logger":"airflow.task.hooks.airflow.providers.standard.hooks.subprocess.SubprocessHook"}
{"timestamp":"2025-05-06T03:54:42.373506","level":"info","event":"25/05/06 12:54:42 INFO BlockManagerMasterEndpoint: Using org.apache.spark.storage.DefaultTopologyMapper for getting topology information","logger":"airflow.task.hooks.airflow.providers.standard.hooks.subprocess.SubprocessHook"}
{"timestamp":"2025-05-06T03:54:42.374465","level":"info","event":"25/05/06 12:54:42 INFO BlockManagerMasterEndpoint: BlockManagerMasterEndpoint up","logger":"airflow.task.hooks.airflow.providers.standard.hooks.subprocess.SubprocessHook"}
{"timestamp":"2025-05-06T03:54:42.378267","level":"info","event":"25/05/06 12:54:42 INFO SparkEnv: Registering BlockManagerMasterHeartbeat","logger":"airflow.task.hooks.airflow.providers.standard.hooks.subprocess.SubprocessHook"}
{"timestamp":"2025-05-06T03:54:42.405118","level":"info","event":"25/05/06 12:54:42 INFO DiskBlockManager: Created local directory at /tmp/blockmgr-45c42856-5006-4ee6-ba89-2c86fc666ad5","logger":"airflow.task.hooks.airflow.providers.standard.hooks.subprocess.SubprocessHook"}
{"timestamp":"2025-05-06T03:54:42.418751","level":"info","event":"25/05/06 12:54:42 INFO MemoryStore: MemoryStore started with capacity 434.4 MiB","logger":"airflow.task.hooks.airflow.providers.standard.hooks.subprocess.SubprocessHook"}
{"timestamp":"2025-05-06T03:54:42.432964","level":"info","event":"25/05/06 12:54:42 INFO SparkEnv: Registering OutputCommitCoordinator","logger":"airflow.task.hooks.airflow.providers.standard.hooks.subprocess.SubprocessHook"}
{"timestamp":"2025-05-06T03:54:42.588734","level":"info","event":"25/05/06 12:54:42 INFO Utils: Successfully started service 'SparkUI' on port 4040.","logger":"airflow.task.hooks.airflow.providers.standard.hooks.subprocess.SubprocessHook"}
{"timestamp":"2025-05-06T03:54:42.620303","level":"info","event":"25/05/06 12:54:42 INFO SparkContext: Added JAR file:///home/jjlee/workspace/GSBE/mysql-connector-java-8.4.0.jar at spark://172.23.182.114:37129/jars/mysql-connector-java-8.4.0.jar with timestamp 1746503681978","logger":"airflow.task.hooks.airflow.providers.standard.hooks.subprocess.SubprocessHook"}
{"timestamp":"2025-05-06T03:54:42.620473","level":"info","event":"25/05/06 12:54:42 INFO SparkContext: Added JAR file:///home/jjlee/.ivy2/jars/org.apache.spark_spark-sql-kafka-0-10_2.13-3.3.2.jar at spark://172.23.182.114:37129/jars/org.apache.spark_spark-sql-kafka-0-10_2.13-3.3.2.jar with timestamp 1746503681978","logger":"airflow.task.hooks.airflow.providers.standard.hooks.subprocess.SubprocessHook"}
{"timestamp":"2025-05-06T03:54:42.620753","level":"info","event":"25/05/06 12:54:42 INFO SparkContext: Added JAR file:///home/jjlee/.ivy2/jars/org.apache.spark_spark-token-provider-kafka-0-10_2.13-3.3.2.jar at spark://172.23.182.114:37129/jars/org.apache.spark_spark-token-provider-kafka-0-10_2.13-3.3.2.jar with timestamp 1746503681978","logger":"airflow.task.hooks.airflow.providers.standard.hooks.subprocess.SubprocessHook"}
{"timestamp":"2025-05-06T03:54:42.620941","level":"info","event":"25/05/06 12:54:42 INFO SparkContext: Added JAR file:///home/jjlee/.ivy2/jars/org.scala-lang.modules_scala-parallel-collections_2.13-1.0.3.jar at spark://172.23.182.114:37129/jars/org.scala-lang.modules_scala-parallel-collections_2.13-1.0.3.jar with timestamp 1746503681978","logger":"airflow.task.hooks.airflow.providers.standard.hooks.subprocess.SubprocessHook"}
{"timestamp":"2025-05-06T03:54:42.621123","level":"info","event":"25/05/06 12:54:42 INFO SparkContext: Added JAR file:///home/jjlee/.ivy2/jars/org.apache.kafka_kafka-clients-2.8.1.jar at spark://172.23.182.114:37129/jars/org.apache.kafka_kafka-clients-2.8.1.jar with timestamp 1746503681978","logger":"airflow.task.hooks.airflow.providers.standard.hooks.subprocess.SubprocessHook"}
{"timestamp":"2025-05-06T03:54:42.621257","level":"info","event":"25/05/06 12:54:42 INFO SparkContext: Added JAR file:///home/jjlee/.ivy2/jars/com.google.code.findbugs_jsr305-3.0.0.jar at spark://172.23.182.114:37129/jars/com.google.code.findbugs_jsr305-3.0.0.jar with timestamp 1746503681978","logger":"airflow.task.hooks.airflow.providers.standard.hooks.subprocess.SubprocessHook"}
{"timestamp":"2025-05-06T03:54:42.621438","level":"info","event":"25/05/06 12:54:42 INFO SparkContext: Added JAR file:///home/jjlee/.ivy2/jars/org.apache.commons_commons-pool2-2.11.1.jar at spark://172.23.182.114:37129/jars/org.apache.commons_commons-pool2-2.11.1.jar with timestamp 1746503681978","logger":"airflow.task.hooks.airflow.providers.standard.hooks.subprocess.SubprocessHook"}
{"timestamp":"2025-05-06T03:54:42.621627","level":"info","event":"25/05/06 12:54:42 INFO SparkContext: Added JAR file:///home/jjlee/.ivy2/jars/org.spark-project.spark_unused-1.0.0.jar at spark://172.23.182.114:37129/jars/org.spark-project.spark_unused-1.0.0.jar with timestamp 1746503681978","logger":"airflow.task.hooks.airflow.providers.standard.hooks.subprocess.SubprocessHook"}
{"timestamp":"2025-05-06T03:54:42.621810","level":"info","event":"25/05/06 12:54:42 INFO SparkContext: Added JAR file:///home/jjlee/.ivy2/jars/org.apache.hadoop_hadoop-client-runtime-3.3.2.jar at spark://172.23.182.114:37129/jars/org.apache.hadoop_hadoop-client-runtime-3.3.2.jar with timestamp 1746503681978","logger":"airflow.task.hooks.airflow.providers.standard.hooks.subprocess.SubprocessHook"}
{"timestamp":"2025-05-06T03:54:42.621962","level":"info","event":"25/05/06 12:54:42 INFO SparkContext: Added JAR file:///home/jjlee/.ivy2/jars/org.lz4_lz4-java-1.8.0.jar at spark://172.23.182.114:37129/jars/org.lz4_lz4-java-1.8.0.jar with timestamp 1746503681978","logger":"airflow.task.hooks.airflow.providers.standard.hooks.subprocess.SubprocessHook"}
{"timestamp":"2025-05-06T03:54:42.622041","level":"info","event":"25/05/06 12:54:42 INFO SparkContext: Added JAR file:///home/jjlee/.ivy2/jars/org.xerial.snappy_snappy-java-1.1.8.4.jar at spark://172.23.182.114:37129/jars/org.xerial.snappy_snappy-java-1.1.8.4.jar with timestamp 1746503681978","logger":"airflow.task.hooks.airflow.providers.standard.hooks.subprocess.SubprocessHook"}
{"timestamp":"2025-05-06T03:54:42.622196","level":"info","event":"25/05/06 12:54:42 INFO SparkContext: Added JAR file:///home/jjlee/.ivy2/jars/org.slf4j_slf4j-api-1.7.32.jar at spark://172.23.182.114:37129/jars/org.slf4j_slf4j-api-1.7.32.jar with timestamp 1746503681978","logger":"airflow.task.hooks.airflow.providers.standard.hooks.subprocess.SubprocessHook"}
{"timestamp":"2025-05-06T03:54:42.622355","level":"info","event":"25/05/06 12:54:42 INFO SparkContext: Added JAR file:///home/jjlee/.ivy2/jars/org.apache.hadoop_hadoop-client-api-3.3.2.jar at spark://172.23.182.114:37129/jars/org.apache.hadoop_hadoop-client-api-3.3.2.jar with timestamp 1746503681978","logger":"airflow.task.hooks.airflow.providers.standard.hooks.subprocess.SubprocessHook"}
{"timestamp":"2025-05-06T03:54:42.622814","level":"info","event":"25/05/06 12:54:42 INFO SparkContext: Added JAR file:///home/jjlee/.ivy2/jars/commons-logging_commons-logging-1.1.3.jar at spark://172.23.182.114:37129/jars/commons-logging_commons-logging-1.1.3.jar with timestamp 1746503681978","logger":"airflow.task.hooks.airflow.providers.standard.hooks.subprocess.SubprocessHook"}
{"timestamp":"2025-05-06T03:54:42.626408","level":"info","event":"25/05/06 12:54:42 INFO SparkContext: Added file file:///home/jjlee/.ivy2/jars/org.apache.spark_spark-sql-kafka-0-10_2.13-3.3.2.jar at file:///home/jjlee/.ivy2/jars/org.apache.spark_spark-sql-kafka-0-10_2.13-3.3.2.jar with timestamp 1746503681978","logger":"airflow.task.hooks.airflow.providers.standard.hooks.subprocess.SubprocessHook"}
{"timestamp":"2025-05-06T03:54:42.627367","level":"info","event":"25/05/06 12:54:42 INFO Utils: Copying /home/jjlee/.ivy2/jars/org.apache.spark_spark-sql-kafka-0-10_2.13-3.3.2.jar to /tmp/spark-3575516f-c2c6-4a28-8d7e-a3aa5d37b06b/userFiles-9cd207bb-3463-4e77-b746-1e0f5d7a6d95/org.apache.spark_spark-sql-kafka-0-10_2.13-3.3.2.jar","logger":"airflow.task.hooks.airflow.providers.standard.hooks.subprocess.SubprocessHook"}
{"timestamp":"2025-05-06T03:54:42.635457","level":"info","event":"25/05/06 12:54:42 INFO SparkContext: Added file file:///home/jjlee/.ivy2/jars/org.apache.spark_spark-token-provider-kafka-0-10_2.13-3.3.2.jar at file:///home/jjlee/.ivy2/jars/org.apache.spark_spark-token-provider-kafka-0-10_2.13-3.3.2.jar with timestamp 1746503681978","logger":"airflow.task.hooks.airflow.providers.standard.hooks.subprocess.SubprocessHook"}
{"timestamp":"2025-05-06T03:54:42.635575","level":"info","event":"25/05/06 12:54:42 INFO Utils: Copying /home/jjlee/.ivy2/jars/org.apache.spark_spark-token-provider-kafka-0-10_2.13-3.3.2.jar to /tmp/spark-3575516f-c2c6-4a28-8d7e-a3aa5d37b06b/userFiles-9cd207bb-3463-4e77-b746-1e0f5d7a6d95/org.apache.spark_spark-token-provider-kafka-0-10_2.13-3.3.2.jar","logger":"airflow.task.hooks.airflow.providers.standard.hooks.subprocess.SubprocessHook"}
{"timestamp":"2025-05-06T03:54:42.638493","level":"info","event":"25/05/06 12:54:42 INFO SparkContext: Added file file:///home/jjlee/.ivy2/jars/org.scala-lang.modules_scala-parallel-collections_2.13-1.0.3.jar at file:///home/jjlee/.ivy2/jars/org.scala-lang.modules_scala-parallel-collections_2.13-1.0.3.jar with timestamp 1746503681978","logger":"airflow.task.hooks.airflow.providers.standard.hooks.subprocess.SubprocessHook"}
{"timestamp":"2025-05-06T03:54:42.643362","level":"info","event":"25/05/06 12:54:42 INFO Utils: Copying /home/jjlee/.ivy2/jars/org.scala-lang.modules_scala-parallel-collections_2.13-1.0.3.jar to /tmp/spark-3575516f-c2c6-4a28-8d7e-a3aa5d37b06b/userFiles-9cd207bb-3463-4e77-b746-1e0f5d7a6d95/org.scala-lang.modules_scala-parallel-collections_2.13-1.0.3.jar","logger":"airflow.task.hooks.airflow.providers.standard.hooks.subprocess.SubprocessHook"}
{"timestamp":"2025-05-06T03:54:42.651915","level":"info","event":"25/05/06 12:54:42 INFO SparkContext: Added file file:///home/jjlee/.ivy2/jars/org.apache.kafka_kafka-clients-2.8.1.jar at file:///home/jjlee/.ivy2/jars/org.apache.kafka_kafka-clients-2.8.1.jar with timestamp 1746503681978","logger":"airflow.task.hooks.airflow.providers.standard.hooks.subprocess.SubprocessHook"}
{"timestamp":"2025-05-06T03:54:42.652057","level":"info","event":"25/05/06 12:54:42 INFO Utils: Copying /home/jjlee/.ivy2/jars/org.apache.kafka_kafka-clients-2.8.1.jar to /tmp/spark-3575516f-c2c6-4a28-8d7e-a3aa5d37b06b/userFiles-9cd207bb-3463-4e77-b746-1e0f5d7a6d95/org.apache.kafka_kafka-clients-2.8.1.jar","logger":"airflow.task.hooks.airflow.providers.standard.hooks.subprocess.SubprocessHook"}
{"timestamp":"2025-05-06T03:54:42.657766","level":"info","event":"25/05/06 12:54:42 INFO SparkContext: Added file file:///home/jjlee/.ivy2/jars/com.google.code.findbugs_jsr305-3.0.0.jar at file:///home/jjlee/.ivy2/jars/com.google.code.findbugs_jsr305-3.0.0.jar with timestamp 1746503681978","logger":"airflow.task.hooks.airflow.providers.standard.hooks.subprocess.SubprocessHook"}
{"timestamp":"2025-05-06T03:54:42.657945","level":"info","event":"25/05/06 12:54:42 INFO Utils: Copying /home/jjlee/.ivy2/jars/com.google.code.findbugs_jsr305-3.0.0.jar to /tmp/spark-3575516f-c2c6-4a28-8d7e-a3aa5d37b06b/userFiles-9cd207bb-3463-4e77-b746-1e0f5d7a6d95/com.google.code.findbugs_jsr305-3.0.0.jar","logger":"airflow.task.hooks.airflow.providers.standard.hooks.subprocess.SubprocessHook"}
{"timestamp":"2025-05-06T03:54:42.661254","level":"info","event":"25/05/06 12:54:42 INFO SparkContext: Added file file:///home/jjlee/.ivy2/jars/org.apache.commons_commons-pool2-2.11.1.jar at file:///home/jjlee/.ivy2/jars/org.apache.commons_commons-pool2-2.11.1.jar with timestamp 1746503681978","logger":"airflow.task.hooks.airflow.providers.standard.hooks.subprocess.SubprocessHook"}
{"timestamp":"2025-05-06T03:54:42.661363","level":"info","event":"25/05/06 12:54:42 INFO Utils: Copying /home/jjlee/.ivy2/jars/org.apache.commons_commons-pool2-2.11.1.jar to /tmp/spark-3575516f-c2c6-4a28-8d7e-a3aa5d37b06b/userFiles-9cd207bb-3463-4e77-b746-1e0f5d7a6d95/org.apache.commons_commons-pool2-2.11.1.jar","logger":"airflow.task.hooks.airflow.providers.standard.hooks.subprocess.SubprocessHook"}
{"timestamp":"2025-05-06T03:54:42.664307","level":"info","event":"25/05/06 12:54:42 INFO SparkContext: Added file file:///home/jjlee/.ivy2/jars/org.spark-project.spark_unused-1.0.0.jar at file:///home/jjlee/.ivy2/jars/org.spark-project.spark_unused-1.0.0.jar with timestamp 1746503681978","logger":"airflow.task.hooks.airflow.providers.standard.hooks.subprocess.SubprocessHook"}
{"timestamp":"2025-05-06T03:54:42.664404","level":"info","event":"25/05/06 12:54:42 INFO Utils: Copying /home/jjlee/.ivy2/jars/org.spark-project.spark_unused-1.0.0.jar to /tmp/spark-3575516f-c2c6-4a28-8d7e-a3aa5d37b06b/userFiles-9cd207bb-3463-4e77-b746-1e0f5d7a6d95/org.spark-project.spark_unused-1.0.0.jar","logger":"airflow.task.hooks.airflow.providers.standard.hooks.subprocess.SubprocessHook"}
{"timestamp":"2025-05-06T03:54:42.666782","level":"info","event":"25/05/06 12:54:42 INFO SparkContext: Added file file:///home/jjlee/.ivy2/jars/org.apache.hadoop_hadoop-client-runtime-3.3.2.jar at file:///home/jjlee/.ivy2/jars/org.apache.hadoop_hadoop-client-runtime-3.3.2.jar with timestamp 1746503681978","logger":"airflow.task.hooks.airflow.providers.standard.hooks.subprocess.SubprocessHook"}
{"timestamp":"2025-05-06T03:54:42.666881","level":"info","event":"25/05/06 12:54:42 INFO Utils: Copying /home/jjlee/.ivy2/jars/org.apache.hadoop_hadoop-client-runtime-3.3.2.jar to /tmp/spark-3575516f-c2c6-4a28-8d7e-a3aa5d37b06b/userFiles-9cd207bb-3463-4e77-b746-1e0f5d7a6d95/org.apache.hadoop_hadoop-client-runtime-3.3.2.jar","logger":"airflow.task.hooks.airflow.providers.standard.hooks.subprocess.SubprocessHook"}
{"timestamp":"2025-05-06T03:54:42.686292","level":"info","event":"25/05/06 12:54:42 INFO SparkContext: Added file file:///home/jjlee/.ivy2/jars/org.lz4_lz4-java-1.8.0.jar at file:///home/jjlee/.ivy2/jars/org.lz4_lz4-java-1.8.0.jar with timestamp 1746503681978","logger":"airflow.task.hooks.airflow.providers.standard.hooks.subprocess.SubprocessHook"}
{"timestamp":"2025-05-06T03:54:42.686412","level":"info","event":"25/05/06 12:54:42 INFO Utils: Copying /home/jjlee/.ivy2/jars/org.lz4_lz4-java-1.8.0.jar to /tmp/spark-3575516f-c2c6-4a28-8d7e-a3aa5d37b06b/userFiles-9cd207bb-3463-4e77-b746-1e0f5d7a6d95/org.lz4_lz4-java-1.8.0.jar","logger":"airflow.task.hooks.airflow.providers.standard.hooks.subprocess.SubprocessHook"}
{"timestamp":"2025-05-06T03:54:42.690407","level":"info","event":"25/05/06 12:54:42 INFO SparkContext: Added file file:///home/jjlee/.ivy2/jars/org.xerial.snappy_snappy-java-1.1.8.4.jar at file:///home/jjlee/.ivy2/jars/org.xerial.snappy_snappy-java-1.1.8.4.jar with timestamp 1746503681978","logger":"airflow.task.hooks.airflow.providers.standard.hooks.subprocess.SubprocessHook"}
{"timestamp":"2025-05-06T03:54:42.690615","level":"info","event":"25/05/06 12:54:42 INFO Utils: Copying /home/jjlee/.ivy2/jars/org.xerial.snappy_snappy-java-1.1.8.4.jar to /tmp/spark-3575516f-c2c6-4a28-8d7e-a3aa5d37b06b/userFiles-9cd207bb-3463-4e77-b746-1e0f5d7a6d95/org.xerial.snappy_snappy-java-1.1.8.4.jar","logger":"airflow.task.hooks.airflow.providers.standard.hooks.subprocess.SubprocessHook"}
{"timestamp":"2025-05-06T03:54:42.694992","level":"info","event":"25/05/06 12:54:42 INFO SparkContext: Added file file:///home/jjlee/.ivy2/jars/org.slf4j_slf4j-api-1.7.32.jar at file:///home/jjlee/.ivy2/jars/org.slf4j_slf4j-api-1.7.32.jar with timestamp 1746503681978","logger":"airflow.task.hooks.airflow.providers.standard.hooks.subprocess.SubprocessHook"}
{"timestamp":"2025-05-06T03:54:42.695121","level":"info","event":"25/05/06 12:54:42 INFO Utils: Copying /home/jjlee/.ivy2/jars/org.slf4j_slf4j-api-1.7.32.jar to /tmp/spark-3575516f-c2c6-4a28-8d7e-a3aa5d37b06b/userFiles-9cd207bb-3463-4e77-b746-1e0f5d7a6d95/org.slf4j_slf4j-api-1.7.32.jar","logger":"airflow.task.hooks.airflow.providers.standard.hooks.subprocess.SubprocessHook"}
{"timestamp":"2025-05-06T03:54:42.697695","level":"info","event":"25/05/06 12:54:42 INFO SparkContext: Added file file:///home/jjlee/.ivy2/jars/org.apache.hadoop_hadoop-client-api-3.3.2.jar at file:///home/jjlee/.ivy2/jars/org.apache.hadoop_hadoop-client-api-3.3.2.jar with timestamp 1746503681978","logger":"airflow.task.hooks.airflow.providers.standard.hooks.subprocess.SubprocessHook"}
{"timestamp":"2025-05-06T03:54:42.697967","level":"info","event":"25/05/06 12:54:42 INFO Utils: Copying /home/jjlee/.ivy2/jars/org.apache.hadoop_hadoop-client-api-3.3.2.jar to /tmp/spark-3575516f-c2c6-4a28-8d7e-a3aa5d37b06b/userFiles-9cd207bb-3463-4e77-b746-1e0f5d7a6d95/org.apache.hadoop_hadoop-client-api-3.3.2.jar","logger":"airflow.task.hooks.airflow.providers.standard.hooks.subprocess.SubprocessHook"}
{"timestamp":"2025-05-06T03:54:42.712131","level":"info","event":"25/05/06 12:54:42 INFO SparkContext: Added file file:///home/jjlee/.ivy2/jars/commons-logging_commons-logging-1.1.3.jar at file:///home/jjlee/.ivy2/jars/commons-logging_commons-logging-1.1.3.jar with timestamp 1746503681978","logger":"airflow.task.hooks.airflow.providers.standard.hooks.subprocess.SubprocessHook"}
{"timestamp":"2025-05-06T03:54:42.712295","level":"info","event":"25/05/06 12:54:42 INFO Utils: Copying /home/jjlee/.ivy2/jars/commons-logging_commons-logging-1.1.3.jar to /tmp/spark-3575516f-c2c6-4a28-8d7e-a3aa5d37b06b/userFiles-9cd207bb-3463-4e77-b746-1e0f5d7a6d95/commons-logging_commons-logging-1.1.3.jar","logger":"airflow.task.hooks.airflow.providers.standard.hooks.subprocess.SubprocessHook"}
{"timestamp":"2025-05-06T03:54:42.761503","level":"info","event":"25/05/06 12:54:42 INFO Executor: Starting executor ID driver on host 172.23.182.114","logger":"airflow.task.hooks.airflow.providers.standard.hooks.subprocess.SubprocessHook"}
{"timestamp":"2025-05-06T03:54:42.765750","level":"info","event":"25/05/06 12:54:42 INFO Executor: Starting executor with user classpath (userClassPathFirst = false): ''","logger":"airflow.task.hooks.airflow.providers.standard.hooks.subprocess.SubprocessHook"}
{"timestamp":"2025-05-06T03:54:42.778697","level":"info","event":"25/05/06 12:54:42 INFO Executor: Fetching file:///home/jjlee/.ivy2/jars/org.apache.hadoop_hadoop-client-runtime-3.3.2.jar with timestamp 1746503681978","logger":"airflow.task.hooks.airflow.providers.standard.hooks.subprocess.SubprocessHook"}
{"timestamp":"2025-05-06T03:54:42.809281","level":"info","event":"25/05/06 12:54:42 INFO Utils: /home/jjlee/.ivy2/jars/org.apache.hadoop_hadoop-client-runtime-3.3.2.jar has been previously copied to /tmp/spark-3575516f-c2c6-4a28-8d7e-a3aa5d37b06b/userFiles-9cd207bb-3463-4e77-b746-1e0f5d7a6d95/org.apache.hadoop_hadoop-client-runtime-3.3.2.jar","logger":"airflow.task.hooks.airflow.providers.standard.hooks.subprocess.SubprocessHook"}
{"timestamp":"2025-05-06T03:54:42.811771","level":"info","event":"25/05/06 12:54:42 INFO Executor: Fetching file:///home/jjlee/.ivy2/jars/org.apache.hadoop_hadoop-client-api-3.3.2.jar with timestamp 1746503681978","logger":"airflow.task.hooks.airflow.providers.standard.hooks.subprocess.SubprocessHook"}
{"timestamp":"2025-05-06T03:54:42.821497","level":"info","event":"25/05/06 12:54:42 INFO Utils: /home/jjlee/.ivy2/jars/org.apache.hadoop_hadoop-client-api-3.3.2.jar has been previously copied to /tmp/spark-3575516f-c2c6-4a28-8d7e-a3aa5d37b06b/userFiles-9cd207bb-3463-4e77-b746-1e0f5d7a6d95/org.apache.hadoop_hadoop-client-api-3.3.2.jar","logger":"airflow.task.hooks.airflow.providers.standard.hooks.subprocess.SubprocessHook"}
{"timestamp":"2025-05-06T03:54:42.824350","level":"info","event":"25/05/06 12:54:42 INFO Executor: Fetching file:///home/jjlee/.ivy2/jars/org.scala-lang.modules_scala-parallel-collections_2.13-1.0.3.jar with timestamp 1746503681978","logger":"airflow.task.hooks.airflow.providers.standard.hooks.subprocess.SubprocessHook"}
{"timestamp":"2025-05-06T03:54:42.825380","level":"info","event":"25/05/06 12:54:42 INFO Utils: /home/jjlee/.ivy2/jars/org.scala-lang.modules_scala-parallel-collections_2.13-1.0.3.jar has been previously copied to /tmp/spark-3575516f-c2c6-4a28-8d7e-a3aa5d37b06b/userFiles-9cd207bb-3463-4e77-b746-1e0f5d7a6d95/org.scala-lang.modules_scala-parallel-collections_2.13-1.0.3.jar","logger":"airflow.task.hooks.airflow.providers.standard.hooks.subprocess.SubprocessHook"}
{"timestamp":"2025-05-06T03:54:42.828219","level":"info","event":"25/05/06 12:54:42 INFO Executor: Fetching file:///home/jjlee/.ivy2/jars/commons-logging_commons-logging-1.1.3.jar with timestamp 1746503681978","logger":"airflow.task.hooks.airflow.providers.standard.hooks.subprocess.SubprocessHook"}
{"timestamp":"2025-05-06T03:54:42.828495","level":"info","event":"25/05/06 12:54:42 INFO Utils: /home/jjlee/.ivy2/jars/commons-logging_commons-logging-1.1.3.jar has been previously copied to /tmp/spark-3575516f-c2c6-4a28-8d7e-a3aa5d37b06b/userFiles-9cd207bb-3463-4e77-b746-1e0f5d7a6d95/commons-logging_commons-logging-1.1.3.jar","logger":"airflow.task.hooks.airflow.providers.standard.hooks.subprocess.SubprocessHook"}
{"timestamp":"2025-05-06T03:54:42.831896","level":"info","event":"25/05/06 12:54:42 INFO Executor: Fetching file:///home/jjlee/.ivy2/jars/org.xerial.snappy_snappy-java-1.1.8.4.jar with timestamp 1746503681978","logger":"airflow.task.hooks.airflow.providers.standard.hooks.subprocess.SubprocessHook"}
{"timestamp":"2025-05-06T03:54:42.833174","level":"info","event":"25/05/06 12:54:42 INFO Utils: /home/jjlee/.ivy2/jars/org.xerial.snappy_snappy-java-1.1.8.4.jar has been previously copied to /tmp/spark-3575516f-c2c6-4a28-8d7e-a3aa5d37b06b/userFiles-9cd207bb-3463-4e77-b746-1e0f5d7a6d95/org.xerial.snappy_snappy-java-1.1.8.4.jar","logger":"airflow.task.hooks.airflow.providers.standard.hooks.subprocess.SubprocessHook"}
{"timestamp":"2025-05-06T03:54:42.835502","level":"info","event":"25/05/06 12:54:42 INFO Executor: Fetching file:///home/jjlee/.ivy2/jars/com.google.code.findbugs_jsr305-3.0.0.jar with timestamp 1746503681978","logger":"airflow.task.hooks.airflow.providers.standard.hooks.subprocess.SubprocessHook"}
{"timestamp":"2025-05-06T03:54:42.835844","level":"info","event":"25/05/06 12:54:42 INFO Utils: /home/jjlee/.ivy2/jars/com.google.code.findbugs_jsr305-3.0.0.jar has been previously copied to /tmp/spark-3575516f-c2c6-4a28-8d7e-a3aa5d37b06b/userFiles-9cd207bb-3463-4e77-b746-1e0f5d7a6d95/com.google.code.findbugs_jsr305-3.0.0.jar","logger":"airflow.task.hooks.airflow.providers.standard.hooks.subprocess.SubprocessHook"}
{"timestamp":"2025-05-06T03:54:42.838987","level":"info","event":"25/05/06 12:54:42 INFO Executor: Fetching file:///home/jjlee/.ivy2/jars/org.apache.commons_commons-pool2-2.11.1.jar with timestamp 1746503681978","logger":"airflow.task.hooks.airflow.providers.standard.hooks.subprocess.SubprocessHook"}
{"timestamp":"2025-05-06T03:54:42.839804","level":"info","event":"25/05/06 12:54:42 INFO Utils: /home/jjlee/.ivy2/jars/org.apache.commons_commons-pool2-2.11.1.jar has been previously copied to /tmp/spark-3575516f-c2c6-4a28-8d7e-a3aa5d37b06b/userFiles-9cd207bb-3463-4e77-b746-1e0f5d7a6d95/org.apache.commons_commons-pool2-2.11.1.jar","logger":"airflow.task.hooks.airflow.providers.standard.hooks.subprocess.SubprocessHook"}
{"timestamp":"2025-05-06T03:54:42.843090","level":"info","event":"25/05/06 12:54:42 INFO Executor: Fetching file:///home/jjlee/.ivy2/jars/org.slf4j_slf4j-api-1.7.32.jar with timestamp 1746503681978","logger":"airflow.task.hooks.airflow.providers.standard.hooks.subprocess.SubprocessHook"}
{"timestamp":"2025-05-06T03:54:42.843387","level":"info","event":"25/05/06 12:54:42 INFO Utils: /home/jjlee/.ivy2/jars/org.slf4j_slf4j-api-1.7.32.jar has been previously copied to /tmp/spark-3575516f-c2c6-4a28-8d7e-a3aa5d37b06b/userFiles-9cd207bb-3463-4e77-b746-1e0f5d7a6d95/org.slf4j_slf4j-api-1.7.32.jar","logger":"airflow.task.hooks.airflow.providers.standard.hooks.subprocess.SubprocessHook"}
{"timestamp":"2025-05-06T03:54:42.846060","level":"info","event":"25/05/06 12:54:42 INFO Executor: Fetching file:///home/jjlee/.ivy2/jars/org.apache.spark_spark-token-provider-kafka-0-10_2.13-3.3.2.jar with timestamp 1746503681978","logger":"airflow.task.hooks.airflow.providers.standard.hooks.subprocess.SubprocessHook"}
{"timestamp":"2025-05-06T03:54:42.846426","level":"info","event":"25/05/06 12:54:42 INFO Utils: /home/jjlee/.ivy2/jars/org.apache.spark_spark-token-provider-kafka-0-10_2.13-3.3.2.jar has been previously copied to /tmp/spark-3575516f-c2c6-4a28-8d7e-a3aa5d37b06b/userFiles-9cd207bb-3463-4e77-b746-1e0f5d7a6d95/org.apache.spark_spark-token-provider-kafka-0-10_2.13-3.3.2.jar","logger":"airflow.task.hooks.airflow.providers.standard.hooks.subprocess.SubprocessHook"}
{"timestamp":"2025-05-06T03:54:42.848765","level":"info","event":"25/05/06 12:54:42 INFO Executor: Fetching file:///home/jjlee/.ivy2/jars/org.spark-project.spark_unused-1.0.0.jar with timestamp 1746503681978","logger":"airflow.task.hooks.airflow.providers.standard.hooks.subprocess.SubprocessHook"}
{"timestamp":"2025-05-06T03:54:42.849133","level":"info","event":"25/05/06 12:54:42 INFO Utils: /home/jjlee/.ivy2/jars/org.spark-project.spark_unused-1.0.0.jar has been previously copied to /tmp/spark-3575516f-c2c6-4a28-8d7e-a3aa5d37b06b/userFiles-9cd207bb-3463-4e77-b746-1e0f5d7a6d95/org.spark-project.spark_unused-1.0.0.jar","logger":"airflow.task.hooks.airflow.providers.standard.hooks.subprocess.SubprocessHook"}
{"timestamp":"2025-05-06T03:54:42.851817","level":"info","event":"25/05/06 12:54:42 INFO Executor: Fetching file:///home/jjlee/.ivy2/jars/org.apache.kafka_kafka-clients-2.8.1.jar with timestamp 1746503681978","logger":"airflow.task.hooks.airflow.providers.standard.hooks.subprocess.SubprocessHook"}
{"timestamp":"2025-05-06T03:54:42.853880","level":"info","event":"25/05/06 12:54:42 INFO Utils: /home/jjlee/.ivy2/jars/org.apache.kafka_kafka-clients-2.8.1.jar has been previously copied to /tmp/spark-3575516f-c2c6-4a28-8d7e-a3aa5d37b06b/userFiles-9cd207bb-3463-4e77-b746-1e0f5d7a6d95/org.apache.kafka_kafka-clients-2.8.1.jar","logger":"airflow.task.hooks.airflow.providers.standard.hooks.subprocess.SubprocessHook"}
{"timestamp":"2025-05-06T03:54:42.856713","level":"info","event":"25/05/06 12:54:42 INFO Executor: Fetching file:///home/jjlee/.ivy2/jars/org.apache.spark_spark-sql-kafka-0-10_2.13-3.3.2.jar with timestamp 1746503681978","logger":"airflow.task.hooks.airflow.providers.standard.hooks.subprocess.SubprocessHook"}
{"timestamp":"2025-05-06T03:54:42.857337","level":"info","event":"25/05/06 12:54:42 INFO Utils: /home/jjlee/.ivy2/jars/org.apache.spark_spark-sql-kafka-0-10_2.13-3.3.2.jar has been previously copied to /tmp/spark-3575516f-c2c6-4a28-8d7e-a3aa5d37b06b/userFiles-9cd207bb-3463-4e77-b746-1e0f5d7a6d95/org.apache.spark_spark-sql-kafka-0-10_2.13-3.3.2.jar","logger":"airflow.task.hooks.airflow.providers.standard.hooks.subprocess.SubprocessHook"}
{"timestamp":"2025-05-06T03:54:42.860742","level":"info","event":"25/05/06 12:54:42 INFO Executor: Fetching file:///home/jjlee/.ivy2/jars/org.lz4_lz4-java-1.8.0.jar with timestamp 1746503681978","logger":"airflow.task.hooks.airflow.providers.standard.hooks.subprocess.SubprocessHook"}
{"timestamp":"2025-05-06T03:54:42.861487","level":"info","event":"25/05/06 12:54:42 INFO Utils: /home/jjlee/.ivy2/jars/org.lz4_lz4-java-1.8.0.jar has been previously copied to /tmp/spark-3575516f-c2c6-4a28-8d7e-a3aa5d37b06b/userFiles-9cd207bb-3463-4e77-b746-1e0f5d7a6d95/org.lz4_lz4-java-1.8.0.jar","logger":"airflow.task.hooks.airflow.providers.standard.hooks.subprocess.SubprocessHook"}
{"timestamp":"2025-05-06T03:54:42.865648","level":"info","event":"25/05/06 12:54:42 INFO Executor: Fetching spark://172.23.182.114:37129/jars/org.apache.spark_spark-sql-kafka-0-10_2.13-3.3.2.jar with timestamp 1746503681978","logger":"airflow.task.hooks.airflow.providers.standard.hooks.subprocess.SubprocessHook"}
{"timestamp":"2025-05-06T03:54:42.909855","level":"info","event":"25/05/06 12:54:42 INFO TransportClientFactory: Successfully created connection to /172.23.182.114:37129 after 35 ms (0 ms spent in bootstraps)","logger":"airflow.task.hooks.airflow.providers.standard.hooks.subprocess.SubprocessHook"}
{"timestamp":"2025-05-06T03:54:42.915374","level":"info","event":"25/05/06 12:54:42 INFO Utils: Fetching spark://172.23.182.114:37129/jars/org.apache.spark_spark-sql-kafka-0-10_2.13-3.3.2.jar to /tmp/spark-3575516f-c2c6-4a28-8d7e-a3aa5d37b06b/userFiles-9cd207bb-3463-4e77-b746-1e0f5d7a6d95/fetchFileTemp16749094622799197012.tmp","logger":"airflow.task.hooks.airflow.providers.standard.hooks.subprocess.SubprocessHook"}
{"timestamp":"2025-05-06T03:54:42.970053","level":"info","event":"25/05/06 12:54:42 INFO Utils: /tmp/spark-3575516f-c2c6-4a28-8d7e-a3aa5d37b06b/userFiles-9cd207bb-3463-4e77-b746-1e0f5d7a6d95/fetchFileTemp16749094622799197012.tmp has been previously copied to /tmp/spark-3575516f-c2c6-4a28-8d7e-a3aa5d37b06b/userFiles-9cd207bb-3463-4e77-b746-1e0f5d7a6d95/org.apache.spark_spark-sql-kafka-0-10_2.13-3.3.2.jar","logger":"airflow.task.hooks.airflow.providers.standard.hooks.subprocess.SubprocessHook"}
{"timestamp":"2025-05-06T03:54:42.974024","level":"info","event":"25/05/06 12:54:42 INFO Executor: Adding file:/tmp/spark-3575516f-c2c6-4a28-8d7e-a3aa5d37b06b/userFiles-9cd207bb-3463-4e77-b746-1e0f5d7a6d95/org.apache.spark_spark-sql-kafka-0-10_2.13-3.3.2.jar to class loader","logger":"airflow.task.hooks.airflow.providers.standard.hooks.subprocess.SubprocessHook"}
{"timestamp":"2025-05-06T03:54:42.974188","level":"info","event":"25/05/06 12:54:42 INFO Executor: Fetching spark://172.23.182.114:37129/jars/org.apache.hadoop_hadoop-client-runtime-3.3.2.jar with timestamp 1746503681978","logger":"airflow.task.hooks.airflow.providers.standard.hooks.subprocess.SubprocessHook"}
{"timestamp":"2025-05-06T03:54:42.975397","level":"info","event":"25/05/06 12:54:42 INFO Utils: Fetching spark://172.23.182.114:37129/jars/org.apache.hadoop_hadoop-client-runtime-3.3.2.jar to /tmp/spark-3575516f-c2c6-4a28-8d7e-a3aa5d37b06b/userFiles-9cd207bb-3463-4e77-b746-1e0f5d7a6d95/fetchFileTemp14823063081341753718.tmp","logger":"airflow.task.hooks.airflow.providers.standard.hooks.subprocess.SubprocessHook"}
{"timestamp":"2025-05-06T03:54:43.068522","level":"info","event":"25/05/06 12:54:43 INFO Utils: /tmp/spark-3575516f-c2c6-4a28-8d7e-a3aa5d37b06b/userFiles-9cd207bb-3463-4e77-b746-1e0f5d7a6d95/fetchFileTemp14823063081341753718.tmp has been previously copied to /tmp/spark-3575516f-c2c6-4a28-8d7e-a3aa5d37b06b/userFiles-9cd207bb-3463-4e77-b746-1e0f5d7a6d95/org.apache.hadoop_hadoop-client-runtime-3.3.2.jar","logger":"airflow.task.hooks.airflow.providers.standard.hooks.subprocess.SubprocessHook"}
{"timestamp":"2025-05-06T03:54:43.196551","level":"info","event":"25/05/06 12:54:43 INFO Executor: Adding file:/tmp/spark-3575516f-c2c6-4a28-8d7e-a3aa5d37b06b/userFiles-9cd207bb-3463-4e77-b746-1e0f5d7a6d95/org.apache.hadoop_hadoop-client-runtime-3.3.2.jar to class loader","logger":"airflow.task.hooks.airflow.providers.standard.hooks.subprocess.SubprocessHook"}
{"timestamp":"2025-05-06T03:54:43.196719","level":"info","event":"25/05/06 12:54:43 INFO Executor: Fetching spark://172.23.182.114:37129/jars/org.apache.spark_spark-token-provider-kafka-0-10_2.13-3.3.2.jar with timestamp 1746503681978","logger":"airflow.task.hooks.airflow.providers.standard.hooks.subprocess.SubprocessHook"}
{"timestamp":"2025-05-06T03:54:43.197979","level":"info","event":"25/05/06 12:54:43 INFO Utils: Fetching spark://172.23.182.114:37129/jars/org.apache.spark_spark-token-provider-kafka-0-10_2.13-3.3.2.jar to /tmp/spark-3575516f-c2c6-4a28-8d7e-a3aa5d37b06b/userFiles-9cd207bb-3463-4e77-b746-1e0f5d7a6d95/fetchFileTemp12040249289792463844.tmp","logger":"airflow.task.hooks.airflow.providers.standard.hooks.subprocess.SubprocessHook"}
{"timestamp":"2025-05-06T03:54:43.199605","level":"info","event":"25/05/06 12:54:43 INFO Utils: /tmp/spark-3575516f-c2c6-4a28-8d7e-a3aa5d37b06b/userFiles-9cd207bb-3463-4e77-b746-1e0f5d7a6d95/fetchFileTemp12040249289792463844.tmp has been previously copied to /tmp/spark-3575516f-c2c6-4a28-8d7e-a3aa5d37b06b/userFiles-9cd207bb-3463-4e77-b746-1e0f5d7a6d95/org.apache.spark_spark-token-provider-kafka-0-10_2.13-3.3.2.jar","logger":"airflow.task.hooks.airflow.providers.standard.hooks.subprocess.SubprocessHook"}
{"timestamp":"2025-05-06T03:54:43.202632","level":"info","event":"25/05/06 12:54:43 INFO Executor: Adding file:/tmp/spark-3575516f-c2c6-4a28-8d7e-a3aa5d37b06b/userFiles-9cd207bb-3463-4e77-b746-1e0f5d7a6d95/org.apache.spark_spark-token-provider-kafka-0-10_2.13-3.3.2.jar to class loader","logger":"airflow.task.hooks.airflow.providers.standard.hooks.subprocess.SubprocessHook"}
{"timestamp":"2025-05-06T03:54:43.202753","level":"info","event":"25/05/06 12:54:43 INFO Executor: Fetching spark://172.23.182.114:37129/jars/org.scala-lang.modules_scala-parallel-collections_2.13-1.0.3.jar with timestamp 1746503681978","logger":"airflow.task.hooks.airflow.providers.standard.hooks.subprocess.SubprocessHook"}
{"timestamp":"2025-05-06T03:54:43.203486","level":"info","event":"25/05/06 12:54:43 INFO Utils: Fetching spark://172.23.182.114:37129/jars/org.scala-lang.modules_scala-parallel-collections_2.13-1.0.3.jar to /tmp/spark-3575516f-c2c6-4a28-8d7e-a3aa5d37b06b/userFiles-9cd207bb-3463-4e77-b746-1e0f5d7a6d95/fetchFileTemp6770895907117325792.tmp","logger":"airflow.task.hooks.airflow.providers.standard.hooks.subprocess.SubprocessHook"}
{"timestamp":"2025-05-06T03:54:43.208990","level":"info","event":"25/05/06 12:54:43 INFO Utils: /tmp/spark-3575516f-c2c6-4a28-8d7e-a3aa5d37b06b/userFiles-9cd207bb-3463-4e77-b746-1e0f5d7a6d95/fetchFileTemp6770895907117325792.tmp has been previously copied to /tmp/spark-3575516f-c2c6-4a28-8d7e-a3aa5d37b06b/userFiles-9cd207bb-3463-4e77-b746-1e0f5d7a6d95/org.scala-lang.modules_scala-parallel-collections_2.13-1.0.3.jar","logger":"airflow.task.hooks.airflow.providers.standard.hooks.subprocess.SubprocessHook"}
{"timestamp":"2025-05-06T03:54:43.214874","level":"info","event":"25/05/06 12:54:43 INFO Executor: Adding file:/tmp/spark-3575516f-c2c6-4a28-8d7e-a3aa5d37b06b/userFiles-9cd207bb-3463-4e77-b746-1e0f5d7a6d95/org.scala-lang.modules_scala-parallel-collections_2.13-1.0.3.jar to class loader","logger":"airflow.task.hooks.airflow.providers.standard.hooks.subprocess.SubprocessHook"}
{"timestamp":"2025-05-06T03:54:43.215001","level":"info","event":"25/05/06 12:54:43 INFO Executor: Fetching spark://172.23.182.114:37129/jars/org.xerial.snappy_snappy-java-1.1.8.4.jar with timestamp 1746503681978","logger":"airflow.task.hooks.airflow.providers.standard.hooks.subprocess.SubprocessHook"}
{"timestamp":"2025-05-06T03:54:43.215610","level":"info","event":"25/05/06 12:54:43 INFO Utils: Fetching spark://172.23.182.114:37129/jars/org.xerial.snappy_snappy-java-1.1.8.4.jar to /tmp/spark-3575516f-c2c6-4a28-8d7e-a3aa5d37b06b/userFiles-9cd207bb-3463-4e77-b746-1e0f5d7a6d95/fetchFileTemp11337913737746478313.tmp","logger":"airflow.task.hooks.airflow.providers.standard.hooks.subprocess.SubprocessHook"}
{"timestamp":"2025-05-06T03:54:43.221385","level":"info","event":"25/05/06 12:54:43 INFO Utils: /tmp/spark-3575516f-c2c6-4a28-8d7e-a3aa5d37b06b/userFiles-9cd207bb-3463-4e77-b746-1e0f5d7a6d95/fetchFileTemp11337913737746478313.tmp has been previously copied to /tmp/spark-3575516f-c2c6-4a28-8d7e-a3aa5d37b06b/userFiles-9cd207bb-3463-4e77-b746-1e0f5d7a6d95/org.xerial.snappy_snappy-java-1.1.8.4.jar","logger":"airflow.task.hooks.airflow.providers.standard.hooks.subprocess.SubprocessHook"}
{"timestamp":"2025-05-06T03:54:43.228852","level":"info","event":"25/05/06 12:54:43 INFO Executor: Adding file:/tmp/spark-3575516f-c2c6-4a28-8d7e-a3aa5d37b06b/userFiles-9cd207bb-3463-4e77-b746-1e0f5d7a6d95/org.xerial.snappy_snappy-java-1.1.8.4.jar to class loader","logger":"airflow.task.hooks.airflow.providers.standard.hooks.subprocess.SubprocessHook"}
{"timestamp":"2025-05-06T03:54:43.229008","level":"info","event":"25/05/06 12:54:43 INFO Executor: Fetching spark://172.23.182.114:37129/jars/org.apache.hadoop_hadoop-client-api-3.3.2.jar with timestamp 1746503681978","logger":"airflow.task.hooks.airflow.providers.standard.hooks.subprocess.SubprocessHook"}
{"timestamp":"2025-05-06T03:54:43.229361","level":"info","event":"25/05/06 12:54:43 INFO Utils: Fetching spark://172.23.182.114:37129/jars/org.apache.hadoop_hadoop-client-api-3.3.2.jar to /tmp/spark-3575516f-c2c6-4a28-8d7e-a3aa5d37b06b/userFiles-9cd207bb-3463-4e77-b746-1e0f5d7a6d95/fetchFileTemp11605598610305100573.tmp","logger":"airflow.task.hooks.airflow.providers.standard.hooks.subprocess.SubprocessHook"}
{"timestamp":"2025-05-06T03:54:43.290237","level":"info","event":"25/05/06 12:54:43 INFO Utils: /tmp/spark-3575516f-c2c6-4a28-8d7e-a3aa5d37b06b/userFiles-9cd207bb-3463-4e77-b746-1e0f5d7a6d95/fetchFileTemp11605598610305100573.tmp has been previously copied to /tmp/spark-3575516f-c2c6-4a28-8d7e-a3aa5d37b06b/userFiles-9cd207bb-3463-4e77-b746-1e0f5d7a6d95/org.apache.hadoop_hadoop-client-api-3.3.2.jar","logger":"airflow.task.hooks.airflow.providers.standard.hooks.subprocess.SubprocessHook"}
{"timestamp":"2025-05-06T03:54:43.334476","level":"info","event":"25/05/06 12:54:43 INFO Executor: Adding file:/tmp/spark-3575516f-c2c6-4a28-8d7e-a3aa5d37b06b/userFiles-9cd207bb-3463-4e77-b746-1e0f5d7a6d95/org.apache.hadoop_hadoop-client-api-3.3.2.jar to class loader","logger":"airflow.task.hooks.airflow.providers.standard.hooks.subprocess.SubprocessHook"}
{"timestamp":"2025-05-06T03:54:43.334613","level":"info","event":"25/05/06 12:54:43 INFO Executor: Fetching spark://172.23.182.114:37129/jars/commons-logging_commons-logging-1.1.3.jar with timestamp 1746503681978","logger":"airflow.task.hooks.airflow.providers.standard.hooks.subprocess.SubprocessHook"}
{"timestamp":"2025-05-06T03:54:43.334890","level":"info","event":"25/05/06 12:54:43 INFO Utils: Fetching spark://172.23.182.114:37129/jars/commons-logging_commons-logging-1.1.3.jar to /tmp/spark-3575516f-c2c6-4a28-8d7e-a3aa5d37b06b/userFiles-9cd207bb-3463-4e77-b746-1e0f5d7a6d95/fetchFileTemp17102937810954404905.tmp","logger":"airflow.task.hooks.airflow.providers.standard.hooks.subprocess.SubprocessHook"}
{"timestamp":"2025-05-06T03:54:43.336030","level":"info","event":"25/05/06 12:54:43 INFO Utils: /tmp/spark-3575516f-c2c6-4a28-8d7e-a3aa5d37b06b/userFiles-9cd207bb-3463-4e77-b746-1e0f5d7a6d95/fetchFileTemp17102937810954404905.tmp has been previously copied to /tmp/spark-3575516f-c2c6-4a28-8d7e-a3aa5d37b06b/userFiles-9cd207bb-3463-4e77-b746-1e0f5d7a6d95/commons-logging_commons-logging-1.1.3.jar","logger":"airflow.task.hooks.airflow.providers.standard.hooks.subprocess.SubprocessHook"}
{"timestamp":"2025-05-06T03:54:43.338209","level":"info","event":"25/05/06 12:54:43 INFO Executor: Adding file:/tmp/spark-3575516f-c2c6-4a28-8d7e-a3aa5d37b06b/userFiles-9cd207bb-3463-4e77-b746-1e0f5d7a6d95/commons-logging_commons-logging-1.1.3.jar to class loader","logger":"airflow.task.hooks.airflow.providers.standard.hooks.subprocess.SubprocessHook"}
{"timestamp":"2025-05-06T03:54:43.338301","level":"info","event":"25/05/06 12:54:43 INFO Executor: Fetching spark://172.23.182.114:37129/jars/com.google.code.findbugs_jsr305-3.0.0.jar with timestamp 1746503681978","logger":"airflow.task.hooks.airflow.providers.standard.hooks.subprocess.SubprocessHook"}
{"timestamp":"2025-05-06T03:54:43.338841","level":"info","event":"25/05/06 12:54:43 INFO Utils: Fetching spark://172.23.182.114:37129/jars/com.google.code.findbugs_jsr305-3.0.0.jar to /tmp/spark-3575516f-c2c6-4a28-8d7e-a3aa5d37b06b/userFiles-9cd207bb-3463-4e77-b746-1e0f5d7a6d95/fetchFileTemp13243584161264722904.tmp","logger":"airflow.task.hooks.airflow.providers.standard.hooks.subprocess.SubprocessHook"}
{"timestamp":"2025-05-06T03:54:43.340732","level":"info","event":"25/05/06 12:54:43 INFO Utils: /tmp/spark-3575516f-c2c6-4a28-8d7e-a3aa5d37b06b/userFiles-9cd207bb-3463-4e77-b746-1e0f5d7a6d95/fetchFileTemp13243584161264722904.tmp has been previously copied to /tmp/spark-3575516f-c2c6-4a28-8d7e-a3aa5d37b06b/userFiles-9cd207bb-3463-4e77-b746-1e0f5d7a6d95/com.google.code.findbugs_jsr305-3.0.0.jar","logger":"airflow.task.hooks.airflow.providers.standard.hooks.subprocess.SubprocessHook"}
{"timestamp":"2025-05-06T03:54:43.343530","level":"info","event":"25/05/06 12:54:43 INFO Executor: Adding file:/tmp/spark-3575516f-c2c6-4a28-8d7e-a3aa5d37b06b/userFiles-9cd207bb-3463-4e77-b746-1e0f5d7a6d95/com.google.code.findbugs_jsr305-3.0.0.jar to class loader","logger":"airflow.task.hooks.airflow.providers.standard.hooks.subprocess.SubprocessHook"}
{"timestamp":"2025-05-06T03:54:43.343664","level":"info","event":"25/05/06 12:54:43 INFO Executor: Fetching spark://172.23.182.114:37129/jars/org.spark-project.spark_unused-1.0.0.jar with timestamp 1746503681978","logger":"airflow.task.hooks.airflow.providers.standard.hooks.subprocess.SubprocessHook"}
{"timestamp":"2025-05-06T03:54:43.344207","level":"info","event":"25/05/06 12:54:43 INFO Utils: Fetching spark://172.23.182.114:37129/jars/org.spark-project.spark_unused-1.0.0.jar to /tmp/spark-3575516f-c2c6-4a28-8d7e-a3aa5d37b06b/userFiles-9cd207bb-3463-4e77-b746-1e0f5d7a6d95/fetchFileTemp276388302260711669.tmp","logger":"airflow.task.hooks.airflow.providers.standard.hooks.subprocess.SubprocessHook"}
{"timestamp":"2025-05-06T03:54:43.344940","level":"info","event":"25/05/06 12:54:43 INFO Utils: /tmp/spark-3575516f-c2c6-4a28-8d7e-a3aa5d37b06b/userFiles-9cd207bb-3463-4e77-b746-1e0f5d7a6d95/fetchFileTemp276388302260711669.tmp has been previously copied to /tmp/spark-3575516f-c2c6-4a28-8d7e-a3aa5d37b06b/userFiles-9cd207bb-3463-4e77-b746-1e0f5d7a6d95/org.spark-project.spark_unused-1.0.0.jar","logger":"airflow.task.hooks.airflow.providers.standard.hooks.subprocess.SubprocessHook"}
{"timestamp":"2025-05-06T03:54:43.347069","level":"info","event":"25/05/06 12:54:43 INFO Executor: Adding file:/tmp/spark-3575516f-c2c6-4a28-8d7e-a3aa5d37b06b/userFiles-9cd207bb-3463-4e77-b746-1e0f5d7a6d95/org.spark-project.spark_unused-1.0.0.jar to class loader","logger":"airflow.task.hooks.airflow.providers.standard.hooks.subprocess.SubprocessHook"}
{"timestamp":"2025-05-06T03:54:43.347212","level":"info","event":"25/05/06 12:54:43 INFO Executor: Fetching spark://172.23.182.114:37129/jars/org.slf4j_slf4j-api-1.7.32.jar with timestamp 1746503681978","logger":"airflow.task.hooks.airflow.providers.standard.hooks.subprocess.SubprocessHook"}
{"timestamp":"2025-05-06T03:54:43.347570","level":"info","event":"25/05/06 12:54:43 INFO Utils: Fetching spark://172.23.182.114:37129/jars/org.slf4j_slf4j-api-1.7.32.jar to /tmp/spark-3575516f-c2c6-4a28-8d7e-a3aa5d37b06b/userFiles-9cd207bb-3463-4e77-b746-1e0f5d7a6d95/fetchFileTemp15048830329635684814.tmp","logger":"airflow.task.hooks.airflow.providers.standard.hooks.subprocess.SubprocessHook"}
{"timestamp":"2025-05-06T03:54:43.348794","level":"info","event":"25/05/06 12:54:43 INFO Utils: /tmp/spark-3575516f-c2c6-4a28-8d7e-a3aa5d37b06b/userFiles-9cd207bb-3463-4e77-b746-1e0f5d7a6d95/fetchFileTemp15048830329635684814.tmp has been previously copied to /tmp/spark-3575516f-c2c6-4a28-8d7e-a3aa5d37b06b/userFiles-9cd207bb-3463-4e77-b746-1e0f5d7a6d95/org.slf4j_slf4j-api-1.7.32.jar","logger":"airflow.task.hooks.airflow.providers.standard.hooks.subprocess.SubprocessHook"}
{"timestamp":"2025-05-06T03:54:43.350782","level":"info","event":"25/05/06 12:54:43 INFO Executor: Adding file:/tmp/spark-3575516f-c2c6-4a28-8d7e-a3aa5d37b06b/userFiles-9cd207bb-3463-4e77-b746-1e0f5d7a6d95/org.slf4j_slf4j-api-1.7.32.jar to class loader","logger":"airflow.task.hooks.airflow.providers.standard.hooks.subprocess.SubprocessHook"}
{"timestamp":"2025-05-06T03:54:43.350896","level":"info","event":"25/05/06 12:54:43 INFO Executor: Fetching spark://172.23.182.114:37129/jars/mysql-connector-java-8.4.0.jar with timestamp 1746503681978","logger":"airflow.task.hooks.airflow.providers.standard.hooks.subprocess.SubprocessHook"}
{"timestamp":"2025-05-06T03:54:43.351182","level":"info","event":"25/05/06 12:54:43 INFO Utils: Fetching spark://172.23.182.114:37129/jars/mysql-connector-java-8.4.0.jar to /tmp/spark-3575516f-c2c6-4a28-8d7e-a3aa5d37b06b/userFiles-9cd207bb-3463-4e77-b746-1e0f5d7a6d95/fetchFileTemp13019603998420779769.tmp","logger":"airflow.task.hooks.airflow.providers.standard.hooks.subprocess.SubprocessHook"}
{"timestamp":"2025-05-06T03:54:43.360550","level":"info","event":"25/05/06 12:54:43 INFO Executor: Adding file:/tmp/spark-3575516f-c2c6-4a28-8d7e-a3aa5d37b06b/userFiles-9cd207bb-3463-4e77-b746-1e0f5d7a6d95/mysql-connector-java-8.4.0.jar to class loader","logger":"airflow.task.hooks.airflow.providers.standard.hooks.subprocess.SubprocessHook"}
{"timestamp":"2025-05-06T03:54:43.360750","level":"info","event":"25/05/06 12:54:43 INFO Executor: Fetching spark://172.23.182.114:37129/jars/org.lz4_lz4-java-1.8.0.jar with timestamp 1746503681978","logger":"airflow.task.hooks.airflow.providers.standard.hooks.subprocess.SubprocessHook"}
{"timestamp":"2025-05-06T03:54:43.361133","level":"info","event":"25/05/06 12:54:43 INFO Utils: Fetching spark://172.23.182.114:37129/jars/org.lz4_lz4-java-1.8.0.jar to /tmp/spark-3575516f-c2c6-4a28-8d7e-a3aa5d37b06b/userFiles-9cd207bb-3463-4e77-b746-1e0f5d7a6d95/fetchFileTemp14848415752174165757.tmp","logger":"airflow.task.hooks.airflow.providers.standard.hooks.subprocess.SubprocessHook"}
{"timestamp":"2025-05-06T03:54:43.363418","level":"info","event":"25/05/06 12:54:43 INFO Utils: /tmp/spark-3575516f-c2c6-4a28-8d7e-a3aa5d37b06b/userFiles-9cd207bb-3463-4e77-b746-1e0f5d7a6d95/fetchFileTemp14848415752174165757.tmp has been previously copied to /tmp/spark-3575516f-c2c6-4a28-8d7e-a3aa5d37b06b/userFiles-9cd207bb-3463-4e77-b746-1e0f5d7a6d95/org.lz4_lz4-java-1.8.0.jar","logger":"airflow.task.hooks.airflow.providers.standard.hooks.subprocess.SubprocessHook"}
{"timestamp":"2025-05-06T03:54:43.369964","level":"info","event":"25/05/06 12:54:43 INFO Executor: Adding file:/tmp/spark-3575516f-c2c6-4a28-8d7e-a3aa5d37b06b/userFiles-9cd207bb-3463-4e77-b746-1e0f5d7a6d95/org.lz4_lz4-java-1.8.0.jar to class loader","logger":"airflow.task.hooks.airflow.providers.standard.hooks.subprocess.SubprocessHook"}
{"timestamp":"2025-05-06T03:54:43.370097","level":"info","event":"25/05/06 12:54:43 INFO Executor: Fetching spark://172.23.182.114:37129/jars/org.apache.commons_commons-pool2-2.11.1.jar with timestamp 1746503681978","logger":"airflow.task.hooks.airflow.providers.standard.hooks.subprocess.SubprocessHook"}
{"timestamp":"2025-05-06T03:54:43.370426","level":"info","event":"25/05/06 12:54:43 INFO Utils: Fetching spark://172.23.182.114:37129/jars/org.apache.commons_commons-pool2-2.11.1.jar to /tmp/spark-3575516f-c2c6-4a28-8d7e-a3aa5d37b06b/userFiles-9cd207bb-3463-4e77-b746-1e0f5d7a6d95/fetchFileTemp4618685853640039906.tmp","logger":"airflow.task.hooks.airflow.providers.standard.hooks.subprocess.SubprocessHook"}
{"timestamp":"2025-05-06T03:54:43.372036","level":"info","event":"25/05/06 12:54:43 INFO Utils: /tmp/spark-3575516f-c2c6-4a28-8d7e-a3aa5d37b06b/userFiles-9cd207bb-3463-4e77-b746-1e0f5d7a6d95/fetchFileTemp4618685853640039906.tmp has been previously copied to /tmp/spark-3575516f-c2c6-4a28-8d7e-a3aa5d37b06b/userFiles-9cd207bb-3463-4e77-b746-1e0f5d7a6d95/org.apache.commons_commons-pool2-2.11.1.jar","logger":"airflow.task.hooks.airflow.providers.standard.hooks.subprocess.SubprocessHook"}
{"timestamp":"2025-05-06T03:54:43.376717","level":"info","event":"25/05/06 12:54:43 INFO Executor: Adding file:/tmp/spark-3575516f-c2c6-4a28-8d7e-a3aa5d37b06b/userFiles-9cd207bb-3463-4e77-b746-1e0f5d7a6d95/org.apache.commons_commons-pool2-2.11.1.jar to class loader","logger":"airflow.task.hooks.airflow.providers.standard.hooks.subprocess.SubprocessHook"}
{"timestamp":"2025-05-06T03:54:43.376884","level":"info","event":"25/05/06 12:54:43 INFO Executor: Fetching spark://172.23.182.114:37129/jars/org.apache.kafka_kafka-clients-2.8.1.jar with timestamp 1746503681978","logger":"airflow.task.hooks.airflow.providers.standard.hooks.subprocess.SubprocessHook"}
{"timestamp":"2025-05-06T03:54:43.377174","level":"info","event":"25/05/06 12:54:43 INFO Utils: Fetching spark://172.23.182.114:37129/jars/org.apache.kafka_kafka-clients-2.8.1.jar to /tmp/spark-3575516f-c2c6-4a28-8d7e-a3aa5d37b06b/userFiles-9cd207bb-3463-4e77-b746-1e0f5d7a6d95/fetchFileTemp15900882630046920132.tmp","logger":"airflow.task.hooks.airflow.providers.standard.hooks.subprocess.SubprocessHook"}
{"timestamp":"2025-05-06T03:54:43.387500","level":"info","event":"25/05/06 12:54:43 INFO Utils: /tmp/spark-3575516f-c2c6-4a28-8d7e-a3aa5d37b06b/userFiles-9cd207bb-3463-4e77-b746-1e0f5d7a6d95/fetchFileTemp15900882630046920132.tmp has been previously copied to /tmp/spark-3575516f-c2c6-4a28-8d7e-a3aa5d37b06b/userFiles-9cd207bb-3463-4e77-b746-1e0f5d7a6d95/org.apache.kafka_kafka-clients-2.8.1.jar","logger":"airflow.task.hooks.airflow.providers.standard.hooks.subprocess.SubprocessHook"}
{"timestamp":"2025-05-06T03:54:43.410124","level":"info","event":"25/05/06 12:54:43 INFO Executor: Adding file:/tmp/spark-3575516f-c2c6-4a28-8d7e-a3aa5d37b06b/userFiles-9cd207bb-3463-4e77-b746-1e0f5d7a6d95/org.apache.kafka_kafka-clients-2.8.1.jar to class loader","logger":"airflow.task.hooks.airflow.providers.standard.hooks.subprocess.SubprocessHook"}
{"timestamp":"2025-05-06T03:54:43.424621","level":"info","event":"25/05/06 12:54:43 INFO Utils: Successfully started service 'org.apache.spark.network.netty.NettyBlockTransferService' on port 32879.","logger":"airflow.task.hooks.airflow.providers.standard.hooks.subprocess.SubprocessHook"}
{"timestamp":"2025-05-06T03:54:43.425389","level":"info","event":"25/05/06 12:54:43 INFO NettyBlockTransferService: Server created on 172.23.182.114:32879","logger":"airflow.task.hooks.airflow.providers.standard.hooks.subprocess.SubprocessHook"}
{"timestamp":"2025-05-06T03:54:43.428233","level":"info","event":"25/05/06 12:54:43 INFO BlockManager: Using org.apache.spark.storage.RandomBlockReplicationPolicy for block replication policy","logger":"airflow.task.hooks.airflow.providers.standard.hooks.subprocess.SubprocessHook"}
{"timestamp":"2025-05-06T03:54:43.435903","level":"info","event":"25/05/06 12:54:43 INFO BlockManagerMaster: Registering BlockManager BlockManagerId(driver, 172.23.182.114, 32879, None)","logger":"airflow.task.hooks.airflow.providers.standard.hooks.subprocess.SubprocessHook"}
{"timestamp":"2025-05-06T03:54:43.438824","level":"info","event":"25/05/06 12:54:43 INFO BlockManagerMasterEndpoint: Registering block manager 172.23.182.114:32879 with 434.4 MiB RAM, BlockManagerId(driver, 172.23.182.114, 32879, None)","logger":"airflow.task.hooks.airflow.providers.standard.hooks.subprocess.SubprocessHook"}
{"timestamp":"2025-05-06T03:54:43.443020","level":"info","event":"25/05/06 12:54:43 INFO BlockManagerMaster: Registered BlockManager BlockManagerId(driver, 172.23.182.114, 32879, None)","logger":"airflow.task.hooks.airflow.providers.standard.hooks.subprocess.SubprocessHook"}
{"timestamp":"2025-05-06T03:54:43.444018","level":"info","event":"25/05/06 12:54:43 INFO BlockManager: Initialized BlockManager: BlockManagerId(driver, 172.23.182.114, 32879, None)","logger":"airflow.task.hooks.airflow.providers.standard.hooks.subprocess.SubprocessHook"}
{"timestamp":"2025-05-06T03:54:49.045575","level":"info","event":" Transformation Complete!","logger":"airflow.task.hooks.airflow.providers.standard.hooks.subprocess.SubprocessHook"}
{"timestamp":"2025-05-06T03:54:49.264945","level":"info","event":"Command exited with return code 0","logger":"airflow.task.hooks.airflow.providers.standard.hooks.subprocess.SubprocessHook"}
{"timestamp":"2025-05-06T03:54:49.265346","level":"info","event":"Pushing xcom","ti":"RuntimeTaskInstance(id=UUID('0196a3bb-3042-77d8-84f4-c1cf4c750439'), task_id='update_player_summary', dag_id='player_summary_update', run_id='manual__2025-05-06T03:54:35.959607+00:00', try_number=1, map_index=-1, hostname='DESKTOP-T4DM29K.', context_carrier=None, task=<Task(BashOperator): update_player_summary>, bundle_instance=LocalDagBundle(name=dags-folder), max_tries=1, start_date=datetime.datetime(2025, 5, 6, 3, 54, 36, 755700, tzinfo=TzInfo(UTC)), end_date=None, is_mapped=False)","logger":"task"}
