{"timestamp":"2025-05-06T03:55:22.378775","level":"info","event":"DAG bundles loaded: dags-folder","logger":"airflow.dag_processing.bundles.manager.DagBundlesManager"}
{"timestamp":"2025-05-06T03:55:22.379291","level":"info","event":"Filling up the DagBag from /home/jjlee/workspace/GSBE/project-root/airflow-dags/dags/game_logs_pipeline_dag.py","logger":"airflow.models.dagbag.DagBag"}
{"timestamp":"2025-05-06T03:55:22.391418","level":"info","event":"Tmp dir root location: /tmp","logger":"airflow.task.hooks.airflow.providers.standard.hooks.subprocess.SubprocessHook"}
{"timestamp":"2025-05-06T03:55:22.391853","level":"info","event":"Running command: ['/usr/bin/bash', '-c', 'cd ~/workspace/GSBE/project-root/spark-streaming && $SPARK_HOME/bin/spark-submit --jars ~/workspace/GSBE/mysql-connector-java-8.4.0.jar --packages org.apache.spark:spark-sql-kafka-0-10_2.13:3.3.2,org.apache.spark:spark-token-provider-kafka-0-10_2.13:3.3.2 transformation_processor.py']","logger":"airflow.task.hooks.airflow.providers.standard.hooks.subprocess.SubprocessHook"}
{"timestamp":"2025-05-06T03:55:22.397134","level":"info","event":"Output:","logger":"airflow.task.hooks.airflow.providers.standard.hooks.subprocess.SubprocessHook"}
{"timestamp":"2025-05-06T03:55:24.248131","level":"info","event":"25/05/06 12:55:24 WARN Utils: Your hostname, DESKTOP-T4DM29K resolves to a loopback address: 127.0.1.1; using 172.23.182.114 instead (on interface eth0)","logger":"airflow.task.hooks.airflow.providers.standard.hooks.subprocess.SubprocessHook"}
{"timestamp":"2025-05-06T03:55:24.250148","level":"info","event":"25/05/06 12:55:24 WARN Utils: Set SPARK_LOCAL_IP if you need to bind to another address","logger":"airflow.task.hooks.airflow.providers.standard.hooks.subprocess.SubprocessHook"}
{"timestamp":"2025-05-06T03:55:25.370186","level":"info","event":":: loading settings :: url = jar:file:/home/jjlee/workspace/GSBE/spark-new/jars/ivy-2.5.1.jar!/org/apache/ivy/core/settings/ivysettings.xml","logger":"airflow.task.hooks.airflow.providers.standard.hooks.subprocess.SubprocessHook"}
{"timestamp":"2025-05-06T03:55:25.434422","level":"info","event":"Ivy Default Cache set to: /home/jjlee/.ivy2/cache","logger":"airflow.task.hooks.airflow.providers.standard.hooks.subprocess.SubprocessHook"}
{"timestamp":"2025-05-06T03:55:25.434630","level":"info","event":"The jars for the packages stored in: /home/jjlee/.ivy2/jars","logger":"airflow.task.hooks.airflow.providers.standard.hooks.subprocess.SubprocessHook"}
{"timestamp":"2025-05-06T03:55:25.438609","level":"info","event":"org.apache.spark#spark-sql-kafka-0-10_2.13 added as a dependency","logger":"airflow.task.hooks.airflow.providers.standard.hooks.subprocess.SubprocessHook"}
{"timestamp":"2025-05-06T03:55:25.438856","level":"info","event":"org.apache.spark#spark-token-provider-kafka-0-10_2.13 added as a dependency","logger":"airflow.task.hooks.airflow.providers.standard.hooks.subprocess.SubprocessHook"}
{"timestamp":"2025-05-06T03:55:25.440338","level":"info","event":":: resolving dependencies :: org.apache.spark#spark-submit-parent-5bff4043-87e1-4a3c-a97a-4bc3fce2baa4;1.0","logger":"airflow.task.hooks.airflow.providers.standard.hooks.subprocess.SubprocessHook"}
{"timestamp":"2025-05-06T03:55:25.440556","level":"info","event":"\tconfs: [default]","logger":"airflow.task.hooks.airflow.providers.standard.hooks.subprocess.SubprocessHook"}
{"timestamp":"2025-05-06T03:55:25.587793","level":"info","event":"\tfound org.apache.spark#spark-sql-kafka-0-10_2.13;3.3.2 in central","logger":"airflow.task.hooks.airflow.providers.standard.hooks.subprocess.SubprocessHook"}
{"timestamp":"2025-05-06T03:55:25.639566","level":"info","event":"\tfound org.apache.spark#spark-token-provider-kafka-0-10_2.13;3.3.2 in central","logger":"airflow.task.hooks.airflow.providers.standard.hooks.subprocess.SubprocessHook"}
{"timestamp":"2025-05-06T03:55:25.667336","level":"info","event":"\tfound org.apache.kafka#kafka-clients;2.8.1 in central","logger":"airflow.task.hooks.airflow.providers.standard.hooks.subprocess.SubprocessHook"}
{"timestamp":"2025-05-06T03:55:25.692751","level":"info","event":"\tfound org.lz4#lz4-java;1.8.0 in central","logger":"airflow.task.hooks.airflow.providers.standard.hooks.subprocess.SubprocessHook"}
{"timestamp":"2025-05-06T03:55:25.712005","level":"info","event":"\tfound org.xerial.snappy#snappy-java;1.1.8.4 in central","logger":"airflow.task.hooks.airflow.providers.standard.hooks.subprocess.SubprocessHook"}
{"timestamp":"2025-05-06T03:55:25.739461","level":"info","event":"\tfound org.slf4j#slf4j-api;1.7.32 in central","logger":"airflow.task.hooks.airflow.providers.standard.hooks.subprocess.SubprocessHook"}
{"timestamp":"2025-05-06T03:55:25.759482","level":"info","event":"\tfound org.apache.hadoop#hadoop-client-runtime;3.3.2 in central","logger":"airflow.task.hooks.airflow.providers.standard.hooks.subprocess.SubprocessHook"}
{"timestamp":"2025-05-06T03:55:25.769576","level":"info","event":"\tfound org.spark-project.spark#unused;1.0.0 in central","logger":"airflow.task.hooks.airflow.providers.standard.hooks.subprocess.SubprocessHook"}
{"timestamp":"2025-05-06T03:55:25.789495","level":"info","event":"\tfound org.apache.hadoop#hadoop-client-api;3.3.2 in central","logger":"airflow.task.hooks.airflow.providers.standard.hooks.subprocess.SubprocessHook"}
{"timestamp":"2025-05-06T03:55:25.805400","level":"info","event":"\tfound commons-logging#commons-logging;1.1.3 in central","logger":"airflow.task.hooks.airflow.providers.standard.hooks.subprocess.SubprocessHook"}
{"timestamp":"2025-05-06T03:55:25.816695","level":"info","event":"\tfound com.google.code.findbugs#jsr305;3.0.0 in central","logger":"airflow.task.hooks.airflow.providers.standard.hooks.subprocess.SubprocessHook"}
{"timestamp":"2025-05-06T03:55:25.832275","level":"info","event":"\tfound org.scala-lang.modules#scala-parallel-collections_2.13;1.0.3 in central","logger":"airflow.task.hooks.airflow.providers.standard.hooks.subprocess.SubprocessHook"}
{"timestamp":"2025-05-06T03:55:25.854548","level":"info","event":"\tfound org.apache.commons#commons-pool2;2.11.1 in central","logger":"airflow.task.hooks.airflow.providers.standard.hooks.subprocess.SubprocessHook"}
{"timestamp":"2025-05-06T03:55:25.930774","level":"info","event":":: resolution report :: resolve 475ms :: artifacts dl 16ms","logger":"airflow.task.hooks.airflow.providers.standard.hooks.subprocess.SubprocessHook"}
{"timestamp":"2025-05-06T03:55:25.930931","level":"info","event":"\t:: modules in use:","logger":"airflow.task.hooks.airflow.providers.standard.hooks.subprocess.SubprocessHook"}
{"timestamp":"2025-05-06T03:55:25.931016","level":"info","event":"\tcom.google.code.findbugs#jsr305;3.0.0 from central in [default]","logger":"airflow.task.hooks.airflow.providers.standard.hooks.subprocess.SubprocessHook"}
{"timestamp":"2025-05-06T03:55:25.931062","level":"info","event":"\tcommons-logging#commons-logging;1.1.3 from central in [default]","logger":"airflow.task.hooks.airflow.providers.standard.hooks.subprocess.SubprocessHook"}
{"timestamp":"2025-05-06T03:55:25.931105","level":"info","event":"\torg.apache.commons#commons-pool2;2.11.1 from central in [default]","logger":"airflow.task.hooks.airflow.providers.standard.hooks.subprocess.SubprocessHook"}
{"timestamp":"2025-05-06T03:55:25.931145","level":"info","event":"\torg.apache.hadoop#hadoop-client-api;3.3.2 from central in [default]","logger":"airflow.task.hooks.airflow.providers.standard.hooks.subprocess.SubprocessHook"}
{"timestamp":"2025-05-06T03:55:25.931184","level":"info","event":"\torg.apache.hadoop#hadoop-client-runtime;3.3.2 from central in [default]","logger":"airflow.task.hooks.airflow.providers.standard.hooks.subprocess.SubprocessHook"}
{"timestamp":"2025-05-06T03:55:25.931226","level":"info","event":"\torg.apache.kafka#kafka-clients;2.8.1 from central in [default]","logger":"airflow.task.hooks.airflow.providers.standard.hooks.subprocess.SubprocessHook"}
{"timestamp":"2025-05-06T03:55:25.931265","level":"info","event":"\torg.apache.spark#spark-sql-kafka-0-10_2.13;3.3.2 from central in [default]","logger":"airflow.task.hooks.airflow.providers.standard.hooks.subprocess.SubprocessHook"}
{"timestamp":"2025-05-06T03:55:25.931302","level":"info","event":"\torg.apache.spark#spark-token-provider-kafka-0-10_2.13;3.3.2 from central in [default]","logger":"airflow.task.hooks.airflow.providers.standard.hooks.subprocess.SubprocessHook"}
{"timestamp":"2025-05-06T03:55:25.931339","level":"info","event":"\torg.lz4#lz4-java;1.8.0 from central in [default]","logger":"airflow.task.hooks.airflow.providers.standard.hooks.subprocess.SubprocessHook"}
{"timestamp":"2025-05-06T03:55:25.931405","level":"info","event":"\torg.scala-lang.modules#scala-parallel-collections_2.13;1.0.3 from central in [default]","logger":"airflow.task.hooks.airflow.providers.standard.hooks.subprocess.SubprocessHook"}
{"timestamp":"2025-05-06T03:55:25.931445","level":"info","event":"\torg.slf4j#slf4j-api;1.7.32 from central in [default]","logger":"airflow.task.hooks.airflow.providers.standard.hooks.subprocess.SubprocessHook"}
{"timestamp":"2025-05-06T03:55:25.931485","level":"info","event":"\torg.spark-project.spark#unused;1.0.0 from central in [default]","logger":"airflow.task.hooks.airflow.providers.standard.hooks.subprocess.SubprocessHook"}
{"timestamp":"2025-05-06T03:55:25.931522","level":"info","event":"\torg.xerial.snappy#snappy-java;1.1.8.4 from central in [default]","logger":"airflow.task.hooks.airflow.providers.standard.hooks.subprocess.SubprocessHook"}
{"timestamp":"2025-05-06T03:55:25.931559","level":"info","event":"\t---------------------------------------------------------------------","logger":"airflow.task.hooks.airflow.providers.standard.hooks.subprocess.SubprocessHook"}
{"timestamp":"2025-05-06T03:55:25.931596","level":"info","event":"\t|                  |            modules            ||   artifacts   |","logger":"airflow.task.hooks.airflow.providers.standard.hooks.subprocess.SubprocessHook"}
{"timestamp":"2025-05-06T03:55:25.931632","level":"info","event":"\t|       conf       | number| search|dwnlded|evicted|| number|dwnlded|","logger":"airflow.task.hooks.airflow.providers.standard.hooks.subprocess.SubprocessHook"}
{"timestamp":"2025-05-06T03:55:25.931668","level":"info","event":"\t---------------------------------------------------------------------","logger":"airflow.task.hooks.airflow.providers.standard.hooks.subprocess.SubprocessHook"}
{"timestamp":"2025-05-06T03:55:25.931704","level":"info","event":"\t|      default     |   13  |   0   |   0   |   0   ||   13  |   0   |","logger":"airflow.task.hooks.airflow.providers.standard.hooks.subprocess.SubprocessHook"}
{"timestamp":"2025-05-06T03:55:25.931741","level":"info","event":"\t---------------------------------------------------------------------","logger":"airflow.task.hooks.airflow.providers.standard.hooks.subprocess.SubprocessHook"}
{"timestamp":"2025-05-06T03:55:25.938326","level":"info","event":":: retrieving :: org.apache.spark#spark-submit-parent-5bff4043-87e1-4a3c-a97a-4bc3fce2baa4","logger":"airflow.task.hooks.airflow.providers.standard.hooks.subprocess.SubprocessHook"}
{"timestamp":"2025-05-06T03:55:25.938519","level":"info","event":"\tconfs: [default]","logger":"airflow.task.hooks.airflow.providers.standard.hooks.subprocess.SubprocessHook"}
{"timestamp":"2025-05-06T03:55:25.951064","level":"info","event":"\t0 artifacts copied, 13 already retrieved (0kB/12ms)","logger":"airflow.task.hooks.airflow.providers.standard.hooks.subprocess.SubprocessHook"}
{"timestamp":"2025-05-06T03:55:26.181853","level":"info","event":"25/05/06 12:55:26 WARN NativeCodeLoader: Unable to load native-hadoop library for your platform... using builtin-java classes where applicable","logger":"airflow.task.hooks.airflow.providers.standard.hooks.subprocess.SubprocessHook"}
{"timestamp":"2025-05-06T03:55:27.005419","level":"info","event":"25/05/06 12:55:27 INFO SparkContext: Running Spark version 3.3.2","logger":"airflow.task.hooks.airflow.providers.standard.hooks.subprocess.SubprocessHook"}
{"timestamp":"2025-05-06T03:55:27.033031","level":"info","event":"25/05/06 12:55:27 INFO ResourceUtils: ==============================================================","logger":"airflow.task.hooks.airflow.providers.standard.hooks.subprocess.SubprocessHook"}
{"timestamp":"2025-05-06T03:55:27.033207","level":"info","event":"25/05/06 12:55:27 INFO ResourceUtils: No custom resources configured for spark.driver.","logger":"airflow.task.hooks.airflow.providers.standard.hooks.subprocess.SubprocessHook"}
{"timestamp":"2025-05-06T03:55:27.033437","level":"info","event":"25/05/06 12:55:27 INFO ResourceUtils: ==============================================================","logger":"airflow.task.hooks.airflow.providers.standard.hooks.subprocess.SubprocessHook"}
{"timestamp":"2025-05-06T03:55:27.033729","level":"info","event":"25/05/06 12:55:27 INFO SparkContext: Submitted application: KafkaMySQLTransformation","logger":"airflow.task.hooks.airflow.providers.standard.hooks.subprocess.SubprocessHook"}
{"timestamp":"2025-05-06T03:55:27.057802","level":"info","event":"25/05/06 12:55:27 INFO ResourceProfile: Default ResourceProfile created, executor resources: Map(cores -> name: cores, amount: 1, script: , vendor: , memory -> name: memory, amount: 1024, script: , vendor: , offHeap -> name: offHeap, amount: 0, script: , vendor: ), task resources: Map(cpus -> name: cpus, amount: 1.0)","logger":"airflow.task.hooks.airflow.providers.standard.hooks.subprocess.SubprocessHook"}
{"timestamp":"2025-05-06T03:55:27.060675","level":"info","event":"25/05/06 12:55:27 INFO ResourceProfile: Limiting resource is cpu","logger":"airflow.task.hooks.airflow.providers.standard.hooks.subprocess.SubprocessHook"}
{"timestamp":"2025-05-06T03:55:27.061386","level":"info","event":"25/05/06 12:55:27 INFO ResourceProfileManager: Added ResourceProfile id: 0","logger":"airflow.task.hooks.airflow.providers.standard.hooks.subprocess.SubprocessHook"}
{"timestamp":"2025-05-06T03:55:27.133846","level":"info","event":"25/05/06 12:55:27 INFO SecurityManager: Changing view acls to: jjlee","logger":"airflow.task.hooks.airflow.providers.standard.hooks.subprocess.SubprocessHook"}
{"timestamp":"2025-05-06T03:55:27.134334","level":"info","event":"25/05/06 12:55:27 INFO SecurityManager: Changing modify acls to: jjlee","logger":"airflow.task.hooks.airflow.providers.standard.hooks.subprocess.SubprocessHook"}
{"timestamp":"2025-05-06T03:55:27.134738","level":"info","event":"25/05/06 12:55:27 INFO SecurityManager: Changing view acls groups to:","logger":"airflow.task.hooks.airflow.providers.standard.hooks.subprocess.SubprocessHook"}
{"timestamp":"2025-05-06T03:55:27.135150","level":"info","event":"25/05/06 12:55:27 INFO SecurityManager: Changing modify acls groups to:","logger":"airflow.task.hooks.airflow.providers.standard.hooks.subprocess.SubprocessHook"}
{"timestamp":"2025-05-06T03:55:27.135476","level":"info","event":"25/05/06 12:55:27 INFO SecurityManager: SecurityManager: authentication disabled; ui acls disabled; users  with view permissions: Set(jjlee); groups with view permissions: Set(); users  with modify permissions: Set(jjlee); groups with modify permissions: Set()","logger":"airflow.task.hooks.airflow.providers.standard.hooks.subprocess.SubprocessHook"}
{"timestamp":"2025-05-06T03:55:27.552559","level":"info","event":"25/05/06 12:55:27 INFO Utils: Successfully started service 'sparkDriver' on port 44799.","logger":"airflow.task.hooks.airflow.providers.standard.hooks.subprocess.SubprocessHook"}
{"timestamp":"2025-05-06T03:55:27.577266","level":"info","event":"25/05/06 12:55:27 INFO SparkEnv: Registering MapOutputTracker","logger":"airflow.task.hooks.airflow.providers.standard.hooks.subprocess.SubprocessHook"}
{"timestamp":"2025-05-06T03:55:27.604161","level":"info","event":"25/05/06 12:55:27 INFO SparkEnv: Registering BlockManagerMaster","logger":"airflow.task.hooks.airflow.providers.standard.hooks.subprocess.SubprocessHook"}
{"timestamp":"2025-05-06T03:55:27.623177","level":"info","event":"25/05/06 12:55:27 INFO BlockManagerMasterEndpoint: Using org.apache.spark.storage.DefaultTopologyMapper for getting topology information","logger":"airflow.task.hooks.airflow.providers.standard.hooks.subprocess.SubprocessHook"}
{"timestamp":"2025-05-06T03:55:27.623970","level":"info","event":"25/05/06 12:55:27 INFO BlockManagerMasterEndpoint: BlockManagerMasterEndpoint up","logger":"airflow.task.hooks.airflow.providers.standard.hooks.subprocess.SubprocessHook"}
{"timestamp":"2025-05-06T03:55:27.627469","level":"info","event":"25/05/06 12:55:27 INFO SparkEnv: Registering BlockManagerMasterHeartbeat","logger":"airflow.task.hooks.airflow.providers.standard.hooks.subprocess.SubprocessHook"}
{"timestamp":"2025-05-06T03:55:27.643949","level":"info","event":"25/05/06 12:55:27 INFO DiskBlockManager: Created local directory at /tmp/blockmgr-7edd514c-353c-422a-9938-7436ae3fe8c7","logger":"airflow.task.hooks.airflow.providers.standard.hooks.subprocess.SubprocessHook"}
{"timestamp":"2025-05-06T03:55:27.655768","level":"info","event":"25/05/06 12:55:27 INFO MemoryStore: MemoryStore started with capacity 434.4 MiB","logger":"airflow.task.hooks.airflow.providers.standard.hooks.subprocess.SubprocessHook"}
{"timestamp":"2025-05-06T03:55:27.668172","level":"info","event":"25/05/06 12:55:27 INFO SparkEnv: Registering OutputCommitCoordinator","logger":"airflow.task.hooks.airflow.providers.standard.hooks.subprocess.SubprocessHook"}
{"timestamp":"2025-05-06T03:55:27.868710","level":"info","event":"25/05/06 12:55:27 INFO Utils: Successfully started service 'SparkUI' on port 4040.","logger":"airflow.task.hooks.airflow.providers.standard.hooks.subprocess.SubprocessHook"}
{"timestamp":"2025-05-06T03:55:27.942946","level":"info","event":"25/05/06 12:55:27 INFO SparkContext: Added JAR file:///home/jjlee/workspace/GSBE/mysql-connector-java-8.4.0.jar at spark://172.23.182.114:44799/jars/mysql-connector-java-8.4.0.jar with timestamp 1746503727001","logger":"airflow.task.hooks.airflow.providers.standard.hooks.subprocess.SubprocessHook"}
{"timestamp":"2025-05-06T03:55:27.943112","level":"info","event":"25/05/06 12:55:27 INFO SparkContext: Added JAR file:///home/jjlee/.ivy2/jars/org.apache.spark_spark-sql-kafka-0-10_2.13-3.3.2.jar at spark://172.23.182.114:44799/jars/org.apache.spark_spark-sql-kafka-0-10_2.13-3.3.2.jar with timestamp 1746503727001","logger":"airflow.task.hooks.airflow.providers.standard.hooks.subprocess.SubprocessHook"}
{"timestamp":"2025-05-06T03:55:27.943340","level":"info","event":"25/05/06 12:55:27 INFO SparkContext: Added JAR file:///home/jjlee/.ivy2/jars/org.apache.spark_spark-token-provider-kafka-0-10_2.13-3.3.2.jar at spark://172.23.182.114:44799/jars/org.apache.spark_spark-token-provider-kafka-0-10_2.13-3.3.2.jar with timestamp 1746503727001","logger":"airflow.task.hooks.airflow.providers.standard.hooks.subprocess.SubprocessHook"}
{"timestamp":"2025-05-06T03:55:27.943435","level":"info","event":"25/05/06 12:55:27 INFO SparkContext: Added JAR file:///home/jjlee/.ivy2/jars/org.scala-lang.modules_scala-parallel-collections_2.13-1.0.3.jar at spark://172.23.182.114:44799/jars/org.scala-lang.modules_scala-parallel-collections_2.13-1.0.3.jar with timestamp 1746503727001","logger":"airflow.task.hooks.airflow.providers.standard.hooks.subprocess.SubprocessHook"}
{"timestamp":"2025-05-06T03:55:27.943660","level":"info","event":"25/05/06 12:55:27 INFO SparkContext: Added JAR file:///home/jjlee/.ivy2/jars/org.apache.kafka_kafka-clients-2.8.1.jar at spark://172.23.182.114:44799/jars/org.apache.kafka_kafka-clients-2.8.1.jar with timestamp 1746503727001","logger":"airflow.task.hooks.airflow.providers.standard.hooks.subprocess.SubprocessHook"}
{"timestamp":"2025-05-06T03:55:27.943763","level":"info","event":"25/05/06 12:55:27 INFO SparkContext: Added JAR file:///home/jjlee/.ivy2/jars/com.google.code.findbugs_jsr305-3.0.0.jar at spark://172.23.182.114:44799/jars/com.google.code.findbugs_jsr305-3.0.0.jar with timestamp 1746503727001","logger":"airflow.task.hooks.airflow.providers.standard.hooks.subprocess.SubprocessHook"}
{"timestamp":"2025-05-06T03:55:27.943820","level":"info","event":"25/05/06 12:55:27 INFO SparkContext: Added JAR file:///home/jjlee/.ivy2/jars/org.apache.commons_commons-pool2-2.11.1.jar at spark://172.23.182.114:44799/jars/org.apache.commons_commons-pool2-2.11.1.jar with timestamp 1746503727001","logger":"airflow.task.hooks.airflow.providers.standard.hooks.subprocess.SubprocessHook"}
{"timestamp":"2025-05-06T03:55:27.943988","level":"info","event":"25/05/06 12:55:27 INFO SparkContext: Added JAR file:///home/jjlee/.ivy2/jars/org.spark-project.spark_unused-1.0.0.jar at spark://172.23.182.114:44799/jars/org.spark-project.spark_unused-1.0.0.jar with timestamp 1746503727001","logger":"airflow.task.hooks.airflow.providers.standard.hooks.subprocess.SubprocessHook"}
{"timestamp":"2025-05-06T03:55:27.944157","level":"info","event":"25/05/06 12:55:27 INFO SparkContext: Added JAR file:///home/jjlee/.ivy2/jars/org.apache.hadoop_hadoop-client-runtime-3.3.2.jar at spark://172.23.182.114:44799/jars/org.apache.hadoop_hadoop-client-runtime-3.3.2.jar with timestamp 1746503727001","logger":"airflow.task.hooks.airflow.providers.standard.hooks.subprocess.SubprocessHook"}
{"timestamp":"2025-05-06T03:55:27.944325","level":"info","event":"25/05/06 12:55:27 INFO SparkContext: Added JAR file:///home/jjlee/.ivy2/jars/org.lz4_lz4-java-1.8.0.jar at spark://172.23.182.114:44799/jars/org.lz4_lz4-java-1.8.0.jar with timestamp 1746503727001","logger":"airflow.task.hooks.airflow.providers.standard.hooks.subprocess.SubprocessHook"}
{"timestamp":"2025-05-06T03:55:27.944412","level":"info","event":"25/05/06 12:55:27 INFO SparkContext: Added JAR file:///home/jjlee/.ivy2/jars/org.xerial.snappy_snappy-java-1.1.8.4.jar at spark://172.23.182.114:44799/jars/org.xerial.snappy_snappy-java-1.1.8.4.jar with timestamp 1746503727001","logger":"airflow.task.hooks.airflow.providers.standard.hooks.subprocess.SubprocessHook"}
{"timestamp":"2025-05-06T03:55:27.944679","level":"info","event":"25/05/06 12:55:27 INFO SparkContext: Added JAR file:///home/jjlee/.ivy2/jars/org.slf4j_slf4j-api-1.7.32.jar at spark://172.23.182.114:44799/jars/org.slf4j_slf4j-api-1.7.32.jar with timestamp 1746503727001","logger":"airflow.task.hooks.airflow.providers.standard.hooks.subprocess.SubprocessHook"}
{"timestamp":"2025-05-06T03:55:27.944737","level":"info","event":"25/05/06 12:55:27 INFO SparkContext: Added JAR file:///home/jjlee/.ivy2/jars/org.apache.hadoop_hadoop-client-api-3.3.2.jar at spark://172.23.182.114:44799/jars/org.apache.hadoop_hadoop-client-api-3.3.2.jar with timestamp 1746503727001","logger":"airflow.task.hooks.airflow.providers.standard.hooks.subprocess.SubprocessHook"}
{"timestamp":"2025-05-06T03:55:27.944782","level":"info","event":"25/05/06 12:55:27 INFO SparkContext: Added JAR file:///home/jjlee/.ivy2/jars/commons-logging_commons-logging-1.1.3.jar at spark://172.23.182.114:44799/jars/commons-logging_commons-logging-1.1.3.jar with timestamp 1746503727001","logger":"airflow.task.hooks.airflow.providers.standard.hooks.subprocess.SubprocessHook"}
{"timestamp":"2025-05-06T03:55:27.946853","level":"info","event":"25/05/06 12:55:27 INFO SparkContext: Added file file:///home/jjlee/.ivy2/jars/org.apache.spark_spark-sql-kafka-0-10_2.13-3.3.2.jar at file:///home/jjlee/.ivy2/jars/org.apache.spark_spark-sql-kafka-0-10_2.13-3.3.2.jar with timestamp 1746503727001","logger":"airflow.task.hooks.airflow.providers.standard.hooks.subprocess.SubprocessHook"}
{"timestamp":"2025-05-06T03:55:27.947751","level":"info","event":"25/05/06 12:55:27 INFO Utils: Copying /home/jjlee/.ivy2/jars/org.apache.spark_spark-sql-kafka-0-10_2.13-3.3.2.jar to /tmp/spark-103e2c11-4186-42f5-aef9-3ac9d8a0258a/userFiles-7688e873-b98b-417c-b046-202def40ed11/org.apache.spark_spark-sql-kafka-0-10_2.13-3.3.2.jar","logger":"airflow.task.hooks.airflow.providers.standard.hooks.subprocess.SubprocessHook"}
{"timestamp":"2025-05-06T03:55:27.955555","level":"info","event":"25/05/06 12:55:27 INFO SparkContext: Added file file:///home/jjlee/.ivy2/jars/org.apache.spark_spark-token-provider-kafka-0-10_2.13-3.3.2.jar at file:///home/jjlee/.ivy2/jars/org.apache.spark_spark-token-provider-kafka-0-10_2.13-3.3.2.jar with timestamp 1746503727001","logger":"airflow.task.hooks.airflow.providers.standard.hooks.subprocess.SubprocessHook"}
{"timestamp":"2025-05-06T03:55:27.955707","level":"info","event":"25/05/06 12:55:27 INFO Utils: Copying /home/jjlee/.ivy2/jars/org.apache.spark_spark-token-provider-kafka-0-10_2.13-3.3.2.jar to /tmp/spark-103e2c11-4186-42f5-aef9-3ac9d8a0258a/userFiles-7688e873-b98b-417c-b046-202def40ed11/org.apache.spark_spark-token-provider-kafka-0-10_2.13-3.3.2.jar","logger":"airflow.task.hooks.airflow.providers.standard.hooks.subprocess.SubprocessHook"}
{"timestamp":"2025-05-06T03:55:27.958441","level":"info","event":"25/05/06 12:55:27 INFO SparkContext: Added file file:///home/jjlee/.ivy2/jars/org.scala-lang.modules_scala-parallel-collections_2.13-1.0.3.jar at file:///home/jjlee/.ivy2/jars/org.scala-lang.modules_scala-parallel-collections_2.13-1.0.3.jar with timestamp 1746503727001","logger":"airflow.task.hooks.airflow.providers.standard.hooks.subprocess.SubprocessHook"}
{"timestamp":"2025-05-06T03:55:27.958645","level":"info","event":"25/05/06 12:55:27 INFO Utils: Copying /home/jjlee/.ivy2/jars/org.scala-lang.modules_scala-parallel-collections_2.13-1.0.3.jar to /tmp/spark-103e2c11-4186-42f5-aef9-3ac9d8a0258a/userFiles-7688e873-b98b-417c-b046-202def40ed11/org.scala-lang.modules_scala-parallel-collections_2.13-1.0.3.jar","logger":"airflow.task.hooks.airflow.providers.standard.hooks.subprocess.SubprocessHook"}
{"timestamp":"2025-05-06T03:55:27.961694","level":"info","event":"25/05/06 12:55:27 INFO SparkContext: Added file file:///home/jjlee/.ivy2/jars/org.apache.kafka_kafka-clients-2.8.1.jar at file:///home/jjlee/.ivy2/jars/org.apache.kafka_kafka-clients-2.8.1.jar with timestamp 1746503727001","logger":"airflow.task.hooks.airflow.providers.standard.hooks.subprocess.SubprocessHook"}
{"timestamp":"2025-05-06T03:55:27.961827","level":"info","event":"25/05/06 12:55:27 INFO Utils: Copying /home/jjlee/.ivy2/jars/org.apache.kafka_kafka-clients-2.8.1.jar to /tmp/spark-103e2c11-4186-42f5-aef9-3ac9d8a0258a/userFiles-7688e873-b98b-417c-b046-202def40ed11/org.apache.kafka_kafka-clients-2.8.1.jar","logger":"airflow.task.hooks.airflow.providers.standard.hooks.subprocess.SubprocessHook"}
{"timestamp":"2025-05-06T03:55:28.017947","level":"info","event":"25/05/06 12:55:28 INFO SparkContext: Added file file:///home/jjlee/.ivy2/jars/com.google.code.findbugs_jsr305-3.0.0.jar at file:///home/jjlee/.ivy2/jars/com.google.code.findbugs_jsr305-3.0.0.jar with timestamp 1746503727001","logger":"airflow.task.hooks.airflow.providers.standard.hooks.subprocess.SubprocessHook"}
{"timestamp":"2025-05-06T03:55:28.018093","level":"info","event":"25/05/06 12:55:28 INFO Utils: Copying /home/jjlee/.ivy2/jars/com.google.code.findbugs_jsr305-3.0.0.jar to /tmp/spark-103e2c11-4186-42f5-aef9-3ac9d8a0258a/userFiles-7688e873-b98b-417c-b046-202def40ed11/com.google.code.findbugs_jsr305-3.0.0.jar","logger":"airflow.task.hooks.airflow.providers.standard.hooks.subprocess.SubprocessHook"}
{"timestamp":"2025-05-06T03:55:28.020727","level":"info","event":"25/05/06 12:55:28 INFO SparkContext: Added file file:///home/jjlee/.ivy2/jars/org.apache.commons_commons-pool2-2.11.1.jar at file:///home/jjlee/.ivy2/jars/org.apache.commons_commons-pool2-2.11.1.jar with timestamp 1746503727001","logger":"airflow.task.hooks.airflow.providers.standard.hooks.subprocess.SubprocessHook"}
{"timestamp":"2025-05-06T03:55:28.020842","level":"info","event":"25/05/06 12:55:28 INFO Utils: Copying /home/jjlee/.ivy2/jars/org.apache.commons_commons-pool2-2.11.1.jar to /tmp/spark-103e2c11-4186-42f5-aef9-3ac9d8a0258a/userFiles-7688e873-b98b-417c-b046-202def40ed11/org.apache.commons_commons-pool2-2.11.1.jar","logger":"airflow.task.hooks.airflow.providers.standard.hooks.subprocess.SubprocessHook"}
{"timestamp":"2025-05-06T03:55:28.023639","level":"info","event":"25/05/06 12:55:28 INFO SparkContext: Added file file:///home/jjlee/.ivy2/jars/org.spark-project.spark_unused-1.0.0.jar at file:///home/jjlee/.ivy2/jars/org.spark-project.spark_unused-1.0.0.jar with timestamp 1746503727001","logger":"airflow.task.hooks.airflow.providers.standard.hooks.subprocess.SubprocessHook"}
{"timestamp":"2025-05-06T03:55:28.023765","level":"info","event":"25/05/06 12:55:28 INFO Utils: Copying /home/jjlee/.ivy2/jars/org.spark-project.spark_unused-1.0.0.jar to /tmp/spark-103e2c11-4186-42f5-aef9-3ac9d8a0258a/userFiles-7688e873-b98b-417c-b046-202def40ed11/org.spark-project.spark_unused-1.0.0.jar","logger":"airflow.task.hooks.airflow.providers.standard.hooks.subprocess.SubprocessHook"}
{"timestamp":"2025-05-06T03:55:28.026612","level":"info","event":"25/05/06 12:55:28 INFO SparkContext: Added file file:///home/jjlee/.ivy2/jars/org.apache.hadoop_hadoop-client-runtime-3.3.2.jar at file:///home/jjlee/.ivy2/jars/org.apache.hadoop_hadoop-client-runtime-3.3.2.jar with timestamp 1746503727001","logger":"airflow.task.hooks.airflow.providers.standard.hooks.subprocess.SubprocessHook"}
{"timestamp":"2025-05-06T03:55:28.026727","level":"info","event":"25/05/06 12:55:28 INFO Utils: Copying /home/jjlee/.ivy2/jars/org.apache.hadoop_hadoop-client-runtime-3.3.2.jar to /tmp/spark-103e2c11-4186-42f5-aef9-3ac9d8a0258a/userFiles-7688e873-b98b-417c-b046-202def40ed11/org.apache.hadoop_hadoop-client-runtime-3.3.2.jar","logger":"airflow.task.hooks.airflow.providers.standard.hooks.subprocess.SubprocessHook"}
{"timestamp":"2025-05-06T03:55:28.045123","level":"info","event":"25/05/06 12:55:28 INFO SparkContext: Added file file:///home/jjlee/.ivy2/jars/org.lz4_lz4-java-1.8.0.jar at file:///home/jjlee/.ivy2/jars/org.lz4_lz4-java-1.8.0.jar with timestamp 1746503727001","logger":"airflow.task.hooks.airflow.providers.standard.hooks.subprocess.SubprocessHook"}
{"timestamp":"2025-05-06T03:55:28.045258","level":"info","event":"25/05/06 12:55:28 INFO Utils: Copying /home/jjlee/.ivy2/jars/org.lz4_lz4-java-1.8.0.jar to /tmp/spark-103e2c11-4186-42f5-aef9-3ac9d8a0258a/userFiles-7688e873-b98b-417c-b046-202def40ed11/org.lz4_lz4-java-1.8.0.jar","logger":"airflow.task.hooks.airflow.providers.standard.hooks.subprocess.SubprocessHook"}
{"timestamp":"2025-05-06T03:55:28.048716","level":"info","event":"25/05/06 12:55:28 INFO SparkContext: Added file file:///home/jjlee/.ivy2/jars/org.xerial.snappy_snappy-java-1.1.8.4.jar at file:///home/jjlee/.ivy2/jars/org.xerial.snappy_snappy-java-1.1.8.4.jar with timestamp 1746503727001","logger":"airflow.task.hooks.airflow.providers.standard.hooks.subprocess.SubprocessHook"}
{"timestamp":"2025-05-06T03:55:28.048839","level":"info","event":"25/05/06 12:55:28 INFO Utils: Copying /home/jjlee/.ivy2/jars/org.xerial.snappy_snappy-java-1.1.8.4.jar to /tmp/spark-103e2c11-4186-42f5-aef9-3ac9d8a0258a/userFiles-7688e873-b98b-417c-b046-202def40ed11/org.xerial.snappy_snappy-java-1.1.8.4.jar","logger":"airflow.task.hooks.airflow.providers.standard.hooks.subprocess.SubprocessHook"}
{"timestamp":"2025-05-06T03:55:28.053414","level":"info","event":"25/05/06 12:55:28 INFO SparkContext: Added file file:///home/jjlee/.ivy2/jars/org.slf4j_slf4j-api-1.7.32.jar at file:///home/jjlee/.ivy2/jars/org.slf4j_slf4j-api-1.7.32.jar with timestamp 1746503727001","logger":"airflow.task.hooks.airflow.providers.standard.hooks.subprocess.SubprocessHook"}
{"timestamp":"2025-05-06T03:55:28.053590","level":"info","event":"25/05/06 12:55:28 INFO Utils: Copying /home/jjlee/.ivy2/jars/org.slf4j_slf4j-api-1.7.32.jar to /tmp/spark-103e2c11-4186-42f5-aef9-3ac9d8a0258a/userFiles-7688e873-b98b-417c-b046-202def40ed11/org.slf4j_slf4j-api-1.7.32.jar","logger":"airflow.task.hooks.airflow.providers.standard.hooks.subprocess.SubprocessHook"}
{"timestamp":"2025-05-06T03:55:28.057562","level":"info","event":"25/05/06 12:55:28 INFO SparkContext: Added file file:///home/jjlee/.ivy2/jars/org.apache.hadoop_hadoop-client-api-3.3.2.jar at file:///home/jjlee/.ivy2/jars/org.apache.hadoop_hadoop-client-api-3.3.2.jar with timestamp 1746503727001","logger":"airflow.task.hooks.airflow.providers.standard.hooks.subprocess.SubprocessHook"}
{"timestamp":"2025-05-06T03:55:28.057687","level":"info","event":"25/05/06 12:55:28 INFO Utils: Copying /home/jjlee/.ivy2/jars/org.apache.hadoop_hadoop-client-api-3.3.2.jar to /tmp/spark-103e2c11-4186-42f5-aef9-3ac9d8a0258a/userFiles-7688e873-b98b-417c-b046-202def40ed11/org.apache.hadoop_hadoop-client-api-3.3.2.jar","logger":"airflow.task.hooks.airflow.providers.standard.hooks.subprocess.SubprocessHook"}
{"timestamp":"2025-05-06T03:55:28.070722","level":"info","event":"25/05/06 12:55:28 INFO SparkContext: Added file file:///home/jjlee/.ivy2/jars/commons-logging_commons-logging-1.1.3.jar at file:///home/jjlee/.ivy2/jars/commons-logging_commons-logging-1.1.3.jar with timestamp 1746503727001","logger":"airflow.task.hooks.airflow.providers.standard.hooks.subprocess.SubprocessHook"}
{"timestamp":"2025-05-06T03:55:28.070860","level":"info","event":"25/05/06 12:55:28 INFO Utils: Copying /home/jjlee/.ivy2/jars/commons-logging_commons-logging-1.1.3.jar to /tmp/spark-103e2c11-4186-42f5-aef9-3ac9d8a0258a/userFiles-7688e873-b98b-417c-b046-202def40ed11/commons-logging_commons-logging-1.1.3.jar","logger":"airflow.task.hooks.airflow.providers.standard.hooks.subprocess.SubprocessHook"}
{"timestamp":"2025-05-06T03:55:28.195247","level":"info","event":"25/05/06 12:55:28 INFO Executor: Starting executor ID driver on host 172.23.182.114","logger":"airflow.task.hooks.airflow.providers.standard.hooks.subprocess.SubprocessHook"}
{"timestamp":"2025-05-06T03:55:28.250550","level":"info","event":"25/05/06 12:55:28 INFO Executor: Starting executor with user classpath (userClassPathFirst = false): ''","logger":"airflow.task.hooks.airflow.providers.standard.hooks.subprocess.SubprocessHook"}
{"timestamp":"2025-05-06T03:55:28.261251","level":"info","event":"25/05/06 12:55:28 INFO Executor: Fetching file:///home/jjlee/.ivy2/jars/org.apache.hadoop_hadoop-client-runtime-3.3.2.jar with timestamp 1746503727001","logger":"airflow.task.hooks.airflow.providers.standard.hooks.subprocess.SubprocessHook"}
{"timestamp":"2025-05-06T03:55:28.290414","level":"info","event":"25/05/06 12:55:28 INFO Utils: /home/jjlee/.ivy2/jars/org.apache.hadoop_hadoop-client-runtime-3.3.2.jar has been previously copied to /tmp/spark-103e2c11-4186-42f5-aef9-3ac9d8a0258a/userFiles-7688e873-b98b-417c-b046-202def40ed11/org.apache.hadoop_hadoop-client-runtime-3.3.2.jar","logger":"airflow.task.hooks.airflow.providers.standard.hooks.subprocess.SubprocessHook"}
{"timestamp":"2025-05-06T03:55:28.292951","level":"info","event":"25/05/06 12:55:28 INFO Executor: Fetching file:///home/jjlee/.ivy2/jars/org.apache.hadoop_hadoop-client-api-3.3.2.jar with timestamp 1746503727001","logger":"airflow.task.hooks.airflow.providers.standard.hooks.subprocess.SubprocessHook"}
{"timestamp":"2025-05-06T03:55:28.301093","level":"info","event":"25/05/06 12:55:28 INFO Utils: /home/jjlee/.ivy2/jars/org.apache.hadoop_hadoop-client-api-3.3.2.jar has been previously copied to /tmp/spark-103e2c11-4186-42f5-aef9-3ac9d8a0258a/userFiles-7688e873-b98b-417c-b046-202def40ed11/org.apache.hadoop_hadoop-client-api-3.3.2.jar","logger":"airflow.task.hooks.airflow.providers.standard.hooks.subprocess.SubprocessHook"}
{"timestamp":"2025-05-06T03:55:28.303640","level":"info","event":"25/05/06 12:55:28 INFO Executor: Fetching file:///home/jjlee/.ivy2/jars/org.scala-lang.modules_scala-parallel-collections_2.13-1.0.3.jar with timestamp 1746503727001","logger":"airflow.task.hooks.airflow.providers.standard.hooks.subprocess.SubprocessHook"}
{"timestamp":"2025-05-06T03:55:28.304687","level":"info","event":"25/05/06 12:55:28 INFO Utils: /home/jjlee/.ivy2/jars/org.scala-lang.modules_scala-parallel-collections_2.13-1.0.3.jar has been previously copied to /tmp/spark-103e2c11-4186-42f5-aef9-3ac9d8a0258a/userFiles-7688e873-b98b-417c-b046-202def40ed11/org.scala-lang.modules_scala-parallel-collections_2.13-1.0.3.jar","logger":"airflow.task.hooks.airflow.providers.standard.hooks.subprocess.SubprocessHook"}
{"timestamp":"2025-05-06T03:55:28.307314","level":"info","event":"25/05/06 12:55:28 INFO Executor: Fetching file:///home/jjlee/.ivy2/jars/commons-logging_commons-logging-1.1.3.jar with timestamp 1746503727001","logger":"airflow.task.hooks.airflow.providers.standard.hooks.subprocess.SubprocessHook"}
{"timestamp":"2025-05-06T03:55:28.307634","level":"info","event":"25/05/06 12:55:28 INFO Utils: /home/jjlee/.ivy2/jars/commons-logging_commons-logging-1.1.3.jar has been previously copied to /tmp/spark-103e2c11-4186-42f5-aef9-3ac9d8a0258a/userFiles-7688e873-b98b-417c-b046-202def40ed11/commons-logging_commons-logging-1.1.3.jar","logger":"airflow.task.hooks.airflow.providers.standard.hooks.subprocess.SubprocessHook"}
{"timestamp":"2025-05-06T03:55:28.310134","level":"info","event":"25/05/06 12:55:28 INFO Executor: Fetching file:///home/jjlee/.ivy2/jars/org.xerial.snappy_snappy-java-1.1.8.4.jar with timestamp 1746503727001","logger":"airflow.task.hooks.airflow.providers.standard.hooks.subprocess.SubprocessHook"}
{"timestamp":"2025-05-06T03:55:28.311457","level":"info","event":"25/05/06 12:55:28 INFO Utils: /home/jjlee/.ivy2/jars/org.xerial.snappy_snappy-java-1.1.8.4.jar has been previously copied to /tmp/spark-103e2c11-4186-42f5-aef9-3ac9d8a0258a/userFiles-7688e873-b98b-417c-b046-202def40ed11/org.xerial.snappy_snappy-java-1.1.8.4.jar","logger":"airflow.task.hooks.airflow.providers.standard.hooks.subprocess.SubprocessHook"}
{"timestamp":"2025-05-06T03:55:28.315094","level":"info","event":"25/05/06 12:55:28 INFO Executor: Fetching file:///home/jjlee/.ivy2/jars/com.google.code.findbugs_jsr305-3.0.0.jar with timestamp 1746503727001","logger":"airflow.task.hooks.airflow.providers.standard.hooks.subprocess.SubprocessHook"}
{"timestamp":"2025-05-06T03:55:28.315393","level":"info","event":"25/05/06 12:55:28 INFO Utils: /home/jjlee/.ivy2/jars/com.google.code.findbugs_jsr305-3.0.0.jar has been previously copied to /tmp/spark-103e2c11-4186-42f5-aef9-3ac9d8a0258a/userFiles-7688e873-b98b-417c-b046-202def40ed11/com.google.code.findbugs_jsr305-3.0.0.jar","logger":"airflow.task.hooks.airflow.providers.standard.hooks.subprocess.SubprocessHook"}
{"timestamp":"2025-05-06T03:55:28.318654","level":"info","event":"25/05/06 12:55:28 INFO Executor: Fetching file:///home/jjlee/.ivy2/jars/org.apache.commons_commons-pool2-2.11.1.jar with timestamp 1746503727001","logger":"airflow.task.hooks.airflow.providers.standard.hooks.subprocess.SubprocessHook"}
{"timestamp":"2025-05-06T03:55:28.319131","level":"info","event":"25/05/06 12:55:28 INFO Utils: /home/jjlee/.ivy2/jars/org.apache.commons_commons-pool2-2.11.1.jar has been previously copied to /tmp/spark-103e2c11-4186-42f5-aef9-3ac9d8a0258a/userFiles-7688e873-b98b-417c-b046-202def40ed11/org.apache.commons_commons-pool2-2.11.1.jar","logger":"airflow.task.hooks.airflow.providers.standard.hooks.subprocess.SubprocessHook"}
{"timestamp":"2025-05-06T03:55:28.322026","level":"info","event":"25/05/06 12:55:28 INFO Executor: Fetching file:///home/jjlee/.ivy2/jars/org.slf4j_slf4j-api-1.7.32.jar with timestamp 1746503727001","logger":"airflow.task.hooks.airflow.providers.standard.hooks.subprocess.SubprocessHook"}
{"timestamp":"2025-05-06T03:55:28.322354","level":"info","event":"25/05/06 12:55:28 INFO Utils: /home/jjlee/.ivy2/jars/org.slf4j_slf4j-api-1.7.32.jar has been previously copied to /tmp/spark-103e2c11-4186-42f5-aef9-3ac9d8a0258a/userFiles-7688e873-b98b-417c-b046-202def40ed11/org.slf4j_slf4j-api-1.7.32.jar","logger":"airflow.task.hooks.airflow.providers.standard.hooks.subprocess.SubprocessHook"}
{"timestamp":"2025-05-06T03:55:28.325035","level":"info","event":"25/05/06 12:55:28 INFO Executor: Fetching file:///home/jjlee/.ivy2/jars/org.apache.spark_spark-token-provider-kafka-0-10_2.13-3.3.2.jar with timestamp 1746503727001","logger":"airflow.task.hooks.airflow.providers.standard.hooks.subprocess.SubprocessHook"}
{"timestamp":"2025-05-06T03:55:28.325602","level":"info","event":"25/05/06 12:55:28 INFO Utils: /home/jjlee/.ivy2/jars/org.apache.spark_spark-token-provider-kafka-0-10_2.13-3.3.2.jar has been previously copied to /tmp/spark-103e2c11-4186-42f5-aef9-3ac9d8a0258a/userFiles-7688e873-b98b-417c-b046-202def40ed11/org.apache.spark_spark-token-provider-kafka-0-10_2.13-3.3.2.jar","logger":"airflow.task.hooks.airflow.providers.standard.hooks.subprocess.SubprocessHook"}
{"timestamp":"2025-05-06T03:55:28.328256","level":"info","event":"25/05/06 12:55:28 INFO Executor: Fetching file:///home/jjlee/.ivy2/jars/org.spark-project.spark_unused-1.0.0.jar with timestamp 1746503727001","logger":"airflow.task.hooks.airflow.providers.standard.hooks.subprocess.SubprocessHook"}
{"timestamp":"2025-05-06T03:55:28.328508","level":"info","event":"25/05/06 12:55:28 INFO Utils: /home/jjlee/.ivy2/jars/org.spark-project.spark_unused-1.0.0.jar has been previously copied to /tmp/spark-103e2c11-4186-42f5-aef9-3ac9d8a0258a/userFiles-7688e873-b98b-417c-b046-202def40ed11/org.spark-project.spark_unused-1.0.0.jar","logger":"airflow.task.hooks.airflow.providers.standard.hooks.subprocess.SubprocessHook"}
{"timestamp":"2025-05-06T03:55:28.330452","level":"info","event":"25/05/06 12:55:28 INFO Executor: Fetching file:///home/jjlee/.ivy2/jars/org.apache.kafka_kafka-clients-2.8.1.jar with timestamp 1746503727001","logger":"airflow.task.hooks.airflow.providers.standard.hooks.subprocess.SubprocessHook"}
{"timestamp":"2025-05-06T03:55:28.332486","level":"info","event":"25/05/06 12:55:28 INFO Utils: /home/jjlee/.ivy2/jars/org.apache.kafka_kafka-clients-2.8.1.jar has been previously copied to /tmp/spark-103e2c11-4186-42f5-aef9-3ac9d8a0258a/userFiles-7688e873-b98b-417c-b046-202def40ed11/org.apache.kafka_kafka-clients-2.8.1.jar","logger":"airflow.task.hooks.airflow.providers.standard.hooks.subprocess.SubprocessHook"}
{"timestamp":"2025-05-06T03:55:28.335614","level":"info","event":"25/05/06 12:55:28 INFO Executor: Fetching file:///home/jjlee/.ivy2/jars/org.apache.spark_spark-sql-kafka-0-10_2.13-3.3.2.jar with timestamp 1746503727001","logger":"airflow.task.hooks.airflow.providers.standard.hooks.subprocess.SubprocessHook"}
{"timestamp":"2025-05-06T03:55:28.336264","level":"info","event":"25/05/06 12:55:28 INFO Utils: /home/jjlee/.ivy2/jars/org.apache.spark_spark-sql-kafka-0-10_2.13-3.3.2.jar has been previously copied to /tmp/spark-103e2c11-4186-42f5-aef9-3ac9d8a0258a/userFiles-7688e873-b98b-417c-b046-202def40ed11/org.apache.spark_spark-sql-kafka-0-10_2.13-3.3.2.jar","logger":"airflow.task.hooks.airflow.providers.standard.hooks.subprocess.SubprocessHook"}
{"timestamp":"2025-05-06T03:55:28.338730","level":"info","event":"25/05/06 12:55:28 INFO Executor: Fetching file:///home/jjlee/.ivy2/jars/org.lz4_lz4-java-1.8.0.jar with timestamp 1746503727001","logger":"airflow.task.hooks.airflow.providers.standard.hooks.subprocess.SubprocessHook"}
{"timestamp":"2025-05-06T03:55:28.339294","level":"info","event":"25/05/06 12:55:28 INFO Utils: /home/jjlee/.ivy2/jars/org.lz4_lz4-java-1.8.0.jar has been previously copied to /tmp/spark-103e2c11-4186-42f5-aef9-3ac9d8a0258a/userFiles-7688e873-b98b-417c-b046-202def40ed11/org.lz4_lz4-java-1.8.0.jar","logger":"airflow.task.hooks.airflow.providers.standard.hooks.subprocess.SubprocessHook"}
{"timestamp":"2025-05-06T03:55:28.343322","level":"info","event":"25/05/06 12:55:28 INFO Executor: Fetching spark://172.23.182.114:44799/jars/org.slf4j_slf4j-api-1.7.32.jar with timestamp 1746503727001","logger":"airflow.task.hooks.airflow.providers.standard.hooks.subprocess.SubprocessHook"}
{"timestamp":"2025-05-06T03:55:28.372091","level":"info","event":"25/05/06 12:55:28 INFO TransportClientFactory: Successfully created connection to /172.23.182.114:44799 after 20 ms (0 ms spent in bootstraps)","logger":"airflow.task.hooks.airflow.providers.standard.hooks.subprocess.SubprocessHook"}
{"timestamp":"2025-05-06T03:55:28.377397","level":"info","event":"25/05/06 12:55:28 INFO Utils: Fetching spark://172.23.182.114:44799/jars/org.slf4j_slf4j-api-1.7.32.jar to /tmp/spark-103e2c11-4186-42f5-aef9-3ac9d8a0258a/userFiles-7688e873-b98b-417c-b046-202def40ed11/fetchFileTemp1388592101612059199.tmp","logger":"airflow.task.hooks.airflow.providers.standard.hooks.subprocess.SubprocessHook"}
{"timestamp":"2025-05-06T03:55:28.398158","level":"info","event":"25/05/06 12:55:28 INFO Utils: /tmp/spark-103e2c11-4186-42f5-aef9-3ac9d8a0258a/userFiles-7688e873-b98b-417c-b046-202def40ed11/fetchFileTemp1388592101612059199.tmp has been previously copied to /tmp/spark-103e2c11-4186-42f5-aef9-3ac9d8a0258a/userFiles-7688e873-b98b-417c-b046-202def40ed11/org.slf4j_slf4j-api-1.7.32.jar","logger":"airflow.task.hooks.airflow.providers.standard.hooks.subprocess.SubprocessHook"}
{"timestamp":"2025-05-06T03:55:28.401606","level":"info","event":"25/05/06 12:55:28 INFO Executor: Adding file:/tmp/spark-103e2c11-4186-42f5-aef9-3ac9d8a0258a/userFiles-7688e873-b98b-417c-b046-202def40ed11/org.slf4j_slf4j-api-1.7.32.jar to class loader","logger":"airflow.task.hooks.airflow.providers.standard.hooks.subprocess.SubprocessHook"}
{"timestamp":"2025-05-06T03:55:28.401750","level":"info","event":"25/05/06 12:55:28 INFO Executor: Fetching spark://172.23.182.114:44799/jars/org.xerial.snappy_snappy-java-1.1.8.4.jar with timestamp 1746503727001","logger":"airflow.task.hooks.airflow.providers.standard.hooks.subprocess.SubprocessHook"}
{"timestamp":"2025-05-06T03:55:28.402210","level":"info","event":"25/05/06 12:55:28 INFO Utils: Fetching spark://172.23.182.114:44799/jars/org.xerial.snappy_snappy-java-1.1.8.4.jar to /tmp/spark-103e2c11-4186-42f5-aef9-3ac9d8a0258a/userFiles-7688e873-b98b-417c-b046-202def40ed11/fetchFileTemp4053082009896695161.tmp","logger":"airflow.task.hooks.airflow.providers.standard.hooks.subprocess.SubprocessHook"}
{"timestamp":"2025-05-06T03:55:28.411724","level":"info","event":"25/05/06 12:55:28 INFO Utils: /tmp/spark-103e2c11-4186-42f5-aef9-3ac9d8a0258a/userFiles-7688e873-b98b-417c-b046-202def40ed11/fetchFileTemp4053082009896695161.tmp has been previously copied to /tmp/spark-103e2c11-4186-42f5-aef9-3ac9d8a0258a/userFiles-7688e873-b98b-417c-b046-202def40ed11/org.xerial.snappy_snappy-java-1.1.8.4.jar","logger":"airflow.task.hooks.airflow.providers.standard.hooks.subprocess.SubprocessHook"}
{"timestamp":"2025-05-06T03:55:28.418450","level":"info","event":"25/05/06 12:55:28 INFO Executor: Adding file:/tmp/spark-103e2c11-4186-42f5-aef9-3ac9d8a0258a/userFiles-7688e873-b98b-417c-b046-202def40ed11/org.xerial.snappy_snappy-java-1.1.8.4.jar to class loader","logger":"airflow.task.hooks.airflow.providers.standard.hooks.subprocess.SubprocessHook"}
{"timestamp":"2025-05-06T03:55:28.418593","level":"info","event":"25/05/06 12:55:28 INFO Executor: Fetching spark://172.23.182.114:44799/jars/mysql-connector-java-8.4.0.jar with timestamp 1746503727001","logger":"airflow.task.hooks.airflow.providers.standard.hooks.subprocess.SubprocessHook"}
{"timestamp":"2025-05-06T03:55:28.418854","level":"info","event":"25/05/06 12:55:28 INFO Utils: Fetching spark://172.23.182.114:44799/jars/mysql-connector-java-8.4.0.jar to /tmp/spark-103e2c11-4186-42f5-aef9-3ac9d8a0258a/userFiles-7688e873-b98b-417c-b046-202def40ed11/fetchFileTemp7721555852812642760.tmp","logger":"airflow.task.hooks.airflow.providers.standard.hooks.subprocess.SubprocessHook"}
{"timestamp":"2025-05-06T03:55:28.431255","level":"info","event":"25/05/06 12:55:28 INFO Executor: Adding file:/tmp/spark-103e2c11-4186-42f5-aef9-3ac9d8a0258a/userFiles-7688e873-b98b-417c-b046-202def40ed11/mysql-connector-java-8.4.0.jar to class loader","logger":"airflow.task.hooks.airflow.providers.standard.hooks.subprocess.SubprocessHook"}
{"timestamp":"2025-05-06T03:55:28.431395","level":"info","event":"25/05/06 12:55:28 INFO Executor: Fetching spark://172.23.182.114:44799/jars/org.apache.hadoop_hadoop-client-api-3.3.2.jar with timestamp 1746503727001","logger":"airflow.task.hooks.airflow.providers.standard.hooks.subprocess.SubprocessHook"}
{"timestamp":"2025-05-06T03:55:28.431849","level":"info","event":"25/05/06 12:55:28 INFO Utils: Fetching spark://172.23.182.114:44799/jars/org.apache.hadoop_hadoop-client-api-3.3.2.jar to /tmp/spark-103e2c11-4186-42f5-aef9-3ac9d8a0258a/userFiles-7688e873-b98b-417c-b046-202def40ed11/fetchFileTemp5181480539245577174.tmp","logger":"airflow.task.hooks.airflow.providers.standard.hooks.subprocess.SubprocessHook"}
{"timestamp":"2025-05-06T03:55:28.480244","level":"info","event":"25/05/06 12:55:28 INFO Utils: /tmp/spark-103e2c11-4186-42f5-aef9-3ac9d8a0258a/userFiles-7688e873-b98b-417c-b046-202def40ed11/fetchFileTemp5181480539245577174.tmp has been previously copied to /tmp/spark-103e2c11-4186-42f5-aef9-3ac9d8a0258a/userFiles-7688e873-b98b-417c-b046-202def40ed11/org.apache.hadoop_hadoop-client-api-3.3.2.jar","logger":"airflow.task.hooks.airflow.providers.standard.hooks.subprocess.SubprocessHook"}
{"timestamp":"2025-05-06T03:55:28.514238","level":"info","event":"25/05/06 12:55:28 INFO Executor: Adding file:/tmp/spark-103e2c11-4186-42f5-aef9-3ac9d8a0258a/userFiles-7688e873-b98b-417c-b046-202def40ed11/org.apache.hadoop_hadoop-client-api-3.3.2.jar to class loader","logger":"airflow.task.hooks.airflow.providers.standard.hooks.subprocess.SubprocessHook"}
{"timestamp":"2025-05-06T03:55:28.514406","level":"info","event":"25/05/06 12:55:28 INFO Executor: Fetching spark://172.23.182.114:44799/jars/org.spark-project.spark_unused-1.0.0.jar with timestamp 1746503727001","logger":"airflow.task.hooks.airflow.providers.standard.hooks.subprocess.SubprocessHook"}
{"timestamp":"2025-05-06T03:55:28.514760","level":"info","event":"25/05/06 12:55:28 INFO Utils: Fetching spark://172.23.182.114:44799/jars/org.spark-project.spark_unused-1.0.0.jar to /tmp/spark-103e2c11-4186-42f5-aef9-3ac9d8a0258a/userFiles-7688e873-b98b-417c-b046-202def40ed11/fetchFileTemp7293615468779518059.tmp","logger":"airflow.task.hooks.airflow.providers.standard.hooks.subprocess.SubprocessHook"}
{"timestamp":"2025-05-06T03:55:28.516009","level":"info","event":"25/05/06 12:55:28 INFO Utils: /tmp/spark-103e2c11-4186-42f5-aef9-3ac9d8a0258a/userFiles-7688e873-b98b-417c-b046-202def40ed11/fetchFileTemp7293615468779518059.tmp has been previously copied to /tmp/spark-103e2c11-4186-42f5-aef9-3ac9d8a0258a/userFiles-7688e873-b98b-417c-b046-202def40ed11/org.spark-project.spark_unused-1.0.0.jar","logger":"airflow.task.hooks.airflow.providers.standard.hooks.subprocess.SubprocessHook"}
{"timestamp":"2025-05-06T03:55:28.520055","level":"info","event":"25/05/06 12:55:28 INFO Executor: Adding file:/tmp/spark-103e2c11-4186-42f5-aef9-3ac9d8a0258a/userFiles-7688e873-b98b-417c-b046-202def40ed11/org.spark-project.spark_unused-1.0.0.jar to class loader","logger":"airflow.task.hooks.airflow.providers.standard.hooks.subprocess.SubprocessHook"}
{"timestamp":"2025-05-06T03:55:28.520167","level":"info","event":"25/05/06 12:55:28 INFO Executor: Fetching spark://172.23.182.114:44799/jars/org.apache.kafka_kafka-clients-2.8.1.jar with timestamp 1746503727001","logger":"airflow.task.hooks.airflow.providers.standard.hooks.subprocess.SubprocessHook"}
{"timestamp":"2025-05-06T03:55:28.520466","level":"info","event":"25/05/06 12:55:28 INFO Utils: Fetching spark://172.23.182.114:44799/jars/org.apache.kafka_kafka-clients-2.8.1.jar to /tmp/spark-103e2c11-4186-42f5-aef9-3ac9d8a0258a/userFiles-7688e873-b98b-417c-b046-202def40ed11/fetchFileTemp12575485489686024305.tmp","logger":"airflow.task.hooks.airflow.providers.standard.hooks.subprocess.SubprocessHook"}
{"timestamp":"2025-05-06T03:55:28.530345","level":"info","event":"25/05/06 12:55:28 INFO Utils: /tmp/spark-103e2c11-4186-42f5-aef9-3ac9d8a0258a/userFiles-7688e873-b98b-417c-b046-202def40ed11/fetchFileTemp12575485489686024305.tmp has been previously copied to /tmp/spark-103e2c11-4186-42f5-aef9-3ac9d8a0258a/userFiles-7688e873-b98b-417c-b046-202def40ed11/org.apache.kafka_kafka-clients-2.8.1.jar","logger":"airflow.task.hooks.airflow.providers.standard.hooks.subprocess.SubprocessHook"}
{"timestamp":"2025-05-06T03:55:28.540536","level":"info","event":"25/05/06 12:55:28 INFO Executor: Adding file:/tmp/spark-103e2c11-4186-42f5-aef9-3ac9d8a0258a/userFiles-7688e873-b98b-417c-b046-202def40ed11/org.apache.kafka_kafka-clients-2.8.1.jar to class loader","logger":"airflow.task.hooks.airflow.providers.standard.hooks.subprocess.SubprocessHook"}
{"timestamp":"2025-05-06T03:55:28.540676","level":"info","event":"25/05/06 12:55:28 INFO Executor: Fetching spark://172.23.182.114:44799/jars/org.lz4_lz4-java-1.8.0.jar with timestamp 1746503727001","logger":"airflow.task.hooks.airflow.providers.standard.hooks.subprocess.SubprocessHook"}
{"timestamp":"2025-05-06T03:55:28.541054","level":"info","event":"25/05/06 12:55:28 INFO Utils: Fetching spark://172.23.182.114:44799/jars/org.lz4_lz4-java-1.8.0.jar to /tmp/spark-103e2c11-4186-42f5-aef9-3ac9d8a0258a/userFiles-7688e873-b98b-417c-b046-202def40ed11/fetchFileTemp9453233569693446286.tmp","logger":"airflow.task.hooks.airflow.providers.standard.hooks.subprocess.SubprocessHook"}
{"timestamp":"2025-05-06T03:55:28.543497","level":"info","event":"25/05/06 12:55:28 INFO Utils: /tmp/spark-103e2c11-4186-42f5-aef9-3ac9d8a0258a/userFiles-7688e873-b98b-417c-b046-202def40ed11/fetchFileTemp9453233569693446286.tmp has been previously copied to /tmp/spark-103e2c11-4186-42f5-aef9-3ac9d8a0258a/userFiles-7688e873-b98b-417c-b046-202def40ed11/org.lz4_lz4-java-1.8.0.jar","logger":"airflow.task.hooks.airflow.providers.standard.hooks.subprocess.SubprocessHook"}
{"timestamp":"2025-05-06T03:55:28.547148","level":"info","event":"25/05/06 12:55:28 INFO Executor: Adding file:/tmp/spark-103e2c11-4186-42f5-aef9-3ac9d8a0258a/userFiles-7688e873-b98b-417c-b046-202def40ed11/org.lz4_lz4-java-1.8.0.jar to class loader","logger":"airflow.task.hooks.airflow.providers.standard.hooks.subprocess.SubprocessHook"}
{"timestamp":"2025-05-06T03:55:28.547248","level":"info","event":"25/05/06 12:55:28 INFO Executor: Fetching spark://172.23.182.114:44799/jars/org.scala-lang.modules_scala-parallel-collections_2.13-1.0.3.jar with timestamp 1746503727001","logger":"airflow.task.hooks.airflow.providers.standard.hooks.subprocess.SubprocessHook"}
{"timestamp":"2025-05-06T03:55:28.547527","level":"info","event":"25/05/06 12:55:28 INFO Utils: Fetching spark://172.23.182.114:44799/jars/org.scala-lang.modules_scala-parallel-collections_2.13-1.0.3.jar to /tmp/spark-103e2c11-4186-42f5-aef9-3ac9d8a0258a/userFiles-7688e873-b98b-417c-b046-202def40ed11/fetchFileTemp16543688079526575066.tmp","logger":"airflow.task.hooks.airflow.providers.standard.hooks.subprocess.SubprocessHook"}
{"timestamp":"2025-05-06T03:55:28.551119","level":"info","event":"25/05/06 12:55:28 INFO Utils: /tmp/spark-103e2c11-4186-42f5-aef9-3ac9d8a0258a/userFiles-7688e873-b98b-417c-b046-202def40ed11/fetchFileTemp16543688079526575066.tmp has been previously copied to /tmp/spark-103e2c11-4186-42f5-aef9-3ac9d8a0258a/userFiles-7688e873-b98b-417c-b046-202def40ed11/org.scala-lang.modules_scala-parallel-collections_2.13-1.0.3.jar","logger":"airflow.task.hooks.airflow.providers.standard.hooks.subprocess.SubprocessHook"}
{"timestamp":"2025-05-06T03:55:28.557852","level":"info","event":"25/05/06 12:55:28 INFO Executor: Adding file:/tmp/spark-103e2c11-4186-42f5-aef9-3ac9d8a0258a/userFiles-7688e873-b98b-417c-b046-202def40ed11/org.scala-lang.modules_scala-parallel-collections_2.13-1.0.3.jar to class loader","logger":"airflow.task.hooks.airflow.providers.standard.hooks.subprocess.SubprocessHook"}
{"timestamp":"2025-05-06T03:55:28.557976","level":"info","event":"25/05/06 12:55:28 INFO Executor: Fetching spark://172.23.182.114:44799/jars/org.apache.spark_spark-sql-kafka-0-10_2.13-3.3.2.jar with timestamp 1746503727001","logger":"airflow.task.hooks.airflow.providers.standard.hooks.subprocess.SubprocessHook"}
{"timestamp":"2025-05-06T03:55:28.558806","level":"info","event":"25/05/06 12:55:28 INFO Utils: Fetching spark://172.23.182.114:44799/jars/org.apache.spark_spark-sql-kafka-0-10_2.13-3.3.2.jar to /tmp/spark-103e2c11-4186-42f5-aef9-3ac9d8a0258a/userFiles-7688e873-b98b-417c-b046-202def40ed11/fetchFileTemp8868691108767152942.tmp","logger":"airflow.task.hooks.airflow.providers.standard.hooks.subprocess.SubprocessHook"}
{"timestamp":"2025-05-06T03:55:28.560582","level":"info","event":"25/05/06 12:55:28 INFO Utils: /tmp/spark-103e2c11-4186-42f5-aef9-3ac9d8a0258a/userFiles-7688e873-b98b-417c-b046-202def40ed11/fetchFileTemp8868691108767152942.tmp has been previously copied to /tmp/spark-103e2c11-4186-42f5-aef9-3ac9d8a0258a/userFiles-7688e873-b98b-417c-b046-202def40ed11/org.apache.spark_spark-sql-kafka-0-10_2.13-3.3.2.jar","logger":"airflow.task.hooks.airflow.providers.standard.hooks.subprocess.SubprocessHook"}
{"timestamp":"2025-05-06T03:55:28.563691","level":"info","event":"25/05/06 12:55:28 INFO Executor: Adding file:/tmp/spark-103e2c11-4186-42f5-aef9-3ac9d8a0258a/userFiles-7688e873-b98b-417c-b046-202def40ed11/org.apache.spark_spark-sql-kafka-0-10_2.13-3.3.2.jar to class loader","logger":"airflow.task.hooks.airflow.providers.standard.hooks.subprocess.SubprocessHook"}
{"timestamp":"2025-05-06T03:55:28.563803","level":"info","event":"25/05/06 12:55:28 INFO Executor: Fetching spark://172.23.182.114:44799/jars/com.google.code.findbugs_jsr305-3.0.0.jar with timestamp 1746503727001","logger":"airflow.task.hooks.airflow.providers.standard.hooks.subprocess.SubprocessHook"}
{"timestamp":"2025-05-06T03:55:28.564138","level":"info","event":"25/05/06 12:55:28 INFO Utils: Fetching spark://172.23.182.114:44799/jars/com.google.code.findbugs_jsr305-3.0.0.jar to /tmp/spark-103e2c11-4186-42f5-aef9-3ac9d8a0258a/userFiles-7688e873-b98b-417c-b046-202def40ed11/fetchFileTemp18153165891981346292.tmp","logger":"airflow.task.hooks.airflow.providers.standard.hooks.subprocess.SubprocessHook"}
{"timestamp":"2025-05-06T03:55:28.565389","level":"info","event":"25/05/06 12:55:28 INFO Utils: /tmp/spark-103e2c11-4186-42f5-aef9-3ac9d8a0258a/userFiles-7688e873-b98b-417c-b046-202def40ed11/fetchFileTemp18153165891981346292.tmp has been previously copied to /tmp/spark-103e2c11-4186-42f5-aef9-3ac9d8a0258a/userFiles-7688e873-b98b-417c-b046-202def40ed11/com.google.code.findbugs_jsr305-3.0.0.jar","logger":"airflow.task.hooks.airflow.providers.standard.hooks.subprocess.SubprocessHook"}
{"timestamp":"2025-05-06T03:55:28.567576","level":"info","event":"25/05/06 12:55:28 INFO Executor: Adding file:/tmp/spark-103e2c11-4186-42f5-aef9-3ac9d8a0258a/userFiles-7688e873-b98b-417c-b046-202def40ed11/com.google.code.findbugs_jsr305-3.0.0.jar to class loader","logger":"airflow.task.hooks.airflow.providers.standard.hooks.subprocess.SubprocessHook"}
{"timestamp":"2025-05-06T03:55:28.567667","level":"info","event":"25/05/06 12:55:28 INFO Executor: Fetching spark://172.23.182.114:44799/jars/org.apache.spark_spark-token-provider-kafka-0-10_2.13-3.3.2.jar with timestamp 1746503727001","logger":"airflow.task.hooks.airflow.providers.standard.hooks.subprocess.SubprocessHook"}
{"timestamp":"2025-05-06T03:55:28.567969","level":"info","event":"25/05/06 12:55:28 INFO Utils: Fetching spark://172.23.182.114:44799/jars/org.apache.spark_spark-token-provider-kafka-0-10_2.13-3.3.2.jar to /tmp/spark-103e2c11-4186-42f5-aef9-3ac9d8a0258a/userFiles-7688e873-b98b-417c-b046-202def40ed11/fetchFileTemp9965086576154486632.tmp","logger":"airflow.task.hooks.airflow.providers.standard.hooks.subprocess.SubprocessHook"}
{"timestamp":"2025-05-06T03:55:28.569127","level":"info","event":"25/05/06 12:55:28 INFO Utils: /tmp/spark-103e2c11-4186-42f5-aef9-3ac9d8a0258a/userFiles-7688e873-b98b-417c-b046-202def40ed11/fetchFileTemp9965086576154486632.tmp has been previously copied to /tmp/spark-103e2c11-4186-42f5-aef9-3ac9d8a0258a/userFiles-7688e873-b98b-417c-b046-202def40ed11/org.apache.spark_spark-token-provider-kafka-0-10_2.13-3.3.2.jar","logger":"airflow.task.hooks.airflow.providers.standard.hooks.subprocess.SubprocessHook"}
{"timestamp":"2025-05-06T03:55:28.571870","level":"info","event":"25/05/06 12:55:28 INFO Executor: Adding file:/tmp/spark-103e2c11-4186-42f5-aef9-3ac9d8a0258a/userFiles-7688e873-b98b-417c-b046-202def40ed11/org.apache.spark_spark-token-provider-kafka-0-10_2.13-3.3.2.jar to class loader","logger":"airflow.task.hooks.airflow.providers.standard.hooks.subprocess.SubprocessHook"}
{"timestamp":"2025-05-06T03:55:28.572008","level":"info","event":"25/05/06 12:55:28 INFO Executor: Fetching spark://172.23.182.114:44799/jars/org.apache.commons_commons-pool2-2.11.1.jar with timestamp 1746503727001","logger":"airflow.task.hooks.airflow.providers.standard.hooks.subprocess.SubprocessHook"}
{"timestamp":"2025-05-06T03:55:28.572357","level":"info","event":"25/05/06 12:55:28 INFO Utils: Fetching spark://172.23.182.114:44799/jars/org.apache.commons_commons-pool2-2.11.1.jar to /tmp/spark-103e2c11-4186-42f5-aef9-3ac9d8a0258a/userFiles-7688e873-b98b-417c-b046-202def40ed11/fetchFileTemp16237290746236103286.tmp","logger":"airflow.task.hooks.airflow.providers.standard.hooks.subprocess.SubprocessHook"}
{"timestamp":"2025-05-06T03:55:28.574333","level":"info","event":"25/05/06 12:55:28 INFO Utils: /tmp/spark-103e2c11-4186-42f5-aef9-3ac9d8a0258a/userFiles-7688e873-b98b-417c-b046-202def40ed11/fetchFileTemp16237290746236103286.tmp has been previously copied to /tmp/spark-103e2c11-4186-42f5-aef9-3ac9d8a0258a/userFiles-7688e873-b98b-417c-b046-202def40ed11/org.apache.commons_commons-pool2-2.11.1.jar","logger":"airflow.task.hooks.airflow.providers.standard.hooks.subprocess.SubprocessHook"}
{"timestamp":"2025-05-06T03:55:28.578531","level":"info","event":"25/05/06 12:55:28 INFO Executor: Adding file:/tmp/spark-103e2c11-4186-42f5-aef9-3ac9d8a0258a/userFiles-7688e873-b98b-417c-b046-202def40ed11/org.apache.commons_commons-pool2-2.11.1.jar to class loader","logger":"airflow.task.hooks.airflow.providers.standard.hooks.subprocess.SubprocessHook"}
{"timestamp":"2025-05-06T03:55:28.578663","level":"info","event":"25/05/06 12:55:28 INFO Executor: Fetching spark://172.23.182.114:44799/jars/commons-logging_commons-logging-1.1.3.jar with timestamp 1746503727001","logger":"airflow.task.hooks.airflow.providers.standard.hooks.subprocess.SubprocessHook"}
{"timestamp":"2025-05-06T03:55:28.579053","level":"info","event":"25/05/06 12:55:28 INFO Utils: Fetching spark://172.23.182.114:44799/jars/commons-logging_commons-logging-1.1.3.jar to /tmp/spark-103e2c11-4186-42f5-aef9-3ac9d8a0258a/userFiles-7688e873-b98b-417c-b046-202def40ed11/fetchFileTemp17917628413970181845.tmp","logger":"airflow.task.hooks.airflow.providers.standard.hooks.subprocess.SubprocessHook"}
{"timestamp":"2025-05-06T03:55:28.580197","level":"info","event":"25/05/06 12:55:28 INFO Utils: /tmp/spark-103e2c11-4186-42f5-aef9-3ac9d8a0258a/userFiles-7688e873-b98b-417c-b046-202def40ed11/fetchFileTemp17917628413970181845.tmp has been previously copied to /tmp/spark-103e2c11-4186-42f5-aef9-3ac9d8a0258a/userFiles-7688e873-b98b-417c-b046-202def40ed11/commons-logging_commons-logging-1.1.3.jar","logger":"airflow.task.hooks.airflow.providers.standard.hooks.subprocess.SubprocessHook"}
{"timestamp":"2025-05-06T03:55:28.583068","level":"info","event":"25/05/06 12:55:28 INFO Executor: Adding file:/tmp/spark-103e2c11-4186-42f5-aef9-3ac9d8a0258a/userFiles-7688e873-b98b-417c-b046-202def40ed11/commons-logging_commons-logging-1.1.3.jar to class loader","logger":"airflow.task.hooks.airflow.providers.standard.hooks.subprocess.SubprocessHook"}
{"timestamp":"2025-05-06T03:55:28.583192","level":"info","event":"25/05/06 12:55:28 INFO Executor: Fetching spark://172.23.182.114:44799/jars/org.apache.hadoop_hadoop-client-runtime-3.3.2.jar with timestamp 1746503727001","logger":"airflow.task.hooks.airflow.providers.standard.hooks.subprocess.SubprocessHook"}
{"timestamp":"2025-05-06T03:55:28.583510","level":"info","event":"25/05/06 12:55:28 INFO Utils: Fetching spark://172.23.182.114:44799/jars/org.apache.hadoop_hadoop-client-runtime-3.3.2.jar to /tmp/spark-103e2c11-4186-42f5-aef9-3ac9d8a0258a/userFiles-7688e873-b98b-417c-b046-202def40ed11/fetchFileTemp2779960583142074356.tmp","logger":"airflow.task.hooks.airflow.providers.standard.hooks.subprocess.SubprocessHook"}
{"timestamp":"2025-05-06T03:55:28.659516","level":"info","event":"25/05/06 12:55:28 INFO Utils: /tmp/spark-103e2c11-4186-42f5-aef9-3ac9d8a0258a/userFiles-7688e873-b98b-417c-b046-202def40ed11/fetchFileTemp2779960583142074356.tmp has been previously copied to /tmp/spark-103e2c11-4186-42f5-aef9-3ac9d8a0258a/userFiles-7688e873-b98b-417c-b046-202def40ed11/org.apache.hadoop_hadoop-client-runtime-3.3.2.jar","logger":"airflow.task.hooks.airflow.providers.standard.hooks.subprocess.SubprocessHook"}
{"timestamp":"2025-05-06T03:55:28.727768","level":"info","event":"25/05/06 12:55:28 INFO Executor: Adding file:/tmp/spark-103e2c11-4186-42f5-aef9-3ac9d8a0258a/userFiles-7688e873-b98b-417c-b046-202def40ed11/org.apache.hadoop_hadoop-client-runtime-3.3.2.jar to class loader","logger":"airflow.task.hooks.airflow.providers.standard.hooks.subprocess.SubprocessHook"}
{"timestamp":"2025-05-06T03:55:28.733570","level":"info","event":"25/05/06 12:55:28 INFO Utils: Successfully started service 'org.apache.spark.network.netty.NettyBlockTransferService' on port 36153.","logger":"airflow.task.hooks.airflow.providers.standard.hooks.subprocess.SubprocessHook"}
{"timestamp":"2025-05-06T03:55:28.733702","level":"info","event":"25/05/06 12:55:28 INFO NettyBlockTransferService: Server created on 172.23.182.114:36153","logger":"airflow.task.hooks.airflow.providers.standard.hooks.subprocess.SubprocessHook"}
{"timestamp":"2025-05-06T03:55:28.735142","level":"info","event":"25/05/06 12:55:28 INFO BlockManager: Using org.apache.spark.storage.RandomBlockReplicationPolicy for block replication policy","logger":"airflow.task.hooks.airflow.providers.standard.hooks.subprocess.SubprocessHook"}
{"timestamp":"2025-05-06T03:55:28.759490","level":"info","event":"25/05/06 12:55:28 INFO BlockManagerMaster: Registering BlockManager BlockManagerId(driver, 172.23.182.114, 36153, None)","logger":"airflow.task.hooks.airflow.providers.standard.hooks.subprocess.SubprocessHook"}
{"timestamp":"2025-05-06T03:55:28.761844","level":"info","event":"25/05/06 12:55:28 INFO BlockManagerMasterEndpoint: Registering block manager 172.23.182.114:36153 with 434.4 MiB RAM, BlockManagerId(driver, 172.23.182.114, 36153, None)","logger":"airflow.task.hooks.airflow.providers.standard.hooks.subprocess.SubprocessHook"}
{"timestamp":"2025-05-06T03:55:28.763923","level":"info","event":"25/05/06 12:55:28 INFO BlockManagerMaster: Registered BlockManager BlockManagerId(driver, 172.23.182.114, 36153, None)","logger":"airflow.task.hooks.airflow.providers.standard.hooks.subprocess.SubprocessHook"}
{"timestamp":"2025-05-06T03:55:28.764693","level":"info","event":"25/05/06 12:55:28 INFO BlockManager: Initialized BlockManager: BlockManagerId(driver, 172.23.182.114, 36153, None)","logger":"airflow.task.hooks.airflow.providers.standard.hooks.subprocess.SubprocessHook"}
{"timestamp":"2025-05-06T03:55:35.428341","level":"info","event":" Transformation Complete!","logger":"airflow.task.hooks.airflow.providers.standard.hooks.subprocess.SubprocessHook"}
{"timestamp":"2025-05-06T03:55:36.077660","level":"info","event":"Command exited with return code 0","logger":"airflow.task.hooks.airflow.providers.standard.hooks.subprocess.SubprocessHook"}
{"timestamp":"2025-05-06T03:55:36.078131","level":"info","event":"Pushing xcom","ti":"RuntimeTaskInstance(id=UUID('0196a3bb-e243-79f3-a48d-a8ffa063b158'), task_id='update_player_summary', dag_id='player_summary_update', run_id='manual__2025-05-06T03:55:21.531848+00:00', try_number=1, map_index=-1, hostname='DESKTOP-T4DM29K.', context_carrier=None, task=<Task(BashOperator): update_player_summary>, bundle_instance=LocalDagBundle(name=dags-folder), max_tries=1, start_date=datetime.datetime(2025, 5, 6, 3, 55, 22, 331401, tzinfo=TzInfo(UTC)), end_date=None, is_mapped=False)","logger":"task"}
