{"timestamp":"2025-05-06T03:55:31.621820","level":"info","event":"DAG bundles loaded: dags-folder","logger":"airflow.dag_processing.bundles.manager.DagBundlesManager"}
{"timestamp":"2025-05-06T03:55:31.624110","level":"info","event":"Filling up the DagBag from /home/jjlee/workspace/GSBE/project-root/airflow-dags/dags/game_logs_pipeline_dag.py","logger":"airflow.models.dagbag.DagBag"}
{"timestamp":"2025-05-06T03:55:31.635494","level":"info","event":"Tmp dir root location: /tmp","logger":"airflow.task.hooks.airflow.providers.standard.hooks.subprocess.SubprocessHook"}
{"timestamp":"2025-05-06T03:55:31.636121","level":"info","event":"Running command: ['/usr/bin/bash', '-c', 'cd ~/workspace/GSBE/project-root/spark-streaming && $SPARK_HOME/bin/spark-submit --jars ~/workspace/GSBE/mysql-connector-java-8.4.0.jar --packages org.apache.spark:spark-sql-kafka-0-10_2.13:3.3.2,org.apache.spark:spark-token-provider-kafka-0-10_2.13:3.3.2 transformation_processor.py']","logger":"airflow.task.hooks.airflow.providers.standard.hooks.subprocess.SubprocessHook"}
{"timestamp":"2025-05-06T03:55:31.644010","level":"info","event":"Output:","logger":"airflow.task.hooks.airflow.providers.standard.hooks.subprocess.SubprocessHook"}
{"timestamp":"2025-05-06T03:55:33.250812","level":"info","event":"25/05/06 12:55:33 WARN Utils: Your hostname, DESKTOP-T4DM29K resolves to a loopback address: 127.0.1.1; using 172.23.182.114 instead (on interface eth0)","logger":"airflow.task.hooks.airflow.providers.standard.hooks.subprocess.SubprocessHook"}
{"timestamp":"2025-05-06T03:55:33.252950","level":"info","event":"25/05/06 12:55:33 WARN Utils: Set SPARK_LOCAL_IP if you need to bind to another address","logger":"airflow.task.hooks.airflow.providers.standard.hooks.subprocess.SubprocessHook"}
{"timestamp":"2025-05-06T03:55:34.381375","level":"info","event":":: loading settings :: url = jar:file:/home/jjlee/workspace/GSBE/spark-new/jars/ivy-2.5.1.jar!/org/apache/ivy/core/settings/ivysettings.xml","logger":"airflow.task.hooks.airflow.providers.standard.hooks.subprocess.SubprocessHook"}
{"timestamp":"2025-05-06T03:55:34.447948","level":"info","event":"Ivy Default Cache set to: /home/jjlee/.ivy2/cache","logger":"airflow.task.hooks.airflow.providers.standard.hooks.subprocess.SubprocessHook"}
{"timestamp":"2025-05-06T03:55:34.448133","level":"info","event":"The jars for the packages stored in: /home/jjlee/.ivy2/jars","logger":"airflow.task.hooks.airflow.providers.standard.hooks.subprocess.SubprocessHook"}
{"timestamp":"2025-05-06T03:55:34.451475","level":"info","event":"org.apache.spark#spark-sql-kafka-0-10_2.13 added as a dependency","logger":"airflow.task.hooks.airflow.providers.standard.hooks.subprocess.SubprocessHook"}
{"timestamp":"2025-05-06T03:55:34.451631","level":"info","event":"org.apache.spark#spark-token-provider-kafka-0-10_2.13 added as a dependency","logger":"airflow.task.hooks.airflow.providers.standard.hooks.subprocess.SubprocessHook"}
{"timestamp":"2025-05-06T03:55:34.452422","level":"info","event":":: resolving dependencies :: org.apache.spark#spark-submit-parent-97c6d282-bb89-4052-ba86-ccee5d65b246;1.0","logger":"airflow.task.hooks.airflow.providers.standard.hooks.subprocess.SubprocessHook"}
{"timestamp":"2025-05-06T03:55:34.452540","level":"info","event":"\tconfs: [default]","logger":"airflow.task.hooks.airflow.providers.standard.hooks.subprocess.SubprocessHook"}
{"timestamp":"2025-05-06T03:55:34.613123","level":"info","event":"\tfound org.apache.spark#spark-sql-kafka-0-10_2.13;3.3.2 in central","logger":"airflow.task.hooks.airflow.providers.standard.hooks.subprocess.SubprocessHook"}
{"timestamp":"2025-05-06T03:55:34.667185","level":"info","event":"\tfound org.apache.spark#spark-token-provider-kafka-0-10_2.13;3.3.2 in central","logger":"airflow.task.hooks.airflow.providers.standard.hooks.subprocess.SubprocessHook"}
{"timestamp":"2025-05-06T03:55:34.691337","level":"info","event":"\tfound org.apache.kafka#kafka-clients;2.8.1 in central","logger":"airflow.task.hooks.airflow.providers.standard.hooks.subprocess.SubprocessHook"}
{"timestamp":"2025-05-06T03:55:34.710710","level":"info","event":"\tfound org.lz4#lz4-java;1.8.0 in central","logger":"airflow.task.hooks.airflow.providers.standard.hooks.subprocess.SubprocessHook"}
{"timestamp":"2025-05-06T03:55:34.728621","level":"info","event":"\tfound org.xerial.snappy#snappy-java;1.1.8.4 in central","logger":"airflow.task.hooks.airflow.providers.standard.hooks.subprocess.SubprocessHook"}
{"timestamp":"2025-05-06T03:55:34.747015","level":"info","event":"\tfound org.slf4j#slf4j-api;1.7.32 in central","logger":"airflow.task.hooks.airflow.providers.standard.hooks.subprocess.SubprocessHook"}
{"timestamp":"2025-05-06T03:55:34.769123","level":"info","event":"\tfound org.apache.hadoop#hadoop-client-runtime;3.3.2 in central","logger":"airflow.task.hooks.airflow.providers.standard.hooks.subprocess.SubprocessHook"}
{"timestamp":"2025-05-06T03:55:34.782517","level":"info","event":"\tfound org.spark-project.spark#unused;1.0.0 in central","logger":"airflow.task.hooks.airflow.providers.standard.hooks.subprocess.SubprocessHook"}
{"timestamp":"2025-05-06T03:55:34.804236","level":"info","event":"\tfound org.apache.hadoop#hadoop-client-api;3.3.2 in central","logger":"airflow.task.hooks.airflow.providers.standard.hooks.subprocess.SubprocessHook"}
{"timestamp":"2025-05-06T03:55:34.834477","level":"info","event":"\tfound commons-logging#commons-logging;1.1.3 in central","logger":"airflow.task.hooks.airflow.providers.standard.hooks.subprocess.SubprocessHook"}
{"timestamp":"2025-05-06T03:55:34.850005","level":"info","event":"\tfound com.google.code.findbugs#jsr305;3.0.0 in central","logger":"airflow.task.hooks.airflow.providers.standard.hooks.subprocess.SubprocessHook"}
{"timestamp":"2025-05-06T03:55:34.863534","level":"info","event":"\tfound org.scala-lang.modules#scala-parallel-collections_2.13;1.0.3 in central","logger":"airflow.task.hooks.airflow.providers.standard.hooks.subprocess.SubprocessHook"}
{"timestamp":"2025-05-06T03:55:34.878827","level":"info","event":"\tfound org.apache.commons#commons-pool2;2.11.1 in central","logger":"airflow.task.hooks.airflow.providers.standard.hooks.subprocess.SubprocessHook"}
{"timestamp":"2025-05-06T03:55:34.917050","level":"info","event":":: resolution report :: resolve 440ms :: artifacts dl 22ms","logger":"airflow.task.hooks.airflow.providers.standard.hooks.subprocess.SubprocessHook"}
{"timestamp":"2025-05-06T03:55:34.917225","level":"info","event":"\t:: modules in use:","logger":"airflow.task.hooks.airflow.providers.standard.hooks.subprocess.SubprocessHook"}
{"timestamp":"2025-05-06T03:55:34.917289","level":"info","event":"\tcom.google.code.findbugs#jsr305;3.0.0 from central in [default]","logger":"airflow.task.hooks.airflow.providers.standard.hooks.subprocess.SubprocessHook"}
{"timestamp":"2025-05-06T03:55:34.917339","level":"info","event":"\tcommons-logging#commons-logging;1.1.3 from central in [default]","logger":"airflow.task.hooks.airflow.providers.standard.hooks.subprocess.SubprocessHook"}
{"timestamp":"2025-05-06T03:55:34.917407","level":"info","event":"\torg.apache.commons#commons-pool2;2.11.1 from central in [default]","logger":"airflow.task.hooks.airflow.providers.standard.hooks.subprocess.SubprocessHook"}
{"timestamp":"2025-05-06T03:55:34.917466","level":"info","event":"\torg.apache.hadoop#hadoop-client-api;3.3.2 from central in [default]","logger":"airflow.task.hooks.airflow.providers.standard.hooks.subprocess.SubprocessHook"}
{"timestamp":"2025-05-06T03:55:34.917512","level":"info","event":"\torg.apache.hadoop#hadoop-client-runtime;3.3.2 from central in [default]","logger":"airflow.task.hooks.airflow.providers.standard.hooks.subprocess.SubprocessHook"}
{"timestamp":"2025-05-06T03:55:34.917555","level":"info","event":"\torg.apache.kafka#kafka-clients;2.8.1 from central in [default]","logger":"airflow.task.hooks.airflow.providers.standard.hooks.subprocess.SubprocessHook"}
{"timestamp":"2025-05-06T03:55:34.917597","level":"info","event":"\torg.apache.spark#spark-sql-kafka-0-10_2.13;3.3.2 from central in [default]","logger":"airflow.task.hooks.airflow.providers.standard.hooks.subprocess.SubprocessHook"}
{"timestamp":"2025-05-06T03:55:34.917640","level":"info","event":"\torg.apache.spark#spark-token-provider-kafka-0-10_2.13;3.3.2 from central in [default]","logger":"airflow.task.hooks.airflow.providers.standard.hooks.subprocess.SubprocessHook"}
{"timestamp":"2025-05-06T03:55:34.917683","level":"info","event":"\torg.lz4#lz4-java;1.8.0 from central in [default]","logger":"airflow.task.hooks.airflow.providers.standard.hooks.subprocess.SubprocessHook"}
{"timestamp":"2025-05-06T03:55:34.917725","level":"info","event":"\torg.scala-lang.modules#scala-parallel-collections_2.13;1.0.3 from central in [default]","logger":"airflow.task.hooks.airflow.providers.standard.hooks.subprocess.SubprocessHook"}
{"timestamp":"2025-05-06T03:55:34.917972","level":"info","event":"\torg.slf4j#slf4j-api;1.7.32 from central in [default]","logger":"airflow.task.hooks.airflow.providers.standard.hooks.subprocess.SubprocessHook"}
{"timestamp":"2025-05-06T03:55:34.918067","level":"info","event":"\torg.spark-project.spark#unused;1.0.0 from central in [default]","logger":"airflow.task.hooks.airflow.providers.standard.hooks.subprocess.SubprocessHook"}
{"timestamp":"2025-05-06T03:55:34.918122","level":"info","event":"\torg.xerial.snappy#snappy-java;1.1.8.4 from central in [default]","logger":"airflow.task.hooks.airflow.providers.standard.hooks.subprocess.SubprocessHook"}
{"timestamp":"2025-05-06T03:55:34.918171","level":"info","event":"\t---------------------------------------------------------------------","logger":"airflow.task.hooks.airflow.providers.standard.hooks.subprocess.SubprocessHook"}
{"timestamp":"2025-05-06T03:55:34.918217","level":"info","event":"\t|                  |            modules            ||   artifacts   |","logger":"airflow.task.hooks.airflow.providers.standard.hooks.subprocess.SubprocessHook"}
{"timestamp":"2025-05-06T03:55:34.918261","level":"info","event":"\t|       conf       | number| search|dwnlded|evicted|| number|dwnlded|","logger":"airflow.task.hooks.airflow.providers.standard.hooks.subprocess.SubprocessHook"}
{"timestamp":"2025-05-06T03:55:34.918304","level":"info","event":"\t---------------------------------------------------------------------","logger":"airflow.task.hooks.airflow.providers.standard.hooks.subprocess.SubprocessHook"}
{"timestamp":"2025-05-06T03:55:34.918345","level":"info","event":"\t|      default     |   13  |   0   |   0   |   0   ||   13  |   0   |","logger":"airflow.task.hooks.airflow.providers.standard.hooks.subprocess.SubprocessHook"}
{"timestamp":"2025-05-06T03:55:34.918386","level":"info","event":"\t---------------------------------------------------------------------","logger":"airflow.task.hooks.airflow.providers.standard.hooks.subprocess.SubprocessHook"}
{"timestamp":"2025-05-06T03:55:34.928578","level":"info","event":":: retrieving :: org.apache.spark#spark-submit-parent-97c6d282-bb89-4052-ba86-ccee5d65b246","logger":"airflow.task.hooks.airflow.providers.standard.hooks.subprocess.SubprocessHook"}
{"timestamp":"2025-05-06T03:55:34.929077","level":"info","event":"\tconfs: [default]","logger":"airflow.task.hooks.airflow.providers.standard.hooks.subprocess.SubprocessHook"}
{"timestamp":"2025-05-06T03:55:34.935958","level":"info","event":"\t0 artifacts copied, 13 already retrieved (0kB/8ms)","logger":"airflow.task.hooks.airflow.providers.standard.hooks.subprocess.SubprocessHook"}
{"timestamp":"2025-05-06T03:55:35.189939","level":"info","event":"25/05/06 12:55:35 WARN NativeCodeLoader: Unable to load native-hadoop library for your platform... using builtin-java classes where applicable","logger":"airflow.task.hooks.airflow.providers.standard.hooks.subprocess.SubprocessHook"}
{"timestamp":"2025-05-06T03:55:36.018060","level":"info","event":"25/05/06 12:55:36 INFO SparkContext: Running Spark version 3.3.2","logger":"airflow.task.hooks.airflow.providers.standard.hooks.subprocess.SubprocessHook"}
{"timestamp":"2025-05-06T03:55:36.035883","level":"info","event":"25/05/06 12:55:36 INFO ResourceUtils: ==============================================================","logger":"airflow.task.hooks.airflow.providers.standard.hooks.subprocess.SubprocessHook"}
{"timestamp":"2025-05-06T03:55:36.036049","level":"info","event":"25/05/06 12:55:36 INFO ResourceUtils: No custom resources configured for spark.driver.","logger":"airflow.task.hooks.airflow.providers.standard.hooks.subprocess.SubprocessHook"}
{"timestamp":"2025-05-06T03:55:36.036267","level":"info","event":"25/05/06 12:55:36 INFO ResourceUtils: ==============================================================","logger":"airflow.task.hooks.airflow.providers.standard.hooks.subprocess.SubprocessHook"}
{"timestamp":"2025-05-06T03:55:36.036524","level":"info","event":"25/05/06 12:55:36 INFO SparkContext: Submitted application: KafkaMySQLTransformation","logger":"airflow.task.hooks.airflow.providers.standard.hooks.subprocess.SubprocessHook"}
{"timestamp":"2025-05-06T03:55:36.057175","level":"info","event":"25/05/06 12:55:36 INFO ResourceProfile: Default ResourceProfile created, executor resources: Map(cores -> name: cores, amount: 1, script: , vendor: , memory -> name: memory, amount: 1024, script: , vendor: , offHeap -> name: offHeap, amount: 0, script: , vendor: ), task resources: Map(cpus -> name: cpus, amount: 1.0)","logger":"airflow.task.hooks.airflow.providers.standard.hooks.subprocess.SubprocessHook"}
{"timestamp":"2025-05-06T03:55:36.064017","level":"info","event":"25/05/06 12:55:36 INFO ResourceProfile: Limiting resource is cpu","logger":"airflow.task.hooks.airflow.providers.standard.hooks.subprocess.SubprocessHook"}
{"timestamp":"2025-05-06T03:55:36.070923","level":"info","event":"25/05/06 12:55:36 INFO ResourceProfileManager: Added ResourceProfile id: 0","logger":"airflow.task.hooks.airflow.providers.standard.hooks.subprocess.SubprocessHook"}
{"timestamp":"2025-05-06T03:55:36.119292","level":"info","event":"25/05/06 12:55:36 INFO SecurityManager: Changing view acls to: jjlee","logger":"airflow.task.hooks.airflow.providers.standard.hooks.subprocess.SubprocessHook"}
{"timestamp":"2025-05-06T03:55:36.119850","level":"info","event":"25/05/06 12:55:36 INFO SecurityManager: Changing modify acls to: jjlee","logger":"airflow.task.hooks.airflow.providers.standard.hooks.subprocess.SubprocessHook"}
{"timestamp":"2025-05-06T03:55:36.120258","level":"info","event":"25/05/06 12:55:36 INFO SecurityManager: Changing view acls groups to:","logger":"airflow.task.hooks.airflow.providers.standard.hooks.subprocess.SubprocessHook"}
{"timestamp":"2025-05-06T03:55:36.120558","level":"info","event":"25/05/06 12:55:36 INFO SecurityManager: Changing modify acls groups to:","logger":"airflow.task.hooks.airflow.providers.standard.hooks.subprocess.SubprocessHook"}
{"timestamp":"2025-05-06T03:55:36.120917","level":"info","event":"25/05/06 12:55:36 INFO SecurityManager: SecurityManager: authentication disabled; ui acls disabled; users  with view permissions: Set(jjlee); groups with view permissions: Set(); users  with modify permissions: Set(jjlee); groups with modify permissions: Set()","logger":"airflow.task.hooks.airflow.providers.standard.hooks.subprocess.SubprocessHook"}
{"timestamp":"2025-05-06T03:55:36.351089","level":"info","event":"25/05/06 12:55:36 INFO Utils: Successfully started service 'sparkDriver' on port 38157.","logger":"airflow.task.hooks.airflow.providers.standard.hooks.subprocess.SubprocessHook"}
{"timestamp":"2025-05-06T03:55:36.384927","level":"info","event":"25/05/06 12:55:36 INFO SparkEnv: Registering MapOutputTracker","logger":"airflow.task.hooks.airflow.providers.standard.hooks.subprocess.SubprocessHook"}
{"timestamp":"2025-05-06T03:55:36.408067","level":"info","event":"25/05/06 12:55:36 INFO SparkEnv: Registering BlockManagerMaster","logger":"airflow.task.hooks.airflow.providers.standard.hooks.subprocess.SubprocessHook"}
{"timestamp":"2025-05-06T03:55:36.425303","level":"info","event":"25/05/06 12:55:36 INFO BlockManagerMasterEndpoint: Using org.apache.spark.storage.DefaultTopologyMapper for getting topology information","logger":"airflow.task.hooks.airflow.providers.standard.hooks.subprocess.SubprocessHook"}
{"timestamp":"2025-05-06T03:55:36.425685","level":"info","event":"25/05/06 12:55:36 INFO BlockManagerMasterEndpoint: BlockManagerMasterEndpoint up","logger":"airflow.task.hooks.airflow.providers.standard.hooks.subprocess.SubprocessHook"}
{"timestamp":"2025-05-06T03:55:36.428506","level":"info","event":"25/05/06 12:55:36 INFO SparkEnv: Registering BlockManagerMasterHeartbeat","logger":"airflow.task.hooks.airflow.providers.standard.hooks.subprocess.SubprocessHook"}
{"timestamp":"2025-05-06T03:55:36.446673","level":"info","event":"25/05/06 12:55:36 INFO DiskBlockManager: Created local directory at /tmp/blockmgr-87f138c8-90c8-4912-93a1-d55a7c66a3c3","logger":"airflow.task.hooks.airflow.providers.standard.hooks.subprocess.SubprocessHook"}
{"timestamp":"2025-05-06T03:55:36.466566","level":"info","event":"25/05/06 12:55:36 INFO MemoryStore: MemoryStore started with capacity 434.4 MiB","logger":"airflow.task.hooks.airflow.providers.standard.hooks.subprocess.SubprocessHook"}
{"timestamp":"2025-05-06T03:55:36.481820","level":"info","event":"25/05/06 12:55:36 INFO SparkEnv: Registering OutputCommitCoordinator","logger":"airflow.task.hooks.airflow.providers.standard.hooks.subprocess.SubprocessHook"}
{"timestamp":"2025-05-06T03:55:36.642597","level":"info","event":"25/05/06 12:55:36 INFO Utils: Successfully started service 'SparkUI' on port 4040.","logger":"airflow.task.hooks.airflow.providers.standard.hooks.subprocess.SubprocessHook"}
{"timestamp":"2025-05-06T03:55:36.670340","level":"info","event":"25/05/06 12:55:36 INFO SparkContext: Added JAR file:///home/jjlee/workspace/GSBE/mysql-connector-java-8.4.0.jar at spark://172.23.182.114:38157/jars/mysql-connector-java-8.4.0.jar with timestamp 1746503736012","logger":"airflow.task.hooks.airflow.providers.standard.hooks.subprocess.SubprocessHook"}
{"timestamp":"2025-05-06T03:55:36.670473","level":"info","event":"25/05/06 12:55:36 INFO SparkContext: Added JAR file:///home/jjlee/.ivy2/jars/org.apache.spark_spark-sql-kafka-0-10_2.13-3.3.2.jar at spark://172.23.182.114:38157/jars/org.apache.spark_spark-sql-kafka-0-10_2.13-3.3.2.jar with timestamp 1746503736012","logger":"airflow.task.hooks.airflow.providers.standard.hooks.subprocess.SubprocessHook"}
{"timestamp":"2025-05-06T03:55:36.670545","level":"info","event":"25/05/06 12:55:36 INFO SparkContext: Added JAR file:///home/jjlee/.ivy2/jars/org.apache.spark_spark-token-provider-kafka-0-10_2.13-3.3.2.jar at spark://172.23.182.114:38157/jars/org.apache.spark_spark-token-provider-kafka-0-10_2.13-3.3.2.jar with timestamp 1746503736012","logger":"airflow.task.hooks.airflow.providers.standard.hooks.subprocess.SubprocessHook"}
{"timestamp":"2025-05-06T03:55:36.670722","level":"info","event":"25/05/06 12:55:36 INFO SparkContext: Added JAR file:///home/jjlee/.ivy2/jars/org.scala-lang.modules_scala-parallel-collections_2.13-1.0.3.jar at spark://172.23.182.114:38157/jars/org.scala-lang.modules_scala-parallel-collections_2.13-1.0.3.jar with timestamp 1746503736012","logger":"airflow.task.hooks.airflow.providers.standard.hooks.subprocess.SubprocessHook"}
{"timestamp":"2025-05-06T03:55:36.670836","level":"info","event":"25/05/06 12:55:36 INFO SparkContext: Added JAR file:///home/jjlee/.ivy2/jars/org.apache.kafka_kafka-clients-2.8.1.jar at spark://172.23.182.114:38157/jars/org.apache.kafka_kafka-clients-2.8.1.jar with timestamp 1746503736012","logger":"airflow.task.hooks.airflow.providers.standard.hooks.subprocess.SubprocessHook"}
{"timestamp":"2025-05-06T03:55:36.670994","level":"info","event":"25/05/06 12:55:36 INFO SparkContext: Added JAR file:///home/jjlee/.ivy2/jars/com.google.code.findbugs_jsr305-3.0.0.jar at spark://172.23.182.114:38157/jars/com.google.code.findbugs_jsr305-3.0.0.jar with timestamp 1746503736012","logger":"airflow.task.hooks.airflow.providers.standard.hooks.subprocess.SubprocessHook"}
{"timestamp":"2025-05-06T03:55:36.671276","level":"info","event":"25/05/06 12:55:36 INFO SparkContext: Added JAR file:///home/jjlee/.ivy2/jars/org.apache.commons_commons-pool2-2.11.1.jar at spark://172.23.182.114:38157/jars/org.apache.commons_commons-pool2-2.11.1.jar with timestamp 1746503736012","logger":"airflow.task.hooks.airflow.providers.standard.hooks.subprocess.SubprocessHook"}
{"timestamp":"2025-05-06T03:55:36.671373","level":"info","event":"25/05/06 12:55:36 INFO SparkContext: Added JAR file:///home/jjlee/.ivy2/jars/org.spark-project.spark_unused-1.0.0.jar at spark://172.23.182.114:38157/jars/org.spark-project.spark_unused-1.0.0.jar with timestamp 1746503736012","logger":"airflow.task.hooks.airflow.providers.standard.hooks.subprocess.SubprocessHook"}
{"timestamp":"2025-05-06T03:55:36.671620","level":"info","event":"25/05/06 12:55:36 INFO SparkContext: Added JAR file:///home/jjlee/.ivy2/jars/org.apache.hadoop_hadoop-client-runtime-3.3.2.jar at spark://172.23.182.114:38157/jars/org.apache.hadoop_hadoop-client-runtime-3.3.2.jar with timestamp 1746503736012","logger":"airflow.task.hooks.airflow.providers.standard.hooks.subprocess.SubprocessHook"}
{"timestamp":"2025-05-06T03:55:36.671716","level":"info","event":"25/05/06 12:55:36 INFO SparkContext: Added JAR file:///home/jjlee/.ivy2/jars/org.lz4_lz4-java-1.8.0.jar at spark://172.23.182.114:38157/jars/org.lz4_lz4-java-1.8.0.jar with timestamp 1746503736012","logger":"airflow.task.hooks.airflow.providers.standard.hooks.subprocess.SubprocessHook"}
{"timestamp":"2025-05-06T03:55:36.671805","level":"info","event":"25/05/06 12:55:36 INFO SparkContext: Added JAR file:///home/jjlee/.ivy2/jars/org.xerial.snappy_snappy-java-1.1.8.4.jar at spark://172.23.182.114:38157/jars/org.xerial.snappy_snappy-java-1.1.8.4.jar with timestamp 1746503736012","logger":"airflow.task.hooks.airflow.providers.standard.hooks.subprocess.SubprocessHook"}
{"timestamp":"2025-05-06T03:55:36.671957","level":"info","event":"25/05/06 12:55:36 INFO SparkContext: Added JAR file:///home/jjlee/.ivy2/jars/org.slf4j_slf4j-api-1.7.32.jar at spark://172.23.182.114:38157/jars/org.slf4j_slf4j-api-1.7.32.jar with timestamp 1746503736012","logger":"airflow.task.hooks.airflow.providers.standard.hooks.subprocess.SubprocessHook"}
{"timestamp":"2025-05-06T03:55:36.672102","level":"info","event":"25/05/06 12:55:36 INFO SparkContext: Added JAR file:///home/jjlee/.ivy2/jars/org.apache.hadoop_hadoop-client-api-3.3.2.jar at spark://172.23.182.114:38157/jars/org.apache.hadoop_hadoop-client-api-3.3.2.jar with timestamp 1746503736012","logger":"airflow.task.hooks.airflow.providers.standard.hooks.subprocess.SubprocessHook"}
{"timestamp":"2025-05-06T03:55:36.672229","level":"info","event":"25/05/06 12:55:36 INFO SparkContext: Added JAR file:///home/jjlee/.ivy2/jars/commons-logging_commons-logging-1.1.3.jar at spark://172.23.182.114:38157/jars/commons-logging_commons-logging-1.1.3.jar with timestamp 1746503736012","logger":"airflow.task.hooks.airflow.providers.standard.hooks.subprocess.SubprocessHook"}
{"timestamp":"2025-05-06T03:55:36.674866","level":"info","event":"25/05/06 12:55:36 INFO SparkContext: Added file file:///home/jjlee/.ivy2/jars/org.apache.spark_spark-sql-kafka-0-10_2.13-3.3.2.jar at file:///home/jjlee/.ivy2/jars/org.apache.spark_spark-sql-kafka-0-10_2.13-3.3.2.jar with timestamp 1746503736012","logger":"airflow.task.hooks.airflow.providers.standard.hooks.subprocess.SubprocessHook"}
{"timestamp":"2025-05-06T03:55:36.676397","level":"info","event":"25/05/06 12:55:36 INFO Utils: Copying /home/jjlee/.ivy2/jars/org.apache.spark_spark-sql-kafka-0-10_2.13-3.3.2.jar to /tmp/spark-0529bb74-7e97-4f32-9329-cdfaf16590c7/userFiles-e50df59d-e918-4b37-9b6b-7305b594e407/org.apache.spark_spark-sql-kafka-0-10_2.13-3.3.2.jar","logger":"airflow.task.hooks.airflow.providers.standard.hooks.subprocess.SubprocessHook"}
{"timestamp":"2025-05-06T03:55:36.684471","level":"info","event":"25/05/06 12:55:36 INFO SparkContext: Added file file:///home/jjlee/.ivy2/jars/org.apache.spark_spark-token-provider-kafka-0-10_2.13-3.3.2.jar at file:///home/jjlee/.ivy2/jars/org.apache.spark_spark-token-provider-kafka-0-10_2.13-3.3.2.jar with timestamp 1746503736012","logger":"airflow.task.hooks.airflow.providers.standard.hooks.subprocess.SubprocessHook"}
{"timestamp":"2025-05-06T03:55:36.684600","level":"info","event":"25/05/06 12:55:36 INFO Utils: Copying /home/jjlee/.ivy2/jars/org.apache.spark_spark-token-provider-kafka-0-10_2.13-3.3.2.jar to /tmp/spark-0529bb74-7e97-4f32-9329-cdfaf16590c7/userFiles-e50df59d-e918-4b37-9b6b-7305b594e407/org.apache.spark_spark-token-provider-kafka-0-10_2.13-3.3.2.jar","logger":"airflow.task.hooks.airflow.providers.standard.hooks.subprocess.SubprocessHook"}
{"timestamp":"2025-05-06T03:55:36.687458","level":"info","event":"25/05/06 12:55:36 INFO SparkContext: Added file file:///home/jjlee/.ivy2/jars/org.scala-lang.modules_scala-parallel-collections_2.13-1.0.3.jar at file:///home/jjlee/.ivy2/jars/org.scala-lang.modules_scala-parallel-collections_2.13-1.0.3.jar with timestamp 1746503736012","logger":"airflow.task.hooks.airflow.providers.standard.hooks.subprocess.SubprocessHook"}
{"timestamp":"2025-05-06T03:55:36.687589","level":"info","event":"25/05/06 12:55:36 INFO Utils: Copying /home/jjlee/.ivy2/jars/org.scala-lang.modules_scala-parallel-collections_2.13-1.0.3.jar to /tmp/spark-0529bb74-7e97-4f32-9329-cdfaf16590c7/userFiles-e50df59d-e918-4b37-9b6b-7305b594e407/org.scala-lang.modules_scala-parallel-collections_2.13-1.0.3.jar","logger":"airflow.task.hooks.airflow.providers.standard.hooks.subprocess.SubprocessHook"}
{"timestamp":"2025-05-06T03:55:36.691163","level":"info","event":"25/05/06 12:55:36 INFO SparkContext: Added file file:///home/jjlee/.ivy2/jars/org.apache.kafka_kafka-clients-2.8.1.jar at file:///home/jjlee/.ivy2/jars/org.apache.kafka_kafka-clients-2.8.1.jar with timestamp 1746503736012","logger":"airflow.task.hooks.airflow.providers.standard.hooks.subprocess.SubprocessHook"}
{"timestamp":"2025-05-06T03:55:36.691336","level":"info","event":"25/05/06 12:55:36 INFO Utils: Copying /home/jjlee/.ivy2/jars/org.apache.kafka_kafka-clients-2.8.1.jar to /tmp/spark-0529bb74-7e97-4f32-9329-cdfaf16590c7/userFiles-e50df59d-e918-4b37-9b6b-7305b594e407/org.apache.kafka_kafka-clients-2.8.1.jar","logger":"airflow.task.hooks.airflow.providers.standard.hooks.subprocess.SubprocessHook"}
{"timestamp":"2025-05-06T03:55:36.697573","level":"info","event":"25/05/06 12:55:36 INFO SparkContext: Added file file:///home/jjlee/.ivy2/jars/com.google.code.findbugs_jsr305-3.0.0.jar at file:///home/jjlee/.ivy2/jars/com.google.code.findbugs_jsr305-3.0.0.jar with timestamp 1746503736012","logger":"airflow.task.hooks.airflow.providers.standard.hooks.subprocess.SubprocessHook"}
{"timestamp":"2025-05-06T03:55:36.697714","level":"info","event":"25/05/06 12:55:36 INFO Utils: Copying /home/jjlee/.ivy2/jars/com.google.code.findbugs_jsr305-3.0.0.jar to /tmp/spark-0529bb74-7e97-4f32-9329-cdfaf16590c7/userFiles-e50df59d-e918-4b37-9b6b-7305b594e407/com.google.code.findbugs_jsr305-3.0.0.jar","logger":"airflow.task.hooks.airflow.providers.standard.hooks.subprocess.SubprocessHook"}
{"timestamp":"2025-05-06T03:55:36.700398","level":"info","event":"25/05/06 12:55:36 INFO SparkContext: Added file file:///home/jjlee/.ivy2/jars/org.apache.commons_commons-pool2-2.11.1.jar at file:///home/jjlee/.ivy2/jars/org.apache.commons_commons-pool2-2.11.1.jar with timestamp 1746503736012","logger":"airflow.task.hooks.airflow.providers.standard.hooks.subprocess.SubprocessHook"}
{"timestamp":"2025-05-06T03:55:36.700519","level":"info","event":"25/05/06 12:55:36 INFO Utils: Copying /home/jjlee/.ivy2/jars/org.apache.commons_commons-pool2-2.11.1.jar to /tmp/spark-0529bb74-7e97-4f32-9329-cdfaf16590c7/userFiles-e50df59d-e918-4b37-9b6b-7305b594e407/org.apache.commons_commons-pool2-2.11.1.jar","logger":"airflow.task.hooks.airflow.providers.standard.hooks.subprocess.SubprocessHook"}
{"timestamp":"2025-05-06T03:55:36.703213","level":"info","event":"25/05/06 12:55:36 INFO SparkContext: Added file file:///home/jjlee/.ivy2/jars/org.spark-project.spark_unused-1.0.0.jar at file:///home/jjlee/.ivy2/jars/org.spark-project.spark_unused-1.0.0.jar with timestamp 1746503736012","logger":"airflow.task.hooks.airflow.providers.standard.hooks.subprocess.SubprocessHook"}
{"timestamp":"2025-05-06T03:55:36.703350","level":"info","event":"25/05/06 12:55:36 INFO Utils: Copying /home/jjlee/.ivy2/jars/org.spark-project.spark_unused-1.0.0.jar to /tmp/spark-0529bb74-7e97-4f32-9329-cdfaf16590c7/userFiles-e50df59d-e918-4b37-9b6b-7305b594e407/org.spark-project.spark_unused-1.0.0.jar","logger":"airflow.task.hooks.airflow.providers.standard.hooks.subprocess.SubprocessHook"}
{"timestamp":"2025-05-06T03:55:36.708091","level":"info","event":"25/05/06 12:55:36 INFO SparkContext: Added file file:///home/jjlee/.ivy2/jars/org.apache.hadoop_hadoop-client-runtime-3.3.2.jar at file:///home/jjlee/.ivy2/jars/org.apache.hadoop_hadoop-client-runtime-3.3.2.jar with timestamp 1746503736012","logger":"airflow.task.hooks.airflow.providers.standard.hooks.subprocess.SubprocessHook"}
{"timestamp":"2025-05-06T03:55:36.708308","level":"info","event":"25/05/06 12:55:36 INFO Utils: Copying /home/jjlee/.ivy2/jars/org.apache.hadoop_hadoop-client-runtime-3.3.2.jar to /tmp/spark-0529bb74-7e97-4f32-9329-cdfaf16590c7/userFiles-e50df59d-e918-4b37-9b6b-7305b594e407/org.apache.hadoop_hadoop-client-runtime-3.3.2.jar","logger":"airflow.task.hooks.airflow.providers.standard.hooks.subprocess.SubprocessHook"}
{"timestamp":"2025-05-06T03:55:36.728949","level":"info","event":"25/05/06 12:55:36 INFO SparkContext: Added file file:///home/jjlee/.ivy2/jars/org.lz4_lz4-java-1.8.0.jar at file:///home/jjlee/.ivy2/jars/org.lz4_lz4-java-1.8.0.jar with timestamp 1746503736012","logger":"airflow.task.hooks.airflow.providers.standard.hooks.subprocess.SubprocessHook"}
{"timestamp":"2025-05-06T03:55:36.729070","level":"info","event":"25/05/06 12:55:36 INFO Utils: Copying /home/jjlee/.ivy2/jars/org.lz4_lz4-java-1.8.0.jar to /tmp/spark-0529bb74-7e97-4f32-9329-cdfaf16590c7/userFiles-e50df59d-e918-4b37-9b6b-7305b594e407/org.lz4_lz4-java-1.8.0.jar","logger":"airflow.task.hooks.airflow.providers.standard.hooks.subprocess.SubprocessHook"}
{"timestamp":"2025-05-06T03:55:36.731720","level":"info","event":"25/05/06 12:55:36 INFO SparkContext: Added file file:///home/jjlee/.ivy2/jars/org.xerial.snappy_snappy-java-1.1.8.4.jar at file:///home/jjlee/.ivy2/jars/org.xerial.snappy_snappy-java-1.1.8.4.jar with timestamp 1746503736012","logger":"airflow.task.hooks.airflow.providers.standard.hooks.subprocess.SubprocessHook"}
{"timestamp":"2025-05-06T03:55:36.731825","level":"info","event":"25/05/06 12:55:36 INFO Utils: Copying /home/jjlee/.ivy2/jars/org.xerial.snappy_snappy-java-1.1.8.4.jar to /tmp/spark-0529bb74-7e97-4f32-9329-cdfaf16590c7/userFiles-e50df59d-e918-4b37-9b6b-7305b594e407/org.xerial.snappy_snappy-java-1.1.8.4.jar","logger":"airflow.task.hooks.airflow.providers.standard.hooks.subprocess.SubprocessHook"}
{"timestamp":"2025-05-06T03:55:36.735519","level":"info","event":"25/05/06 12:55:36 INFO SparkContext: Added file file:///home/jjlee/.ivy2/jars/org.slf4j_slf4j-api-1.7.32.jar at file:///home/jjlee/.ivy2/jars/org.slf4j_slf4j-api-1.7.32.jar with timestamp 1746503736012","logger":"airflow.task.hooks.airflow.providers.standard.hooks.subprocess.SubprocessHook"}
{"timestamp":"2025-05-06T03:55:36.735631","level":"info","event":"25/05/06 12:55:36 INFO Utils: Copying /home/jjlee/.ivy2/jars/org.slf4j_slf4j-api-1.7.32.jar to /tmp/spark-0529bb74-7e97-4f32-9329-cdfaf16590c7/userFiles-e50df59d-e918-4b37-9b6b-7305b594e407/org.slf4j_slf4j-api-1.7.32.jar","logger":"airflow.task.hooks.airflow.providers.standard.hooks.subprocess.SubprocessHook"}
{"timestamp":"2025-05-06T03:55:36.738084","level":"info","event":"25/05/06 12:55:36 INFO SparkContext: Added file file:///home/jjlee/.ivy2/jars/org.apache.hadoop_hadoop-client-api-3.3.2.jar at file:///home/jjlee/.ivy2/jars/org.apache.hadoop_hadoop-client-api-3.3.2.jar with timestamp 1746503736012","logger":"airflow.task.hooks.airflow.providers.standard.hooks.subprocess.SubprocessHook"}
{"timestamp":"2025-05-06T03:55:36.738205","level":"info","event":"25/05/06 12:55:36 INFO Utils: Copying /home/jjlee/.ivy2/jars/org.apache.hadoop_hadoop-client-api-3.3.2.jar to /tmp/spark-0529bb74-7e97-4f32-9329-cdfaf16590c7/userFiles-e50df59d-e918-4b37-9b6b-7305b594e407/org.apache.hadoop_hadoop-client-api-3.3.2.jar","logger":"airflow.task.hooks.airflow.providers.standard.hooks.subprocess.SubprocessHook"}
{"timestamp":"2025-05-06T03:55:36.750955","level":"info","event":"25/05/06 12:55:36 INFO SparkContext: Added file file:///home/jjlee/.ivy2/jars/commons-logging_commons-logging-1.1.3.jar at file:///home/jjlee/.ivy2/jars/commons-logging_commons-logging-1.1.3.jar with timestamp 1746503736012","logger":"airflow.task.hooks.airflow.providers.standard.hooks.subprocess.SubprocessHook"}
{"timestamp":"2025-05-06T03:55:36.751080","level":"info","event":"25/05/06 12:55:36 INFO Utils: Copying /home/jjlee/.ivy2/jars/commons-logging_commons-logging-1.1.3.jar to /tmp/spark-0529bb74-7e97-4f32-9329-cdfaf16590c7/userFiles-e50df59d-e918-4b37-9b6b-7305b594e407/commons-logging_commons-logging-1.1.3.jar","logger":"airflow.task.hooks.airflow.providers.standard.hooks.subprocess.SubprocessHook"}
{"timestamp":"2025-05-06T03:55:36.796616","level":"info","event":"25/05/06 12:55:36 INFO Executor: Starting executor ID driver on host 172.23.182.114","logger":"airflow.task.hooks.airflow.providers.standard.hooks.subprocess.SubprocessHook"}
{"timestamp":"2025-05-06T03:55:36.801406","level":"info","event":"25/05/06 12:55:36 INFO Executor: Starting executor with user classpath (userClassPathFirst = false): ''","logger":"airflow.task.hooks.airflow.providers.standard.hooks.subprocess.SubprocessHook"}
{"timestamp":"2025-05-06T03:55:36.809544","level":"info","event":"25/05/06 12:55:36 INFO Executor: Fetching file:///home/jjlee/.ivy2/jars/org.apache.hadoop_hadoop-client-runtime-3.3.2.jar with timestamp 1746503736012","logger":"airflow.task.hooks.airflow.providers.standard.hooks.subprocess.SubprocessHook"}
{"timestamp":"2025-05-06T03:55:36.856394","level":"info","event":"25/05/06 12:55:36 INFO Utils: /home/jjlee/.ivy2/jars/org.apache.hadoop_hadoop-client-runtime-3.3.2.jar has been previously copied to /tmp/spark-0529bb74-7e97-4f32-9329-cdfaf16590c7/userFiles-e50df59d-e918-4b37-9b6b-7305b594e407/org.apache.hadoop_hadoop-client-runtime-3.3.2.jar","logger":"airflow.task.hooks.airflow.providers.standard.hooks.subprocess.SubprocessHook"}
{"timestamp":"2025-05-06T03:55:36.858805","level":"info","event":"25/05/06 12:55:36 INFO Executor: Fetching file:///home/jjlee/.ivy2/jars/org.apache.hadoop_hadoop-client-api-3.3.2.jar with timestamp 1746503736012","logger":"airflow.task.hooks.airflow.providers.standard.hooks.subprocess.SubprocessHook"}
{"timestamp":"2025-05-06T03:55:36.868432","level":"info","event":"25/05/06 12:55:36 INFO Utils: /home/jjlee/.ivy2/jars/org.apache.hadoop_hadoop-client-api-3.3.2.jar has been previously copied to /tmp/spark-0529bb74-7e97-4f32-9329-cdfaf16590c7/userFiles-e50df59d-e918-4b37-9b6b-7305b594e407/org.apache.hadoop_hadoop-client-api-3.3.2.jar","logger":"airflow.task.hooks.airflow.providers.standard.hooks.subprocess.SubprocessHook"}
{"timestamp":"2025-05-06T03:55:36.870463","level":"info","event":"25/05/06 12:55:36 INFO Executor: Fetching file:///home/jjlee/.ivy2/jars/org.scala-lang.modules_scala-parallel-collections_2.13-1.0.3.jar with timestamp 1746503736012","logger":"airflow.task.hooks.airflow.providers.standard.hooks.subprocess.SubprocessHook"}
{"timestamp":"2025-05-06T03:55:36.871326","level":"info","event":"25/05/06 12:55:36 INFO Utils: /home/jjlee/.ivy2/jars/org.scala-lang.modules_scala-parallel-collections_2.13-1.0.3.jar has been previously copied to /tmp/spark-0529bb74-7e97-4f32-9329-cdfaf16590c7/userFiles-e50df59d-e918-4b37-9b6b-7305b594e407/org.scala-lang.modules_scala-parallel-collections_2.13-1.0.3.jar","logger":"airflow.task.hooks.airflow.providers.standard.hooks.subprocess.SubprocessHook"}
{"timestamp":"2025-05-06T03:55:36.873127","level":"info","event":"25/05/06 12:55:36 INFO Executor: Fetching file:///home/jjlee/.ivy2/jars/commons-logging_commons-logging-1.1.3.jar with timestamp 1746503736012","logger":"airflow.task.hooks.airflow.providers.standard.hooks.subprocess.SubprocessHook"}
{"timestamp":"2025-05-06T03:55:36.873430","level":"info","event":"25/05/06 12:55:36 INFO Utils: /home/jjlee/.ivy2/jars/commons-logging_commons-logging-1.1.3.jar has been previously copied to /tmp/spark-0529bb74-7e97-4f32-9329-cdfaf16590c7/userFiles-e50df59d-e918-4b37-9b6b-7305b594e407/commons-logging_commons-logging-1.1.3.jar","logger":"airflow.task.hooks.airflow.providers.standard.hooks.subprocess.SubprocessHook"}
{"timestamp":"2025-05-06T03:55:36.875180","level":"info","event":"25/05/06 12:55:36 INFO Executor: Fetching file:///home/jjlee/.ivy2/jars/org.xerial.snappy_snappy-java-1.1.8.4.jar with timestamp 1746503736012","logger":"airflow.task.hooks.airflow.providers.standard.hooks.subprocess.SubprocessHook"}
{"timestamp":"2025-05-06T03:55:36.876247","level":"info","event":"25/05/06 12:55:36 INFO Utils: /home/jjlee/.ivy2/jars/org.xerial.snappy_snappy-java-1.1.8.4.jar has been previously copied to /tmp/spark-0529bb74-7e97-4f32-9329-cdfaf16590c7/userFiles-e50df59d-e918-4b37-9b6b-7305b594e407/org.xerial.snappy_snappy-java-1.1.8.4.jar","logger":"airflow.task.hooks.airflow.providers.standard.hooks.subprocess.SubprocessHook"}
{"timestamp":"2025-05-06T03:55:36.878243","level":"info","event":"25/05/06 12:55:36 INFO Executor: Fetching file:///home/jjlee/.ivy2/jars/com.google.code.findbugs_jsr305-3.0.0.jar with timestamp 1746503736012","logger":"airflow.task.hooks.airflow.providers.standard.hooks.subprocess.SubprocessHook"}
{"timestamp":"2025-05-06T03:55:36.878468","level":"info","event":"25/05/06 12:55:36 INFO Utils: /home/jjlee/.ivy2/jars/com.google.code.findbugs_jsr305-3.0.0.jar has been previously copied to /tmp/spark-0529bb74-7e97-4f32-9329-cdfaf16590c7/userFiles-e50df59d-e918-4b37-9b6b-7305b594e407/com.google.code.findbugs_jsr305-3.0.0.jar","logger":"airflow.task.hooks.airflow.providers.standard.hooks.subprocess.SubprocessHook"}
{"timestamp":"2025-05-06T03:55:36.880742","level":"info","event":"25/05/06 12:55:36 INFO Executor: Fetching file:///home/jjlee/.ivy2/jars/org.apache.commons_commons-pool2-2.11.1.jar with timestamp 1746503736012","logger":"airflow.task.hooks.airflow.providers.standard.hooks.subprocess.SubprocessHook"}
{"timestamp":"2025-05-06T03:55:36.881122","level":"info","event":"25/05/06 12:55:36 INFO Utils: /home/jjlee/.ivy2/jars/org.apache.commons_commons-pool2-2.11.1.jar has been previously copied to /tmp/spark-0529bb74-7e97-4f32-9329-cdfaf16590c7/userFiles-e50df59d-e918-4b37-9b6b-7305b594e407/org.apache.commons_commons-pool2-2.11.1.jar","logger":"airflow.task.hooks.airflow.providers.standard.hooks.subprocess.SubprocessHook"}
{"timestamp":"2025-05-06T03:55:36.883365","level":"info","event":"25/05/06 12:55:36 INFO Executor: Fetching file:///home/jjlee/.ivy2/jars/org.slf4j_slf4j-api-1.7.32.jar with timestamp 1746503736012","logger":"airflow.task.hooks.airflow.providers.standard.hooks.subprocess.SubprocessHook"}
{"timestamp":"2025-05-06T03:55:36.883591","level":"info","event":"25/05/06 12:55:36 INFO Utils: /home/jjlee/.ivy2/jars/org.slf4j_slf4j-api-1.7.32.jar has been previously copied to /tmp/spark-0529bb74-7e97-4f32-9329-cdfaf16590c7/userFiles-e50df59d-e918-4b37-9b6b-7305b594e407/org.slf4j_slf4j-api-1.7.32.jar","logger":"airflow.task.hooks.airflow.providers.standard.hooks.subprocess.SubprocessHook"}
{"timestamp":"2025-05-06T03:55:36.885655","level":"info","event":"25/05/06 12:55:36 INFO Executor: Fetching file:///home/jjlee/.ivy2/jars/org.apache.spark_spark-token-provider-kafka-0-10_2.13-3.3.2.jar with timestamp 1746503736012","logger":"airflow.task.hooks.airflow.providers.standard.hooks.subprocess.SubprocessHook"}
{"timestamp":"2025-05-06T03:55:36.885868","level":"info","event":"25/05/06 12:55:36 INFO Utils: /home/jjlee/.ivy2/jars/org.apache.spark_spark-token-provider-kafka-0-10_2.13-3.3.2.jar has been previously copied to /tmp/spark-0529bb74-7e97-4f32-9329-cdfaf16590c7/userFiles-e50df59d-e918-4b37-9b6b-7305b594e407/org.apache.spark_spark-token-provider-kafka-0-10_2.13-3.3.2.jar","logger":"airflow.task.hooks.airflow.providers.standard.hooks.subprocess.SubprocessHook"}
{"timestamp":"2025-05-06T03:55:36.887771","level":"info","event":"25/05/06 12:55:36 INFO Executor: Fetching file:///home/jjlee/.ivy2/jars/org.spark-project.spark_unused-1.0.0.jar with timestamp 1746503736012","logger":"airflow.task.hooks.airflow.providers.standard.hooks.subprocess.SubprocessHook"}
{"timestamp":"2025-05-06T03:55:36.888015","level":"info","event":"25/05/06 12:55:36 INFO Utils: /home/jjlee/.ivy2/jars/org.spark-project.spark_unused-1.0.0.jar has been previously copied to /tmp/spark-0529bb74-7e97-4f32-9329-cdfaf16590c7/userFiles-e50df59d-e918-4b37-9b6b-7305b594e407/org.spark-project.spark_unused-1.0.0.jar","logger":"airflow.task.hooks.airflow.providers.standard.hooks.subprocess.SubprocessHook"}
{"timestamp":"2025-05-06T03:55:36.890330","level":"info","event":"25/05/06 12:55:36 INFO Executor: Fetching file:///home/jjlee/.ivy2/jars/org.apache.kafka_kafka-clients-2.8.1.jar with timestamp 1746503736012","logger":"airflow.task.hooks.airflow.providers.standard.hooks.subprocess.SubprocessHook"}
{"timestamp":"2025-05-06T03:55:36.892521","level":"info","event":"25/05/06 12:55:36 INFO Utils: /home/jjlee/.ivy2/jars/org.apache.kafka_kafka-clients-2.8.1.jar has been previously copied to /tmp/spark-0529bb74-7e97-4f32-9329-cdfaf16590c7/userFiles-e50df59d-e918-4b37-9b6b-7305b594e407/org.apache.kafka_kafka-clients-2.8.1.jar","logger":"airflow.task.hooks.airflow.providers.standard.hooks.subprocess.SubprocessHook"}
{"timestamp":"2025-05-06T03:55:36.894576","level":"info","event":"25/05/06 12:55:36 INFO Executor: Fetching file:///home/jjlee/.ivy2/jars/org.apache.spark_spark-sql-kafka-0-10_2.13-3.3.2.jar with timestamp 1746503736012","logger":"airflow.task.hooks.airflow.providers.standard.hooks.subprocess.SubprocessHook"}
{"timestamp":"2025-05-06T03:55:36.894980","level":"info","event":"25/05/06 12:55:36 INFO Utils: /home/jjlee/.ivy2/jars/org.apache.spark_spark-sql-kafka-0-10_2.13-3.3.2.jar has been previously copied to /tmp/spark-0529bb74-7e97-4f32-9329-cdfaf16590c7/userFiles-e50df59d-e918-4b37-9b6b-7305b594e407/org.apache.spark_spark-sql-kafka-0-10_2.13-3.3.2.jar","logger":"airflow.task.hooks.airflow.providers.standard.hooks.subprocess.SubprocessHook"}
{"timestamp":"2025-05-06T03:55:36.897100","level":"info","event":"25/05/06 12:55:36 INFO Executor: Fetching file:///home/jjlee/.ivy2/jars/org.lz4_lz4-java-1.8.0.jar with timestamp 1746503736012","logger":"airflow.task.hooks.airflow.providers.standard.hooks.subprocess.SubprocessHook"}
{"timestamp":"2025-05-06T03:55:36.897614","level":"info","event":"25/05/06 12:55:36 INFO Utils: /home/jjlee/.ivy2/jars/org.lz4_lz4-java-1.8.0.jar has been previously copied to /tmp/spark-0529bb74-7e97-4f32-9329-cdfaf16590c7/userFiles-e50df59d-e918-4b37-9b6b-7305b594e407/org.lz4_lz4-java-1.8.0.jar","logger":"airflow.task.hooks.airflow.providers.standard.hooks.subprocess.SubprocessHook"}
{"timestamp":"2025-05-06T03:55:36.901289","level":"info","event":"25/05/06 12:55:36 INFO Executor: Fetching spark://172.23.182.114:38157/jars/org.lz4_lz4-java-1.8.0.jar with timestamp 1746503736012","logger":"airflow.task.hooks.airflow.providers.standard.hooks.subprocess.SubprocessHook"}
{"timestamp":"2025-05-06T03:55:36.929854","level":"info","event":"25/05/06 12:55:36 INFO TransportClientFactory: Successfully created connection to /172.23.182.114:38157 after 20 ms (0 ms spent in bootstraps)","logger":"airflow.task.hooks.airflow.providers.standard.hooks.subprocess.SubprocessHook"}
{"timestamp":"2025-05-06T03:55:36.935093","level":"info","event":"25/05/06 12:55:36 INFO Utils: Fetching spark://172.23.182.114:38157/jars/org.lz4_lz4-java-1.8.0.jar to /tmp/spark-0529bb74-7e97-4f32-9329-cdfaf16590c7/userFiles-e50df59d-e918-4b37-9b6b-7305b594e407/fetchFileTemp18037514195686511080.tmp","logger":"airflow.task.hooks.airflow.providers.standard.hooks.subprocess.SubprocessHook"}
{"timestamp":"2025-05-06T03:55:37.061136","level":"info","event":"25/05/06 12:55:37 INFO Utils: /tmp/spark-0529bb74-7e97-4f32-9329-cdfaf16590c7/userFiles-e50df59d-e918-4b37-9b6b-7305b594e407/fetchFileTemp18037514195686511080.tmp has been previously copied to /tmp/spark-0529bb74-7e97-4f32-9329-cdfaf16590c7/userFiles-e50df59d-e918-4b37-9b6b-7305b594e407/org.lz4_lz4-java-1.8.0.jar","logger":"airflow.task.hooks.airflow.providers.standard.hooks.subprocess.SubprocessHook"}
{"timestamp":"2025-05-06T03:55:37.065503","level":"info","event":"25/05/06 12:55:37 INFO Executor: Adding file:/tmp/spark-0529bb74-7e97-4f32-9329-cdfaf16590c7/userFiles-e50df59d-e918-4b37-9b6b-7305b594e407/org.lz4_lz4-java-1.8.0.jar to class loader","logger":"airflow.task.hooks.airflow.providers.standard.hooks.subprocess.SubprocessHook"}
{"timestamp":"2025-05-06T03:55:37.065691","level":"info","event":"25/05/06 12:55:37 INFO Executor: Fetching spark://172.23.182.114:38157/jars/org.slf4j_slf4j-api-1.7.32.jar with timestamp 1746503736012","logger":"airflow.task.hooks.airflow.providers.standard.hooks.subprocess.SubprocessHook"}
{"timestamp":"2025-05-06T03:55:37.067804","level":"info","event":"25/05/06 12:55:37 INFO Utils: Fetching spark://172.23.182.114:38157/jars/org.slf4j_slf4j-api-1.7.32.jar to /tmp/spark-0529bb74-7e97-4f32-9329-cdfaf16590c7/userFiles-e50df59d-e918-4b37-9b6b-7305b594e407/fetchFileTemp15127083868527335909.tmp","logger":"airflow.task.hooks.airflow.providers.standard.hooks.subprocess.SubprocessHook"}
{"timestamp":"2025-05-06T03:55:37.077733","level":"info","event":"25/05/06 12:55:37 INFO Utils: /tmp/spark-0529bb74-7e97-4f32-9329-cdfaf16590c7/userFiles-e50df59d-e918-4b37-9b6b-7305b594e407/fetchFileTemp15127083868527335909.tmp has been previously copied to /tmp/spark-0529bb74-7e97-4f32-9329-cdfaf16590c7/userFiles-e50df59d-e918-4b37-9b6b-7305b594e407/org.slf4j_slf4j-api-1.7.32.jar","logger":"airflow.task.hooks.airflow.providers.standard.hooks.subprocess.SubprocessHook"}
{"timestamp":"2025-05-06T03:55:37.080610","level":"info","event":"25/05/06 12:55:37 INFO Executor: Adding file:/tmp/spark-0529bb74-7e97-4f32-9329-cdfaf16590c7/userFiles-e50df59d-e918-4b37-9b6b-7305b594e407/org.slf4j_slf4j-api-1.7.32.jar to class loader","logger":"airflow.task.hooks.airflow.providers.standard.hooks.subprocess.SubprocessHook"}
{"timestamp":"2025-05-06T03:55:37.080713","level":"info","event":"25/05/06 12:55:37 INFO Executor: Fetching spark://172.23.182.114:38157/jars/mysql-connector-java-8.4.0.jar with timestamp 1746503736012","logger":"airflow.task.hooks.airflow.providers.standard.hooks.subprocess.SubprocessHook"}
{"timestamp":"2025-05-06T03:55:37.080984","level":"info","event":"25/05/06 12:55:37 INFO Utils: Fetching spark://172.23.182.114:38157/jars/mysql-connector-java-8.4.0.jar to /tmp/spark-0529bb74-7e97-4f32-9329-cdfaf16590c7/userFiles-e50df59d-e918-4b37-9b6b-7305b594e407/fetchFileTemp17814924897788340077.tmp","logger":"airflow.task.hooks.airflow.providers.standard.hooks.subprocess.SubprocessHook"}
{"timestamp":"2025-05-06T03:55:37.093494","level":"info","event":"25/05/06 12:55:37 INFO Executor: Adding file:/tmp/spark-0529bb74-7e97-4f32-9329-cdfaf16590c7/userFiles-e50df59d-e918-4b37-9b6b-7305b594e407/mysql-connector-java-8.4.0.jar to class loader","logger":"airflow.task.hooks.airflow.providers.standard.hooks.subprocess.SubprocessHook"}
{"timestamp":"2025-05-06T03:55:37.093676","level":"info","event":"25/05/06 12:55:37 INFO Executor: Fetching spark://172.23.182.114:38157/jars/org.scala-lang.modules_scala-parallel-collections_2.13-1.0.3.jar with timestamp 1746503736012","logger":"airflow.task.hooks.airflow.providers.standard.hooks.subprocess.SubprocessHook"}
{"timestamp":"2025-05-06T03:55:37.094113","level":"info","event":"25/05/06 12:55:37 INFO Utils: Fetching spark://172.23.182.114:38157/jars/org.scala-lang.modules_scala-parallel-collections_2.13-1.0.3.jar to /tmp/spark-0529bb74-7e97-4f32-9329-cdfaf16590c7/userFiles-e50df59d-e918-4b37-9b6b-7305b594e407/fetchFileTemp17750531872348643725.tmp","logger":"airflow.task.hooks.airflow.providers.standard.hooks.subprocess.SubprocessHook"}
{"timestamp":"2025-05-06T03:55:37.098952","level":"info","event":"25/05/06 12:55:37 INFO Utils: /tmp/spark-0529bb74-7e97-4f32-9329-cdfaf16590c7/userFiles-e50df59d-e918-4b37-9b6b-7305b594e407/fetchFileTemp17750531872348643725.tmp has been previously copied to /tmp/spark-0529bb74-7e97-4f32-9329-cdfaf16590c7/userFiles-e50df59d-e918-4b37-9b6b-7305b594e407/org.scala-lang.modules_scala-parallel-collections_2.13-1.0.3.jar","logger":"airflow.task.hooks.airflow.providers.standard.hooks.subprocess.SubprocessHook"}
{"timestamp":"2025-05-06T03:55:37.105018","level":"info","event":"25/05/06 12:55:37 INFO Executor: Adding file:/tmp/spark-0529bb74-7e97-4f32-9329-cdfaf16590c7/userFiles-e50df59d-e918-4b37-9b6b-7305b594e407/org.scala-lang.modules_scala-parallel-collections_2.13-1.0.3.jar to class loader","logger":"airflow.task.hooks.airflow.providers.standard.hooks.subprocess.SubprocessHook"}
{"timestamp":"2025-05-06T03:55:37.105164","level":"info","event":"25/05/06 12:55:37 INFO Executor: Fetching spark://172.23.182.114:38157/jars/org.apache.commons_commons-pool2-2.11.1.jar with timestamp 1746503736012","logger":"airflow.task.hooks.airflow.providers.standard.hooks.subprocess.SubprocessHook"}
{"timestamp":"2025-05-06T03:55:37.105555","level":"info","event":"25/05/06 12:55:37 INFO Utils: Fetching spark://172.23.182.114:38157/jars/org.apache.commons_commons-pool2-2.11.1.jar to /tmp/spark-0529bb74-7e97-4f32-9329-cdfaf16590c7/userFiles-e50df59d-e918-4b37-9b6b-7305b594e407/fetchFileTemp12879136440578815077.tmp","logger":"airflow.task.hooks.airflow.providers.standard.hooks.subprocess.SubprocessHook"}
{"timestamp":"2025-05-06T03:55:37.108205","level":"info","event":"25/05/06 12:55:37 INFO Utils: /tmp/spark-0529bb74-7e97-4f32-9329-cdfaf16590c7/userFiles-e50df59d-e918-4b37-9b6b-7305b594e407/fetchFileTemp12879136440578815077.tmp has been previously copied to /tmp/spark-0529bb74-7e97-4f32-9329-cdfaf16590c7/userFiles-e50df59d-e918-4b37-9b6b-7305b594e407/org.apache.commons_commons-pool2-2.11.1.jar","logger":"airflow.task.hooks.airflow.providers.standard.hooks.subprocess.SubprocessHook"}
{"timestamp":"2025-05-06T03:55:37.111870","level":"info","event":"25/05/06 12:55:37 INFO Executor: Adding file:/tmp/spark-0529bb74-7e97-4f32-9329-cdfaf16590c7/userFiles-e50df59d-e918-4b37-9b6b-7305b594e407/org.apache.commons_commons-pool2-2.11.1.jar to class loader","logger":"airflow.task.hooks.airflow.providers.standard.hooks.subprocess.SubprocessHook"}
{"timestamp":"2025-05-06T03:55:37.111978","level":"info","event":"25/05/06 12:55:37 INFO Executor: Fetching spark://172.23.182.114:38157/jars/com.google.code.findbugs_jsr305-3.0.0.jar with timestamp 1746503736012","logger":"airflow.task.hooks.airflow.providers.standard.hooks.subprocess.SubprocessHook"}
{"timestamp":"2025-05-06T03:55:37.112366","level":"info","event":"25/05/06 12:55:37 INFO Utils: Fetching spark://172.23.182.114:38157/jars/com.google.code.findbugs_jsr305-3.0.0.jar to /tmp/spark-0529bb74-7e97-4f32-9329-cdfaf16590c7/userFiles-e50df59d-e918-4b37-9b6b-7305b594e407/fetchFileTemp13592156257136367621.tmp","logger":"airflow.task.hooks.airflow.providers.standard.hooks.subprocess.SubprocessHook"}
{"timestamp":"2025-05-06T03:55:37.113678","level":"info","event":"25/05/06 12:55:37 INFO Utils: /tmp/spark-0529bb74-7e97-4f32-9329-cdfaf16590c7/userFiles-e50df59d-e918-4b37-9b6b-7305b594e407/fetchFileTemp13592156257136367621.tmp has been previously copied to /tmp/spark-0529bb74-7e97-4f32-9329-cdfaf16590c7/userFiles-e50df59d-e918-4b37-9b6b-7305b594e407/com.google.code.findbugs_jsr305-3.0.0.jar","logger":"airflow.task.hooks.airflow.providers.standard.hooks.subprocess.SubprocessHook"}
{"timestamp":"2025-05-06T03:55:37.117506","level":"info","event":"25/05/06 12:55:37 INFO Executor: Adding file:/tmp/spark-0529bb74-7e97-4f32-9329-cdfaf16590c7/userFiles-e50df59d-e918-4b37-9b6b-7305b594e407/com.google.code.findbugs_jsr305-3.0.0.jar to class loader","logger":"airflow.task.hooks.airflow.providers.standard.hooks.subprocess.SubprocessHook"}
{"timestamp":"2025-05-06T03:55:37.117630","level":"info","event":"25/05/06 12:55:37 INFO Executor: Fetching spark://172.23.182.114:38157/jars/org.apache.hadoop_hadoop-client-runtime-3.3.2.jar with timestamp 1746503736012","logger":"airflow.task.hooks.airflow.providers.standard.hooks.subprocess.SubprocessHook"}
{"timestamp":"2025-05-06T03:55:37.118087","level":"info","event":"25/05/06 12:55:37 INFO Utils: Fetching spark://172.23.182.114:38157/jars/org.apache.hadoop_hadoop-client-runtime-3.3.2.jar to /tmp/spark-0529bb74-7e97-4f32-9329-cdfaf16590c7/userFiles-e50df59d-e918-4b37-9b6b-7305b594e407/fetchFileTemp15644143721251318906.tmp","logger":"airflow.task.hooks.airflow.providers.standard.hooks.subprocess.SubprocessHook"}
{"timestamp":"2025-05-06T03:55:37.190388","level":"info","event":"25/05/06 12:55:37 INFO Utils: /tmp/spark-0529bb74-7e97-4f32-9329-cdfaf16590c7/userFiles-e50df59d-e918-4b37-9b6b-7305b594e407/fetchFileTemp15644143721251318906.tmp has been previously copied to /tmp/spark-0529bb74-7e97-4f32-9329-cdfaf16590c7/userFiles-e50df59d-e918-4b37-9b6b-7305b594e407/org.apache.hadoop_hadoop-client-runtime-3.3.2.jar","logger":"airflow.task.hooks.airflow.providers.standard.hooks.subprocess.SubprocessHook"}
{"timestamp":"2025-05-06T03:55:37.268245","level":"info","event":"25/05/06 12:55:37 INFO Executor: Adding file:/tmp/spark-0529bb74-7e97-4f32-9329-cdfaf16590c7/userFiles-e50df59d-e918-4b37-9b6b-7305b594e407/org.apache.hadoop_hadoop-client-runtime-3.3.2.jar to class loader","logger":"airflow.task.hooks.airflow.providers.standard.hooks.subprocess.SubprocessHook"}
{"timestamp":"2025-05-06T03:55:37.268363","level":"info","event":"25/05/06 12:55:37 INFO Executor: Fetching spark://172.23.182.114:38157/jars/org.spark-project.spark_unused-1.0.0.jar with timestamp 1746503736012","logger":"airflow.task.hooks.airflow.providers.standard.hooks.subprocess.SubprocessHook"}
{"timestamp":"2025-05-06T03:55:37.268675","level":"info","event":"25/05/06 12:55:37 INFO Utils: Fetching spark://172.23.182.114:38157/jars/org.spark-project.spark_unused-1.0.0.jar to /tmp/spark-0529bb74-7e97-4f32-9329-cdfaf16590c7/userFiles-e50df59d-e918-4b37-9b6b-7305b594e407/fetchFileTemp3887471211265150230.tmp","logger":"airflow.task.hooks.airflow.providers.standard.hooks.subprocess.SubprocessHook"}
{"timestamp":"2025-05-06T03:55:37.269758","level":"info","event":"25/05/06 12:55:37 INFO Utils: /tmp/spark-0529bb74-7e97-4f32-9329-cdfaf16590c7/userFiles-e50df59d-e918-4b37-9b6b-7305b594e407/fetchFileTemp3887471211265150230.tmp has been previously copied to /tmp/spark-0529bb74-7e97-4f32-9329-cdfaf16590c7/userFiles-e50df59d-e918-4b37-9b6b-7305b594e407/org.spark-project.spark_unused-1.0.0.jar","logger":"airflow.task.hooks.airflow.providers.standard.hooks.subprocess.SubprocessHook"}
{"timestamp":"2025-05-06T03:55:37.271819","level":"info","event":"25/05/06 12:55:37 INFO Executor: Adding file:/tmp/spark-0529bb74-7e97-4f32-9329-cdfaf16590c7/userFiles-e50df59d-e918-4b37-9b6b-7305b594e407/org.spark-project.spark_unused-1.0.0.jar to class loader","logger":"airflow.task.hooks.airflow.providers.standard.hooks.subprocess.SubprocessHook"}
{"timestamp":"2025-05-06T03:55:37.271953","level":"info","event":"25/05/06 12:55:37 INFO Executor: Fetching spark://172.23.182.114:38157/jars/org.apache.kafka_kafka-clients-2.8.1.jar with timestamp 1746503736012","logger":"airflow.task.hooks.airflow.providers.standard.hooks.subprocess.SubprocessHook"}
{"timestamp":"2025-05-06T03:55:37.272805","level":"info","event":"25/05/06 12:55:37 INFO Utils: Fetching spark://172.23.182.114:38157/jars/org.apache.kafka_kafka-clients-2.8.1.jar to /tmp/spark-0529bb74-7e97-4f32-9329-cdfaf16590c7/userFiles-e50df59d-e918-4b37-9b6b-7305b594e407/fetchFileTemp14189313388098892635.tmp","logger":"airflow.task.hooks.airflow.providers.standard.hooks.subprocess.SubprocessHook"}
{"timestamp":"2025-05-06T03:55:37.285224","level":"info","event":"25/05/06 12:55:37 INFO Utils: /tmp/spark-0529bb74-7e97-4f32-9329-cdfaf16590c7/userFiles-e50df59d-e918-4b37-9b6b-7305b594e407/fetchFileTemp14189313388098892635.tmp has been previously copied to /tmp/spark-0529bb74-7e97-4f32-9329-cdfaf16590c7/userFiles-e50df59d-e918-4b37-9b6b-7305b594e407/org.apache.kafka_kafka-clients-2.8.1.jar","logger":"airflow.task.hooks.airflow.providers.standard.hooks.subprocess.SubprocessHook"}
{"timestamp":"2025-05-06T03:55:37.303477","level":"info","event":"25/05/06 12:55:37 INFO Executor: Adding file:/tmp/spark-0529bb74-7e97-4f32-9329-cdfaf16590c7/userFiles-e50df59d-e918-4b37-9b6b-7305b594e407/org.apache.kafka_kafka-clients-2.8.1.jar to class loader","logger":"airflow.task.hooks.airflow.providers.standard.hooks.subprocess.SubprocessHook"}
{"timestamp":"2025-05-06T03:55:37.303605","level":"info","event":"25/05/06 12:55:37 INFO Executor: Fetching spark://172.23.182.114:38157/jars/org.apache.spark_spark-token-provider-kafka-0-10_2.13-3.3.2.jar with timestamp 1746503736012","logger":"airflow.task.hooks.airflow.providers.standard.hooks.subprocess.SubprocessHook"}
{"timestamp":"2025-05-06T03:55:37.303848","level":"info","event":"25/05/06 12:55:37 INFO Utils: Fetching spark://172.23.182.114:38157/jars/org.apache.spark_spark-token-provider-kafka-0-10_2.13-3.3.2.jar to /tmp/spark-0529bb74-7e97-4f32-9329-cdfaf16590c7/userFiles-e50df59d-e918-4b37-9b6b-7305b594e407/fetchFileTemp7791664606817322777.tmp","logger":"airflow.task.hooks.airflow.providers.standard.hooks.subprocess.SubprocessHook"}
{"timestamp":"2025-05-06T03:55:37.305171","level":"info","event":"25/05/06 12:55:37 INFO Utils: /tmp/spark-0529bb74-7e97-4f32-9329-cdfaf16590c7/userFiles-e50df59d-e918-4b37-9b6b-7305b594e407/fetchFileTemp7791664606817322777.tmp has been previously copied to /tmp/spark-0529bb74-7e97-4f32-9329-cdfaf16590c7/userFiles-e50df59d-e918-4b37-9b6b-7305b594e407/org.apache.spark_spark-token-provider-kafka-0-10_2.13-3.3.2.jar","logger":"airflow.task.hooks.airflow.providers.standard.hooks.subprocess.SubprocessHook"}
{"timestamp":"2025-05-06T03:55:37.308428","level":"info","event":"25/05/06 12:55:37 INFO Executor: Adding file:/tmp/spark-0529bb74-7e97-4f32-9329-cdfaf16590c7/userFiles-e50df59d-e918-4b37-9b6b-7305b594e407/org.apache.spark_spark-token-provider-kafka-0-10_2.13-3.3.2.jar to class loader","logger":"airflow.task.hooks.airflow.providers.standard.hooks.subprocess.SubprocessHook"}
{"timestamp":"2025-05-06T03:55:37.308646","level":"info","event":"25/05/06 12:55:37 INFO Executor: Fetching spark://172.23.182.114:38157/jars/org.xerial.snappy_snappy-java-1.1.8.4.jar with timestamp 1746503736012","logger":"airflow.task.hooks.airflow.providers.standard.hooks.subprocess.SubprocessHook"}
{"timestamp":"2025-05-06T03:55:37.309036","level":"info","event":"25/05/06 12:55:37 INFO Utils: Fetching spark://172.23.182.114:38157/jars/org.xerial.snappy_snappy-java-1.1.8.4.jar to /tmp/spark-0529bb74-7e97-4f32-9329-cdfaf16590c7/userFiles-e50df59d-e918-4b37-9b6b-7305b594e407/fetchFileTemp6225466665765405958.tmp","logger":"airflow.task.hooks.airflow.providers.standard.hooks.subprocess.SubprocessHook"}
{"timestamp":"2025-05-06T03:55:37.314084","level":"info","event":"25/05/06 12:55:37 INFO Utils: /tmp/spark-0529bb74-7e97-4f32-9329-cdfaf16590c7/userFiles-e50df59d-e918-4b37-9b6b-7305b594e407/fetchFileTemp6225466665765405958.tmp has been previously copied to /tmp/spark-0529bb74-7e97-4f32-9329-cdfaf16590c7/userFiles-e50df59d-e918-4b37-9b6b-7305b594e407/org.xerial.snappy_snappy-java-1.1.8.4.jar","logger":"airflow.task.hooks.airflow.providers.standard.hooks.subprocess.SubprocessHook"}
{"timestamp":"2025-05-06T03:55:37.337483","level":"info","event":"25/05/06 12:55:37 INFO Executor: Adding file:/tmp/spark-0529bb74-7e97-4f32-9329-cdfaf16590c7/userFiles-e50df59d-e918-4b37-9b6b-7305b594e407/org.xerial.snappy_snappy-java-1.1.8.4.jar to class loader","logger":"airflow.task.hooks.airflow.providers.standard.hooks.subprocess.SubprocessHook"}
{"timestamp":"2025-05-06T03:55:37.337646","level":"info","event":"25/05/06 12:55:37 INFO Executor: Fetching spark://172.23.182.114:38157/jars/org.apache.hadoop_hadoop-client-api-3.3.2.jar with timestamp 1746503736012","logger":"airflow.task.hooks.airflow.providers.standard.hooks.subprocess.SubprocessHook"}
{"timestamp":"2025-05-06T03:55:37.338080","level":"info","event":"25/05/06 12:55:37 INFO Utils: Fetching spark://172.23.182.114:38157/jars/org.apache.hadoop_hadoop-client-api-3.3.2.jar to /tmp/spark-0529bb74-7e97-4f32-9329-cdfaf16590c7/userFiles-e50df59d-e918-4b37-9b6b-7305b594e407/fetchFileTemp12570203078003082530.tmp","logger":"airflow.task.hooks.airflow.providers.standard.hooks.subprocess.SubprocessHook"}
{"timestamp":"2025-05-06T03:55:37.392535","level":"info","event":"25/05/06 12:55:37 INFO Utils: /tmp/spark-0529bb74-7e97-4f32-9329-cdfaf16590c7/userFiles-e50df59d-e918-4b37-9b6b-7305b594e407/fetchFileTemp12570203078003082530.tmp has been previously copied to /tmp/spark-0529bb74-7e97-4f32-9329-cdfaf16590c7/userFiles-e50df59d-e918-4b37-9b6b-7305b594e407/org.apache.hadoop_hadoop-client-api-3.3.2.jar","logger":"airflow.task.hooks.airflow.providers.standard.hooks.subprocess.SubprocessHook"}
{"timestamp":"2025-05-06T03:55:37.436613","level":"info","event":"25/05/06 12:55:37 INFO Executor: Adding file:/tmp/spark-0529bb74-7e97-4f32-9329-cdfaf16590c7/userFiles-e50df59d-e918-4b37-9b6b-7305b594e407/org.apache.hadoop_hadoop-client-api-3.3.2.jar to class loader","logger":"airflow.task.hooks.airflow.providers.standard.hooks.subprocess.SubprocessHook"}
{"timestamp":"2025-05-06T03:55:37.436858","level":"info","event":"25/05/06 12:55:37 INFO Executor: Fetching spark://172.23.182.114:38157/jars/commons-logging_commons-logging-1.1.3.jar with timestamp 1746503736012","logger":"airflow.task.hooks.airflow.providers.standard.hooks.subprocess.SubprocessHook"}
{"timestamp":"2025-05-06T03:55:37.437513","level":"info","event":"25/05/06 12:55:37 INFO Utils: Fetching spark://172.23.182.114:38157/jars/commons-logging_commons-logging-1.1.3.jar to /tmp/spark-0529bb74-7e97-4f32-9329-cdfaf16590c7/userFiles-e50df59d-e918-4b37-9b6b-7305b594e407/fetchFileTemp11213917362209117403.tmp","logger":"airflow.task.hooks.airflow.providers.standard.hooks.subprocess.SubprocessHook"}
{"timestamp":"2025-05-06T03:55:37.438918","level":"info","event":"25/05/06 12:55:37 INFO Utils: /tmp/spark-0529bb74-7e97-4f32-9329-cdfaf16590c7/userFiles-e50df59d-e918-4b37-9b6b-7305b594e407/fetchFileTemp11213917362209117403.tmp has been previously copied to /tmp/spark-0529bb74-7e97-4f32-9329-cdfaf16590c7/userFiles-e50df59d-e918-4b37-9b6b-7305b594e407/commons-logging_commons-logging-1.1.3.jar","logger":"airflow.task.hooks.airflow.providers.standard.hooks.subprocess.SubprocessHook"}
{"timestamp":"2025-05-06T03:55:37.442814","level":"info","event":"25/05/06 12:55:37 INFO Executor: Adding file:/tmp/spark-0529bb74-7e97-4f32-9329-cdfaf16590c7/userFiles-e50df59d-e918-4b37-9b6b-7305b594e407/commons-logging_commons-logging-1.1.3.jar to class loader","logger":"airflow.task.hooks.airflow.providers.standard.hooks.subprocess.SubprocessHook"}
{"timestamp":"2025-05-06T03:55:37.442944","level":"info","event":"25/05/06 12:55:37 INFO Executor: Fetching spark://172.23.182.114:38157/jars/org.apache.spark_spark-sql-kafka-0-10_2.13-3.3.2.jar with timestamp 1746503736012","logger":"airflow.task.hooks.airflow.providers.standard.hooks.subprocess.SubprocessHook"}
{"timestamp":"2025-05-06T03:55:37.443288","level":"info","event":"25/05/06 12:55:37 INFO Utils: Fetching spark://172.23.182.114:38157/jars/org.apache.spark_spark-sql-kafka-0-10_2.13-3.3.2.jar to /tmp/spark-0529bb74-7e97-4f32-9329-cdfaf16590c7/userFiles-e50df59d-e918-4b37-9b6b-7305b594e407/fetchFileTemp4565045680805780596.tmp","logger":"airflow.task.hooks.airflow.providers.standard.hooks.subprocess.SubprocessHook"}
{"timestamp":"2025-05-06T03:55:37.445372","level":"info","event":"25/05/06 12:55:37 INFO Utils: /tmp/spark-0529bb74-7e97-4f32-9329-cdfaf16590c7/userFiles-e50df59d-e918-4b37-9b6b-7305b594e407/fetchFileTemp4565045680805780596.tmp has been previously copied to /tmp/spark-0529bb74-7e97-4f32-9329-cdfaf16590c7/userFiles-e50df59d-e918-4b37-9b6b-7305b594e407/org.apache.spark_spark-sql-kafka-0-10_2.13-3.3.2.jar","logger":"airflow.task.hooks.airflow.providers.standard.hooks.subprocess.SubprocessHook"}
{"timestamp":"2025-05-06T03:55:37.449387","level":"info","event":"25/05/06 12:55:37 INFO Executor: Adding file:/tmp/spark-0529bb74-7e97-4f32-9329-cdfaf16590c7/userFiles-e50df59d-e918-4b37-9b6b-7305b594e407/org.apache.spark_spark-sql-kafka-0-10_2.13-3.3.2.jar to class loader","logger":"airflow.task.hooks.airflow.providers.standard.hooks.subprocess.SubprocessHook"}
{"timestamp":"2025-05-06T03:55:37.457356","level":"info","event":"25/05/06 12:55:37 INFO Utils: Successfully started service 'org.apache.spark.network.netty.NettyBlockTransferService' on port 40221.","logger":"airflow.task.hooks.airflow.providers.standard.hooks.subprocess.SubprocessHook"}
{"timestamp":"2025-05-06T03:55:37.457479","level":"info","event":"25/05/06 12:55:37 INFO NettyBlockTransferService: Server created on 172.23.182.114:40221","logger":"airflow.task.hooks.airflow.providers.standard.hooks.subprocess.SubprocessHook"}
{"timestamp":"2025-05-06T03:55:37.459442","level":"info","event":"25/05/06 12:55:37 INFO BlockManager: Using org.apache.spark.storage.RandomBlockReplicationPolicy for block replication policy","logger":"airflow.task.hooks.airflow.providers.standard.hooks.subprocess.SubprocessHook"}
{"timestamp":"2025-05-06T03:55:37.464277","level":"info","event":"25/05/06 12:55:37 INFO BlockManagerMaster: Registering BlockManager BlockManagerId(driver, 172.23.182.114, 40221, None)","logger":"airflow.task.hooks.airflow.providers.standard.hooks.subprocess.SubprocessHook"}
{"timestamp":"2025-05-06T03:55:37.467350","level":"info","event":"25/05/06 12:55:37 INFO BlockManagerMasterEndpoint: Registering block manager 172.23.182.114:40221 with 434.4 MiB RAM, BlockManagerId(driver, 172.23.182.114, 40221, None)","logger":"airflow.task.hooks.airflow.providers.standard.hooks.subprocess.SubprocessHook"}
{"timestamp":"2025-05-06T03:55:37.470100","level":"info","event":"25/05/06 12:55:37 INFO BlockManagerMaster: Registered BlockManager BlockManagerId(driver, 172.23.182.114, 40221, None)","logger":"airflow.task.hooks.airflow.providers.standard.hooks.subprocess.SubprocessHook"}
{"timestamp":"2025-05-06T03:55:37.472114","level":"info","event":"25/05/06 12:55:37 INFO BlockManager: Initialized BlockManager: BlockManagerId(driver, 172.23.182.114, 40221, None)","logger":"airflow.task.hooks.airflow.providers.standard.hooks.subprocess.SubprocessHook"}
{"timestamp":"2025-05-06T03:55:41.314843Z","level":"error","event":"Process terminated by signal","signal":-2,"signal_name":"SIGINT","logger":"task"}
