{"timestamp":"2025-05-06T03:56:49.464974","level":"info","event":"DAG bundles loaded: dags-folder","logger":"airflow.dag_processing.bundles.manager.DagBundlesManager"}
{"timestamp":"2025-05-06T03:56:49.465431","level":"info","event":"Filling up the DagBag from /home/jjlee/workspace/GSBE/project-root/airflow-dags/dags/game_logs_pipeline_dag.py","logger":"airflow.models.dagbag.DagBag"}
{"timestamp":"2025-05-06T03:56:49.474362","level":"info","event":"Tmp dir root location: /tmp","logger":"airflow.task.hooks.airflow.providers.standard.hooks.subprocess.SubprocessHook"}
{"timestamp":"2025-05-06T03:56:49.475335","level":"info","event":"Running command: ['/usr/bin/bash', '-c', 'cd ~/workspace/GSBE/project-root/spark-streaming && $SPARK_HOME/bin/spark-submit --jars ~/workspace/GSBE/mysql-connector-java-8.4.0.jar --packages org.apache.spark:spark-sql-kafka-0-10_2.13:3.3.2,org.apache.spark:spark-token-provider-kafka-0-10_2.13:3.3.2 transformation_processor.py']","logger":"airflow.task.hooks.airflow.providers.standard.hooks.subprocess.SubprocessHook"}
{"timestamp":"2025-05-06T03:56:49.482280","level":"info","event":"Output:","logger":"airflow.task.hooks.airflow.providers.standard.hooks.subprocess.SubprocessHook"}
{"timestamp":"2025-05-06T03:56:50.894108","level":"info","event":"25/05/06 12:56:50 WARN Utils: Your hostname, DESKTOP-T4DM29K resolves to a loopback address: 127.0.1.1; using 172.23.182.114 instead (on interface eth0)","logger":"airflow.task.hooks.airflow.providers.standard.hooks.subprocess.SubprocessHook"}
{"timestamp":"2025-05-06T03:56:50.921906","level":"info","event":"25/05/06 12:56:50 WARN Utils: Set SPARK_LOCAL_IP if you need to bind to another address","logger":"airflow.task.hooks.airflow.providers.standard.hooks.subprocess.SubprocessHook"}
{"timestamp":"2025-05-06T03:56:52.013775","level":"info","event":":: loading settings :: url = jar:file:/home/jjlee/workspace/GSBE/spark-new/jars/ivy-2.5.1.jar!/org/apache/ivy/core/settings/ivysettings.xml","logger":"airflow.task.hooks.airflow.providers.standard.hooks.subprocess.SubprocessHook"}
{"timestamp":"2025-05-06T03:56:52.061504","level":"info","event":"Ivy Default Cache set to: /home/jjlee/.ivy2/cache","logger":"airflow.task.hooks.airflow.providers.standard.hooks.subprocess.SubprocessHook"}
{"timestamp":"2025-05-06T03:56:52.061641","level":"info","event":"The jars for the packages stored in: /home/jjlee/.ivy2/jars","logger":"airflow.task.hooks.airflow.providers.standard.hooks.subprocess.SubprocessHook"}
{"timestamp":"2025-05-06T03:56:52.072282","level":"info","event":"org.apache.spark#spark-sql-kafka-0-10_2.13 added as a dependency","logger":"airflow.task.hooks.airflow.providers.standard.hooks.subprocess.SubprocessHook"}
{"timestamp":"2025-05-06T03:56:52.072418","level":"info","event":"org.apache.spark#spark-token-provider-kafka-0-10_2.13 added as a dependency","logger":"airflow.task.hooks.airflow.providers.standard.hooks.subprocess.SubprocessHook"}
{"timestamp":"2025-05-06T03:56:52.072951","level":"info","event":":: resolving dependencies :: org.apache.spark#spark-submit-parent-975aee0a-20c9-4ae8-8803-f445444ccfb6;1.0","logger":"airflow.task.hooks.airflow.providers.standard.hooks.subprocess.SubprocessHook"}
{"timestamp":"2025-05-06T03:56:52.073055","level":"info","event":"\tconfs: [default]","logger":"airflow.task.hooks.airflow.providers.standard.hooks.subprocess.SubprocessHook"}
{"timestamp":"2025-05-06T03:56:52.195926","level":"info","event":"\tfound org.apache.spark#spark-sql-kafka-0-10_2.13;3.3.2 in central","logger":"airflow.task.hooks.airflow.providers.standard.hooks.subprocess.SubprocessHook"}
{"timestamp":"2025-05-06T03:56:52.238872","level":"info","event":"\tfound org.apache.spark#spark-token-provider-kafka-0-10_2.13;3.3.2 in central","logger":"airflow.task.hooks.airflow.providers.standard.hooks.subprocess.SubprocessHook"}
{"timestamp":"2025-05-06T03:56:52.261872","level":"info","event":"\tfound org.apache.kafka#kafka-clients;2.8.1 in central","logger":"airflow.task.hooks.airflow.providers.standard.hooks.subprocess.SubprocessHook"}
{"timestamp":"2025-05-06T03:56:52.284485","level":"info","event":"\tfound org.lz4#lz4-java;1.8.0 in central","logger":"airflow.task.hooks.airflow.providers.standard.hooks.subprocess.SubprocessHook"}
{"timestamp":"2025-05-06T03:56:52.303489","level":"info","event":"\tfound org.xerial.snappy#snappy-java;1.1.8.4 in central","logger":"airflow.task.hooks.airflow.providers.standard.hooks.subprocess.SubprocessHook"}
{"timestamp":"2025-05-06T03:56:52.317884","level":"info","event":"\tfound org.slf4j#slf4j-api;1.7.32 in central","logger":"airflow.task.hooks.airflow.providers.standard.hooks.subprocess.SubprocessHook"}
{"timestamp":"2025-05-06T03:56:52.334635","level":"info","event":"\tfound org.apache.hadoop#hadoop-client-runtime;3.3.2 in central","logger":"airflow.task.hooks.airflow.providers.standard.hooks.subprocess.SubprocessHook"}
{"timestamp":"2025-05-06T03:56:52.344073","level":"info","event":"\tfound org.spark-project.spark#unused;1.0.0 in central","logger":"airflow.task.hooks.airflow.providers.standard.hooks.subprocess.SubprocessHook"}
{"timestamp":"2025-05-06T03:56:52.360597","level":"info","event":"\tfound org.apache.hadoop#hadoop-client-api;3.3.2 in central","logger":"airflow.task.hooks.airflow.providers.standard.hooks.subprocess.SubprocessHook"}
{"timestamp":"2025-05-06T03:56:52.374721","level":"info","event":"\tfound commons-logging#commons-logging;1.1.3 in central","logger":"airflow.task.hooks.airflow.providers.standard.hooks.subprocess.SubprocessHook"}
{"timestamp":"2025-05-06T03:56:52.384980","level":"info","event":"\tfound com.google.code.findbugs#jsr305;3.0.0 in central","logger":"airflow.task.hooks.airflow.providers.standard.hooks.subprocess.SubprocessHook"}
{"timestamp":"2025-05-06T03:56:52.405027","level":"info","event":"\tfound org.scala-lang.modules#scala-parallel-collections_2.13;1.0.3 in central","logger":"airflow.task.hooks.airflow.providers.standard.hooks.subprocess.SubprocessHook"}
{"timestamp":"2025-05-06T03:56:52.421864","level":"info","event":"\tfound org.apache.commons#commons-pool2;2.11.1 in central","logger":"airflow.task.hooks.airflow.providers.standard.hooks.subprocess.SubprocessHook"}
{"timestamp":"2025-05-06T03:56:52.440179","level":"info","event":":: resolution report :: resolve 359ms :: artifacts dl 8ms","logger":"airflow.task.hooks.airflow.providers.standard.hooks.subprocess.SubprocessHook"}
{"timestamp":"2025-05-06T03:56:52.440412","level":"info","event":"\t:: modules in use:","logger":"airflow.task.hooks.airflow.providers.standard.hooks.subprocess.SubprocessHook"}
{"timestamp":"2025-05-06T03:56:52.440475","level":"info","event":"\tcom.google.code.findbugs#jsr305;3.0.0 from central in [default]","logger":"airflow.task.hooks.airflow.providers.standard.hooks.subprocess.SubprocessHook"}
{"timestamp":"2025-05-06T03:56:52.440521","level":"info","event":"\tcommons-logging#commons-logging;1.1.3 from central in [default]","logger":"airflow.task.hooks.airflow.providers.standard.hooks.subprocess.SubprocessHook"}
{"timestamp":"2025-05-06T03:56:52.440563","level":"info","event":"\torg.apache.commons#commons-pool2;2.11.1 from central in [default]","logger":"airflow.task.hooks.airflow.providers.standard.hooks.subprocess.SubprocessHook"}
{"timestamp":"2025-05-06T03:56:52.440606","level":"info","event":"\torg.apache.hadoop#hadoop-client-api;3.3.2 from central in [default]","logger":"airflow.task.hooks.airflow.providers.standard.hooks.subprocess.SubprocessHook"}
{"timestamp":"2025-05-06T03:56:52.440648","level":"info","event":"\torg.apache.hadoop#hadoop-client-runtime;3.3.2 from central in [default]","logger":"airflow.task.hooks.airflow.providers.standard.hooks.subprocess.SubprocessHook"}
{"timestamp":"2025-05-06T03:56:52.440686","level":"info","event":"\torg.apache.kafka#kafka-clients;2.8.1 from central in [default]","logger":"airflow.task.hooks.airflow.providers.standard.hooks.subprocess.SubprocessHook"}
{"timestamp":"2025-05-06T03:56:52.440724","level":"info","event":"\torg.apache.spark#spark-sql-kafka-0-10_2.13;3.3.2 from central in [default]","logger":"airflow.task.hooks.airflow.providers.standard.hooks.subprocess.SubprocessHook"}
{"timestamp":"2025-05-06T03:56:52.440761","level":"info","event":"\torg.apache.spark#spark-token-provider-kafka-0-10_2.13;3.3.2 from central in [default]","logger":"airflow.task.hooks.airflow.providers.standard.hooks.subprocess.SubprocessHook"}
{"timestamp":"2025-05-06T03:56:52.440800","level":"info","event":"\torg.lz4#lz4-java;1.8.0 from central in [default]","logger":"airflow.task.hooks.airflow.providers.standard.hooks.subprocess.SubprocessHook"}
{"timestamp":"2025-05-06T03:56:52.440837","level":"info","event":"\torg.scala-lang.modules#scala-parallel-collections_2.13;1.0.3 from central in [default]","logger":"airflow.task.hooks.airflow.providers.standard.hooks.subprocess.SubprocessHook"}
{"timestamp":"2025-05-06T03:56:52.440896","level":"info","event":"\torg.slf4j#slf4j-api;1.7.32 from central in [default]","logger":"airflow.task.hooks.airflow.providers.standard.hooks.subprocess.SubprocessHook"}
{"timestamp":"2025-05-06T03:56:52.440946","level":"info","event":"\torg.spark-project.spark#unused;1.0.0 from central in [default]","logger":"airflow.task.hooks.airflow.providers.standard.hooks.subprocess.SubprocessHook"}
{"timestamp":"2025-05-06T03:56:52.440984","level":"info","event":"\torg.xerial.snappy#snappy-java;1.1.8.4 from central in [default]","logger":"airflow.task.hooks.airflow.providers.standard.hooks.subprocess.SubprocessHook"}
{"timestamp":"2025-05-06T03:56:52.441021","level":"info","event":"\t---------------------------------------------------------------------","logger":"airflow.task.hooks.airflow.providers.standard.hooks.subprocess.SubprocessHook"}
{"timestamp":"2025-05-06T03:56:52.441056","level":"info","event":"\t|                  |            modules            ||   artifacts   |","logger":"airflow.task.hooks.airflow.providers.standard.hooks.subprocess.SubprocessHook"}
{"timestamp":"2025-05-06T03:56:52.441092","level":"info","event":"\t|       conf       | number| search|dwnlded|evicted|| number|dwnlded|","logger":"airflow.task.hooks.airflow.providers.standard.hooks.subprocess.SubprocessHook"}
{"timestamp":"2025-05-06T03:56:52.441129","level":"info","event":"\t---------------------------------------------------------------------","logger":"airflow.task.hooks.airflow.providers.standard.hooks.subprocess.SubprocessHook"}
{"timestamp":"2025-05-06T03:56:52.441166","level":"info","event":"\t|      default     |   13  |   0   |   0   |   0   ||   13  |   0   |","logger":"airflow.task.hooks.airflow.providers.standard.hooks.subprocess.SubprocessHook"}
{"timestamp":"2025-05-06T03:56:52.441202","level":"info","event":"\t---------------------------------------------------------------------","logger":"airflow.task.hooks.airflow.providers.standard.hooks.subprocess.SubprocessHook"}
{"timestamp":"2025-05-06T03:56:52.446349","level":"info","event":":: retrieving :: org.apache.spark#spark-submit-parent-975aee0a-20c9-4ae8-8803-f445444ccfb6","logger":"airflow.task.hooks.airflow.providers.standard.hooks.subprocess.SubprocessHook"}
{"timestamp":"2025-05-06T03:56:52.446516","level":"info","event":"\tconfs: [default]","logger":"airflow.task.hooks.airflow.providers.standard.hooks.subprocess.SubprocessHook"}
{"timestamp":"2025-05-06T03:56:52.452525","level":"info","event":"\t0 artifacts copied, 13 already retrieved (0kB/6ms)","logger":"airflow.task.hooks.airflow.providers.standard.hooks.subprocess.SubprocessHook"}
{"timestamp":"2025-05-06T03:56:52.634322","level":"info","event":"25/05/06 12:56:52 WARN NativeCodeLoader: Unable to load native-hadoop library for your platform... using builtin-java classes where applicable","logger":"airflow.task.hooks.airflow.providers.standard.hooks.subprocess.SubprocessHook"}
{"timestamp":"2025-05-06T03:56:53.347612","level":"info","event":"25/05/06 12:56:53 INFO SparkContext: Running Spark version 3.3.2","logger":"airflow.task.hooks.airflow.providers.standard.hooks.subprocess.SubprocessHook"}
{"timestamp":"2025-05-06T03:56:53.364323","level":"info","event":"25/05/06 12:56:53 INFO ResourceUtils: ==============================================================","logger":"airflow.task.hooks.airflow.providers.standard.hooks.subprocess.SubprocessHook"}
{"timestamp":"2025-05-06T03:56:53.364554","level":"info","event":"25/05/06 12:56:53 INFO ResourceUtils: No custom resources configured for spark.driver.","logger":"airflow.task.hooks.airflow.providers.standard.hooks.subprocess.SubprocessHook"}
{"timestamp":"2025-05-06T03:56:53.364801","level":"info","event":"25/05/06 12:56:53 INFO ResourceUtils: ==============================================================","logger":"airflow.task.hooks.airflow.providers.standard.hooks.subprocess.SubprocessHook"}
{"timestamp":"2025-05-06T03:56:53.365139","level":"info","event":"25/05/06 12:56:53 INFO SparkContext: Submitted application: KafkaMySQLTransformation","logger":"airflow.task.hooks.airflow.providers.standard.hooks.subprocess.SubprocessHook"}
{"timestamp":"2025-05-06T03:56:53.382008","level":"info","event":"25/05/06 12:56:53 INFO ResourceProfile: Default ResourceProfile created, executor resources: Map(cores -> name: cores, amount: 1, script: , vendor: , memory -> name: memory, amount: 1024, script: , vendor: , offHeap -> name: offHeap, amount: 0, script: , vendor: ), task resources: Map(cpus -> name: cpus, amount: 1.0)","logger":"airflow.task.hooks.airflow.providers.standard.hooks.subprocess.SubprocessHook"}
{"timestamp":"2025-05-06T03:56:53.385142","level":"info","event":"25/05/06 12:56:53 INFO ResourceProfile: Limiting resource is cpu","logger":"airflow.task.hooks.airflow.providers.standard.hooks.subprocess.SubprocessHook"}
{"timestamp":"2025-05-06T03:56:53.385877","level":"info","event":"25/05/06 12:56:53 INFO ResourceProfileManager: Added ResourceProfile id: 0","logger":"airflow.task.hooks.airflow.providers.standard.hooks.subprocess.SubprocessHook"}
{"timestamp":"2025-05-06T03:56:53.433601","level":"info","event":"25/05/06 12:56:53 INFO SecurityManager: Changing view acls to: jjlee","logger":"airflow.task.hooks.airflow.providers.standard.hooks.subprocess.SubprocessHook"}
{"timestamp":"2025-05-06T03:56:53.434039","level":"info","event":"25/05/06 12:56:53 INFO SecurityManager: Changing modify acls to: jjlee","logger":"airflow.task.hooks.airflow.providers.standard.hooks.subprocess.SubprocessHook"}
{"timestamp":"2025-05-06T03:56:53.434387","level":"info","event":"25/05/06 12:56:53 INFO SecurityManager: Changing view acls groups to:","logger":"airflow.task.hooks.airflow.providers.standard.hooks.subprocess.SubprocessHook"}
{"timestamp":"2025-05-06T03:56:53.434687","level":"info","event":"25/05/06 12:56:53 INFO SecurityManager: Changing modify acls groups to:","logger":"airflow.task.hooks.airflow.providers.standard.hooks.subprocess.SubprocessHook"}
{"timestamp":"2025-05-06T03:56:53.435110","level":"info","event":"25/05/06 12:56:53 INFO SecurityManager: SecurityManager: authentication disabled; ui acls disabled; users  with view permissions: Set(jjlee); groups with view permissions: Set(); users  with modify permissions: Set(jjlee); groups with modify permissions: Set()","logger":"airflow.task.hooks.airflow.providers.standard.hooks.subprocess.SubprocessHook"}
{"timestamp":"2025-05-06T03:56:53.668781","level":"info","event":"25/05/06 12:56:53 INFO Utils: Successfully started service 'sparkDriver' on port 45075.","logger":"airflow.task.hooks.airflow.providers.standard.hooks.subprocess.SubprocessHook"}
{"timestamp":"2025-05-06T03:56:53.690513","level":"info","event":"25/05/06 12:56:53 INFO SparkEnv: Registering MapOutputTracker","logger":"airflow.task.hooks.airflow.providers.standard.hooks.subprocess.SubprocessHook"}
{"timestamp":"2025-05-06T03:56:53.715206","level":"info","event":"25/05/06 12:56:53 INFO SparkEnv: Registering BlockManagerMaster","logger":"airflow.task.hooks.airflow.providers.standard.hooks.subprocess.SubprocessHook"}
{"timestamp":"2025-05-06T03:56:53.731917","level":"info","event":"25/05/06 12:56:53 INFO BlockManagerMasterEndpoint: Using org.apache.spark.storage.DefaultTopologyMapper for getting topology information","logger":"airflow.task.hooks.airflow.providers.standard.hooks.subprocess.SubprocessHook"}
{"timestamp":"2025-05-06T03:56:53.732277","level":"info","event":"25/05/06 12:56:53 INFO BlockManagerMasterEndpoint: BlockManagerMasterEndpoint up","logger":"airflow.task.hooks.airflow.providers.standard.hooks.subprocess.SubprocessHook"}
{"timestamp":"2025-05-06T03:56:53.735016","level":"info","event":"25/05/06 12:56:53 INFO SparkEnv: Registering BlockManagerMasterHeartbeat","logger":"airflow.task.hooks.airflow.providers.standard.hooks.subprocess.SubprocessHook"}
{"timestamp":"2025-05-06T03:56:53.749517","level":"info","event":"25/05/06 12:56:53 INFO DiskBlockManager: Created local directory at /tmp/blockmgr-5d2fa691-9ca9-4440-8151-4f74fc995fcc","logger":"airflow.task.hooks.airflow.providers.standard.hooks.subprocess.SubprocessHook"}
{"timestamp":"2025-05-06T03:56:53.760825","level":"info","event":"25/05/06 12:56:53 INFO MemoryStore: MemoryStore started with capacity 434.4 MiB","logger":"airflow.task.hooks.airflow.providers.standard.hooks.subprocess.SubprocessHook"}
{"timestamp":"2025-05-06T03:56:53.771221","level":"info","event":"25/05/06 12:56:53 INFO SparkEnv: Registering OutputCommitCoordinator","logger":"airflow.task.hooks.airflow.providers.standard.hooks.subprocess.SubprocessHook"}
{"timestamp":"2025-05-06T03:56:53.891437","level":"info","event":"25/05/06 12:56:53 INFO Utils: Successfully started service 'SparkUI' on port 4040.","logger":"airflow.task.hooks.airflow.providers.standard.hooks.subprocess.SubprocessHook"}
{"timestamp":"2025-05-06T03:56:53.926563","level":"info","event":"25/05/06 12:56:53 INFO SparkContext: Added JAR file:///home/jjlee/workspace/GSBE/mysql-connector-java-8.4.0.jar at spark://172.23.182.114:45075/jars/mysql-connector-java-8.4.0.jar with timestamp 1746503813342","logger":"airflow.task.hooks.airflow.providers.standard.hooks.subprocess.SubprocessHook"}
{"timestamp":"2025-05-06T03:56:53.926804","level":"info","event":"25/05/06 12:56:53 INFO SparkContext: Added JAR file:///home/jjlee/.ivy2/jars/org.apache.spark_spark-sql-kafka-0-10_2.13-3.3.2.jar at spark://172.23.182.114:45075/jars/org.apache.spark_spark-sql-kafka-0-10_2.13-3.3.2.jar with timestamp 1746503813342","logger":"airflow.task.hooks.airflow.providers.standard.hooks.subprocess.SubprocessHook"}
{"timestamp":"2025-05-06T03:56:53.926959","level":"info","event":"25/05/06 12:56:53 INFO SparkContext: Added JAR file:///home/jjlee/.ivy2/jars/org.apache.spark_spark-token-provider-kafka-0-10_2.13-3.3.2.jar at spark://172.23.182.114:45075/jars/org.apache.spark_spark-token-provider-kafka-0-10_2.13-3.3.2.jar with timestamp 1746503813342","logger":"airflow.task.hooks.airflow.providers.standard.hooks.subprocess.SubprocessHook"}
{"timestamp":"2025-05-06T03:56:53.927042","level":"info","event":"25/05/06 12:56:53 INFO SparkContext: Added JAR file:///home/jjlee/.ivy2/jars/org.scala-lang.modules_scala-parallel-collections_2.13-1.0.3.jar at spark://172.23.182.114:45075/jars/org.scala-lang.modules_scala-parallel-collections_2.13-1.0.3.jar with timestamp 1746503813342","logger":"airflow.task.hooks.airflow.providers.standard.hooks.subprocess.SubprocessHook"}
{"timestamp":"2025-05-06T03:56:53.927221","level":"info","event":"25/05/06 12:56:53 INFO SparkContext: Added JAR file:///home/jjlee/.ivy2/jars/org.apache.kafka_kafka-clients-2.8.1.jar at spark://172.23.182.114:45075/jars/org.apache.kafka_kafka-clients-2.8.1.jar with timestamp 1746503813342","logger":"airflow.task.hooks.airflow.providers.standard.hooks.subprocess.SubprocessHook"}
{"timestamp":"2025-05-06T03:56:53.927377","level":"info","event":"25/05/06 12:56:53 INFO SparkContext: Added JAR file:///home/jjlee/.ivy2/jars/com.google.code.findbugs_jsr305-3.0.0.jar at spark://172.23.182.114:45075/jars/com.google.code.findbugs_jsr305-3.0.0.jar with timestamp 1746503813342","logger":"airflow.task.hooks.airflow.providers.standard.hooks.subprocess.SubprocessHook"}
{"timestamp":"2025-05-06T03:56:53.927525","level":"info","event":"25/05/06 12:56:53 INFO SparkContext: Added JAR file:///home/jjlee/.ivy2/jars/org.apache.commons_commons-pool2-2.11.1.jar at spark://172.23.182.114:45075/jars/org.apache.commons_commons-pool2-2.11.1.jar with timestamp 1746503813342","logger":"airflow.task.hooks.airflow.providers.standard.hooks.subprocess.SubprocessHook"}
{"timestamp":"2025-05-06T03:56:53.927598","level":"info","event":"25/05/06 12:56:53 INFO SparkContext: Added JAR file:///home/jjlee/.ivy2/jars/org.spark-project.spark_unused-1.0.0.jar at spark://172.23.182.114:45075/jars/org.spark-project.spark_unused-1.0.0.jar with timestamp 1746503813342","logger":"airflow.task.hooks.airflow.providers.standard.hooks.subprocess.SubprocessHook"}
{"timestamp":"2025-05-06T03:56:53.927786","level":"info","event":"25/05/06 12:56:53 INFO SparkContext: Added JAR file:///home/jjlee/.ivy2/jars/org.apache.hadoop_hadoop-client-runtime-3.3.2.jar at spark://172.23.182.114:45075/jars/org.apache.hadoop_hadoop-client-runtime-3.3.2.jar with timestamp 1746503813342","logger":"airflow.task.hooks.airflow.providers.standard.hooks.subprocess.SubprocessHook"}
{"timestamp":"2025-05-06T03:56:53.927938","level":"info","event":"25/05/06 12:56:53 INFO SparkContext: Added JAR file:///home/jjlee/.ivy2/jars/org.lz4_lz4-java-1.8.0.jar at spark://172.23.182.114:45075/jars/org.lz4_lz4-java-1.8.0.jar with timestamp 1746503813342","logger":"airflow.task.hooks.airflow.providers.standard.hooks.subprocess.SubprocessHook"}
{"timestamp":"2025-05-06T03:56:53.928016","level":"info","event":"25/05/06 12:56:53 INFO SparkContext: Added JAR file:///home/jjlee/.ivy2/jars/org.xerial.snappy_snappy-java-1.1.8.4.jar at spark://172.23.182.114:45075/jars/org.xerial.snappy_snappy-java-1.1.8.4.jar with timestamp 1746503813342","logger":"airflow.task.hooks.airflow.providers.standard.hooks.subprocess.SubprocessHook"}
{"timestamp":"2025-05-06T03:56:53.928194","level":"info","event":"25/05/06 12:56:53 INFO SparkContext: Added JAR file:///home/jjlee/.ivy2/jars/org.slf4j_slf4j-api-1.7.32.jar at spark://172.23.182.114:45075/jars/org.slf4j_slf4j-api-1.7.32.jar with timestamp 1746503813342","logger":"airflow.task.hooks.airflow.providers.standard.hooks.subprocess.SubprocessHook"}
{"timestamp":"2025-05-06T03:56:53.928286","level":"info","event":"25/05/06 12:56:53 INFO SparkContext: Added JAR file:///home/jjlee/.ivy2/jars/org.apache.hadoop_hadoop-client-api-3.3.2.jar at spark://172.23.182.114:45075/jars/org.apache.hadoop_hadoop-client-api-3.3.2.jar with timestamp 1746503813342","logger":"airflow.task.hooks.airflow.providers.standard.hooks.subprocess.SubprocessHook"}
{"timestamp":"2025-05-06T03:56:53.928479","level":"info","event":"25/05/06 12:56:53 INFO SparkContext: Added JAR file:///home/jjlee/.ivy2/jars/commons-logging_commons-logging-1.1.3.jar at spark://172.23.182.114:45075/jars/commons-logging_commons-logging-1.1.3.jar with timestamp 1746503813342","logger":"airflow.task.hooks.airflow.providers.standard.hooks.subprocess.SubprocessHook"}
{"timestamp":"2025-05-06T03:56:53.930503","level":"info","event":"25/05/06 12:56:53 INFO SparkContext: Added file file:///home/jjlee/.ivy2/jars/org.apache.spark_spark-sql-kafka-0-10_2.13-3.3.2.jar at file:///home/jjlee/.ivy2/jars/org.apache.spark_spark-sql-kafka-0-10_2.13-3.3.2.jar with timestamp 1746503813342","logger":"airflow.task.hooks.airflow.providers.standard.hooks.subprocess.SubprocessHook"}
{"timestamp":"2025-05-06T03:56:53.931422","level":"info","event":"25/05/06 12:56:53 INFO Utils: Copying /home/jjlee/.ivy2/jars/org.apache.spark_spark-sql-kafka-0-10_2.13-3.3.2.jar to /tmp/spark-1bd811f1-f5ee-4a3f-9eaa-5482d7be4181/userFiles-f1939d5a-1a84-468c-bcdc-41861f81a001/org.apache.spark_spark-sql-kafka-0-10_2.13-3.3.2.jar","logger":"airflow.task.hooks.airflow.providers.standard.hooks.subprocess.SubprocessHook"}
{"timestamp":"2025-05-06T03:56:53.945764","level":"info","event":"25/05/06 12:56:53 INFO SparkContext: Added file file:///home/jjlee/.ivy2/jars/org.apache.spark_spark-token-provider-kafka-0-10_2.13-3.3.2.jar at file:///home/jjlee/.ivy2/jars/org.apache.spark_spark-token-provider-kafka-0-10_2.13-3.3.2.jar with timestamp 1746503813342","logger":"airflow.task.hooks.airflow.providers.standard.hooks.subprocess.SubprocessHook"}
{"timestamp":"2025-05-06T03:56:53.945960","level":"info","event":"25/05/06 12:56:53 INFO Utils: Copying /home/jjlee/.ivy2/jars/org.apache.spark_spark-token-provider-kafka-0-10_2.13-3.3.2.jar to /tmp/spark-1bd811f1-f5ee-4a3f-9eaa-5482d7be4181/userFiles-f1939d5a-1a84-468c-bcdc-41861f81a001/org.apache.spark_spark-token-provider-kafka-0-10_2.13-3.3.2.jar","logger":"airflow.task.hooks.airflow.providers.standard.hooks.subprocess.SubprocessHook"}
{"timestamp":"2025-05-06T03:56:53.949742","level":"info","event":"25/05/06 12:56:53 INFO SparkContext: Added file file:///home/jjlee/.ivy2/jars/org.scala-lang.modules_scala-parallel-collections_2.13-1.0.3.jar at file:///home/jjlee/.ivy2/jars/org.scala-lang.modules_scala-parallel-collections_2.13-1.0.3.jar with timestamp 1746503813342","logger":"airflow.task.hooks.airflow.providers.standard.hooks.subprocess.SubprocessHook"}
{"timestamp":"2025-05-06T03:56:53.949882","level":"info","event":"25/05/06 12:56:53 INFO Utils: Copying /home/jjlee/.ivy2/jars/org.scala-lang.modules_scala-parallel-collections_2.13-1.0.3.jar to /tmp/spark-1bd811f1-f5ee-4a3f-9eaa-5482d7be4181/userFiles-f1939d5a-1a84-468c-bcdc-41861f81a001/org.scala-lang.modules_scala-parallel-collections_2.13-1.0.3.jar","logger":"airflow.task.hooks.airflow.providers.standard.hooks.subprocess.SubprocessHook"}
{"timestamp":"2025-05-06T03:56:53.953013","level":"info","event":"25/05/06 12:56:53 INFO SparkContext: Added file file:///home/jjlee/.ivy2/jars/org.apache.kafka_kafka-clients-2.8.1.jar at file:///home/jjlee/.ivy2/jars/org.apache.kafka_kafka-clients-2.8.1.jar with timestamp 1746503813342","logger":"airflow.task.hooks.airflow.providers.standard.hooks.subprocess.SubprocessHook"}
{"timestamp":"2025-05-06T03:56:53.953263","level":"info","event":"25/05/06 12:56:53 INFO Utils: Copying /home/jjlee/.ivy2/jars/org.apache.kafka_kafka-clients-2.8.1.jar to /tmp/spark-1bd811f1-f5ee-4a3f-9eaa-5482d7be4181/userFiles-f1939d5a-1a84-468c-bcdc-41861f81a001/org.apache.kafka_kafka-clients-2.8.1.jar","logger":"airflow.task.hooks.airflow.providers.standard.hooks.subprocess.SubprocessHook"}
{"timestamp":"2025-05-06T03:56:53.961514","level":"info","event":"25/05/06 12:56:53 INFO SparkContext: Added file file:///home/jjlee/.ivy2/jars/com.google.code.findbugs_jsr305-3.0.0.jar at file:///home/jjlee/.ivy2/jars/com.google.code.findbugs_jsr305-3.0.0.jar with timestamp 1746503813342","logger":"airflow.task.hooks.airflow.providers.standard.hooks.subprocess.SubprocessHook"}
{"timestamp":"2025-05-06T03:56:53.961651","level":"info","event":"25/05/06 12:56:53 INFO Utils: Copying /home/jjlee/.ivy2/jars/com.google.code.findbugs_jsr305-3.0.0.jar to /tmp/spark-1bd811f1-f5ee-4a3f-9eaa-5482d7be4181/userFiles-f1939d5a-1a84-468c-bcdc-41861f81a001/com.google.code.findbugs_jsr305-3.0.0.jar","logger":"airflow.task.hooks.airflow.providers.standard.hooks.subprocess.SubprocessHook"}
{"timestamp":"2025-05-06T03:56:53.964868","level":"info","event":"25/05/06 12:56:53 INFO SparkContext: Added file file:///home/jjlee/.ivy2/jars/org.apache.commons_commons-pool2-2.11.1.jar at file:///home/jjlee/.ivy2/jars/org.apache.commons_commons-pool2-2.11.1.jar with timestamp 1746503813342","logger":"airflow.task.hooks.airflow.providers.standard.hooks.subprocess.SubprocessHook"}
{"timestamp":"2025-05-06T03:56:53.965041","level":"info","event":"25/05/06 12:56:53 INFO Utils: Copying /home/jjlee/.ivy2/jars/org.apache.commons_commons-pool2-2.11.1.jar to /tmp/spark-1bd811f1-f5ee-4a3f-9eaa-5482d7be4181/userFiles-f1939d5a-1a84-468c-bcdc-41861f81a001/org.apache.commons_commons-pool2-2.11.1.jar","logger":"airflow.task.hooks.airflow.providers.standard.hooks.subprocess.SubprocessHook"}
{"timestamp":"2025-05-06T03:56:53.967668","level":"info","event":"25/05/06 12:56:53 INFO SparkContext: Added file file:///home/jjlee/.ivy2/jars/org.spark-project.spark_unused-1.0.0.jar at file:///home/jjlee/.ivy2/jars/org.spark-project.spark_unused-1.0.0.jar with timestamp 1746503813342","logger":"airflow.task.hooks.airflow.providers.standard.hooks.subprocess.SubprocessHook"}
{"timestamp":"2025-05-06T03:56:53.967787","level":"info","event":"25/05/06 12:56:53 INFO Utils: Copying /home/jjlee/.ivy2/jars/org.spark-project.spark_unused-1.0.0.jar to /tmp/spark-1bd811f1-f5ee-4a3f-9eaa-5482d7be4181/userFiles-f1939d5a-1a84-468c-bcdc-41861f81a001/org.spark-project.spark_unused-1.0.0.jar","logger":"airflow.task.hooks.airflow.providers.standard.hooks.subprocess.SubprocessHook"}
{"timestamp":"2025-05-06T03:56:53.970334","level":"info","event":"25/05/06 12:56:53 INFO SparkContext: Added file file:///home/jjlee/.ivy2/jars/org.apache.hadoop_hadoop-client-runtime-3.3.2.jar at file:///home/jjlee/.ivy2/jars/org.apache.hadoop_hadoop-client-runtime-3.3.2.jar with timestamp 1746503813342","logger":"airflow.task.hooks.airflow.providers.standard.hooks.subprocess.SubprocessHook"}
{"timestamp":"2025-05-06T03:56:53.970454","level":"info","event":"25/05/06 12:56:53 INFO Utils: Copying /home/jjlee/.ivy2/jars/org.apache.hadoop_hadoop-client-runtime-3.3.2.jar to /tmp/spark-1bd811f1-f5ee-4a3f-9eaa-5482d7be4181/userFiles-f1939d5a-1a84-468c-bcdc-41861f81a001/org.apache.hadoop_hadoop-client-runtime-3.3.2.jar","logger":"airflow.task.hooks.airflow.providers.standard.hooks.subprocess.SubprocessHook"}
{"timestamp":"2025-05-06T03:56:53.987816","level":"info","event":"25/05/06 12:56:53 INFO SparkContext: Added file file:///home/jjlee/.ivy2/jars/org.lz4_lz4-java-1.8.0.jar at file:///home/jjlee/.ivy2/jars/org.lz4_lz4-java-1.8.0.jar with timestamp 1746503813342","logger":"airflow.task.hooks.airflow.providers.standard.hooks.subprocess.SubprocessHook"}
{"timestamp":"2025-05-06T03:56:53.987933","level":"info","event":"25/05/06 12:56:53 INFO Utils: Copying /home/jjlee/.ivy2/jars/org.lz4_lz4-java-1.8.0.jar to /tmp/spark-1bd811f1-f5ee-4a3f-9eaa-5482d7be4181/userFiles-f1939d5a-1a84-468c-bcdc-41861f81a001/org.lz4_lz4-java-1.8.0.jar","logger":"airflow.task.hooks.airflow.providers.standard.hooks.subprocess.SubprocessHook"}
{"timestamp":"2025-05-06T03:56:53.990622","level":"info","event":"25/05/06 12:56:53 INFO SparkContext: Added file file:///home/jjlee/.ivy2/jars/org.xerial.snappy_snappy-java-1.1.8.4.jar at file:///home/jjlee/.ivy2/jars/org.xerial.snappy_snappy-java-1.1.8.4.jar with timestamp 1746503813342","logger":"airflow.task.hooks.airflow.providers.standard.hooks.subprocess.SubprocessHook"}
{"timestamp":"2025-05-06T03:56:53.990736","level":"info","event":"25/05/06 12:56:53 INFO Utils: Copying /home/jjlee/.ivy2/jars/org.xerial.snappy_snappy-java-1.1.8.4.jar to /tmp/spark-1bd811f1-f5ee-4a3f-9eaa-5482d7be4181/userFiles-f1939d5a-1a84-468c-bcdc-41861f81a001/org.xerial.snappy_snappy-java-1.1.8.4.jar","logger":"airflow.task.hooks.airflow.providers.standard.hooks.subprocess.SubprocessHook"}
{"timestamp":"2025-05-06T03:56:53.994364","level":"info","event":"25/05/06 12:56:53 INFO SparkContext: Added file file:///home/jjlee/.ivy2/jars/org.slf4j_slf4j-api-1.7.32.jar at file:///home/jjlee/.ivy2/jars/org.slf4j_slf4j-api-1.7.32.jar with timestamp 1746503813342","logger":"airflow.task.hooks.airflow.providers.standard.hooks.subprocess.SubprocessHook"}
{"timestamp":"2025-05-06T03:56:53.994782","level":"info","event":"25/05/06 12:56:53 INFO Utils: Copying /home/jjlee/.ivy2/jars/org.slf4j_slf4j-api-1.7.32.jar to /tmp/spark-1bd811f1-f5ee-4a3f-9eaa-5482d7be4181/userFiles-f1939d5a-1a84-468c-bcdc-41861f81a001/org.slf4j_slf4j-api-1.7.32.jar","logger":"airflow.task.hooks.airflow.providers.standard.hooks.subprocess.SubprocessHook"}
{"timestamp":"2025-05-06T03:56:53.997587","level":"info","event":"25/05/06 12:56:53 INFO SparkContext: Added file file:///home/jjlee/.ivy2/jars/org.apache.hadoop_hadoop-client-api-3.3.2.jar at file:///home/jjlee/.ivy2/jars/org.apache.hadoop_hadoop-client-api-3.3.2.jar with timestamp 1746503813342","logger":"airflow.task.hooks.airflow.providers.standard.hooks.subprocess.SubprocessHook"}
{"timestamp":"2025-05-06T03:56:53.997715","level":"info","event":"25/05/06 12:56:53 INFO Utils: Copying /home/jjlee/.ivy2/jars/org.apache.hadoop_hadoop-client-api-3.3.2.jar to /tmp/spark-1bd811f1-f5ee-4a3f-9eaa-5482d7be4181/userFiles-f1939d5a-1a84-468c-bcdc-41861f81a001/org.apache.hadoop_hadoop-client-api-3.3.2.jar","logger":"airflow.task.hooks.airflow.providers.standard.hooks.subprocess.SubprocessHook"}
{"timestamp":"2025-05-06T03:56:54.010836","level":"info","event":"25/05/06 12:56:54 INFO SparkContext: Added file file:///home/jjlee/.ivy2/jars/commons-logging_commons-logging-1.1.3.jar at file:///home/jjlee/.ivy2/jars/commons-logging_commons-logging-1.1.3.jar with timestamp 1746503813342","logger":"airflow.task.hooks.airflow.providers.standard.hooks.subprocess.SubprocessHook"}
{"timestamp":"2025-05-06T03:56:54.011000","level":"info","event":"25/05/06 12:56:54 INFO Utils: Copying /home/jjlee/.ivy2/jars/commons-logging_commons-logging-1.1.3.jar to /tmp/spark-1bd811f1-f5ee-4a3f-9eaa-5482d7be4181/userFiles-f1939d5a-1a84-468c-bcdc-41861f81a001/commons-logging_commons-logging-1.1.3.jar","logger":"airflow.task.hooks.airflow.providers.standard.hooks.subprocess.SubprocessHook"}
{"timestamp":"2025-05-06T03:56:54.055966","level":"info","event":"25/05/06 12:56:54 INFO Executor: Starting executor ID driver on host 172.23.182.114","logger":"airflow.task.hooks.airflow.providers.standard.hooks.subprocess.SubprocessHook"}
{"timestamp":"2025-05-06T03:56:54.060654","level":"info","event":"25/05/06 12:56:54 INFO Executor: Starting executor with user classpath (userClassPathFirst = false): ''","logger":"airflow.task.hooks.airflow.providers.standard.hooks.subprocess.SubprocessHook"}
{"timestamp":"2025-05-06T03:56:54.067821","level":"info","event":"25/05/06 12:56:54 INFO Executor: Fetching file:///home/jjlee/.ivy2/jars/org.apache.hadoop_hadoop-client-runtime-3.3.2.jar with timestamp 1746503813342","logger":"airflow.task.hooks.airflow.providers.standard.hooks.subprocess.SubprocessHook"}
{"timestamp":"2025-05-06T03:56:54.099134","level":"info","event":"25/05/06 12:56:54 INFO Utils: /home/jjlee/.ivy2/jars/org.apache.hadoop_hadoop-client-runtime-3.3.2.jar has been previously copied to /tmp/spark-1bd811f1-f5ee-4a3f-9eaa-5482d7be4181/userFiles-f1939d5a-1a84-468c-bcdc-41861f81a001/org.apache.hadoop_hadoop-client-runtime-3.3.2.jar","logger":"airflow.task.hooks.airflow.providers.standard.hooks.subprocess.SubprocessHook"}
{"timestamp":"2025-05-06T03:56:54.101224","level":"info","event":"25/05/06 12:56:54 INFO Executor: Fetching file:///home/jjlee/.ivy2/jars/org.apache.hadoop_hadoop-client-api-3.3.2.jar with timestamp 1746503813342","logger":"airflow.task.hooks.airflow.providers.standard.hooks.subprocess.SubprocessHook"}
{"timestamp":"2025-05-06T03:56:54.109686","level":"info","event":"25/05/06 12:56:54 INFO Utils: /home/jjlee/.ivy2/jars/org.apache.hadoop_hadoop-client-api-3.3.2.jar has been previously copied to /tmp/spark-1bd811f1-f5ee-4a3f-9eaa-5482d7be4181/userFiles-f1939d5a-1a84-468c-bcdc-41861f81a001/org.apache.hadoop_hadoop-client-api-3.3.2.jar","logger":"airflow.task.hooks.airflow.providers.standard.hooks.subprocess.SubprocessHook"}
{"timestamp":"2025-05-06T03:56:54.112225","level":"info","event":"25/05/06 12:56:54 INFO Executor: Fetching file:///home/jjlee/.ivy2/jars/org.scala-lang.modules_scala-parallel-collections_2.13-1.0.3.jar with timestamp 1746503813342","logger":"airflow.task.hooks.airflow.providers.standard.hooks.subprocess.SubprocessHook"}
{"timestamp":"2025-05-06T03:56:54.113070","level":"info","event":"25/05/06 12:56:54 INFO Utils: /home/jjlee/.ivy2/jars/org.scala-lang.modules_scala-parallel-collections_2.13-1.0.3.jar has been previously copied to /tmp/spark-1bd811f1-f5ee-4a3f-9eaa-5482d7be4181/userFiles-f1939d5a-1a84-468c-bcdc-41861f81a001/org.scala-lang.modules_scala-parallel-collections_2.13-1.0.3.jar","logger":"airflow.task.hooks.airflow.providers.standard.hooks.subprocess.SubprocessHook"}
{"timestamp":"2025-05-06T03:56:54.115449","level":"info","event":"25/05/06 12:56:54 INFO Executor: Fetching file:///home/jjlee/.ivy2/jars/commons-logging_commons-logging-1.1.3.jar with timestamp 1746503813342","logger":"airflow.task.hooks.airflow.providers.standard.hooks.subprocess.SubprocessHook"}
{"timestamp":"2025-05-06T03:56:54.115761","level":"info","event":"25/05/06 12:56:54 INFO Utils: /home/jjlee/.ivy2/jars/commons-logging_commons-logging-1.1.3.jar has been previously copied to /tmp/spark-1bd811f1-f5ee-4a3f-9eaa-5482d7be4181/userFiles-f1939d5a-1a84-468c-bcdc-41861f81a001/commons-logging_commons-logging-1.1.3.jar","logger":"airflow.task.hooks.airflow.providers.standard.hooks.subprocess.SubprocessHook"}
{"timestamp":"2025-05-06T03:56:54.118121","level":"info","event":"25/05/06 12:56:54 INFO Executor: Fetching file:///home/jjlee/.ivy2/jars/org.xerial.snappy_snappy-java-1.1.8.4.jar with timestamp 1746503813342","logger":"airflow.task.hooks.airflow.providers.standard.hooks.subprocess.SubprocessHook"}
{"timestamp":"2025-05-06T03:56:54.119210","level":"info","event":"25/05/06 12:56:54 INFO Utils: /home/jjlee/.ivy2/jars/org.xerial.snappy_snappy-java-1.1.8.4.jar has been previously copied to /tmp/spark-1bd811f1-f5ee-4a3f-9eaa-5482d7be4181/userFiles-f1939d5a-1a84-468c-bcdc-41861f81a001/org.xerial.snappy_snappy-java-1.1.8.4.jar","logger":"airflow.task.hooks.airflow.providers.standard.hooks.subprocess.SubprocessHook"}
{"timestamp":"2025-05-06T03:56:54.121673","level":"info","event":"25/05/06 12:56:54 INFO Executor: Fetching file:///home/jjlee/.ivy2/jars/com.google.code.findbugs_jsr305-3.0.0.jar with timestamp 1746503813342","logger":"airflow.task.hooks.airflow.providers.standard.hooks.subprocess.SubprocessHook"}
{"timestamp":"2025-05-06T03:56:54.122061","level":"info","event":"25/05/06 12:56:54 INFO Utils: /home/jjlee/.ivy2/jars/com.google.code.findbugs_jsr305-3.0.0.jar has been previously copied to /tmp/spark-1bd811f1-f5ee-4a3f-9eaa-5482d7be4181/userFiles-f1939d5a-1a84-468c-bcdc-41861f81a001/com.google.code.findbugs_jsr305-3.0.0.jar","logger":"airflow.task.hooks.airflow.providers.standard.hooks.subprocess.SubprocessHook"}
{"timestamp":"2025-05-06T03:56:54.124862","level":"info","event":"25/05/06 12:56:54 INFO Executor: Fetching file:///home/jjlee/.ivy2/jars/org.apache.commons_commons-pool2-2.11.1.jar with timestamp 1746503813342","logger":"airflow.task.hooks.airflow.providers.standard.hooks.subprocess.SubprocessHook"}
{"timestamp":"2025-05-06T03:56:54.125208","level":"info","event":"25/05/06 12:56:54 INFO Utils: /home/jjlee/.ivy2/jars/org.apache.commons_commons-pool2-2.11.1.jar has been previously copied to /tmp/spark-1bd811f1-f5ee-4a3f-9eaa-5482d7be4181/userFiles-f1939d5a-1a84-468c-bcdc-41861f81a001/org.apache.commons_commons-pool2-2.11.1.jar","logger":"airflow.task.hooks.airflow.providers.standard.hooks.subprocess.SubprocessHook"}
{"timestamp":"2025-05-06T03:56:54.127559","level":"info","event":"25/05/06 12:56:54 INFO Executor: Fetching file:///home/jjlee/.ivy2/jars/org.slf4j_slf4j-api-1.7.32.jar with timestamp 1746503813342","logger":"airflow.task.hooks.airflow.providers.standard.hooks.subprocess.SubprocessHook"}
{"timestamp":"2025-05-06T03:56:54.127787","level":"info","event":"25/05/06 12:56:54 INFO Utils: /home/jjlee/.ivy2/jars/org.slf4j_slf4j-api-1.7.32.jar has been previously copied to /tmp/spark-1bd811f1-f5ee-4a3f-9eaa-5482d7be4181/userFiles-f1939d5a-1a84-468c-bcdc-41861f81a001/org.slf4j_slf4j-api-1.7.32.jar","logger":"airflow.task.hooks.airflow.providers.standard.hooks.subprocess.SubprocessHook"}
{"timestamp":"2025-05-06T03:56:54.129913","level":"info","event":"25/05/06 12:56:54 INFO Executor: Fetching file:///home/jjlee/.ivy2/jars/org.apache.spark_spark-token-provider-kafka-0-10_2.13-3.3.2.jar with timestamp 1746503813342","logger":"airflow.task.hooks.airflow.providers.standard.hooks.subprocess.SubprocessHook"}
{"timestamp":"2025-05-06T03:56:54.130247","level":"info","event":"25/05/06 12:56:54 INFO Utils: /home/jjlee/.ivy2/jars/org.apache.spark_spark-token-provider-kafka-0-10_2.13-3.3.2.jar has been previously copied to /tmp/spark-1bd811f1-f5ee-4a3f-9eaa-5482d7be4181/userFiles-f1939d5a-1a84-468c-bcdc-41861f81a001/org.apache.spark_spark-token-provider-kafka-0-10_2.13-3.3.2.jar","logger":"airflow.task.hooks.airflow.providers.standard.hooks.subprocess.SubprocessHook"}
{"timestamp":"2025-05-06T03:56:54.132211","level":"info","event":"25/05/06 12:56:54 INFO Executor: Fetching file:///home/jjlee/.ivy2/jars/org.spark-project.spark_unused-1.0.0.jar with timestamp 1746503813342","logger":"airflow.task.hooks.airflow.providers.standard.hooks.subprocess.SubprocessHook"}
{"timestamp":"2025-05-06T03:56:54.132439","level":"info","event":"25/05/06 12:56:54 INFO Utils: /home/jjlee/.ivy2/jars/org.spark-project.spark_unused-1.0.0.jar has been previously copied to /tmp/spark-1bd811f1-f5ee-4a3f-9eaa-5482d7be4181/userFiles-f1939d5a-1a84-468c-bcdc-41861f81a001/org.spark-project.spark_unused-1.0.0.jar","logger":"airflow.task.hooks.airflow.providers.standard.hooks.subprocess.SubprocessHook"}
{"timestamp":"2025-05-06T03:56:54.134420","level":"info","event":"25/05/06 12:56:54 INFO Executor: Fetching file:///home/jjlee/.ivy2/jars/org.apache.kafka_kafka-clients-2.8.1.jar with timestamp 1746503813342","logger":"airflow.task.hooks.airflow.providers.standard.hooks.subprocess.SubprocessHook"}
{"timestamp":"2025-05-06T03:56:54.136368","level":"info","event":"25/05/06 12:56:54 INFO Utils: /home/jjlee/.ivy2/jars/org.apache.kafka_kafka-clients-2.8.1.jar has been previously copied to /tmp/spark-1bd811f1-f5ee-4a3f-9eaa-5482d7be4181/userFiles-f1939d5a-1a84-468c-bcdc-41861f81a001/org.apache.kafka_kafka-clients-2.8.1.jar","logger":"airflow.task.hooks.airflow.providers.standard.hooks.subprocess.SubprocessHook"}
{"timestamp":"2025-05-06T03:56:54.138849","level":"info","event":"25/05/06 12:56:54 INFO Executor: Fetching file:///home/jjlee/.ivy2/jars/org.apache.spark_spark-sql-kafka-0-10_2.13-3.3.2.jar with timestamp 1746503813342","logger":"airflow.task.hooks.airflow.providers.standard.hooks.subprocess.SubprocessHook"}
{"timestamp":"2025-05-06T03:56:54.139354","level":"info","event":"25/05/06 12:56:54 INFO Utils: /home/jjlee/.ivy2/jars/org.apache.spark_spark-sql-kafka-0-10_2.13-3.3.2.jar has been previously copied to /tmp/spark-1bd811f1-f5ee-4a3f-9eaa-5482d7be4181/userFiles-f1939d5a-1a84-468c-bcdc-41861f81a001/org.apache.spark_spark-sql-kafka-0-10_2.13-3.3.2.jar","logger":"airflow.task.hooks.airflow.providers.standard.hooks.subprocess.SubprocessHook"}
{"timestamp":"2025-05-06T03:56:54.141760","level":"info","event":"25/05/06 12:56:54 INFO Executor: Fetching file:///home/jjlee/.ivy2/jars/org.lz4_lz4-java-1.8.0.jar with timestamp 1746503813342","logger":"airflow.task.hooks.airflow.providers.standard.hooks.subprocess.SubprocessHook"}
{"timestamp":"2025-05-06T03:56:54.142590","level":"info","event":"25/05/06 12:56:54 INFO Utils: /home/jjlee/.ivy2/jars/org.lz4_lz4-java-1.8.0.jar has been previously copied to /tmp/spark-1bd811f1-f5ee-4a3f-9eaa-5482d7be4181/userFiles-f1939d5a-1a84-468c-bcdc-41861f81a001/org.lz4_lz4-java-1.8.0.jar","logger":"airflow.task.hooks.airflow.providers.standard.hooks.subprocess.SubprocessHook"}
{"timestamp":"2025-05-06T03:56:54.155415","level":"info","event":"25/05/06 12:56:54 INFO Executor: Fetching spark://172.23.182.114:45075/jars/org.xerial.snappy_snappy-java-1.1.8.4.jar with timestamp 1746503813342","logger":"airflow.task.hooks.airflow.providers.standard.hooks.subprocess.SubprocessHook"}
{"timestamp":"2025-05-06T03:56:54.185549","level":"info","event":"25/05/06 12:56:54 INFO TransportClientFactory: Successfully created connection to /172.23.182.114:45075 after 20 ms (0 ms spent in bootstraps)","logger":"airflow.task.hooks.airflow.providers.standard.hooks.subprocess.SubprocessHook"}
{"timestamp":"2025-05-06T03:56:54.190639","level":"info","event":"25/05/06 12:56:54 INFO Utils: Fetching spark://172.23.182.114:45075/jars/org.xerial.snappy_snappy-java-1.1.8.4.jar to /tmp/spark-1bd811f1-f5ee-4a3f-9eaa-5482d7be4181/userFiles-f1939d5a-1a84-468c-bcdc-41861f81a001/fetchFileTemp16935042316036762289.tmp","logger":"airflow.task.hooks.airflow.providers.standard.hooks.subprocess.SubprocessHook"}
{"timestamp":"2025-05-06T03:56:54.222400","level":"info","event":"25/05/06 12:56:54 INFO Utils: /tmp/spark-1bd811f1-f5ee-4a3f-9eaa-5482d7be4181/userFiles-f1939d5a-1a84-468c-bcdc-41861f81a001/fetchFileTemp16935042316036762289.tmp has been previously copied to /tmp/spark-1bd811f1-f5ee-4a3f-9eaa-5482d7be4181/userFiles-f1939d5a-1a84-468c-bcdc-41861f81a001/org.xerial.snappy_snappy-java-1.1.8.4.jar","logger":"airflow.task.hooks.airflow.providers.standard.hooks.subprocess.SubprocessHook"}
{"timestamp":"2025-05-06T03:56:54.229513","level":"info","event":"25/05/06 12:56:54 INFO Executor: Adding file:/tmp/spark-1bd811f1-f5ee-4a3f-9eaa-5482d7be4181/userFiles-f1939d5a-1a84-468c-bcdc-41861f81a001/org.xerial.snappy_snappy-java-1.1.8.4.jar to class loader","logger":"airflow.task.hooks.airflow.providers.standard.hooks.subprocess.SubprocessHook"}
{"timestamp":"2025-05-06T03:56:54.229679","level":"info","event":"25/05/06 12:56:54 INFO Executor: Fetching spark://172.23.182.114:45075/jars/org.apache.spark_spark-sql-kafka-0-10_2.13-3.3.2.jar with timestamp 1746503813342","logger":"airflow.task.hooks.airflow.providers.standard.hooks.subprocess.SubprocessHook"}
{"timestamp":"2025-05-06T03:56:54.230340","level":"info","event":"25/05/06 12:56:54 INFO Utils: Fetching spark://172.23.182.114:45075/jars/org.apache.spark_spark-sql-kafka-0-10_2.13-3.3.2.jar to /tmp/spark-1bd811f1-f5ee-4a3f-9eaa-5482d7be4181/userFiles-f1939d5a-1a84-468c-bcdc-41861f81a001/fetchFileTemp14502849731450170641.tmp","logger":"airflow.task.hooks.airflow.providers.standard.hooks.subprocess.SubprocessHook"}
{"timestamp":"2025-05-06T03:56:54.234084","level":"info","event":"25/05/06 12:56:54 INFO Utils: /tmp/spark-1bd811f1-f5ee-4a3f-9eaa-5482d7be4181/userFiles-f1939d5a-1a84-468c-bcdc-41861f81a001/fetchFileTemp14502849731450170641.tmp has been previously copied to /tmp/spark-1bd811f1-f5ee-4a3f-9eaa-5482d7be4181/userFiles-f1939d5a-1a84-468c-bcdc-41861f81a001/org.apache.spark_spark-sql-kafka-0-10_2.13-3.3.2.jar","logger":"airflow.task.hooks.airflow.providers.standard.hooks.subprocess.SubprocessHook"}
{"timestamp":"2025-05-06T03:56:54.237718","level":"info","event":"25/05/06 12:56:54 INFO Executor: Adding file:/tmp/spark-1bd811f1-f5ee-4a3f-9eaa-5482d7be4181/userFiles-f1939d5a-1a84-468c-bcdc-41861f81a001/org.apache.spark_spark-sql-kafka-0-10_2.13-3.3.2.jar to class loader","logger":"airflow.task.hooks.airflow.providers.standard.hooks.subprocess.SubprocessHook"}
{"timestamp":"2025-05-06T03:56:54.237832","level":"info","event":"25/05/06 12:56:54 INFO Executor: Fetching spark://172.23.182.114:45075/jars/mysql-connector-java-8.4.0.jar with timestamp 1746503813342","logger":"airflow.task.hooks.airflow.providers.standard.hooks.subprocess.SubprocessHook"}
{"timestamp":"2025-05-06T03:56:54.238168","level":"info","event":"25/05/06 12:56:54 INFO Utils: Fetching spark://172.23.182.114:45075/jars/mysql-connector-java-8.4.0.jar to /tmp/spark-1bd811f1-f5ee-4a3f-9eaa-5482d7be4181/userFiles-f1939d5a-1a84-468c-bcdc-41861f81a001/fetchFileTemp7173170681131629632.tmp","logger":"airflow.task.hooks.airflow.providers.standard.hooks.subprocess.SubprocessHook"}
{"timestamp":"2025-05-06T03:56:54.249145","level":"info","event":"25/05/06 12:56:54 INFO Executor: Adding file:/tmp/spark-1bd811f1-f5ee-4a3f-9eaa-5482d7be4181/userFiles-f1939d5a-1a84-468c-bcdc-41861f81a001/mysql-connector-java-8.4.0.jar to class loader","logger":"airflow.task.hooks.airflow.providers.standard.hooks.subprocess.SubprocessHook"}
{"timestamp":"2025-05-06T03:56:54.249280","level":"info","event":"25/05/06 12:56:54 INFO Executor: Fetching spark://172.23.182.114:45075/jars/org.apache.spark_spark-token-provider-kafka-0-10_2.13-3.3.2.jar with timestamp 1746503813342","logger":"airflow.task.hooks.airflow.providers.standard.hooks.subprocess.SubprocessHook"}
{"timestamp":"2025-05-06T03:56:54.250040","level":"info","event":"25/05/06 12:56:54 INFO Utils: Fetching spark://172.23.182.114:45075/jars/org.apache.spark_spark-token-provider-kafka-0-10_2.13-3.3.2.jar to /tmp/spark-1bd811f1-f5ee-4a3f-9eaa-5482d7be4181/userFiles-f1939d5a-1a84-468c-bcdc-41861f81a001/fetchFileTemp840214709565117101.tmp","logger":"airflow.task.hooks.airflow.providers.standard.hooks.subprocess.SubprocessHook"}
{"timestamp":"2025-05-06T03:56:54.251317","level":"info","event":"25/05/06 12:56:54 INFO Utils: /tmp/spark-1bd811f1-f5ee-4a3f-9eaa-5482d7be4181/userFiles-f1939d5a-1a84-468c-bcdc-41861f81a001/fetchFileTemp840214709565117101.tmp has been previously copied to /tmp/spark-1bd811f1-f5ee-4a3f-9eaa-5482d7be4181/userFiles-f1939d5a-1a84-468c-bcdc-41861f81a001/org.apache.spark_spark-token-provider-kafka-0-10_2.13-3.3.2.jar","logger":"airflow.task.hooks.airflow.providers.standard.hooks.subprocess.SubprocessHook"}
{"timestamp":"2025-05-06T03:56:54.255453","level":"info","event":"25/05/06 12:56:54 INFO Executor: Adding file:/tmp/spark-1bd811f1-f5ee-4a3f-9eaa-5482d7be4181/userFiles-f1939d5a-1a84-468c-bcdc-41861f81a001/org.apache.spark_spark-token-provider-kafka-0-10_2.13-3.3.2.jar to class loader","logger":"airflow.task.hooks.airflow.providers.standard.hooks.subprocess.SubprocessHook"}
{"timestamp":"2025-05-06T03:56:54.255566","level":"info","event":"25/05/06 12:56:54 INFO Executor: Fetching spark://172.23.182.114:45075/jars/com.google.code.findbugs_jsr305-3.0.0.jar with timestamp 1746503813342","logger":"airflow.task.hooks.airflow.providers.standard.hooks.subprocess.SubprocessHook"}
{"timestamp":"2025-05-06T03:56:54.255962","level":"info","event":"25/05/06 12:56:54 INFO Utils: Fetching spark://172.23.182.114:45075/jars/com.google.code.findbugs_jsr305-3.0.0.jar to /tmp/spark-1bd811f1-f5ee-4a3f-9eaa-5482d7be4181/userFiles-f1939d5a-1a84-468c-bcdc-41861f81a001/fetchFileTemp10123436750761514668.tmp","logger":"airflow.task.hooks.airflow.providers.standard.hooks.subprocess.SubprocessHook"}
{"timestamp":"2025-05-06T03:56:54.257127","level":"info","event":"25/05/06 12:56:54 INFO Utils: /tmp/spark-1bd811f1-f5ee-4a3f-9eaa-5482d7be4181/userFiles-f1939d5a-1a84-468c-bcdc-41861f81a001/fetchFileTemp10123436750761514668.tmp has been previously copied to /tmp/spark-1bd811f1-f5ee-4a3f-9eaa-5482d7be4181/userFiles-f1939d5a-1a84-468c-bcdc-41861f81a001/com.google.code.findbugs_jsr305-3.0.0.jar","logger":"airflow.task.hooks.airflow.providers.standard.hooks.subprocess.SubprocessHook"}
{"timestamp":"2025-05-06T03:56:54.260140","level":"info","event":"25/05/06 12:56:54 INFO Executor: Adding file:/tmp/spark-1bd811f1-f5ee-4a3f-9eaa-5482d7be4181/userFiles-f1939d5a-1a84-468c-bcdc-41861f81a001/com.google.code.findbugs_jsr305-3.0.0.jar to class loader","logger":"airflow.task.hooks.airflow.providers.standard.hooks.subprocess.SubprocessHook"}
{"timestamp":"2025-05-06T03:56:54.260266","level":"info","event":"25/05/06 12:56:54 INFO Executor: Fetching spark://172.23.182.114:45075/jars/org.apache.kafka_kafka-clients-2.8.1.jar with timestamp 1746503813342","logger":"airflow.task.hooks.airflow.providers.standard.hooks.subprocess.SubprocessHook"}
{"timestamp":"2025-05-06T03:56:54.260717","level":"info","event":"25/05/06 12:56:54 INFO Utils: Fetching spark://172.23.182.114:45075/jars/org.apache.kafka_kafka-clients-2.8.1.jar to /tmp/spark-1bd811f1-f5ee-4a3f-9eaa-5482d7be4181/userFiles-f1939d5a-1a84-468c-bcdc-41861f81a001/fetchFileTemp13077280800972008078.tmp","logger":"airflow.task.hooks.airflow.providers.standard.hooks.subprocess.SubprocessHook"}
{"timestamp":"2025-05-06T03:56:54.274733","level":"info","event":"25/05/06 12:56:54 INFO Utils: /tmp/spark-1bd811f1-f5ee-4a3f-9eaa-5482d7be4181/userFiles-f1939d5a-1a84-468c-bcdc-41861f81a001/fetchFileTemp13077280800972008078.tmp has been previously copied to /tmp/spark-1bd811f1-f5ee-4a3f-9eaa-5482d7be4181/userFiles-f1939d5a-1a84-468c-bcdc-41861f81a001/org.apache.kafka_kafka-clients-2.8.1.jar","logger":"airflow.task.hooks.airflow.providers.standard.hooks.subprocess.SubprocessHook"}
{"timestamp":"2025-05-06T03:56:54.284914","level":"info","event":"25/05/06 12:56:54 INFO Executor: Adding file:/tmp/spark-1bd811f1-f5ee-4a3f-9eaa-5482d7be4181/userFiles-f1939d5a-1a84-468c-bcdc-41861f81a001/org.apache.kafka_kafka-clients-2.8.1.jar to class loader","logger":"airflow.task.hooks.airflow.providers.standard.hooks.subprocess.SubprocessHook"}
{"timestamp":"2025-05-06T03:56:54.285066","level":"info","event":"25/05/06 12:56:54 INFO Executor: Fetching spark://172.23.182.114:45075/jars/org.lz4_lz4-java-1.8.0.jar with timestamp 1746503813342","logger":"airflow.task.hooks.airflow.providers.standard.hooks.subprocess.SubprocessHook"}
{"timestamp":"2025-05-06T03:56:54.285495","level":"info","event":"25/05/06 12:56:54 INFO Utils: Fetching spark://172.23.182.114:45075/jars/org.lz4_lz4-java-1.8.0.jar to /tmp/spark-1bd811f1-f5ee-4a3f-9eaa-5482d7be4181/userFiles-f1939d5a-1a84-468c-bcdc-41861f81a001/fetchFileTemp3465912711058087742.tmp","logger":"airflow.task.hooks.airflow.providers.standard.hooks.subprocess.SubprocessHook"}
{"timestamp":"2025-05-06T03:56:54.288722","level":"info","event":"25/05/06 12:56:54 INFO Utils: /tmp/spark-1bd811f1-f5ee-4a3f-9eaa-5482d7be4181/userFiles-f1939d5a-1a84-468c-bcdc-41861f81a001/fetchFileTemp3465912711058087742.tmp has been previously copied to /tmp/spark-1bd811f1-f5ee-4a3f-9eaa-5482d7be4181/userFiles-f1939d5a-1a84-468c-bcdc-41861f81a001/org.lz4_lz4-java-1.8.0.jar","logger":"airflow.task.hooks.airflow.providers.standard.hooks.subprocess.SubprocessHook"}
{"timestamp":"2025-05-06T03:56:54.292430","level":"info","event":"25/05/06 12:56:54 INFO Executor: Adding file:/tmp/spark-1bd811f1-f5ee-4a3f-9eaa-5482d7be4181/userFiles-f1939d5a-1a84-468c-bcdc-41861f81a001/org.lz4_lz4-java-1.8.0.jar to class loader","logger":"airflow.task.hooks.airflow.providers.standard.hooks.subprocess.SubprocessHook"}
{"timestamp":"2025-05-06T03:56:54.292579","level":"info","event":"25/05/06 12:56:54 INFO Executor: Fetching spark://172.23.182.114:45075/jars/org.apache.hadoop_hadoop-client-runtime-3.3.2.jar with timestamp 1746503813342","logger":"airflow.task.hooks.airflow.providers.standard.hooks.subprocess.SubprocessHook"}
{"timestamp":"2025-05-06T03:56:54.293025","level":"info","event":"25/05/06 12:56:54 INFO Utils: Fetching spark://172.23.182.114:45075/jars/org.apache.hadoop_hadoop-client-runtime-3.3.2.jar to /tmp/spark-1bd811f1-f5ee-4a3f-9eaa-5482d7be4181/userFiles-f1939d5a-1a84-468c-bcdc-41861f81a001/fetchFileTemp3180767359953237300.tmp","logger":"airflow.task.hooks.airflow.providers.standard.hooks.subprocess.SubprocessHook"}
{"timestamp":"2025-05-06T03:56:54.377090","level":"info","event":"25/05/06 12:56:54 INFO Utils: /tmp/spark-1bd811f1-f5ee-4a3f-9eaa-5482d7be4181/userFiles-f1939d5a-1a84-468c-bcdc-41861f81a001/fetchFileTemp3180767359953237300.tmp has been previously copied to /tmp/spark-1bd811f1-f5ee-4a3f-9eaa-5482d7be4181/userFiles-f1939d5a-1a84-468c-bcdc-41861f81a001/org.apache.hadoop_hadoop-client-runtime-3.3.2.jar","logger":"airflow.task.hooks.airflow.providers.standard.hooks.subprocess.SubprocessHook"}
{"timestamp":"2025-05-06T03:56:54.429714","level":"info","event":"25/05/06 12:56:54 INFO Executor: Adding file:/tmp/spark-1bd811f1-f5ee-4a3f-9eaa-5482d7be4181/userFiles-f1939d5a-1a84-468c-bcdc-41861f81a001/org.apache.hadoop_hadoop-client-runtime-3.3.2.jar to class loader","logger":"airflow.task.hooks.airflow.providers.standard.hooks.subprocess.SubprocessHook"}
{"timestamp":"2025-05-06T03:56:54.429836","level":"info","event":"25/05/06 12:56:54 INFO Executor: Fetching spark://172.23.182.114:45075/jars/commons-logging_commons-logging-1.1.3.jar with timestamp 1746503813342","logger":"airflow.task.hooks.airflow.providers.standard.hooks.subprocess.SubprocessHook"}
{"timestamp":"2025-05-06T03:56:54.430442","level":"info","event":"25/05/06 12:56:54 INFO Utils: Fetching spark://172.23.182.114:45075/jars/commons-logging_commons-logging-1.1.3.jar to /tmp/spark-1bd811f1-f5ee-4a3f-9eaa-5482d7be4181/userFiles-f1939d5a-1a84-468c-bcdc-41861f81a001/fetchFileTemp14664127595246208269.tmp","logger":"airflow.task.hooks.airflow.providers.standard.hooks.subprocess.SubprocessHook"}
{"timestamp":"2025-05-06T03:56:54.431441","level":"info","event":"25/05/06 12:56:54 INFO Utils: /tmp/spark-1bd811f1-f5ee-4a3f-9eaa-5482d7be4181/userFiles-f1939d5a-1a84-468c-bcdc-41861f81a001/fetchFileTemp14664127595246208269.tmp has been previously copied to /tmp/spark-1bd811f1-f5ee-4a3f-9eaa-5482d7be4181/userFiles-f1939d5a-1a84-468c-bcdc-41861f81a001/commons-logging_commons-logging-1.1.3.jar","logger":"airflow.task.hooks.airflow.providers.standard.hooks.subprocess.SubprocessHook"}
{"timestamp":"2025-05-06T03:56:54.440719","level":"info","event":"25/05/06 12:56:54 INFO Executor: Adding file:/tmp/spark-1bd811f1-f5ee-4a3f-9eaa-5482d7be4181/userFiles-f1939d5a-1a84-468c-bcdc-41861f81a001/commons-logging_commons-logging-1.1.3.jar to class loader","logger":"airflow.task.hooks.airflow.providers.standard.hooks.subprocess.SubprocessHook"}
{"timestamp":"2025-05-06T03:56:54.440830","level":"info","event":"25/05/06 12:56:54 INFO Executor: Fetching spark://172.23.182.114:45075/jars/org.spark-project.spark_unused-1.0.0.jar with timestamp 1746503813342","logger":"airflow.task.hooks.airflow.providers.standard.hooks.subprocess.SubprocessHook"}
{"timestamp":"2025-05-06T03:56:54.441385","level":"info","event":"25/05/06 12:56:54 INFO Utils: Fetching spark://172.23.182.114:45075/jars/org.spark-project.spark_unused-1.0.0.jar to /tmp/spark-1bd811f1-f5ee-4a3f-9eaa-5482d7be4181/userFiles-f1939d5a-1a84-468c-bcdc-41861f81a001/fetchFileTemp18188270820946325246.tmp","logger":"airflow.task.hooks.airflow.providers.standard.hooks.subprocess.SubprocessHook"}
{"timestamp":"2025-05-06T03:56:54.442384","level":"info","event":"25/05/06 12:56:54 INFO Utils: /tmp/spark-1bd811f1-f5ee-4a3f-9eaa-5482d7be4181/userFiles-f1939d5a-1a84-468c-bcdc-41861f81a001/fetchFileTemp18188270820946325246.tmp has been previously copied to /tmp/spark-1bd811f1-f5ee-4a3f-9eaa-5482d7be4181/userFiles-f1939d5a-1a84-468c-bcdc-41861f81a001/org.spark-project.spark_unused-1.0.0.jar","logger":"airflow.task.hooks.airflow.providers.standard.hooks.subprocess.SubprocessHook"}
{"timestamp":"2025-05-06T03:56:54.446296","level":"info","event":"25/05/06 12:56:54 INFO Executor: Adding file:/tmp/spark-1bd811f1-f5ee-4a3f-9eaa-5482d7be4181/userFiles-f1939d5a-1a84-468c-bcdc-41861f81a001/org.spark-project.spark_unused-1.0.0.jar to class loader","logger":"airflow.task.hooks.airflow.providers.standard.hooks.subprocess.SubprocessHook"}
{"timestamp":"2025-05-06T03:56:54.446415","level":"info","event":"25/05/06 12:56:54 INFO Executor: Fetching spark://172.23.182.114:45075/jars/org.apache.hadoop_hadoop-client-api-3.3.2.jar with timestamp 1746503813342","logger":"airflow.task.hooks.airflow.providers.standard.hooks.subprocess.SubprocessHook"}
{"timestamp":"2025-05-06T03:56:54.446665","level":"info","event":"25/05/06 12:56:54 INFO Utils: Fetching spark://172.23.182.114:45075/jars/org.apache.hadoop_hadoop-client-api-3.3.2.jar to /tmp/spark-1bd811f1-f5ee-4a3f-9eaa-5482d7be4181/userFiles-f1939d5a-1a84-468c-bcdc-41861f81a001/fetchFileTemp11270836807903283478.tmp","logger":"airflow.task.hooks.airflow.providers.standard.hooks.subprocess.SubprocessHook"}
{"timestamp":"2025-05-06T03:56:54.497279","level":"info","event":"25/05/06 12:56:54 INFO Utils: /tmp/spark-1bd811f1-f5ee-4a3f-9eaa-5482d7be4181/userFiles-f1939d5a-1a84-468c-bcdc-41861f81a001/fetchFileTemp11270836807903283478.tmp has been previously copied to /tmp/spark-1bd811f1-f5ee-4a3f-9eaa-5482d7be4181/userFiles-f1939d5a-1a84-468c-bcdc-41861f81a001/org.apache.hadoop_hadoop-client-api-3.3.2.jar","logger":"airflow.task.hooks.airflow.providers.standard.hooks.subprocess.SubprocessHook"}
{"timestamp":"2025-05-06T03:56:54.526109","level":"info","event":"25/05/06 12:56:54 INFO Executor: Adding file:/tmp/spark-1bd811f1-f5ee-4a3f-9eaa-5482d7be4181/userFiles-f1939d5a-1a84-468c-bcdc-41861f81a001/org.apache.hadoop_hadoop-client-api-3.3.2.jar to class loader","logger":"airflow.task.hooks.airflow.providers.standard.hooks.subprocess.SubprocessHook"}
{"timestamp":"2025-05-06T03:56:54.526264","level":"info","event":"25/05/06 12:56:54 INFO Executor: Fetching spark://172.23.182.114:45075/jars/org.scala-lang.modules_scala-parallel-collections_2.13-1.0.3.jar with timestamp 1746503813342","logger":"airflow.task.hooks.airflow.providers.standard.hooks.subprocess.SubprocessHook"}
{"timestamp":"2025-05-06T03:56:54.527505","level":"info","event":"25/05/06 12:56:54 INFO Utils: Fetching spark://172.23.182.114:45075/jars/org.scala-lang.modules_scala-parallel-collections_2.13-1.0.3.jar to /tmp/spark-1bd811f1-f5ee-4a3f-9eaa-5482d7be4181/userFiles-f1939d5a-1a84-468c-bcdc-41861f81a001/fetchFileTemp14424108117283784994.tmp","logger":"airflow.task.hooks.airflow.providers.standard.hooks.subprocess.SubprocessHook"}
{"timestamp":"2025-05-06T03:56:54.531449","level":"info","event":"25/05/06 12:56:54 INFO Utils: /tmp/spark-1bd811f1-f5ee-4a3f-9eaa-5482d7be4181/userFiles-f1939d5a-1a84-468c-bcdc-41861f81a001/fetchFileTemp14424108117283784994.tmp has been previously copied to /tmp/spark-1bd811f1-f5ee-4a3f-9eaa-5482d7be4181/userFiles-f1939d5a-1a84-468c-bcdc-41861f81a001/org.scala-lang.modules_scala-parallel-collections_2.13-1.0.3.jar","logger":"airflow.task.hooks.airflow.providers.standard.hooks.subprocess.SubprocessHook"}
{"timestamp":"2025-05-06T03:56:54.547643","level":"info","event":"25/05/06 12:56:54 INFO Executor: Adding file:/tmp/spark-1bd811f1-f5ee-4a3f-9eaa-5482d7be4181/userFiles-f1939d5a-1a84-468c-bcdc-41861f81a001/org.scala-lang.modules_scala-parallel-collections_2.13-1.0.3.jar to class loader","logger":"airflow.task.hooks.airflow.providers.standard.hooks.subprocess.SubprocessHook"}
{"timestamp":"2025-05-06T03:56:54.548004","level":"info","event":"25/05/06 12:56:54 INFO Executor: Fetching spark://172.23.182.114:45075/jars/org.apache.commons_commons-pool2-2.11.1.jar with timestamp 1746503813342","logger":"airflow.task.hooks.airflow.providers.standard.hooks.subprocess.SubprocessHook"}
{"timestamp":"2025-05-06T03:56:54.550369","level":"info","event":"25/05/06 12:56:54 INFO Utils: Fetching spark://172.23.182.114:45075/jars/org.apache.commons_commons-pool2-2.11.1.jar to /tmp/spark-1bd811f1-f5ee-4a3f-9eaa-5482d7be4181/userFiles-f1939d5a-1a84-468c-bcdc-41861f81a001/fetchFileTemp11342905940236304608.tmp","logger":"airflow.task.hooks.airflow.providers.standard.hooks.subprocess.SubprocessHook"}
{"timestamp":"2025-05-06T03:56:54.554096","level":"info","event":"25/05/06 12:56:54 INFO Utils: /tmp/spark-1bd811f1-f5ee-4a3f-9eaa-5482d7be4181/userFiles-f1939d5a-1a84-468c-bcdc-41861f81a001/fetchFileTemp11342905940236304608.tmp has been previously copied to /tmp/spark-1bd811f1-f5ee-4a3f-9eaa-5482d7be4181/userFiles-f1939d5a-1a84-468c-bcdc-41861f81a001/org.apache.commons_commons-pool2-2.11.1.jar","logger":"airflow.task.hooks.airflow.providers.standard.hooks.subprocess.SubprocessHook"}
{"timestamp":"2025-05-06T03:56:54.560862","level":"info","event":"25/05/06 12:56:54 INFO Executor: Adding file:/tmp/spark-1bd811f1-f5ee-4a3f-9eaa-5482d7be4181/userFiles-f1939d5a-1a84-468c-bcdc-41861f81a001/org.apache.commons_commons-pool2-2.11.1.jar to class loader","logger":"airflow.task.hooks.airflow.providers.standard.hooks.subprocess.SubprocessHook"}
{"timestamp":"2025-05-06T03:56:54.561143","level":"info","event":"25/05/06 12:56:54 INFO Executor: Fetching spark://172.23.182.114:45075/jars/org.slf4j_slf4j-api-1.7.32.jar with timestamp 1746503813342","logger":"airflow.task.hooks.airflow.providers.standard.hooks.subprocess.SubprocessHook"}
{"timestamp":"2025-05-06T03:56:54.562268","level":"info","event":"25/05/06 12:56:54 INFO Utils: Fetching spark://172.23.182.114:45075/jars/org.slf4j_slf4j-api-1.7.32.jar to /tmp/spark-1bd811f1-f5ee-4a3f-9eaa-5482d7be4181/userFiles-f1939d5a-1a84-468c-bcdc-41861f81a001/fetchFileTemp2087183389681888443.tmp","logger":"airflow.task.hooks.airflow.providers.standard.hooks.subprocess.SubprocessHook"}
{"timestamp":"2025-05-06T03:56:54.563835","level":"info","event":"25/05/06 12:56:54 INFO Utils: /tmp/spark-1bd811f1-f5ee-4a3f-9eaa-5482d7be4181/userFiles-f1939d5a-1a84-468c-bcdc-41861f81a001/fetchFileTemp2087183389681888443.tmp has been previously copied to /tmp/spark-1bd811f1-f5ee-4a3f-9eaa-5482d7be4181/userFiles-f1939d5a-1a84-468c-bcdc-41861f81a001/org.slf4j_slf4j-api-1.7.32.jar","logger":"airflow.task.hooks.airflow.providers.standard.hooks.subprocess.SubprocessHook"}
{"timestamp":"2025-05-06T03:56:54.566562","level":"info","event":"25/05/06 12:56:54 INFO Executor: Adding file:/tmp/spark-1bd811f1-f5ee-4a3f-9eaa-5482d7be4181/userFiles-f1939d5a-1a84-468c-bcdc-41861f81a001/org.slf4j_slf4j-api-1.7.32.jar to class loader","logger":"airflow.task.hooks.airflow.providers.standard.hooks.subprocess.SubprocessHook"}
{"timestamp":"2025-05-06T03:56:54.575079","level":"info","event":"25/05/06 12:56:54 INFO Utils: Successfully started service 'org.apache.spark.network.netty.NettyBlockTransferService' on port 44559.","logger":"airflow.task.hooks.airflow.providers.standard.hooks.subprocess.SubprocessHook"}
{"timestamp":"2025-05-06T03:56:54.575237","level":"info","event":"25/05/06 12:56:54 INFO NettyBlockTransferService: Server created on 172.23.182.114:44559","logger":"airflow.task.hooks.airflow.providers.standard.hooks.subprocess.SubprocessHook"}
{"timestamp":"2025-05-06T03:56:54.578426","level":"info","event":"25/05/06 12:56:54 INFO BlockManager: Using org.apache.spark.storage.RandomBlockReplicationPolicy for block replication policy","logger":"airflow.task.hooks.airflow.providers.standard.hooks.subprocess.SubprocessHook"}
{"timestamp":"2025-05-06T03:56:54.584458","level":"info","event":"25/05/06 12:56:54 INFO BlockManagerMaster: Registering BlockManager BlockManagerId(driver, 172.23.182.114, 44559, None)","logger":"airflow.task.hooks.airflow.providers.standard.hooks.subprocess.SubprocessHook"}
{"timestamp":"2025-05-06T03:56:54.587889","level":"info","event":"25/05/06 12:56:54 INFO BlockManagerMasterEndpoint: Registering block manager 172.23.182.114:44559 with 434.4 MiB RAM, BlockManagerId(driver, 172.23.182.114, 44559, None)","logger":"airflow.task.hooks.airflow.providers.standard.hooks.subprocess.SubprocessHook"}
{"timestamp":"2025-05-06T03:56:54.590258","level":"info","event":"25/05/06 12:56:54 INFO BlockManagerMaster: Registered BlockManager BlockManagerId(driver, 172.23.182.114, 44559, None)","logger":"airflow.task.hooks.airflow.providers.standard.hooks.subprocess.SubprocessHook"}
{"timestamp":"2025-05-06T03:56:54.591211","level":"info","event":"25/05/06 12:56:54 INFO BlockManager: Initialized BlockManager: BlockManagerId(driver, 172.23.182.114, 44559, None)","logger":"airflow.task.hooks.airflow.providers.standard.hooks.subprocess.SubprocessHook"}
{"timestamp":"2025-05-06T03:56:59.670813","level":"info","event":" Transformation Complete!","logger":"airflow.task.hooks.airflow.providers.standard.hooks.subprocess.SubprocessHook"}
{"timestamp":"2025-05-06T03:56:59.863473","level":"info","event":"Command exited with return code 0","logger":"airflow.task.hooks.airflow.providers.standard.hooks.subprocess.SubprocessHook"}
{"timestamp":"2025-05-06T03:56:59.863916","level":"info","event":"Pushing xcom","ti":"RuntimeTaskInstance(id=UUID('0196a3bd-3769-72fc-b8e4-6a6de03a8539'), task_id='update_player_summary', dag_id='player_summary_update', run_id='manual__2025-05-06T03:56:48.847388+00:00', try_number=1, map_index=-1, hostname='DESKTOP-T4DM29K.', context_carrier=None, task=<Task(BashOperator): update_player_summary>, bundle_instance=LocalDagBundle(name=dags-folder), max_tries=1, start_date=datetime.datetime(2025, 5, 6, 3, 56, 49, 425173, tzinfo=TzInfo(UTC)), end_date=None, is_mapped=False)","logger":"task"}
